ARM GAS  /tmp/cccNOJbe.s 			page 1


   1              		.syntax unified
   2              		.cpu cortex-m3
   3              		.fpu softvfp
   4              		.eabi_attribute 20, 1
   5              		.eabi_attribute 21, 1
   6              		.eabi_attribute 23, 3
   7              		.eabi_attribute 24, 1
   8              		.eabi_attribute 25, 1
   9              		.eabi_attribute 26, 1
  10              		.eabi_attribute 30, 2
  11              		.eabi_attribute 34, 1
  12              		.eabi_attribute 18, 4
  13              		.thumb
  14              		.file	"board.c"
  15              		.text
  16              	.Ltext0:
  17              		.cfi_sections	.debug_frame
  18              		.section	.text.__early_init,"ax",%progbits
  19              		.align	2
  20              		.p2align 4,,15
  21              		.global	__early_init
  22              		.thumb
  23              		.thumb_func
  24              		.type	__early_init, %function
  25              	__early_init:
  26              	.LFB62:
  27              		.file 1 "./board_include/board.c"
  28              		.loc 1 56 0
  29              		.cfi_startproc
  30              		@ args = 0, pretend = 0, frame = 0
  31              		@ frame_needed = 0, uses_anonymous_args = 0
  32              		@ link register save eliminated.
  33              		.loc 1 59 0
  34              		.loc 1 58 0
  35 0000 FFF7FEBF 		b	stm32_clock_init
  36              	.LVL0:
  37              		.cfi_endproc
  38              	.LFE62:
  39              		.size	__early_init, .-__early_init
  40 0004 AFF30080 		.section	.text.boardInit,"ax",%progbits
  40      AFF30080 
  40      AFF30080 
  41              		.align	2
  42              		.p2align 4,,15
  43              		.global	boardInit
  44              		.thumb
  45              		.thumb_func
  46              		.type	boardInit, %function
  47              	boardInit:
  48              	.LFB63:
  49              		.loc 1 64 0
  50              		.cfi_startproc
  51              		@ args = 0, pretend = 0, frame = 0
  52              		@ frame_needed = 0, uses_anonymous_args = 0
  53              		@ link register save eliminated.
  54 0000 7047     		bx	lr
  55              		.cfi_endproc
ARM GAS  /tmp/cccNOJbe.s 			page 2


  56              	.LFE63:
  57              		.size	boardInit, .-boardInit
  58              		.global	pal_default_config
  59 0002 00BFAFF3 		.section	.rodata.pal_default_config,"a",%progbits
  59      0080AFF3 
  59      0080AFF3 
  59      0080
  60              		.align	2
  61              		.type	pal_default_config, %object
  62              		.size	pal_default_config, 168
  63              	pal_default_config:
  64 0000 00AAA02A 		.word	715172352
  65 0004 00000000 		.word	0
  66 0008 FFFFFFFF 		.word	-1
  67 000c 54000164 		.word	1677787220
  68 0010 FFFFFFFF 		.word	-1
  69 0014 00005655 		.word	1431699456
  70 0018 00AA0A00 		.word	698880
  71 001c 80200800 		.word	532608
  72 0020 40020000 		.word	576
  73 0024 FFFFFFFF 		.word	-1
  74 0028 15455155 		.word	1431389461
  75 002c FFFFFFFF 		.word	-1
  76 0030 00000004 		.word	67108864
  77 0034 40000000 		.word	64
  78 0038 01802002 		.word	35684353
  79 003c 00000000 		.word	0
  80 0040 FFFFFFFF 		.word	-1
  81 0044 54154554 		.word	1413813588
  82 0048 FFFFFFFF 		.word	-1
  83 004c 00000060 		.word	1610612736
  84 0050 00060600 		.word	394752
  85 0054 00010055 		.word	1426063616
  86 0058 00000000 		.word	0
  87 005c FFFFFFFF 		.word	-1
  88 0060 55505500 		.word	5591125
  89 0064 CF0F0000 		.word	4047
  90 0068 00000000 		.word	0
  91 006c 00000000 		.word	0
  92 0070 40000000 		.word	64
  93 0074 00000000 		.word	0
  94 0078 FFFFFFFF 		.word	-1
  95 007c 10555555 		.word	1431655696
  96 0080 FFFFFFFF 		.word	-1
  97 0084 00000000 		.word	0
  98 0088 00000000 		.word	0
  99 008c 00000000 		.word	0
 100 0090 00000000 		.word	0
 101 0094 FFFFFFFF 		.word	-1
 102 0098 55555555 		.word	1431655765
 103 009c FFFFFFFF 		.word	-1
 104 00a0 00000000 		.word	0
 105 00a4 00000000 		.word	0
 106              		.text
 107              	.Letext0:
 108              		.file 2 "/home/mitchd/Documents/FOX-1/amsat-fox/x86_64-toolchain/arm/bin/../lib/gcc/arm-none-eabi/
 109              		.file 3 "./os/hal/platforms/STM32/GPIOv2/pal_lld.h"
ARM GAS  /tmp/cccNOJbe.s 			page 3


 110              		.file 4 "./os/ports/common/ARMCMx/CMSIS/include/core_cm3.h"
 111              		.file 5 "./os/hal/platforms/STM32L1xx/hal_lld.h"
 112              		.section	.debug_info,"",%progbits
 113              	.Ldebug_info0:
 114 0000 DD010000 		.4byte	0x1dd
 115 0004 0200     		.2byte	0x2
 116 0006 00000000 		.4byte	.Ldebug_abbrev0
 117 000a 04       		.byte	0x4
 118 000b 01       		.uleb128 0x1
 119 000c 5E010000 		.4byte	.LASF29
 120 0010 01       		.byte	0x1
 121 0011 33010000 		.4byte	.LASF30
 122 0015 7D000000 		.4byte	.LASF31
 123 0019 00000000 		.4byte	.Ldebug_ranges0+0
 124 001d 00000000 		.4byte	0
 125 0021 00000000 		.4byte	0
 126 0025 00000000 		.4byte	.Ldebug_line0
 127 0029 02       		.uleb128 0x2
 128 002a 04       		.byte	0x4
 129 002b 05       		.byte	0x5
 130 002c 696E7400 		.ascii	"int\000"
 131 0030 03       		.uleb128 0x3
 132 0031 04       		.byte	0x4
 133 0032 07       		.byte	0x7
 134 0033 E7000000 		.4byte	.LASF0
 135 0037 03       		.uleb128 0x3
 136 0038 01       		.byte	0x1
 137 0039 06       		.byte	0x6
 138 003a A4010000 		.4byte	.LASF1
 139 003e 03       		.uleb128 0x3
 140 003f 01       		.byte	0x1
 141 0040 08       		.byte	0x8
 142 0041 3E000000 		.4byte	.LASF2
 143 0045 03       		.uleb128 0x3
 144 0046 02       		.byte	0x2
 145 0047 05       		.byte	0x5
 146 0048 6A010000 		.4byte	.LASF3
 147 004c 03       		.uleb128 0x3
 148 004d 02       		.byte	0x2
 149 004e 07       		.byte	0x7
 150 004f 1D000000 		.4byte	.LASF4
 151 0053 04       		.uleb128 0x4
 152 0054 22010000 		.4byte	.LASF6
 153 0058 02       		.byte	0x2
 154 0059 4F       		.byte	0x4f
 155 005a 5E000000 		.4byte	0x5e
 156 005e 03       		.uleb128 0x3
 157 005f 04       		.byte	0x4
 158 0060 05       		.byte	0x5
 159 0061 95010000 		.4byte	.LASF5
 160 0065 04       		.uleb128 0x4
 161 0066 8C010000 		.4byte	.LASF7
 162 006a 02       		.byte	0x2
 163 006b 50       		.byte	0x50
 164 006c 70000000 		.4byte	0x70
 165 0070 03       		.uleb128 0x3
 166 0071 04       		.byte	0x4
ARM GAS  /tmp/cccNOJbe.s 			page 4


 167 0072 07       		.byte	0x7
 168 0073 66000000 		.4byte	.LASF8
 169 0077 03       		.uleb128 0x3
 170 0078 08       		.byte	0x8
 171 0079 05       		.byte	0x5
 172 007a 4B010000 		.4byte	.LASF9
 173 007e 03       		.uleb128 0x3
 174 007f 08       		.byte	0x8
 175 0080 07       		.byte	0x7
 176 0081 F4000000 		.4byte	.LASF10
 177 0085 03       		.uleb128 0x3
 178 0086 04       		.byte	0x4
 179 0087 07       		.byte	0x7
 180 0088 2A010000 		.4byte	.LASF11
 181 008c 03       		.uleb128 0x3
 182 008d 01       		.byte	0x1
 183 008e 08       		.byte	0x8
 184 008f 59010000 		.4byte	.LASF12
 185 0093 05       		.uleb128 0x5
 186 0094 1C       		.byte	0x1c
 187 0095 03       		.byte	0x3
 188 0096 AA       		.byte	0xaa
 189 0097 FE000000 		.4byte	0xfe
 190 009b 06       		.uleb128 0x6
 191 009c 9E010000 		.4byte	.LASF13
 192 00a0 03       		.byte	0x3
 193 00a1 AC       		.byte	0xac
 194 00a2 65000000 		.4byte	0x65
 195 00a6 02       		.byte	0x2
 196 00a7 23       		.byte	0x23
 197 00a8 00       		.uleb128 0
 198 00a9 06       		.uleb128 0x6
 199 00aa 30000000 		.4byte	.LASF14
 200 00ae 03       		.byte	0x3
 201 00af AE       		.byte	0xae
 202 00b0 65000000 		.4byte	0x65
 203 00b4 02       		.byte	0x2
 204 00b5 23       		.byte	0x23
 205 00b6 04       		.uleb128 0x4
 206 00b7 06       		.uleb128 0x6
 207 00b8 0E000000 		.4byte	.LASF15
 208 00bc 03       		.byte	0x3
 209 00bd B0       		.byte	0xb0
 210 00be 65000000 		.4byte	0x65
 211 00c2 02       		.byte	0x2
 212 00c3 23       		.byte	0x23
 213 00c4 08       		.uleb128 0x8
 214 00c5 06       		.uleb128 0x6
 215 00c6 E1000000 		.4byte	.LASF16
 216 00ca 03       		.byte	0x3
 217 00cb B2       		.byte	0xb2
 218 00cc 65000000 		.4byte	0x65
 219 00d0 02       		.byte	0x2
 220 00d1 23       		.byte	0x23
 221 00d2 0C       		.uleb128 0xc
 222 00d3 07       		.uleb128 0x7
 223 00d4 6F647200 		.ascii	"odr\000"
ARM GAS  /tmp/cccNOJbe.s 			page 5


 224 00d8 03       		.byte	0x3
 225 00d9 B4       		.byte	0xb4
 226 00da 65000000 		.4byte	0x65
 227 00de 02       		.byte	0x2
 228 00df 23       		.byte	0x23
 229 00e0 10       		.uleb128 0x10
 230 00e1 06       		.uleb128 0x6
 231 00e2 B2000000 		.4byte	.LASF17
 232 00e6 03       		.byte	0x3
 233 00e7 B6       		.byte	0xb6
 234 00e8 65000000 		.4byte	0x65
 235 00ec 02       		.byte	0x2
 236 00ed 23       		.byte	0x23
 237 00ee 14       		.uleb128 0x14
 238 00ef 06       		.uleb128 0x6
 239 00f0 78000000 		.4byte	.LASF18
 240 00f4 03       		.byte	0x3
 241 00f5 B8       		.byte	0xb8
 242 00f6 65000000 		.4byte	0x65
 243 00fa 02       		.byte	0x2
 244 00fb 23       		.byte	0x23
 245 00fc 18       		.uleb128 0x18
 246 00fd 00       		.byte	0
 247 00fe 04       		.uleb128 0x4
 248 00ff 4C000000 		.4byte	.LASF19
 249 0103 03       		.byte	0x3
 250 0104 B9       		.byte	0xb9
 251 0105 93000000 		.4byte	0x93
 252 0109 05       		.uleb128 0x5
 253 010a A8       		.byte	0xa8
 254 010b 03       		.byte	0x3
 255 010c C2       		.byte	0xc2
 256 010d 67010000 		.4byte	0x167
 257 0111 06       		.uleb128 0x6
 258 0112 5F000000 		.4byte	.LASF20
 259 0116 03       		.byte	0x3
 260 0117 C4       		.byte	0xc4
 261 0118 FE000000 		.4byte	0xfe
 262 011c 02       		.byte	0x2
 263 011d 23       		.byte	0x23
 264 011e 00       		.uleb128 0
 265 011f 06       		.uleb128 0x6
 266 0120 16000000 		.4byte	.LASF21
 267 0124 03       		.byte	0x3
 268 0125 C6       		.byte	0xc6
 269 0126 FE000000 		.4byte	0xfe
 270 012a 02       		.byte	0x2
 271 012b 23       		.byte	0x23
 272 012c 1C       		.uleb128 0x1c
 273 012d 06       		.uleb128 0x6
 274 012e 74010000 		.4byte	.LASF22
 275 0132 03       		.byte	0x3
 276 0133 C8       		.byte	0xc8
 277 0134 FE000000 		.4byte	0xfe
 278 0138 02       		.byte	0x2
 279 0139 23       		.byte	0x23
 280 013a 38       		.uleb128 0x38
ARM GAS  /tmp/cccNOJbe.s 			page 6


 281 013b 06       		.uleb128 0x6
 282 013c 07000000 		.4byte	.LASF23
 283 0140 03       		.byte	0x3
 284 0141 CA       		.byte	0xca
 285 0142 FE000000 		.4byte	0xfe
 286 0146 02       		.byte	0x2
 287 0147 23       		.byte	0x23
 288 0148 54       		.uleb128 0x54
 289 0149 06       		.uleb128 0x6
 290 014a 37000000 		.4byte	.LASF24
 291 014e 03       		.byte	0x3
 292 014f CD       		.byte	0xcd
 293 0150 FE000000 		.4byte	0xfe
 294 0154 02       		.byte	0x2
 295 0155 23       		.byte	0x23
 296 0156 70       		.uleb128 0x70
 297 0157 06       		.uleb128 0x6
 298 0158 00000000 		.4byte	.LASF25
 299 015c 03       		.byte	0x3
 300 015d D9       		.byte	0xd9
 301 015e FE000000 		.4byte	0xfe
 302 0162 03       		.byte	0x3
 303 0163 23       		.byte	0x23
 304 0164 8C01     		.uleb128 0x8c
 305 0166 00       		.byte	0
 306 0167 04       		.uleb128 0x4
 307 0168 C4000000 		.4byte	.LASF26
 308 016c 03       		.byte	0x3
 309 016d DF       		.byte	0xdf
 310 016e 09010000 		.4byte	0x109
 311 0172 08       		.uleb128 0x8
 312 0173 01       		.byte	0x1
 313 0174 15010000 		.4byte	.LASF32
 314 0178 01       		.byte	0x1
 315 0179 38       		.byte	0x38
 316 017a 01       		.byte	0x1
 317 017b 00000000 		.4byte	.LFB62
 318 017f 04000000 		.4byte	.LFE62
 319 0183 02       		.byte	0x2
 320 0184 7D       		.byte	0x7d
 321 0185 00       		.sleb128 0
 322 0186 01       		.byte	0x1
 323 0187 96010000 		.4byte	0x196
 324 018b 09       		.uleb128 0x9
 325 018c 04000000 		.4byte	.LVL0
 326 0190 01       		.byte	0x1
 327 0191 D5010000 		.4byte	0x1d5
 328 0195 00       		.byte	0
 329 0196 0A       		.uleb128 0xa
 330 0197 01       		.byte	0x1
 331 0198 0B010000 		.4byte	.LASF33
 332 019c 01       		.byte	0x1
 333 019d 40       		.byte	0x40
 334 019e 01       		.byte	0x1
 335 019f 00000000 		.4byte	.LFB63
 336 01a3 02000000 		.4byte	.LFE63
 337 01a7 02       		.byte	0x2
ARM GAS  /tmp/cccNOJbe.s 			page 7


 338 01a8 7D       		.byte	0x7d
 339 01a9 00       		.sleb128 0
 340 01aa 01       		.byte	0x1
 341 01ab 0B       		.uleb128 0xb
 342 01ac B7000000 		.4byte	.LASF27
 343 01b0 04       		.byte	0x4
 344 01b1 9404     		.2byte	0x494
 345 01b3 B9010000 		.4byte	0x1b9
 346 01b7 01       		.byte	0x1
 347 01b8 01       		.byte	0x1
 348 01b9 0C       		.uleb128 0xc
 349 01ba 53000000 		.4byte	0x53
 350 01be 0D       		.uleb128 0xd
 351 01bf CE000000 		.4byte	.LASF28
 352 01c3 01       		.byte	0x1
 353 01c4 25       		.byte	0x25
 354 01c5 D0010000 		.4byte	0x1d0
 355 01c9 01       		.byte	0x1
 356 01ca 05       		.byte	0x5
 357 01cb 03       		.byte	0x3
 358 01cc 00000000 		.4byte	pal_default_config
 359 01d0 0E       		.uleb128 0xe
 360 01d1 67010000 		.4byte	0x167
 361 01d5 0F       		.uleb128 0xf
 362 01d6 01       		.byte	0x1
 363 01d7 7B010000 		.4byte	.LASF34
 364 01db 05       		.byte	0x5
 365 01dc 2504     		.2byte	0x425
 366 01de 01       		.byte	0x1
 367 01df 01       		.byte	0x1
 368 01e0 00       		.byte	0
 369              		.section	.debug_abbrev,"",%progbits
 370              	.Ldebug_abbrev0:
 371 0000 01       		.uleb128 0x1
 372 0001 11       		.uleb128 0x11
 373 0002 01       		.byte	0x1
 374 0003 25       		.uleb128 0x25
 375 0004 0E       		.uleb128 0xe
 376 0005 13       		.uleb128 0x13
 377 0006 0B       		.uleb128 0xb
 378 0007 03       		.uleb128 0x3
 379 0008 0E       		.uleb128 0xe
 380 0009 1B       		.uleb128 0x1b
 381 000a 0E       		.uleb128 0xe
 382 000b 55       		.uleb128 0x55
 383 000c 06       		.uleb128 0x6
 384 000d 11       		.uleb128 0x11
 385 000e 01       		.uleb128 0x1
 386 000f 52       		.uleb128 0x52
 387 0010 01       		.uleb128 0x1
 388 0011 10       		.uleb128 0x10
 389 0012 06       		.uleb128 0x6
 390 0013 00       		.byte	0
 391 0014 00       		.byte	0
 392 0015 02       		.uleb128 0x2
 393 0016 24       		.uleb128 0x24
 394 0017 00       		.byte	0
ARM GAS  /tmp/cccNOJbe.s 			page 8


 395 0018 0B       		.uleb128 0xb
 396 0019 0B       		.uleb128 0xb
 397 001a 3E       		.uleb128 0x3e
 398 001b 0B       		.uleb128 0xb
 399 001c 03       		.uleb128 0x3
 400 001d 08       		.uleb128 0x8
 401 001e 00       		.byte	0
 402 001f 00       		.byte	0
 403 0020 03       		.uleb128 0x3
 404 0021 24       		.uleb128 0x24
 405 0022 00       		.byte	0
 406 0023 0B       		.uleb128 0xb
 407 0024 0B       		.uleb128 0xb
 408 0025 3E       		.uleb128 0x3e
 409 0026 0B       		.uleb128 0xb
 410 0027 03       		.uleb128 0x3
 411 0028 0E       		.uleb128 0xe
 412 0029 00       		.byte	0
 413 002a 00       		.byte	0
 414 002b 04       		.uleb128 0x4
 415 002c 16       		.uleb128 0x16
 416 002d 00       		.byte	0
 417 002e 03       		.uleb128 0x3
 418 002f 0E       		.uleb128 0xe
 419 0030 3A       		.uleb128 0x3a
 420 0031 0B       		.uleb128 0xb
 421 0032 3B       		.uleb128 0x3b
 422 0033 0B       		.uleb128 0xb
 423 0034 49       		.uleb128 0x49
 424 0035 13       		.uleb128 0x13
 425 0036 00       		.byte	0
 426 0037 00       		.byte	0
 427 0038 05       		.uleb128 0x5
 428 0039 13       		.uleb128 0x13
 429 003a 01       		.byte	0x1
 430 003b 0B       		.uleb128 0xb
 431 003c 0B       		.uleb128 0xb
 432 003d 3A       		.uleb128 0x3a
 433 003e 0B       		.uleb128 0xb
 434 003f 3B       		.uleb128 0x3b
 435 0040 0B       		.uleb128 0xb
 436 0041 01       		.uleb128 0x1
 437 0042 13       		.uleb128 0x13
 438 0043 00       		.byte	0
 439 0044 00       		.byte	0
 440 0045 06       		.uleb128 0x6
 441 0046 0D       		.uleb128 0xd
 442 0047 00       		.byte	0
 443 0048 03       		.uleb128 0x3
 444 0049 0E       		.uleb128 0xe
 445 004a 3A       		.uleb128 0x3a
 446 004b 0B       		.uleb128 0xb
 447 004c 3B       		.uleb128 0x3b
 448 004d 0B       		.uleb128 0xb
 449 004e 49       		.uleb128 0x49
 450 004f 13       		.uleb128 0x13
 451 0050 38       		.uleb128 0x38
ARM GAS  /tmp/cccNOJbe.s 			page 9


 452 0051 0A       		.uleb128 0xa
 453 0052 00       		.byte	0
 454 0053 00       		.byte	0
 455 0054 07       		.uleb128 0x7
 456 0055 0D       		.uleb128 0xd
 457 0056 00       		.byte	0
 458 0057 03       		.uleb128 0x3
 459 0058 08       		.uleb128 0x8
 460 0059 3A       		.uleb128 0x3a
 461 005a 0B       		.uleb128 0xb
 462 005b 3B       		.uleb128 0x3b
 463 005c 0B       		.uleb128 0xb
 464 005d 49       		.uleb128 0x49
 465 005e 13       		.uleb128 0x13
 466 005f 38       		.uleb128 0x38
 467 0060 0A       		.uleb128 0xa
 468 0061 00       		.byte	0
 469 0062 00       		.byte	0
 470 0063 08       		.uleb128 0x8
 471 0064 2E       		.uleb128 0x2e
 472 0065 01       		.byte	0x1
 473 0066 3F       		.uleb128 0x3f
 474 0067 0C       		.uleb128 0xc
 475 0068 03       		.uleb128 0x3
 476 0069 0E       		.uleb128 0xe
 477 006a 3A       		.uleb128 0x3a
 478 006b 0B       		.uleb128 0xb
 479 006c 3B       		.uleb128 0x3b
 480 006d 0B       		.uleb128 0xb
 481 006e 27       		.uleb128 0x27
 482 006f 0C       		.uleb128 0xc
 483 0070 11       		.uleb128 0x11
 484 0071 01       		.uleb128 0x1
 485 0072 12       		.uleb128 0x12
 486 0073 01       		.uleb128 0x1
 487 0074 40       		.uleb128 0x40
 488 0075 0A       		.uleb128 0xa
 489 0076 9742     		.uleb128 0x2117
 490 0078 0C       		.uleb128 0xc
 491 0079 01       		.uleb128 0x1
 492 007a 13       		.uleb128 0x13
 493 007b 00       		.byte	0
 494 007c 00       		.byte	0
 495 007d 09       		.uleb128 0x9
 496 007e 898201   		.uleb128 0x4109
 497 0081 00       		.byte	0
 498 0082 11       		.uleb128 0x11
 499 0083 01       		.uleb128 0x1
 500 0084 9542     		.uleb128 0x2115
 501 0086 0C       		.uleb128 0xc
 502 0087 31       		.uleb128 0x31
 503 0088 13       		.uleb128 0x13
 504 0089 00       		.byte	0
 505 008a 00       		.byte	0
 506 008b 0A       		.uleb128 0xa
 507 008c 2E       		.uleb128 0x2e
 508 008d 00       		.byte	0
ARM GAS  /tmp/cccNOJbe.s 			page 10


 509 008e 3F       		.uleb128 0x3f
 510 008f 0C       		.uleb128 0xc
 511 0090 03       		.uleb128 0x3
 512 0091 0E       		.uleb128 0xe
 513 0092 3A       		.uleb128 0x3a
 514 0093 0B       		.uleb128 0xb
 515 0094 3B       		.uleb128 0x3b
 516 0095 0B       		.uleb128 0xb
 517 0096 27       		.uleb128 0x27
 518 0097 0C       		.uleb128 0xc
 519 0098 11       		.uleb128 0x11
 520 0099 01       		.uleb128 0x1
 521 009a 12       		.uleb128 0x12
 522 009b 01       		.uleb128 0x1
 523 009c 40       		.uleb128 0x40
 524 009d 0A       		.uleb128 0xa
 525 009e 9742     		.uleb128 0x2117
 526 00a0 0C       		.uleb128 0xc
 527 00a1 00       		.byte	0
 528 00a2 00       		.byte	0
 529 00a3 0B       		.uleb128 0xb
 530 00a4 34       		.uleb128 0x34
 531 00a5 00       		.byte	0
 532 00a6 03       		.uleb128 0x3
 533 00a7 0E       		.uleb128 0xe
 534 00a8 3A       		.uleb128 0x3a
 535 00a9 0B       		.uleb128 0xb
 536 00aa 3B       		.uleb128 0x3b
 537 00ab 05       		.uleb128 0x5
 538 00ac 49       		.uleb128 0x49
 539 00ad 13       		.uleb128 0x13
 540 00ae 3F       		.uleb128 0x3f
 541 00af 0C       		.uleb128 0xc
 542 00b0 3C       		.uleb128 0x3c
 543 00b1 0C       		.uleb128 0xc
 544 00b2 00       		.byte	0
 545 00b3 00       		.byte	0
 546 00b4 0C       		.uleb128 0xc
 547 00b5 35       		.uleb128 0x35
 548 00b6 00       		.byte	0
 549 00b7 49       		.uleb128 0x49
 550 00b8 13       		.uleb128 0x13
 551 00b9 00       		.byte	0
 552 00ba 00       		.byte	0
 553 00bb 0D       		.uleb128 0xd
 554 00bc 34       		.uleb128 0x34
 555 00bd 00       		.byte	0
 556 00be 03       		.uleb128 0x3
 557 00bf 0E       		.uleb128 0xe
 558 00c0 3A       		.uleb128 0x3a
 559 00c1 0B       		.uleb128 0xb
 560 00c2 3B       		.uleb128 0x3b
 561 00c3 0B       		.uleb128 0xb
 562 00c4 49       		.uleb128 0x49
 563 00c5 13       		.uleb128 0x13
 564 00c6 3F       		.uleb128 0x3f
 565 00c7 0C       		.uleb128 0xc
ARM GAS  /tmp/cccNOJbe.s 			page 11


 566 00c8 02       		.uleb128 0x2
 567 00c9 0A       		.uleb128 0xa
 568 00ca 00       		.byte	0
 569 00cb 00       		.byte	0
 570 00cc 0E       		.uleb128 0xe
 571 00cd 26       		.uleb128 0x26
 572 00ce 00       		.byte	0
 573 00cf 49       		.uleb128 0x49
 574 00d0 13       		.uleb128 0x13
 575 00d1 00       		.byte	0
 576 00d2 00       		.byte	0
 577 00d3 0F       		.uleb128 0xf
 578 00d4 2E       		.uleb128 0x2e
 579 00d5 00       		.byte	0
 580 00d6 3F       		.uleb128 0x3f
 581 00d7 0C       		.uleb128 0xc
 582 00d8 03       		.uleb128 0x3
 583 00d9 0E       		.uleb128 0xe
 584 00da 3A       		.uleb128 0x3a
 585 00db 0B       		.uleb128 0xb
 586 00dc 3B       		.uleb128 0x3b
 587 00dd 05       		.uleb128 0x5
 588 00de 27       		.uleb128 0x27
 589 00df 0C       		.uleb128 0xc
 590 00e0 3C       		.uleb128 0x3c
 591 00e1 0C       		.uleb128 0xc
 592 00e2 00       		.byte	0
 593 00e3 00       		.byte	0
 594 00e4 00       		.byte	0
 595              		.section	.debug_aranges,"",%progbits
 596 0000 24000000 		.4byte	0x24
 597 0004 0200     		.2byte	0x2
 598 0006 00000000 		.4byte	.Ldebug_info0
 599 000a 04       		.byte	0x4
 600 000b 00       		.byte	0
 601 000c 0000     		.2byte	0
 602 000e 0000     		.2byte	0
 603 0010 00000000 		.4byte	.LFB62
 604 0014 04000000 		.4byte	.LFE62-.LFB62
 605 0018 00000000 		.4byte	.LFB63
 606 001c 02000000 		.4byte	.LFE63-.LFB63
 607 0020 00000000 		.4byte	0
 608 0024 00000000 		.4byte	0
 609              		.section	.debug_ranges,"",%progbits
 610              	.Ldebug_ranges0:
 611 0000 00000000 		.4byte	.LFB62
 612 0004 04000000 		.4byte	.LFE62
 613 0008 00000000 		.4byte	.LFB63
 614 000c 02000000 		.4byte	.LFE63
 615 0010 00000000 		.4byte	0
 616 0014 00000000 		.4byte	0
 617              		.section	.debug_line,"",%progbits
 618              	.Ldebug_line0:
 619 0000 71010000 		.section	.debug_str,"MS",%progbits,1
 619      02004B01 
 619      00000201 
 619      FB0E0D00 
ARM GAS  /tmp/cccNOJbe.s 			page 12


 619      01010101 
 620              	.LASF25:
 621 0000 50484461 		.ascii	"PHData\000"
 621      746100
 622              	.LASF23:
 623 0007 50444461 		.ascii	"PDData\000"
 623      746100
 624              	.LASF15:
 625 000e 6F737065 		.ascii	"ospeedr\000"
 625      65647200 
 626              	.LASF21:
 627 0016 50424461 		.ascii	"PBData\000"
 627      746100
 628              	.LASF4:
 629 001d 73686F72 		.ascii	"short unsigned int\000"
 629      7420756E 
 629      7369676E 
 629      65642069 
 629      6E7400
 630              	.LASF14:
 631 0030 6F747970 		.ascii	"otyper\000"
 631      657200
 632              	.LASF24:
 633 0037 50454461 		.ascii	"PEData\000"
 633      746100
 634              	.LASF2:
 635 003e 756E7369 		.ascii	"unsigned char\000"
 635      676E6564 
 635      20636861 
 635      7200
 636              	.LASF19:
 637 004c 73746D33 		.ascii	"stm32_gpio_setup_t\000"
 637      325F6770 
 637      696F5F73 
 637      65747570 
 637      5F7400
 638              	.LASF20:
 639 005f 50414461 		.ascii	"PAData\000"
 639      746100
 640              	.LASF8:
 641 0066 6C6F6E67 		.ascii	"long unsigned int\000"
 641      20756E73 
 641      69676E65 
 641      6420696E 
 641      7400
 642              	.LASF18:
 643 0078 61667268 		.ascii	"afrh\000"
 643      00
 644              	.LASF31:
 645 007d 2F686F6D 		.ascii	"/home/mitchd/Documents/FOX-1/amsat-fox/stm32l1-deve"
 645      652F6D69 
 645      74636864 
 645      2F446F63 
 645      756D656E 
 646 00b0 6C00     		.ascii	"l\000"
 647              	.LASF17:
 648 00b2 6166726C 		.ascii	"afrl\000"
ARM GAS  /tmp/cccNOJbe.s 			page 13


 648      00
 649              	.LASF27:
 650 00b7 49544D5F 		.ascii	"ITM_RxBuffer\000"
 650      52784275 
 650      66666572 
 650      00
 651              	.LASF26:
 652 00c4 50414C43 		.ascii	"PALConfig\000"
 652      6F6E6669 
 652      6700
 653              	.LASF28:
 654 00ce 70616C5F 		.ascii	"pal_default_config\000"
 654      64656661 
 654      756C745F 
 654      636F6E66 
 654      696700
 655              	.LASF16:
 656 00e1 70757064 		.ascii	"pupdr\000"
 656      7200
 657              	.LASF0:
 658 00e7 756E7369 		.ascii	"unsigned int\000"
 658      676E6564 
 658      20696E74 
 658      00
 659              	.LASF10:
 660 00f4 6C6F6E67 		.ascii	"long long unsigned int\000"
 660      206C6F6E 
 660      6720756E 
 660      7369676E 
 660      65642069 
 661              	.LASF33:
 662 010b 626F6172 		.ascii	"boardInit\000"
 662      64496E69 
 662      7400
 663              	.LASF32:
 664 0115 5F5F6561 		.ascii	"__early_init\000"
 664      726C795F 
 664      696E6974 
 664      00
 665              	.LASF6:
 666 0122 696E7433 		.ascii	"int32_t\000"
 666      325F7400 
 667              	.LASF11:
 668 012a 73697A65 		.ascii	"sizetype\000"
 668      74797065 
 668      00
 669              	.LASF30:
 670 0133 2E2F626F 		.ascii	"./board_include/board.c\000"
 670      6172645F 
 670      696E636C 
 670      7564652F 
 670      626F6172 
 671              	.LASF9:
 672 014b 6C6F6E67 		.ascii	"long long int\000"
 672      206C6F6E 
 672      6720696E 
 672      7400
ARM GAS  /tmp/cccNOJbe.s 			page 14


 673              	.LASF12:
 674 0159 63686172 		.ascii	"char\000"
 674      00
 675              	.LASF29:
 676 015e 474E5520 		.ascii	"GNU C 4.7.2\000"
 676      4320342E 
 676      372E3200 
 677              	.LASF3:
 678 016a 73686F72 		.ascii	"short int\000"
 678      7420696E 
 678      7400
 679              	.LASF22:
 680 0174 50434461 		.ascii	"PCData\000"
 680      746100
 681              	.LASF34:
 682 017b 73746D33 		.ascii	"stm32_clock_init\000"
 682      325F636C 
 682      6F636B5F 
 682      696E6974 
 682      00
 683              	.LASF7:
 684 018c 75696E74 		.ascii	"uint32_t\000"
 684      33325F74 
 684      00
 685              	.LASF5:
 686 0195 6C6F6E67 		.ascii	"long int\000"
 686      20696E74 
 686      00
 687              	.LASF13:
 688 019e 6D6F6465 		.ascii	"moder\000"
 688      7200
 689              	.LASF1:
 690 01a4 7369676E 		.ascii	"signed char\000"
 690      65642063 
 690      68617200 
 691              		.ident	"GCC: (GNU) 4.7.2"
ARM GAS  /tmp/cccNOJbe.s 			page 15


DEFINED SYMBOLS
                            *ABS*:0000000000000000 board.c
     /tmp/cccNOJbe.s:19     .text.__early_init:0000000000000000 $t
     /tmp/cccNOJbe.s:25     .text.__early_init:0000000000000000 __early_init
     /tmp/cccNOJbe.s:41     .text.boardInit:0000000000000000 $t
     /tmp/cccNOJbe.s:47     .text.boardInit:0000000000000000 boardInit
     /tmp/cccNOJbe.s:63     .rodata.pal_default_config:0000000000000000 pal_default_config
     /tmp/cccNOJbe.s:60     .rodata.pal_default_config:0000000000000000 $d
                     .debug_frame:0000000000000010 $d

UNDEFINED SYMBOLS
stm32_clock_init
