ARM GAS  /tmp/cczri1jF.s 			page 1


   1              		.syntax unified
   2              		.cpu cortex-m3
   3              		.fpu softvfp
   4              		.eabi_attribute 20, 1
   5              		.eabi_attribute 21, 1
   6              		.eabi_attribute 23, 3
   7              		.eabi_attribute 24, 1
   8              		.eabi_attribute 25, 1
   9              		.eabi_attribute 26, 1
  10              		.eabi_attribute 30, 2
  11              		.eabi_attribute 34, 1
  12              		.eabi_attribute 18, 4
  13              		.thumb
  14              		.file	"hal.c"
  15              		.text
  16              	.Ltext0:
  17              		.cfi_sections	.debug_frame
  18              		.section	.text.halInit,"ax",%progbits
  19              		.align	2
  20              		.p2align 4,,15
  21              		.global	halInit
  22              		.thumb
  23              		.thumb_func
  24              		.type	halInit, %function
  25              	halInit:
  26              	.LFB62:
  27              		.file 1 "./os/hal/src/hal.c"
  28              		.loc 1 68 0
  29              		.cfi_startproc
  30              		@ args = 0, pretend = 0, frame = 0
  31              		@ frame_needed = 0, uses_anonymous_args = 0
  32 0000 08B5     		push	{r3, lr}
  33              	.LCFI0:
  34              		.cfi_def_cfa_offset 8
  35              		.cfi_offset 3, -8
  36              		.cfi_offset 14, -4
  37              		.loc 1 70 0
  38 0002 FFF7FEFF 		bl	hal_lld_init
  39              	.LVL0:
  40              		.loc 1 73 0
  41 0006 FFF7FEFF 		bl	tmInit
  42              	.LVL1:
  43              		.loc 1 76 0
  44 000a 40F20000 		movw	r0, #:lower16:pal_default_config
  45 000e C0F20000 		movt	r0, #:upper16:pal_default_config
  46 0012 FFF7FEFF 		bl	_pal_lld_init
  47              	.LVL2:
  48              		.loc 1 88 0
  49 0016 FFF7FEFF 		bl	gptInit
  50              	.LVL3:
  51              		.loc 1 103 0
  52 001a FFF7FEFF 		bl	sdInit
  53              	.LVL4:
  54              		.loc 1 109 0
  55 001e FFF7FEFF 		bl	spiInit
  56              	.LVL5:
  57              		.loc 1 128 0
ARM GAS  /tmp/cczri1jF.s 			page 2


  58 0022 BDE80840 		pop	{r3, lr}
  59              		.loc 1 127 0
  60 0026 FFF7FEBF 		b	boardInit
  61              	.LVL6:
  62              		.cfi_endproc
  63              	.LFE62:
  64              		.size	halInit, .-halInit
  65 002a 00BFAFF3 		.section	.text.halIsCounterWithin,"ax",%progbits
  65      0080
  66              		.align	2
  67              		.p2align 4,,15
  68              		.global	halIsCounterWithin
  69              		.thumb
  70              		.thumb_func
  71              		.type	halIsCounterWithin, %function
  72              	halIsCounterWithin:
  73              	.LFB63:
  74              		.loc 1 174 0
  75              		.cfi_startproc
  76              		@ args = 0, pretend = 0, frame = 0
  77              		@ frame_needed = 0, uses_anonymous_args = 0
  78              		@ link register save eliminated.
  79              	.LVL7:
  80              		.loc 1 175 0
  81 0000 4FF48053 		mov	r3, #4096
  82 0004 CEF20003 		movt	r3, 57344
  83              		.loc 1 177 0
  84 0008 8142     		cmp	r1, r0
  85              		.loc 1 174 0
  86 000a 0246     		mov	r2, r0
  87              		.loc 1 175 0
  88 000c 5B68     		ldr	r3, [r3, #4]
  89              	.LVL8:
  90              		.loc 1 177 0
  91 000e 09D8     		bhi	.L6
  92              		.loc 1 178 0 discriminator 2
  93 0010 8342     		cmp	r3, r0
  94 0012 34BF     		ite	cc
  95 0014 0022     		movcc	r2, #0
  96 0016 0122     		movcs	r2, #1
  97              		.loc 1 177 0 discriminator 2
  98 0018 8B42     		cmp	r3, r1
  99 001a 2CBF     		ite	cs
 100 001c 1046     		movcs	r0, r2
 101 001e 42F00100 		orrcc	r0, r2, #1
 102              	.LVL9:
 103              		.loc 1 179 0 discriminator 2
 104 0022 7047     		bx	lr
 105              	.LVL10:
 106              	.L6:
 107              		.loc 1 177 0 discriminator 1
 108 0024 8B42     		cmp	r3, r1
 109 0026 2CBF     		ite	cs
 110 0028 0020     		movcs	r0, #0
 111              	.LVL11:
 112 002a 0120     		movcc	r0, #1
 113 002c 9342     		cmp	r3, r2
ARM GAS  /tmp/cczri1jF.s 			page 3


 114 002e 38BF     		it	cc
 115 0030 0020     		movcc	r0, #0
 116 0032 7047     		bx	lr
 117              		.cfi_endproc
 118              	.LFE63:
 119              		.size	halIsCounterWithin, .-halIsCounterWithin
 120 0034 AFF30080 		.section	.text.halPolledDelay,"ax",%progbits
 120      AFF30080 
 120      AFF30080 
 121              		.align	2
 122              		.p2align 4,,15
 123              		.global	halPolledDelay
 124              		.thumb
 125              		.thumb_func
 126              		.type	halPolledDelay, %function
 127              	halPolledDelay:
 128              	.LFB64:
 129              		.loc 1 193 0
 130              		.cfi_startproc
 131              		@ args = 0, pretend = 0, frame = 0
 132              		@ frame_needed = 0, uses_anonymous_args = 0
 133              		@ link register save eliminated.
 134              	.LVL12:
 135 0000 10B4     		push	{r4}
 136              	.LCFI1:
 137              		.cfi_def_cfa_offset 4
 138              		.cfi_offset 4, -4
 139              		.loc 1 194 0
 140 0002 4FF48054 		mov	r4, #4096
 141 0006 CEF20004 		movt	r4, 57344
 142 000a 6268     		ldr	r2, [r4, #4]
 143              	.LVL13:
 144              		.loc 1 195 0
 145 000c 8018     		adds	r0, r0, r2
 146              	.LVL14:
 147              	.L10:
 148              	.LBB4:
 149              	.LBB5:
 150              		.loc 1 177 0 discriminator 1
 151 000e 8242     		cmp	r2, r0
 152              		.loc 1 175 0 discriminator 1
 153 0010 6368     		ldr	r3, [r4, #4]
 154              	.LVL15:
 155              		.loc 1 177 0 discriminator 1
 156 0012 0AD2     		bcs	.L8
 157              		.loc 1 177 0 is_stmt 0
 158 0014 9842     		cmp	r0, r3
 159 0016 94BF     		ite	ls
 160 0018 0021     		movls	r1, #0
 161 001a 0121     		movhi	r1, #1
 162 001c 9A42     		cmp	r2, r3
 163 001e 88BF     		it	hi
 164 0020 0021     		movhi	r1, #0
 165              	.LBE5:
 166              	.LBE4:
 167              		.loc 1 196 0 is_stmt 1
 168 0022 0029     		cmp	r1, #0
ARM GAS  /tmp/cczri1jF.s 			page 4


 169 0024 F3D1     		bne	.L10
 170              	.L12:
 171              		.loc 1 198 0
 172 0026 10BC     		pop	{r4}
 173 0028 7047     		bx	lr
 174              	.L8:
 175              	.LBB7:
 176              	.LBB6:
 177              		.loc 1 178 0
 178 002a 9A42     		cmp	r2, r3
 179 002c 8CBF     		ite	hi
 180 002e 0021     		movhi	r1, #0
 181 0030 0121     		movls	r1, #1
 182              		.loc 1 177 0
 183 0032 9842     		cmp	r0, r3
 184 0034 88BF     		it	hi
 185 0036 41F00101 		orrhi	r1, r1, #1
 186              	.LBE6:
 187              	.LBE7:
 188              		.loc 1 196 0
 189 003a 0029     		cmp	r1, #0
 190 003c E7D1     		bne	.L10
 191 003e F2E7     		b	.L12
 192              		.cfi_endproc
 193              	.LFE64:
 194              		.size	halPolledDelay, .-halPolledDelay
 195              		.text
 196              	.Letext0:
 197              		.file 2 "/home/mitchd/Documents/FOX-1/amsat-fox/x86_64-toolchain/arm/bin/../lib/gcc/arm-none-eabi/
 198              		.file 3 "./os/ports/GCC/ARMCMx/chtypes.h"
 199              		.file 4 "./os/ports/common/ARMCMx/nvic.h"
 200              		.file 5 "./os/hal/platforms/STM32L1xx/hal_lld.h"
 201              		.file 6 "./os/hal/platforms/STM32/GPIOv2/pal_lld.h"
 202              		.file 7 "./os/ports/common/ARMCMx/CMSIS/include/core_cm3.h"
 203              		.file 8 "./os/hal/include/tm.h"
 204              		.file 9 "./os/hal/include/gpt.h"
 205              		.file 10 "./os/hal/include/serial.h"
 206              		.file 11 "./os/hal/include/spi.h"
 207              		.file 12 "./board_include/board.h"
 208              		.section	.debug_info,"",%progbits
 209              	.Ldebug_info0:
 210 0000 D0030000 		.4byte	0x3d0
 211 0004 0200     		.2byte	0x2
 212 0006 00000000 		.4byte	.Ldebug_abbrev0
 213 000a 04       		.byte	0x4
 214 000b 01       		.uleb128 0x1
 215 000c 06020000 		.4byte	.LASF51
 216 0010 01       		.byte	0x1
 217 0011 B0010000 		.4byte	.LASF52
 218 0015 EF000000 		.4byte	.LASF53
 219 0019 30000000 		.4byte	.Ldebug_ranges0+0x30
 220 001d 00000000 		.4byte	0
 221 0021 00000000 		.4byte	0
 222 0025 00000000 		.4byte	.Ldebug_line0
 223 0029 02       		.uleb128 0x2
 224 002a 04       		.byte	0x4
 225 002b 05       		.byte	0x5
ARM GAS  /tmp/cczri1jF.s 			page 5


 226 002c 696E7400 		.ascii	"int\000"
 227 0030 03       		.uleb128 0x3
 228 0031 04       		.byte	0x4
 229 0032 07       		.byte	0x7
 230 0033 7C010000 		.4byte	.LASF0
 231 0037 03       		.uleb128 0x3
 232 0038 01       		.byte	0x1
 233 0039 06       		.byte	0x6
 234 003a 4A020000 		.4byte	.LASF1
 235 003e 03       		.uleb128 0x3
 236 003f 01       		.byte	0x1
 237 0040 08       		.byte	0x8
 238 0041 A8000000 		.4byte	.LASF2
 239 0045 03       		.uleb128 0x3
 240 0046 02       		.byte	0x2
 241 0047 05       		.byte	0x5
 242 0048 19020000 		.4byte	.LASF3
 243 004c 03       		.uleb128 0x3
 244 004d 02       		.byte	0x2
 245 004e 07       		.byte	0x7
 246 004f 50000000 		.4byte	.LASF4
 247 0053 04       		.uleb128 0x4
 248 0054 78000000 		.4byte	.LASF6
 249 0058 02       		.byte	0x2
 250 0059 4F       		.byte	0x4f
 251 005a 5E000000 		.4byte	0x5e
 252 005e 03       		.uleb128 0x3
 253 005f 04       		.byte	0x4
 254 0060 05       		.byte	0x5
 255 0061 3B020000 		.4byte	.LASF5
 256 0065 04       		.uleb128 0x4
 257 0066 32020000 		.4byte	.LASF7
 258 006a 02       		.byte	0x2
 259 006b 50       		.byte	0x50
 260 006c 70000000 		.4byte	0x70
 261 0070 03       		.uleb128 0x3
 262 0071 04       		.byte	0x4
 263 0072 07       		.byte	0x7
 264 0073 4A010000 		.4byte	.LASF8
 265 0077 03       		.uleb128 0x3
 266 0078 08       		.byte	0x8
 267 0079 05       		.byte	0x5
 268 007a EE010000 		.4byte	.LASF9
 269 007e 03       		.uleb128 0x3
 270 007f 08       		.byte	0x8
 271 0080 07       		.byte	0x7
 272 0081 99010000 		.4byte	.LASF10
 273 0085 04       		.uleb128 0x4
 274 0086 6A000000 		.4byte	.LASF11
 275 008a 03       		.byte	0x3
 276 008b 2E       		.byte	0x2e
 277 008c 53000000 		.4byte	0x53
 278 0090 04       		.uleb128 0x4
 279 0091 89000000 		.4byte	.LASF12
 280 0095 04       		.byte	0x4
 281 0096 3A       		.byte	0x3a
 282 0097 9B000000 		.4byte	0x9b
ARM GAS  /tmp/cczri1jF.s 			page 6


 283 009b 05       		.uleb128 0x5
 284 009c 65000000 		.4byte	0x65
 285 00a0 03       		.uleb128 0x3
 286 00a1 04       		.byte	0x4
 287 00a2 07       		.byte	0x7
 288 00a3 E5010000 		.4byte	.LASF13
 289 00a7 06       		.uleb128 0x6
 290 00a8 20       		.byte	0x20
 291 00a9 04       		.byte	0x4
 292 00aa 0601     		.2byte	0x106
 293 00ac 29010000 		.4byte	0x129
 294 00b0 07       		.uleb128 0x7
 295 00b1 CD010000 		.4byte	.LASF14
 296 00b5 04       		.byte	0x4
 297 00b6 0701     		.2byte	0x107
 298 00b8 90000000 		.4byte	0x90
 299 00bc 02       		.byte	0x2
 300 00bd 23       		.byte	0x23
 301 00be 00       		.uleb128 0
 302 00bf 07       		.uleb128 0x7
 303 00c0 C9000000 		.4byte	.LASF15
 304 00c4 04       		.byte	0x4
 305 00c5 0801     		.2byte	0x108
 306 00c7 90000000 		.4byte	0x90
 307 00cb 02       		.byte	0x2
 308 00cc 23       		.byte	0x23
 309 00cd 04       		.uleb128 0x4
 310 00ce 07       		.uleb128 0x7
 311 00cf 24010000 		.4byte	.LASF16
 312 00d3 04       		.byte	0x4
 313 00d4 0901     		.2byte	0x109
 314 00d6 90000000 		.4byte	0x90
 315 00da 02       		.byte	0x2
 316 00db 23       		.byte	0x23
 317 00dc 08       		.uleb128 0x8
 318 00dd 07       		.uleb128 0x7
 319 00de 71000000 		.4byte	.LASF17
 320 00e2 04       		.byte	0x4
 321 00e3 0A01     		.2byte	0x10a
 322 00e5 90000000 		.4byte	0x90
 323 00e9 02       		.byte	0x2
 324 00ea 23       		.byte	0x23
 325 00eb 0C       		.uleb128 0xc
 326 00ec 07       		.uleb128 0x7
 327 00ed 80000000 		.4byte	.LASF18
 328 00f1 04       		.byte	0x4
 329 00f2 0B01     		.2byte	0x10b
 330 00f4 90000000 		.4byte	0x90
 331 00f8 02       		.byte	0x2
 332 00f9 23       		.byte	0x23
 333 00fa 10       		.uleb128 0x10
 334 00fb 07       		.uleb128 0x7
 335 00fc 6F010000 		.4byte	.LASF19
 336 0100 04       		.byte	0x4
 337 0101 0C01     		.2byte	0x10c
 338 0103 90000000 		.4byte	0x90
 339 0107 02       		.byte	0x2
ARM GAS  /tmp/cczri1jF.s 			page 7


 340 0108 23       		.byte	0x23
 341 0109 14       		.uleb128 0x14
 342 010a 07       		.uleb128 0x7
 343 010b 38010000 		.4byte	.LASF20
 344 010f 04       		.byte	0x4
 345 0110 0D01     		.2byte	0x10d
 346 0112 90000000 		.4byte	0x90
 347 0116 02       		.byte	0x2
 348 0117 23       		.byte	0x23
 349 0118 18       		.uleb128 0x18
 350 0119 07       		.uleb128 0x7
 351 011a 01020000 		.4byte	.LASF21
 352 011e 04       		.byte	0x4
 353 011f 0E01     		.2byte	0x10e
 354 0121 90000000 		.4byte	0x90
 355 0125 02       		.byte	0x2
 356 0126 23       		.byte	0x23
 357 0127 1C       		.uleb128 0x1c
 358 0128 00       		.byte	0
 359 0129 08       		.uleb128 0x8
 360 012a 42000000 		.4byte	.LASF22
 361 012e 04       		.byte	0x4
 362 012f 0F01     		.2byte	0x10f
 363 0131 A7000000 		.4byte	0xa7
 364 0135 03       		.uleb128 0x3
 365 0136 01       		.byte	0x1
 366 0137 08       		.byte	0x8
 367 0138 FC010000 		.4byte	.LASF23
 368 013c 08       		.uleb128 0x8
 369 013d 8E010000 		.4byte	.LASF24
 370 0141 05       		.byte	0x5
 371 0142 FC03     		.2byte	0x3fc
 372 0144 65000000 		.4byte	0x65
 373 0148 09       		.uleb128 0x9
 374 0149 1C       		.byte	0x1c
 375 014a 06       		.byte	0x6
 376 014b AA       		.byte	0xaa
 377 014c B3010000 		.4byte	0x1b3
 378 0150 0A       		.uleb128 0xa
 379 0151 44020000 		.4byte	.LASF25
 380 0155 06       		.byte	0x6
 381 0156 AC       		.byte	0xac
 382 0157 65000000 		.4byte	0x65
 383 015b 02       		.byte	0x2
 384 015c 23       		.byte	0x23
 385 015d 00       		.uleb128 0
 386 015e 0A       		.uleb128 0xa
 387 015f 63000000 		.4byte	.LASF26
 388 0163 06       		.byte	0x6
 389 0164 AE       		.byte	0xae
 390 0165 65000000 		.4byte	0x65
 391 0169 02       		.byte	0x2
 392 016a 23       		.byte	0x23
 393 016b 04       		.uleb128 0x4
 394 016c 0A       		.uleb128 0xa
 395 016d 1D000000 		.4byte	.LASF27
 396 0171 06       		.byte	0x6
ARM GAS  /tmp/cczri1jF.s 			page 8


 397 0172 B0       		.byte	0xb0
 398 0173 65000000 		.4byte	0x65
 399 0177 02       		.byte	0x2
 400 0178 23       		.byte	0x23
 401 0179 08       		.uleb128 0x8
 402 017a 0A       		.uleb128 0xa
 403 017b 76010000 		.4byte	.LASF28
 404 017f 06       		.byte	0x6
 405 0180 B2       		.byte	0xb2
 406 0181 65000000 		.4byte	0x65
 407 0185 02       		.byte	0x2
 408 0186 23       		.byte	0x23
 409 0187 0C       		.uleb128 0xc
 410 0188 0B       		.uleb128 0xb
 411 0189 6F647200 		.ascii	"odr\000"
 412 018d 06       		.byte	0x6
 413 018e B4       		.byte	0xb4
 414 018f 65000000 		.4byte	0x65
 415 0193 02       		.byte	0x2
 416 0194 23       		.byte	0x23
 417 0195 10       		.uleb128 0x10
 418 0196 0A       		.uleb128 0xa
 419 0197 89010000 		.4byte	.LASF29
 420 019b 06       		.byte	0x6
 421 019c B6       		.byte	0xb6
 422 019d 65000000 		.4byte	0x65
 423 01a1 02       		.byte	0x2
 424 01a2 23       		.byte	0x23
 425 01a3 14       		.uleb128 0x14
 426 01a4 0A       		.uleb128 0xa
 427 01a5 EA000000 		.4byte	.LASF30
 428 01a9 06       		.byte	0x6
 429 01aa B8       		.byte	0xb8
 430 01ab 65000000 		.4byte	0x65
 431 01af 02       		.byte	0x2
 432 01b0 23       		.byte	0x23
 433 01b1 18       		.uleb128 0x18
 434 01b2 00       		.byte	0
 435 01b3 04       		.uleb128 0x4
 436 01b4 B6000000 		.4byte	.LASF31
 437 01b8 06       		.byte	0x6
 438 01b9 B9       		.byte	0xb9
 439 01ba 48010000 		.4byte	0x148
 440 01be 09       		.uleb128 0x9
 441 01bf A8       		.byte	0xa8
 442 01c0 06       		.byte	0x6
 443 01c1 C2       		.byte	0xc2
 444 01c2 1C020000 		.4byte	0x21c
 445 01c6 0A       		.uleb128 0xa
 446 01c7 56020000 		.4byte	.LASF32
 447 01cb 06       		.byte	0x6
 448 01cc C4       		.byte	0xc4
 449 01cd B3010000 		.4byte	0x1b3
 450 01d1 02       		.byte	0x2
 451 01d2 23       		.byte	0x23
 452 01d3 00       		.uleb128 0
 453 01d4 0A       		.uleb128 0xa
ARM GAS  /tmp/cczri1jF.s 			page 9


 454 01d5 25000000 		.4byte	.LASF33
 455 01d9 06       		.byte	0x6
 456 01da C6       		.byte	0xc6
 457 01db B3010000 		.4byte	0x1b3
 458 01df 02       		.byte	0x2
 459 01e0 23       		.byte	0x23
 460 01e1 1C       		.uleb128 0x1c
 461 01e2 0A       		.uleb128 0xa
 462 01e3 23020000 		.4byte	.LASF34
 463 01e7 06       		.byte	0x6
 464 01e8 C8       		.byte	0xc8
 465 01e9 B3010000 		.4byte	0x1b3
 466 01ed 02       		.byte	0x2
 467 01ee 23       		.byte	0x23
 468 01ef 38       		.uleb128 0x38
 469 01f0 0A       		.uleb128 0xa
 470 01f1 16000000 		.4byte	.LASF35
 471 01f5 06       		.byte	0x6
 472 01f6 CA       		.byte	0xca
 473 01f7 B3010000 		.4byte	0x1b3
 474 01fb 02       		.byte	0x2
 475 01fc 23       		.byte	0x23
 476 01fd 54       		.uleb128 0x54
 477 01fe 0A       		.uleb128 0xa
 478 01ff A1000000 		.4byte	.LASF36
 479 0203 06       		.byte	0x6
 480 0204 CD       		.byte	0xcd
 481 0205 B3010000 		.4byte	0x1b3
 482 0209 02       		.byte	0x2
 483 020a 23       		.byte	0x23
 484 020b 70       		.uleb128 0x70
 485 020c 0A       		.uleb128 0xa
 486 020d 0F000000 		.4byte	.LASF37
 487 0211 06       		.byte	0x6
 488 0212 D9       		.byte	0xd9
 489 0213 B3010000 		.4byte	0x1b3
 490 0217 03       		.byte	0x3
 491 0218 23       		.byte	0x23
 492 0219 8C01     		.uleb128 0x8c
 493 021b 00       		.byte	0
 494 021c 04       		.uleb128 0x4
 495 021d 40010000 		.4byte	.LASF38
 496 0221 06       		.byte	0x6
 497 0222 DF       		.byte	0xdf
 498 0223 BE010000 		.4byte	0x1be
 499 0227 0C       		.uleb128 0xc
 500 0228 01       		.byte	0x1
 501 0229 D2010000 		.4byte	.LASF54
 502 022d 01       		.byte	0x1
 503 022e AE       		.byte	0xae
 504 022f 01       		.byte	0x1
 505 0230 85000000 		.4byte	0x85
 506 0234 01       		.byte	0x1
 507 0235 5B020000 		.4byte	0x25b
 508 0239 0D       		.uleb128 0xd
 509 023a D7000000 		.4byte	.LASF39
 510 023e 01       		.byte	0x1
ARM GAS  /tmp/cczri1jF.s 			page 10


 511 023f AE       		.byte	0xae
 512 0240 3C010000 		.4byte	0x13c
 513 0244 0E       		.uleb128 0xe
 514 0245 656E6400 		.ascii	"end\000"
 515 0249 01       		.byte	0x1
 516 024a AE       		.byte	0xae
 517 024b 3C010000 		.4byte	0x13c
 518 024f 0F       		.uleb128 0xf
 519 0250 6E6F7700 		.ascii	"now\000"
 520 0254 01       		.byte	0x1
 521 0255 AF       		.byte	0xaf
 522 0256 3C010000 		.4byte	0x13c
 523 025a 00       		.byte	0
 524 025b 10       		.uleb128 0x10
 525 025c 01       		.byte	0x1
 526 025d 99000000 		.4byte	.LASF40
 527 0261 01       		.byte	0x1
 528 0262 44       		.byte	0x44
 529 0263 01       		.byte	0x1
 530 0264 00000000 		.4byte	.LFB62
 531 0268 2A000000 		.4byte	.LFE62
 532 026c 00000000 		.4byte	.LLST0
 533 0270 01       		.byte	0x1
 534 0271 B6020000 		.4byte	0x2b6
 535 0275 11       		.uleb128 0x11
 536 0276 06000000 		.4byte	.LVL0
 537 027a 78030000 		.4byte	0x378
 538 027e 11       		.uleb128 0x11
 539 027f 0A000000 		.4byte	.LVL1
 540 0283 83030000 		.4byte	0x383
 541 0287 11       		.uleb128 0x11
 542 0288 16000000 		.4byte	.LVL2
 543 028c 8D030000 		.4byte	0x38d
 544 0290 11       		.uleb128 0x11
 545 0291 1A000000 		.4byte	.LVL3
 546 0295 A8030000 		.4byte	0x3a8
 547 0299 11       		.uleb128 0x11
 548 029a 1E000000 		.4byte	.LVL4
 549 029e B2030000 		.4byte	0x3b2
 550 02a2 11       		.uleb128 0x11
 551 02a3 22000000 		.4byte	.LVL5
 552 02a7 BD030000 		.4byte	0x3bd
 553 02ab 12       		.uleb128 0x12
 554 02ac 2A000000 		.4byte	.LVL6
 555 02b0 01       		.byte	0x1
 556 02b1 C8030000 		.4byte	0x3c8
 557 02b5 00       		.byte	0
 558 02b6 13       		.uleb128 0x13
 559 02b7 27020000 		.4byte	0x227
 560 02bb 00000000 		.4byte	.LFB63
 561 02bf 34000000 		.4byte	.LFE63
 562 02c3 02       		.byte	0x2
 563 02c4 7D       		.byte	0x7d
 564 02c5 00       		.sleb128 0
 565 02c6 01       		.byte	0x1
 566 02c7 E3020000 		.4byte	0x2e3
 567 02cb 14       		.uleb128 0x14
ARM GAS  /tmp/cczri1jF.s 			page 11


 568 02cc 39020000 		.4byte	0x239
 569 02d0 20000000 		.4byte	.LLST1
 570 02d4 15       		.uleb128 0x15
 571 02d5 44020000 		.4byte	0x244
 572 02d9 01       		.byte	0x1
 573 02da 51       		.byte	0x51
 574 02db 16       		.uleb128 0x16
 575 02dc 4F020000 		.4byte	0x24f
 576 02e0 01       		.byte	0x1
 577 02e1 53       		.byte	0x53
 578 02e2 00       		.byte	0
 579 02e3 10       		.uleb128 0x10
 580 02e4 01       		.byte	0x1
 581 02e5 00000000 		.4byte	.LASF41
 582 02e9 01       		.byte	0x1
 583 02ea C1       		.byte	0xc1
 584 02eb 01       		.byte	0x1
 585 02ec 00000000 		.4byte	.LFB64
 586 02f0 40000000 		.4byte	.LFE64
 587 02f4 57000000 		.4byte	.LLST2
 588 02f8 01       		.byte	0x1
 589 02f9 52030000 		.4byte	0x352
 590 02fd 17       		.uleb128 0x17
 591 02fe 4A000000 		.4byte	.LASF55
 592 0302 01       		.byte	0x1
 593 0303 C1       		.byte	0xc1
 594 0304 3C010000 		.4byte	0x13c
 595 0308 77000000 		.4byte	.LLST3
 596 030c 18       		.uleb128 0x18
 597 030d D7000000 		.4byte	.LASF39
 598 0311 01       		.byte	0x1
 599 0312 C2       		.byte	0xc2
 600 0313 3C010000 		.4byte	0x13c
 601 0317 01       		.byte	0x1
 602 0318 52       		.byte	0x52
 603 0319 18       		.uleb128 0x18
 604 031a 2C000000 		.4byte	.LASF42
 605 031e 01       		.byte	0x1
 606 031f C3       		.byte	0xc3
 607 0320 3C010000 		.4byte	0x13c
 608 0324 01       		.byte	0x1
 609 0325 50       		.byte	0x50
 610 0326 19       		.uleb128 0x19
 611 0327 27020000 		.4byte	0x227
 612 032b 0E000000 		.4byte	.LBB4
 613 032f 00000000 		.4byte	.Ldebug_ranges0+0
 614 0333 01       		.byte	0x1
 615 0334 C4       		.byte	0xc4
 616 0335 15       		.uleb128 0x15
 617 0336 44020000 		.4byte	0x244
 618 033a 01       		.byte	0x1
 619 033b 50       		.byte	0x50
 620 033c 15       		.uleb128 0x15
 621 033d 39020000 		.4byte	0x239
 622 0341 01       		.byte	0x1
 623 0342 52       		.byte	0x52
 624 0343 1A       		.uleb128 0x1a
ARM GAS  /tmp/cczri1jF.s 			page 12


 625 0344 18000000 		.4byte	.Ldebug_ranges0+0x18
 626 0348 16       		.uleb128 0x16
 627 0349 4F020000 		.4byte	0x24f
 628 034d 01       		.byte	0x1
 629 034e 53       		.byte	0x53
 630 034f 00       		.byte	0
 631 0350 00       		.byte	0
 632 0351 00       		.byte	0
 633 0352 1B       		.uleb128 0x1b
 634 0353 2B010000 		.4byte	.LASF43
 635 0357 07       		.byte	0x7
 636 0358 9404     		.2byte	0x494
 637 035a 60030000 		.4byte	0x360
 638 035e 01       		.byte	0x1
 639 035f 01       		.byte	0x1
 640 0360 05       		.uleb128 0x5
 641 0361 53000000 		.4byte	0x53
 642 0365 1B       		.uleb128 0x1b
 643 0366 5C010000 		.4byte	.LASF44
 644 036a 06       		.byte	0x6
 645 036b BB01     		.2byte	0x1bb
 646 036d 73030000 		.4byte	0x373
 647 0371 01       		.byte	0x1
 648 0372 01       		.byte	0x1
 649 0373 1C       		.uleb128 0x1c
 650 0374 1C020000 		.4byte	0x21c
 651 0378 1D       		.uleb128 0x1d
 652 0379 01       		.byte	0x1
 653 037a DD000000 		.4byte	.LASF45
 654 037e 05       		.byte	0x5
 655 037f 2404     		.2byte	0x424
 656 0381 01       		.byte	0x1
 657 0382 01       		.byte	0x1
 658 0383 1E       		.uleb128 0x1e
 659 0384 01       		.byte	0x1
 660 0385 D0000000 		.4byte	.LASF46
 661 0389 08       		.byte	0x8
 662 038a 73       		.byte	0x73
 663 038b 01       		.byte	0x1
 664 038c 01       		.byte	0x1
 665 038d 1F       		.uleb128 0x1f
 666 038e 01       		.byte	0x1
 667 038f 34000000 		.4byte	.LASF56
 668 0393 06       		.byte	0x6
 669 0394 C001     		.2byte	0x1c0
 670 0396 01       		.byte	0x1
 671 0397 01       		.byte	0x1
 672 0398 A2030000 		.4byte	0x3a2
 673 039c 20       		.uleb128 0x20
 674 039d A2030000 		.4byte	0x3a2
 675 03a1 00       		.byte	0
 676 03a2 21       		.uleb128 0x21
 677 03a3 04       		.byte	0x4
 678 03a4 73030000 		.4byte	0x373
 679 03a8 1E       		.uleb128 0x1e
 680 03a9 01       		.byte	0x1
 681 03aa 2A020000 		.4byte	.LASF47
ARM GAS  /tmp/cczri1jF.s 			page 13


 682 03ae 09       		.byte	0x9
 683 03af 5D       		.byte	0x5d
 684 03b0 01       		.byte	0x1
 685 03b1 01       		.byte	0x1
 686 03b2 1D       		.uleb128 0x1d
 687 03b3 01       		.byte	0x1
 688 03b4 12020000 		.4byte	.LASF48
 689 03b8 0A       		.byte	0xa
 690 03b9 3701     		.2byte	0x137
 691 03bb 01       		.byte	0x1
 692 03bc 01       		.byte	0x1
 693 03bd 1D       		.uleb128 0x1d
 694 03be 01       		.byte	0x1
 695 03bf 91000000 		.4byte	.LASF49
 696 03c3 0B       		.byte	0xb
 697 03c4 2D01     		.2byte	0x12d
 698 03c6 01       		.byte	0x1
 699 03c7 01       		.byte	0x1
 700 03c8 1D       		.uleb128 0x1d
 701 03c9 01       		.byte	0x1
 702 03ca C3010000 		.4byte	.LASF50
 703 03ce 0C       		.byte	0xc
 704 03cf EF01     		.2byte	0x1ef
 705 03d1 01       		.byte	0x1
 706 03d2 01       		.byte	0x1
 707 03d3 00       		.byte	0
 708              		.section	.debug_abbrev,"",%progbits
 709              	.Ldebug_abbrev0:
 710 0000 01       		.uleb128 0x1
 711 0001 11       		.uleb128 0x11
 712 0002 01       		.byte	0x1
 713 0003 25       		.uleb128 0x25
 714 0004 0E       		.uleb128 0xe
 715 0005 13       		.uleb128 0x13
 716 0006 0B       		.uleb128 0xb
 717 0007 03       		.uleb128 0x3
 718 0008 0E       		.uleb128 0xe
 719 0009 1B       		.uleb128 0x1b
 720 000a 0E       		.uleb128 0xe
 721 000b 55       		.uleb128 0x55
 722 000c 06       		.uleb128 0x6
 723 000d 11       		.uleb128 0x11
 724 000e 01       		.uleb128 0x1
 725 000f 52       		.uleb128 0x52
 726 0010 01       		.uleb128 0x1
 727 0011 10       		.uleb128 0x10
 728 0012 06       		.uleb128 0x6
 729 0013 00       		.byte	0
 730 0014 00       		.byte	0
 731 0015 02       		.uleb128 0x2
 732 0016 24       		.uleb128 0x24
 733 0017 00       		.byte	0
 734 0018 0B       		.uleb128 0xb
 735 0019 0B       		.uleb128 0xb
 736 001a 3E       		.uleb128 0x3e
 737 001b 0B       		.uleb128 0xb
 738 001c 03       		.uleb128 0x3
ARM GAS  /tmp/cczri1jF.s 			page 14


 739 001d 08       		.uleb128 0x8
 740 001e 00       		.byte	0
 741 001f 00       		.byte	0
 742 0020 03       		.uleb128 0x3
 743 0021 24       		.uleb128 0x24
 744 0022 00       		.byte	0
 745 0023 0B       		.uleb128 0xb
 746 0024 0B       		.uleb128 0xb
 747 0025 3E       		.uleb128 0x3e
 748 0026 0B       		.uleb128 0xb
 749 0027 03       		.uleb128 0x3
 750 0028 0E       		.uleb128 0xe
 751 0029 00       		.byte	0
 752 002a 00       		.byte	0
 753 002b 04       		.uleb128 0x4
 754 002c 16       		.uleb128 0x16
 755 002d 00       		.byte	0
 756 002e 03       		.uleb128 0x3
 757 002f 0E       		.uleb128 0xe
 758 0030 3A       		.uleb128 0x3a
 759 0031 0B       		.uleb128 0xb
 760 0032 3B       		.uleb128 0x3b
 761 0033 0B       		.uleb128 0xb
 762 0034 49       		.uleb128 0x49
 763 0035 13       		.uleb128 0x13
 764 0036 00       		.byte	0
 765 0037 00       		.byte	0
 766 0038 05       		.uleb128 0x5
 767 0039 35       		.uleb128 0x35
 768 003a 00       		.byte	0
 769 003b 49       		.uleb128 0x49
 770 003c 13       		.uleb128 0x13
 771 003d 00       		.byte	0
 772 003e 00       		.byte	0
 773 003f 06       		.uleb128 0x6
 774 0040 13       		.uleb128 0x13
 775 0041 01       		.byte	0x1
 776 0042 0B       		.uleb128 0xb
 777 0043 0B       		.uleb128 0xb
 778 0044 3A       		.uleb128 0x3a
 779 0045 0B       		.uleb128 0xb
 780 0046 3B       		.uleb128 0x3b
 781 0047 05       		.uleb128 0x5
 782 0048 01       		.uleb128 0x1
 783 0049 13       		.uleb128 0x13
 784 004a 00       		.byte	0
 785 004b 00       		.byte	0
 786 004c 07       		.uleb128 0x7
 787 004d 0D       		.uleb128 0xd
 788 004e 00       		.byte	0
 789 004f 03       		.uleb128 0x3
 790 0050 0E       		.uleb128 0xe
 791 0051 3A       		.uleb128 0x3a
 792 0052 0B       		.uleb128 0xb
 793 0053 3B       		.uleb128 0x3b
 794 0054 05       		.uleb128 0x5
 795 0055 49       		.uleb128 0x49
ARM GAS  /tmp/cczri1jF.s 			page 15


 796 0056 13       		.uleb128 0x13
 797 0057 38       		.uleb128 0x38
 798 0058 0A       		.uleb128 0xa
 799 0059 00       		.byte	0
 800 005a 00       		.byte	0
 801 005b 08       		.uleb128 0x8
 802 005c 16       		.uleb128 0x16
 803 005d 00       		.byte	0
 804 005e 03       		.uleb128 0x3
 805 005f 0E       		.uleb128 0xe
 806 0060 3A       		.uleb128 0x3a
 807 0061 0B       		.uleb128 0xb
 808 0062 3B       		.uleb128 0x3b
 809 0063 05       		.uleb128 0x5
 810 0064 49       		.uleb128 0x49
 811 0065 13       		.uleb128 0x13
 812 0066 00       		.byte	0
 813 0067 00       		.byte	0
 814 0068 09       		.uleb128 0x9
 815 0069 13       		.uleb128 0x13
 816 006a 01       		.byte	0x1
 817 006b 0B       		.uleb128 0xb
 818 006c 0B       		.uleb128 0xb
 819 006d 3A       		.uleb128 0x3a
 820 006e 0B       		.uleb128 0xb
 821 006f 3B       		.uleb128 0x3b
 822 0070 0B       		.uleb128 0xb
 823 0071 01       		.uleb128 0x1
 824 0072 13       		.uleb128 0x13
 825 0073 00       		.byte	0
 826 0074 00       		.byte	0
 827 0075 0A       		.uleb128 0xa
 828 0076 0D       		.uleb128 0xd
 829 0077 00       		.byte	0
 830 0078 03       		.uleb128 0x3
 831 0079 0E       		.uleb128 0xe
 832 007a 3A       		.uleb128 0x3a
 833 007b 0B       		.uleb128 0xb
 834 007c 3B       		.uleb128 0x3b
 835 007d 0B       		.uleb128 0xb
 836 007e 49       		.uleb128 0x49
 837 007f 13       		.uleb128 0x13
 838 0080 38       		.uleb128 0x38
 839 0081 0A       		.uleb128 0xa
 840 0082 00       		.byte	0
 841 0083 00       		.byte	0
 842 0084 0B       		.uleb128 0xb
 843 0085 0D       		.uleb128 0xd
 844 0086 00       		.byte	0
 845 0087 03       		.uleb128 0x3
 846 0088 08       		.uleb128 0x8
 847 0089 3A       		.uleb128 0x3a
 848 008a 0B       		.uleb128 0xb
 849 008b 3B       		.uleb128 0x3b
 850 008c 0B       		.uleb128 0xb
 851 008d 49       		.uleb128 0x49
 852 008e 13       		.uleb128 0x13
ARM GAS  /tmp/cczri1jF.s 			page 16


 853 008f 38       		.uleb128 0x38
 854 0090 0A       		.uleb128 0xa
 855 0091 00       		.byte	0
 856 0092 00       		.byte	0
 857 0093 0C       		.uleb128 0xc
 858 0094 2E       		.uleb128 0x2e
 859 0095 01       		.byte	0x1
 860 0096 3F       		.uleb128 0x3f
 861 0097 0C       		.uleb128 0xc
 862 0098 03       		.uleb128 0x3
 863 0099 0E       		.uleb128 0xe
 864 009a 3A       		.uleb128 0x3a
 865 009b 0B       		.uleb128 0xb
 866 009c 3B       		.uleb128 0x3b
 867 009d 0B       		.uleb128 0xb
 868 009e 27       		.uleb128 0x27
 869 009f 0C       		.uleb128 0xc
 870 00a0 49       		.uleb128 0x49
 871 00a1 13       		.uleb128 0x13
 872 00a2 20       		.uleb128 0x20
 873 00a3 0B       		.uleb128 0xb
 874 00a4 01       		.uleb128 0x1
 875 00a5 13       		.uleb128 0x13
 876 00a6 00       		.byte	0
 877 00a7 00       		.byte	0
 878 00a8 0D       		.uleb128 0xd
 879 00a9 05       		.uleb128 0x5
 880 00aa 00       		.byte	0
 881 00ab 03       		.uleb128 0x3
 882 00ac 0E       		.uleb128 0xe
 883 00ad 3A       		.uleb128 0x3a
 884 00ae 0B       		.uleb128 0xb
 885 00af 3B       		.uleb128 0x3b
 886 00b0 0B       		.uleb128 0xb
 887 00b1 49       		.uleb128 0x49
 888 00b2 13       		.uleb128 0x13
 889 00b3 00       		.byte	0
 890 00b4 00       		.byte	0
 891 00b5 0E       		.uleb128 0xe
 892 00b6 05       		.uleb128 0x5
 893 00b7 00       		.byte	0
 894 00b8 03       		.uleb128 0x3
 895 00b9 08       		.uleb128 0x8
 896 00ba 3A       		.uleb128 0x3a
 897 00bb 0B       		.uleb128 0xb
 898 00bc 3B       		.uleb128 0x3b
 899 00bd 0B       		.uleb128 0xb
 900 00be 49       		.uleb128 0x49
 901 00bf 13       		.uleb128 0x13
 902 00c0 00       		.byte	0
 903 00c1 00       		.byte	0
 904 00c2 0F       		.uleb128 0xf
 905 00c3 34       		.uleb128 0x34
 906 00c4 00       		.byte	0
 907 00c5 03       		.uleb128 0x3
 908 00c6 08       		.uleb128 0x8
 909 00c7 3A       		.uleb128 0x3a
ARM GAS  /tmp/cczri1jF.s 			page 17


 910 00c8 0B       		.uleb128 0xb
 911 00c9 3B       		.uleb128 0x3b
 912 00ca 0B       		.uleb128 0xb
 913 00cb 49       		.uleb128 0x49
 914 00cc 13       		.uleb128 0x13
 915 00cd 00       		.byte	0
 916 00ce 00       		.byte	0
 917 00cf 10       		.uleb128 0x10
 918 00d0 2E       		.uleb128 0x2e
 919 00d1 01       		.byte	0x1
 920 00d2 3F       		.uleb128 0x3f
 921 00d3 0C       		.uleb128 0xc
 922 00d4 03       		.uleb128 0x3
 923 00d5 0E       		.uleb128 0xe
 924 00d6 3A       		.uleb128 0x3a
 925 00d7 0B       		.uleb128 0xb
 926 00d8 3B       		.uleb128 0x3b
 927 00d9 0B       		.uleb128 0xb
 928 00da 27       		.uleb128 0x27
 929 00db 0C       		.uleb128 0xc
 930 00dc 11       		.uleb128 0x11
 931 00dd 01       		.uleb128 0x1
 932 00de 12       		.uleb128 0x12
 933 00df 01       		.uleb128 0x1
 934 00e0 40       		.uleb128 0x40
 935 00e1 06       		.uleb128 0x6
 936 00e2 9742     		.uleb128 0x2117
 937 00e4 0C       		.uleb128 0xc
 938 00e5 01       		.uleb128 0x1
 939 00e6 13       		.uleb128 0x13
 940 00e7 00       		.byte	0
 941 00e8 00       		.byte	0
 942 00e9 11       		.uleb128 0x11
 943 00ea 898201   		.uleb128 0x4109
 944 00ed 00       		.byte	0
 945 00ee 11       		.uleb128 0x11
 946 00ef 01       		.uleb128 0x1
 947 00f0 31       		.uleb128 0x31
 948 00f1 13       		.uleb128 0x13
 949 00f2 00       		.byte	0
 950 00f3 00       		.byte	0
 951 00f4 12       		.uleb128 0x12
 952 00f5 898201   		.uleb128 0x4109
 953 00f8 00       		.byte	0
 954 00f9 11       		.uleb128 0x11
 955 00fa 01       		.uleb128 0x1
 956 00fb 9542     		.uleb128 0x2115
 957 00fd 0C       		.uleb128 0xc
 958 00fe 31       		.uleb128 0x31
 959 00ff 13       		.uleb128 0x13
 960 0100 00       		.byte	0
 961 0101 00       		.byte	0
 962 0102 13       		.uleb128 0x13
 963 0103 2E       		.uleb128 0x2e
 964 0104 01       		.byte	0x1
 965 0105 31       		.uleb128 0x31
 966 0106 13       		.uleb128 0x13
ARM GAS  /tmp/cczri1jF.s 			page 18


 967 0107 11       		.uleb128 0x11
 968 0108 01       		.uleb128 0x1
 969 0109 12       		.uleb128 0x12
 970 010a 01       		.uleb128 0x1
 971 010b 40       		.uleb128 0x40
 972 010c 0A       		.uleb128 0xa
 973 010d 9742     		.uleb128 0x2117
 974 010f 0C       		.uleb128 0xc
 975 0110 01       		.uleb128 0x1
 976 0111 13       		.uleb128 0x13
 977 0112 00       		.byte	0
 978 0113 00       		.byte	0
 979 0114 14       		.uleb128 0x14
 980 0115 05       		.uleb128 0x5
 981 0116 00       		.byte	0
 982 0117 31       		.uleb128 0x31
 983 0118 13       		.uleb128 0x13
 984 0119 02       		.uleb128 0x2
 985 011a 06       		.uleb128 0x6
 986 011b 00       		.byte	0
 987 011c 00       		.byte	0
 988 011d 15       		.uleb128 0x15
 989 011e 05       		.uleb128 0x5
 990 011f 00       		.byte	0
 991 0120 31       		.uleb128 0x31
 992 0121 13       		.uleb128 0x13
 993 0122 02       		.uleb128 0x2
 994 0123 0A       		.uleb128 0xa
 995 0124 00       		.byte	0
 996 0125 00       		.byte	0
 997 0126 16       		.uleb128 0x16
 998 0127 34       		.uleb128 0x34
 999 0128 00       		.byte	0
 1000 0129 31       		.uleb128 0x31
 1001 012a 13       		.uleb128 0x13
 1002 012b 02       		.uleb128 0x2
 1003 012c 0A       		.uleb128 0xa
 1004 012d 00       		.byte	0
 1005 012e 00       		.byte	0
 1006 012f 17       		.uleb128 0x17
 1007 0130 05       		.uleb128 0x5
 1008 0131 00       		.byte	0
 1009 0132 03       		.uleb128 0x3
 1010 0133 0E       		.uleb128 0xe
 1011 0134 3A       		.uleb128 0x3a
 1012 0135 0B       		.uleb128 0xb
 1013 0136 3B       		.uleb128 0x3b
 1014 0137 0B       		.uleb128 0xb
 1015 0138 49       		.uleb128 0x49
 1016 0139 13       		.uleb128 0x13
 1017 013a 02       		.uleb128 0x2
 1018 013b 06       		.uleb128 0x6
 1019 013c 00       		.byte	0
 1020 013d 00       		.byte	0
 1021 013e 18       		.uleb128 0x18
 1022 013f 34       		.uleb128 0x34
 1023 0140 00       		.byte	0
ARM GAS  /tmp/cczri1jF.s 			page 19


 1024 0141 03       		.uleb128 0x3
 1025 0142 0E       		.uleb128 0xe
 1026 0143 3A       		.uleb128 0x3a
 1027 0144 0B       		.uleb128 0xb
 1028 0145 3B       		.uleb128 0x3b
 1029 0146 0B       		.uleb128 0xb
 1030 0147 49       		.uleb128 0x49
 1031 0148 13       		.uleb128 0x13
 1032 0149 02       		.uleb128 0x2
 1033 014a 0A       		.uleb128 0xa
 1034 014b 00       		.byte	0
 1035 014c 00       		.byte	0
 1036 014d 19       		.uleb128 0x19
 1037 014e 1D       		.uleb128 0x1d
 1038 014f 01       		.byte	0x1
 1039 0150 31       		.uleb128 0x31
 1040 0151 13       		.uleb128 0x13
 1041 0152 52       		.uleb128 0x52
 1042 0153 01       		.uleb128 0x1
 1043 0154 55       		.uleb128 0x55
 1044 0155 06       		.uleb128 0x6
 1045 0156 58       		.uleb128 0x58
 1046 0157 0B       		.uleb128 0xb
 1047 0158 59       		.uleb128 0x59
 1048 0159 0B       		.uleb128 0xb
 1049 015a 00       		.byte	0
 1050 015b 00       		.byte	0
 1051 015c 1A       		.uleb128 0x1a
 1052 015d 0B       		.uleb128 0xb
 1053 015e 01       		.byte	0x1
 1054 015f 55       		.uleb128 0x55
 1055 0160 06       		.uleb128 0x6
 1056 0161 00       		.byte	0
 1057 0162 00       		.byte	0
 1058 0163 1B       		.uleb128 0x1b
 1059 0164 34       		.uleb128 0x34
 1060 0165 00       		.byte	0
 1061 0166 03       		.uleb128 0x3
 1062 0167 0E       		.uleb128 0xe
 1063 0168 3A       		.uleb128 0x3a
 1064 0169 0B       		.uleb128 0xb
 1065 016a 3B       		.uleb128 0x3b
 1066 016b 05       		.uleb128 0x5
 1067 016c 49       		.uleb128 0x49
 1068 016d 13       		.uleb128 0x13
 1069 016e 3F       		.uleb128 0x3f
 1070 016f 0C       		.uleb128 0xc
 1071 0170 3C       		.uleb128 0x3c
 1072 0171 0C       		.uleb128 0xc
 1073 0172 00       		.byte	0
 1074 0173 00       		.byte	0
 1075 0174 1C       		.uleb128 0x1c
 1076 0175 26       		.uleb128 0x26
 1077 0176 00       		.byte	0
 1078 0177 49       		.uleb128 0x49
 1079 0178 13       		.uleb128 0x13
 1080 0179 00       		.byte	0
ARM GAS  /tmp/cczri1jF.s 			page 20


 1081 017a 00       		.byte	0
 1082 017b 1D       		.uleb128 0x1d
 1083 017c 2E       		.uleb128 0x2e
 1084 017d 00       		.byte	0
 1085 017e 3F       		.uleb128 0x3f
 1086 017f 0C       		.uleb128 0xc
 1087 0180 03       		.uleb128 0x3
 1088 0181 0E       		.uleb128 0xe
 1089 0182 3A       		.uleb128 0x3a
 1090 0183 0B       		.uleb128 0xb
 1091 0184 3B       		.uleb128 0x3b
 1092 0185 05       		.uleb128 0x5
 1093 0186 27       		.uleb128 0x27
 1094 0187 0C       		.uleb128 0xc
 1095 0188 3C       		.uleb128 0x3c
 1096 0189 0C       		.uleb128 0xc
 1097 018a 00       		.byte	0
 1098 018b 00       		.byte	0
 1099 018c 1E       		.uleb128 0x1e
 1100 018d 2E       		.uleb128 0x2e
 1101 018e 00       		.byte	0
 1102 018f 3F       		.uleb128 0x3f
 1103 0190 0C       		.uleb128 0xc
 1104 0191 03       		.uleb128 0x3
 1105 0192 0E       		.uleb128 0xe
 1106 0193 3A       		.uleb128 0x3a
 1107 0194 0B       		.uleb128 0xb
 1108 0195 3B       		.uleb128 0x3b
 1109 0196 0B       		.uleb128 0xb
 1110 0197 27       		.uleb128 0x27
 1111 0198 0C       		.uleb128 0xc
 1112 0199 3C       		.uleb128 0x3c
 1113 019a 0C       		.uleb128 0xc
 1114 019b 00       		.byte	0
 1115 019c 00       		.byte	0
 1116 019d 1F       		.uleb128 0x1f
 1117 019e 2E       		.uleb128 0x2e
 1118 019f 01       		.byte	0x1
 1119 01a0 3F       		.uleb128 0x3f
 1120 01a1 0C       		.uleb128 0xc
 1121 01a2 03       		.uleb128 0x3
 1122 01a3 0E       		.uleb128 0xe
 1123 01a4 3A       		.uleb128 0x3a
 1124 01a5 0B       		.uleb128 0xb
 1125 01a6 3B       		.uleb128 0x3b
 1126 01a7 05       		.uleb128 0x5
 1127 01a8 27       		.uleb128 0x27
 1128 01a9 0C       		.uleb128 0xc
 1129 01aa 3C       		.uleb128 0x3c
 1130 01ab 0C       		.uleb128 0xc
 1131 01ac 01       		.uleb128 0x1
 1132 01ad 13       		.uleb128 0x13
 1133 01ae 00       		.byte	0
 1134 01af 00       		.byte	0
 1135 01b0 20       		.uleb128 0x20
 1136 01b1 05       		.uleb128 0x5
 1137 01b2 00       		.byte	0
ARM GAS  /tmp/cczri1jF.s 			page 21


 1138 01b3 49       		.uleb128 0x49
 1139 01b4 13       		.uleb128 0x13
 1140 01b5 00       		.byte	0
 1141 01b6 00       		.byte	0
 1142 01b7 21       		.uleb128 0x21
 1143 01b8 0F       		.uleb128 0xf
 1144 01b9 00       		.byte	0
 1145 01ba 0B       		.uleb128 0xb
 1146 01bb 0B       		.uleb128 0xb
 1147 01bc 49       		.uleb128 0x49
 1148 01bd 13       		.uleb128 0x13
 1149 01be 00       		.byte	0
 1150 01bf 00       		.byte	0
 1151 01c0 00       		.byte	0
 1152              		.section	.debug_loc,"",%progbits
 1153              	.Ldebug_loc0:
 1154              	.LLST0:
 1155 0000 00000000 		.4byte	.LFB62
 1156 0004 02000000 		.4byte	.LCFI0
 1157 0008 0200     		.2byte	0x2
 1158 000a 7D       		.byte	0x7d
 1159 000b 00       		.sleb128 0
 1160 000c 02000000 		.4byte	.LCFI0
 1161 0010 2A000000 		.4byte	.LFE62
 1162 0014 0200     		.2byte	0x2
 1163 0016 7D       		.byte	0x7d
 1164 0017 08       		.sleb128 8
 1165 0018 00000000 		.4byte	0
 1166 001c 00000000 		.4byte	0
 1167              	.LLST1:
 1168 0020 00000000 		.4byte	.LVL7
 1169 0024 22000000 		.4byte	.LVL9
 1170 0028 0100     		.2byte	0x1
 1171 002a 50       		.byte	0x50
 1172 002b 22000000 		.4byte	.LVL9
 1173 002f 24000000 		.4byte	.LVL10
 1174 0033 0400     		.2byte	0x4
 1175 0035 F3       		.byte	0xf3
 1176 0036 01       		.uleb128 0x1
 1177 0037 50       		.byte	0x50
 1178 0038 9F       		.byte	0x9f
 1179 0039 24000000 		.4byte	.LVL10
 1180 003d 2A000000 		.4byte	.LVL11
 1181 0041 0100     		.2byte	0x1
 1182 0043 50       		.byte	0x50
 1183 0044 2A000000 		.4byte	.LVL11
 1184 0048 34000000 		.4byte	.LFE63
 1185 004c 0100     		.2byte	0x1
 1186 004e 52       		.byte	0x52
 1187 004f 00000000 		.4byte	0
 1188 0053 00000000 		.4byte	0
 1189              	.LLST2:
 1190 0057 00000000 		.4byte	.LFB64
 1191 005b 02000000 		.4byte	.LCFI1
 1192 005f 0200     		.2byte	0x2
 1193 0061 7D       		.byte	0x7d
 1194 0062 00       		.sleb128 0
ARM GAS  /tmp/cczri1jF.s 			page 22


 1195 0063 02000000 		.4byte	.LCFI1
 1196 0067 40000000 		.4byte	.LFE64
 1197 006b 0200     		.2byte	0x2
 1198 006d 7D       		.byte	0x7d
 1199 006e 04       		.sleb128 4
 1200 006f 00000000 		.4byte	0
 1201 0073 00000000 		.4byte	0
 1202              	.LLST3:
 1203 0077 00000000 		.4byte	.LVL12
 1204 007b 0E000000 		.4byte	.LVL14
 1205 007f 0100     		.2byte	0x1
 1206 0081 50       		.byte	0x50
 1207 0082 0E000000 		.4byte	.LVL14
 1208 0086 40000000 		.4byte	.LFE64
 1209 008a 0400     		.2byte	0x4
 1210 008c F3       		.byte	0xf3
 1211 008d 01       		.uleb128 0x1
 1212 008e 50       		.byte	0x50
 1213 008f 9F       		.byte	0x9f
 1214 0090 00000000 		.4byte	0
 1215 0094 00000000 		.4byte	0
 1216              		.section	.debug_aranges,"",%progbits
 1217 0000 2C000000 		.4byte	0x2c
 1218 0004 0200     		.2byte	0x2
 1219 0006 00000000 		.4byte	.Ldebug_info0
 1220 000a 04       		.byte	0x4
 1221 000b 00       		.byte	0
 1222 000c 0000     		.2byte	0
 1223 000e 0000     		.2byte	0
 1224 0010 00000000 		.4byte	.LFB62
 1225 0014 2A000000 		.4byte	.LFE62-.LFB62
 1226 0018 00000000 		.4byte	.LFB63
 1227 001c 34000000 		.4byte	.LFE63-.LFB63
 1228 0020 00000000 		.4byte	.LFB64
 1229 0024 40000000 		.4byte	.LFE64-.LFB64
 1230 0028 00000000 		.4byte	0
 1231 002c 00000000 		.4byte	0
 1232              		.section	.debug_ranges,"",%progbits
 1233              	.Ldebug_ranges0:
 1234 0000 0E000000 		.4byte	.LBB4
 1235 0004 22000000 		.4byte	.LBE4
 1236 0008 2A000000 		.4byte	.LBB7
 1237 000c 3A000000 		.4byte	.LBE7
 1238 0010 00000000 		.4byte	0
 1239 0014 00000000 		.4byte	0
 1240 0018 0E000000 		.4byte	.LBB5
 1241 001c 22000000 		.4byte	.LBE5
 1242 0020 2A000000 		.4byte	.LBB6
 1243 0024 3A000000 		.4byte	.LBE6
 1244 0028 00000000 		.4byte	0
 1245 002c 00000000 		.4byte	0
 1246 0030 00000000 		.4byte	.LFB62
 1247 0034 2A000000 		.4byte	.LFE62
 1248 0038 00000000 		.4byte	.LFB63
 1249 003c 34000000 		.4byte	.LFE63
 1250 0040 00000000 		.4byte	.LFB64
 1251 0044 40000000 		.4byte	.LFE64
ARM GAS  /tmp/cczri1jF.s 			page 23


 1252 0048 00000000 		.4byte	0
 1253 004c 00000000 		.4byte	0
 1254              		.section	.debug_line,"",%progbits
 1255              	.Ldebug_line0:
 1256 0000 5C020000 		.section	.debug_str,"MS",%progbits,1
 1256      0200DE01 
 1256      00000201 
 1256      FB0E0D00 
 1256      01010101 
 1257              	.LASF41:
 1258 0000 68616C50 		.ascii	"halPolledDelay\000"
 1258      6F6C6C65 
 1258      6444656C 
 1258      617900
 1259              	.LASF37:
 1260 000f 50484461 		.ascii	"PHData\000"
 1260      746100
 1261              	.LASF35:
 1262 0016 50444461 		.ascii	"PDData\000"
 1262      746100
 1263              	.LASF27:
 1264 001d 6F737065 		.ascii	"ospeedr\000"
 1264      65647200 
 1265              	.LASF33:
 1266 0025 50424461 		.ascii	"PBData\000"
 1266      746100
 1267              	.LASF42:
 1268 002c 74696D65 		.ascii	"timeout\000"
 1268      6F757400 
 1269              	.LASF56:
 1270 0034 5F70616C 		.ascii	"_pal_lld_init\000"
 1270      5F6C6C64 
 1270      5F696E69 
 1270      7400
 1271              	.LASF22:
 1272 0042 434D785F 		.ascii	"CMx_DWT\000"
 1272      44575400 
 1273              	.LASF55:
 1274 004a 7469636B 		.ascii	"ticks\000"
 1274      7300
 1275              	.LASF4:
 1276 0050 73686F72 		.ascii	"short unsigned int\000"
 1276      7420756E 
 1276      7369676E 
 1276      65642069 
 1276      6E7400
 1277              	.LASF26:
 1278 0063 6F747970 		.ascii	"otyper\000"
 1278      657200
 1279              	.LASF11:
 1280 006a 626F6F6C 		.ascii	"bool_t\000"
 1280      5F7400
 1281              	.LASF17:
 1282 0071 45584343 		.ascii	"EXCCNT\000"
 1282      4E5400
 1283              	.LASF6:
 1284 0078 696E7433 		.ascii	"int32_t\000"
ARM GAS  /tmp/cczri1jF.s 			page 24


 1284      325F7400 
 1285              	.LASF18:
 1286 0080 534C4545 		.ascii	"SLEEPCNT\000"
 1286      50434E54 
 1286      00
 1287              	.LASF12:
 1288 0089 494F5245 		.ascii	"IOREG32\000"
 1288      47333200 
 1289              	.LASF49:
 1290 0091 73706949 		.ascii	"spiInit\000"
 1290      6E697400 
 1291              	.LASF40:
 1292 0099 68616C49 		.ascii	"halInit\000"
 1292      6E697400 
 1293              	.LASF36:
 1294 00a1 50454461 		.ascii	"PEData\000"
 1294      746100
 1295              	.LASF2:
 1296 00a8 756E7369 		.ascii	"unsigned char\000"
 1296      676E6564 
 1296      20636861 
 1296      7200
 1297              	.LASF31:
 1298 00b6 73746D33 		.ascii	"stm32_gpio_setup_t\000"
 1298      325F6770 
 1298      696F5F73 
 1298      65747570 
 1298      5F7400
 1299              	.LASF15:
 1300 00c9 43594343 		.ascii	"CYCCNT\000"
 1300      4E5400
 1301              	.LASF46:
 1302 00d0 746D496E 		.ascii	"tmInit\000"
 1302      697400
 1303              	.LASF39:
 1304 00d7 73746172 		.ascii	"start\000"
 1304      7400
 1305              	.LASF45:
 1306 00dd 68616C5F 		.ascii	"hal_lld_init\000"
 1306      6C6C645F 
 1306      696E6974 
 1306      00
 1307              	.LASF30:
 1308 00ea 61667268 		.ascii	"afrh\000"
 1308      00
 1309              	.LASF53:
 1310 00ef 2F686F6D 		.ascii	"/home/mitchd/Documents/FOX-1/amsat-fox/stm32l1-deve"
 1310      652F6D69 
 1310      74636864 
 1310      2F446F63 
 1310      756D656E 
 1311 0122 6C00     		.ascii	"l\000"
 1312              	.LASF16:
 1313 0124 43504943 		.ascii	"CPICNT\000"
 1313      4E5400
 1314              	.LASF43:
 1315 012b 49544D5F 		.ascii	"ITM_RxBuffer\000"
ARM GAS  /tmp/cczri1jF.s 			page 25


 1315      52784275 
 1315      66666572 
 1315      00
 1316              	.LASF20:
 1317 0138 464F4C44 		.ascii	"FOLDCNT\000"
 1317      434E5400 
 1318              	.LASF38:
 1319 0140 50414C43 		.ascii	"PALConfig\000"
 1319      6F6E6669 
 1319      6700
 1320              	.LASF8:
 1321 014a 6C6F6E67 		.ascii	"long unsigned int\000"
 1321      20756E73 
 1321      69676E65 
 1321      6420696E 
 1321      7400
 1322              	.LASF44:
 1323 015c 70616C5F 		.ascii	"pal_default_config\000"
 1323      64656661 
 1323      756C745F 
 1323      636F6E66 
 1323      696700
 1324              	.LASF19:
 1325 016f 4C535543 		.ascii	"LSUCNT\000"
 1325      4E5400
 1326              	.LASF28:
 1327 0176 70757064 		.ascii	"pupdr\000"
 1327      7200
 1328              	.LASF0:
 1329 017c 756E7369 		.ascii	"unsigned int\000"
 1329      676E6564 
 1329      20696E74 
 1329      00
 1330              	.LASF29:
 1331 0189 6166726C 		.ascii	"afrl\000"
 1331      00
 1332              	.LASF24:
 1333 018e 68616C72 		.ascii	"halrtcnt_t\000"
 1333      74636E74 
 1333      5F7400
 1334              	.LASF10:
 1335 0199 6C6F6E67 		.ascii	"long long unsigned int\000"
 1335      206C6F6E 
 1335      6720756E 
 1335      7369676E 
 1335      65642069 
 1336              	.LASF52:
 1337 01b0 2E2F6F73 		.ascii	"./os/hal/src/hal.c\000"
 1337      2F68616C 
 1337      2F737263 
 1337      2F68616C 
 1337      2E6300
 1338              	.LASF50:
 1339 01c3 626F6172 		.ascii	"boardInit\000"
 1339      64496E69 
 1339      7400
 1340              	.LASF14:
ARM GAS  /tmp/cczri1jF.s 			page 26


 1341 01cd 4354524C 		.ascii	"CTRL\000"
 1341      00
 1342              	.LASF54:
 1343 01d2 68616C49 		.ascii	"halIsCounterWithin\000"
 1343      73436F75 
 1343      6E746572 
 1343      57697468 
 1343      696E00
 1344              	.LASF13:
 1345 01e5 73697A65 		.ascii	"sizetype\000"
 1345      74797065 
 1345      00
 1346              	.LASF9:
 1347 01ee 6C6F6E67 		.ascii	"long long int\000"
 1347      206C6F6E 
 1347      6720696E 
 1347      7400
 1348              	.LASF23:
 1349 01fc 63686172 		.ascii	"char\000"
 1349      00
 1350              	.LASF21:
 1351 0201 50435352 		.ascii	"PCSR\000"
 1351      00
 1352              	.LASF51:
 1353 0206 474E5520 		.ascii	"GNU C 4.7.2\000"
 1353      4320342E 
 1353      372E3200 
 1354              	.LASF48:
 1355 0212 7364496E 		.ascii	"sdInit\000"
 1355      697400
 1356              	.LASF3:
 1357 0219 73686F72 		.ascii	"short int\000"
 1357      7420696E 
 1357      7400
 1358              	.LASF34:
 1359 0223 50434461 		.ascii	"PCData\000"
 1359      746100
 1360              	.LASF47:
 1361 022a 67707449 		.ascii	"gptInit\000"
 1361      6E697400 
 1362              	.LASF7:
 1363 0232 75696E74 		.ascii	"uint32_t\000"
 1363      33325F74 
 1363      00
 1364              	.LASF5:
 1365 023b 6C6F6E67 		.ascii	"long int\000"
 1365      20696E74 
 1365      00
 1366              	.LASF25:
 1367 0244 6D6F6465 		.ascii	"moder\000"
 1367      7200
 1368              	.LASF1:
 1369 024a 7369676E 		.ascii	"signed char\000"
 1369      65642063 
 1369      68617200 
 1370              	.LASF32:
 1371 0256 50414461 		.ascii	"PAData\000"
ARM GAS  /tmp/cczri1jF.s 			page 27


 1371      746100
 1372              		.ident	"GCC: (GNU) 4.7.2"
ARM GAS  /tmp/cczri1jF.s 			page 28


DEFINED SYMBOLS
                            *ABS*:0000000000000000 hal.c
     /tmp/cczri1jF.s:19     .text.halInit:0000000000000000 $t
     /tmp/cczri1jF.s:25     .text.halInit:0000000000000000 halInit
     /tmp/cczri1jF.s:66     .text.halIsCounterWithin:0000000000000000 $t
     /tmp/cczri1jF.s:72     .text.halIsCounterWithin:0000000000000000 halIsCounterWithin
     /tmp/cczri1jF.s:121    .text.halPolledDelay:0000000000000000 $t
     /tmp/cczri1jF.s:127    .text.halPolledDelay:0000000000000000 halPolledDelay
                     .debug_frame:0000000000000010 $d

UNDEFINED SYMBOLS
hal_lld_init
tmInit
pal_default_config
_pal_lld_init
gptInit
sdInit
spiInit
boardInit
