ARM GAS  /tmp/ccDceIGo.s 			page 1


   1              		.syntax unified
   2              		.cpu cortex-m3
   3              		.fpu softvfp
   4              		.eabi_attribute 20, 1
   5              		.eabi_attribute 21, 1
   6              		.eabi_attribute 23, 3
   7              		.eabi_attribute 24, 1
   8              		.eabi_attribute 25, 1
   9              		.eabi_attribute 26, 1
  10              		.eabi_attribute 30, 2
  11              		.eabi_attribute 34, 1
  12              		.eabi_attribute 18, 4
  13              		.thumb
  14              		.file	"main.c"
  15              		.text
  16              	.Ltext0:
  17              		.cfi_sections	.debug_frame
  18              		.section	.text.startup.main,"ax",%progbits
  19              		.align	2
  20              		.p2align 4,,15
  21              		.global	main
  22              		.thumb
  23              		.thumb_func
  24              		.type	main, %function
  25              	main:
  26              	.LFB62:
  27              		.file 1 "main.c"
  28              		.loc 1 51 0
  29              		.cfi_startproc
  30              		@ Volatile: function does not return.
  31              		@ args = 0, pretend = 0, frame = 0
  32              		@ frame_needed = 0, uses_anonymous_args = 0
  33 0000 00B5     		push	{lr}
  34              	.LCFI0:
  35              		.cfi_def_cfa_offset 4
  36              		.cfi_offset 14, -4
  37 0002 83B0     		sub	sp, sp, #12
  38              	.LCFI1:
  39              		.cfi_def_cfa_offset 16
  40              		.loc 1 60 0
  41 0004 FFF7FEFF 		bl	halInit
  42              	.LVL0:
  43              		.loc 1 61 0
  44 0008 FFF7FEFF 		bl	chSysInit
  45              	.LVL1:
  46              		.loc 1 76 0
  47 000c 1148     		ldr	r0, .L4
  48 000e 0021     		movs	r1, #0
  49 0010 FFF7FEFF 		bl	sdStart
  50              	.LVL2:
  51              		.loc 1 77 0
  52 0014 0020     		movs	r0, #0
  53 0016 C4F20200 		movt	r0, 16386
  54 001a 4FF40071 		mov	r1, #512
  55 001e 40F28232 		movw	r2, #898
  56 0022 FFF7FEFF 		bl	_pal_lld_setgroupmode
  57              	.LVL3:
ARM GAS  /tmp/ccDceIGo.s 			page 2


  58              		.loc 1 78 0
  59 0026 0020     		movs	r0, #0
  60 0028 C4F20200 		movt	r0, 16386
  61 002c 4FF48061 		mov	r1, #1024
  62 0030 40F28232 		movw	r2, #898
  63 0034 FFF7FEFF 		bl	_pal_lld_setgroupmode
  64              	.LVL4:
  65              		.loc 1 87 0
  66 0038 0023     		movs	r3, #0
  67 003a 0093     		str	r3, [sp, #0]
  68 003c 0648     		ldr	r0, .L4+4
  69 003e 42F6B041 		movw	r1, #11440
  70 0042 7F22     		movs	r2, #127
  71 0044 054B     		ldr	r3, .L4+8
  72 0046 FFF7FEFF 		bl	chThdCreateStatic
  73              	.LVL5:
  74              	.L2:
  75              		.loc 1 96 0 discriminator 1
  76 004a 4FF4FA70 		mov	r0, #500
  77 004e FFF7FEFF 		bl	chThdSleep
  78              	.LVL6:
  79 0052 FAE7     		b	.L2
  80              	.L5:
  81              		.align	2
  82              	.L4:
  83 0054 00000000 		.word	SD1
  84 0058 00000000 		.word	.LANCHOR0
  85 005c 00000000 		.word	cameraControlThread
  86              		.cfi_endproc
  87              	.LFE62:
  88              		.size	main, .-main
  89              		.global	waCamera_Thread
  90              		.section	.bss.waCamera_Thread,"aw",%nobits
  91              		.align	3
  92              		.set	.LANCHOR0,. + 0
  93              		.type	waCamera_Thread, %object
  94              		.size	waCamera_Thread, 11440
  95              	waCamera_Thread:
  96 0000 00000000 		.space	11440
  96      00000000 
  96      00000000 
  96      00000000 
  96      00000000 
  97              		.text
  98              	.Letext0:
  99              		.file 2 "/home/mitchd/Documents/FOX-1/amsat-fox/x86_64-toolchain/arm/bin/../lib/gcc/arm-none-eabi/
 100              		.file 3 "/home/mitchd/Documents/FOX-1/amsat-fox/x86_64-toolchain/arm/bin/../lib/gcc/arm-none-eabi/
 101              		.file 4 "./os/ports/GCC/ARMCMx/chtypes.h"
 102              		.file 5 "./os/kernel/include/chlists.h"
 103              		.file 6 "./os/kernel/include/chthreads.h"
 104              		.file 7 "./os/ports/GCC/ARMCMx/chcore_v7m.h"
 105              		.file 8 "./os/kernel/include/chmtx.h"
 106              		.file 9 "./os/kernel/include/chevents.h"
 107              		.file 10 "./os/kernel/include/chqueues.h"
 108              		.file 11 "./os/kernel/include/chioch.h"
 109              		.file 12 "./os/hal/platforms/STM32L1xx/stm32l1xx.h"
 110              		.file 13 "./os/hal/platforms/STM32/GPIOv2/pal_lld.h"
ARM GAS  /tmp/ccDceIGo.s 			page 3


 111              		.file 14 "./os/hal/include/serial.h"
 112              		.file 15 "./os/hal/platforms/STM32/serial_lld.h"
 113              		.file 16 "./os/ports/common/ARMCMx/CMSIS/include/core_cm3.h"
 114              		.file 17 "./os/hal/include/hal.h"
 115              		.file 18 "./os/kernel/include/chsys.h"
 116              		.section	.debug_info,"",%progbits
 117              	.Ldebug_info0:
 118 0000 8A0B0000 		.4byte	0xb8a
 119 0004 0200     		.2byte	0x2
 120 0006 00000000 		.4byte	.Ldebug_abbrev0
 121 000a 04       		.byte	0x4
 122 000b 01       		.uleb128 0x1
 123 000c 81020000 		.4byte	.LASF130
 124 0010 01       		.byte	0x1
 125 0011 8D020000 		.4byte	.LASF131
 126 0015 E0030000 		.4byte	.LASF132
 127 0019 00000000 		.4byte	.Ldebug_ranges0+0
 128 001d 00000000 		.4byte	0
 129 0021 00000000 		.4byte	0
 130 0025 00000000 		.4byte	.Ldebug_line0
 131 0029 02       		.uleb128 0x2
 132 002a 04       		.byte	0x4
 133 002b 05       		.byte	0x5
 134 002c 696E7400 		.ascii	"int\000"
 135 0030 03       		.uleb128 0x3
 136 0031 11000000 		.4byte	.LASF2
 137 0035 02       		.byte	0x2
 138 0036 D5       		.byte	0xd5
 139 0037 3B000000 		.4byte	0x3b
 140 003b 04       		.uleb128 0x4
 141 003c 04       		.byte	0x4
 142 003d 07       		.byte	0x7
 143 003e 5B010000 		.4byte	.LASF0
 144 0042 04       		.uleb128 0x4
 145 0043 01       		.byte	0x1
 146 0044 06       		.byte	0x6
 147 0045 B4000000 		.4byte	.LASF1
 148 0049 03       		.uleb128 0x3
 149 004a B8040000 		.4byte	.LASF3
 150 004e 03       		.byte	0x3
 151 004f 2A       		.byte	0x2a
 152 0050 54000000 		.4byte	0x54
 153 0054 04       		.uleb128 0x4
 154 0055 01       		.byte	0x1
 155 0056 08       		.byte	0x8
 156 0057 21030000 		.4byte	.LASF4
 157 005b 04       		.uleb128 0x4
 158 005c 02       		.byte	0x2
 159 005d 05       		.byte	0x5
 160 005e 45030000 		.4byte	.LASF5
 161 0062 03       		.uleb128 0x3
 162 0063 68010000 		.4byte	.LASF6
 163 0067 03       		.byte	0x3
 164 0068 36       		.byte	0x36
 165 0069 6D000000 		.4byte	0x6d
 166 006d 04       		.uleb128 0x4
 167 006e 02       		.byte	0x2
ARM GAS  /tmp/ccDceIGo.s 			page 4


 168 006f 07       		.byte	0x7
 169 0070 B3010000 		.4byte	.LASF7
 170 0074 03       		.uleb128 0x3
 171 0075 19030000 		.4byte	.LASF8
 172 0079 03       		.byte	0x3
 173 007a 4F       		.byte	0x4f
 174 007b 7F000000 		.4byte	0x7f
 175 007f 04       		.uleb128 0x4
 176 0080 04       		.byte	0x4
 177 0081 05       		.byte	0x5
 178 0082 F1000000 		.4byte	.LASF9
 179 0086 03       		.uleb128 0x3
 180 0087 8B040000 		.4byte	.LASF10
 181 008b 03       		.byte	0x3
 182 008c 50       		.byte	0x50
 183 008d 91000000 		.4byte	0x91
 184 0091 04       		.uleb128 0x4
 185 0092 04       		.byte	0x4
 186 0093 07       		.byte	0x7
 187 0094 C4030000 		.4byte	.LASF11
 188 0098 04       		.uleb128 0x4
 189 0099 08       		.byte	0x8
 190 009a 05       		.byte	0x5
 191 009b A6000000 		.4byte	.LASF12
 192 009f 03       		.uleb128 0x3
 193 00a0 1F000000 		.4byte	.LASF13
 194 00a4 03       		.byte	0x3
 195 00a5 78       		.byte	0x78
 196 00a6 AA000000 		.4byte	0xaa
 197 00aa 04       		.uleb128 0x4
 198 00ab 08       		.byte	0x8
 199 00ac 07       		.byte	0x7
 200 00ad 5C000000 		.4byte	.LASF14
 201 00b1 03       		.uleb128 0x3
 202 00b2 4E000000 		.4byte	.LASF15
 203 00b6 03       		.byte	0x3
 204 00b7 A6       		.byte	0xa6
 205 00b8 3B000000 		.4byte	0x3b
 206 00bc 03       		.uleb128 0x3
 207 00bd DC000000 		.4byte	.LASF16
 208 00c1 04       		.byte	0x4
 209 00c2 2E       		.byte	0x2e
 210 00c3 74000000 		.4byte	0x74
 211 00c7 03       		.uleb128 0x3
 212 00c8 E8010000 		.4byte	.LASF17
 213 00cc 04       		.byte	0x4
 214 00cd 2F       		.byte	0x2f
 215 00ce 49000000 		.4byte	0x49
 216 00d2 03       		.uleb128 0x3
 217 00d3 FA000000 		.4byte	.LASF18
 218 00d7 04       		.byte	0x4
 219 00d8 30       		.byte	0x30
 220 00d9 49000000 		.4byte	0x49
 221 00dd 03       		.uleb128 0x3
 222 00de BE020000 		.4byte	.LASF19
 223 00e2 04       		.byte	0x4
 224 00e3 31       		.byte	0x31
ARM GAS  /tmp/ccDceIGo.s 			page 5


 225 00e4 49000000 		.4byte	0x49
 226 00e8 03       		.uleb128 0x3
 227 00e9 09030000 		.4byte	.LASF20
 228 00ed 04       		.byte	0x4
 229 00ee 32       		.byte	0x32
 230 00ef 86000000 		.4byte	0x86
 231 00f3 03       		.uleb128 0x3
 232 00f4 C6010000 		.4byte	.LASF21
 233 00f8 04       		.byte	0x4
 234 00f9 33       		.byte	0x33
 235 00fa 74000000 		.4byte	0x74
 236 00fe 03       		.uleb128 0x3
 237 00ff FC010000 		.4byte	.LASF22
 238 0103 04       		.byte	0x4
 239 0104 35       		.byte	0x35
 240 0105 86000000 		.4byte	0x86
 241 0109 03       		.uleb128 0x3
 242 010a 34040000 		.4byte	.LASF23
 243 010e 04       		.byte	0x4
 244 010f 36       		.byte	0x36
 245 0110 86000000 		.4byte	0x86
 246 0114 03       		.uleb128 0x3
 247 0115 7D030000 		.4byte	.LASF24
 248 0119 05       		.byte	0x5
 249 011a 2A       		.byte	0x2a
 250 011b 1F010000 		.4byte	0x11f
 251 011f 05       		.uleb128 0x5
 252 0120 7D030000 		.4byte	.LASF24
 253 0124 48       		.byte	0x48
 254 0125 06       		.byte	0x6
 255 0126 5E       		.byte	0x5e
 256 0127 36020000 		.4byte	0x236
 257 012b 06       		.uleb128 0x6
 258 012c 5E030000 		.4byte	.LASF25
 259 0130 06       		.byte	0x6
 260 0131 5F       		.byte	0x5f
 261 0132 5B020000 		.4byte	0x25b
 262 0136 02       		.byte	0x2
 263 0137 23       		.byte	0x23
 264 0138 00       		.uleb128 0
 265 0139 06       		.uleb128 0x6
 266 013a F8020000 		.4byte	.LASF26
 267 013e 06       		.byte	0x6
 268 013f 61       		.byte	0x61
 269 0140 5B020000 		.4byte	0x25b
 270 0144 02       		.byte	0x2
 271 0145 23       		.byte	0x23
 272 0146 04       		.uleb128 0x4
 273 0147 06       		.uleb128 0x6
 274 0148 8F000000 		.4byte	.LASF27
 275 014c 06       		.byte	0x6
 276 014d 63       		.byte	0x63
 277 014e E8000000 		.4byte	0xe8
 278 0152 02       		.byte	0x2
 279 0153 23       		.byte	0x23
 280 0154 08       		.uleb128 0x8
 281 0155 06       		.uleb128 0x6
ARM GAS  /tmp/ccDceIGo.s 			page 6


 282 0156 14050000 		.4byte	.LASF28
 283 015a 06       		.byte	0x6
 284 015b 64       		.byte	0x64
 285 015c 33030000 		.4byte	0x333
 286 0160 02       		.byte	0x2
 287 0161 23       		.byte	0x23
 288 0162 0C       		.uleb128 0xc
 289 0163 06       		.uleb128 0x6
 290 0164 22010000 		.4byte	.LASF29
 291 0168 06       		.byte	0x6
 292 0169 66       		.byte	0x66
 293 016a 5B020000 		.4byte	0x25b
 294 016e 02       		.byte	0x2
 295 016f 23       		.byte	0x23
 296 0170 10       		.uleb128 0x10
 297 0171 06       		.uleb128 0x6
 298 0172 62020000 		.4byte	.LASF30
 299 0176 06       		.byte	0x6
 300 0177 67       		.byte	0x67
 301 0178 5B020000 		.4byte	0x25b
 302 017c 02       		.byte	0x2
 303 017d 23       		.byte	0x23
 304 017e 14       		.uleb128 0x14
 305 017f 06       		.uleb128 0x6
 306 0180 9A040000 		.4byte	.LASF31
 307 0184 06       		.byte	0x6
 308 0185 6E       		.byte	0x6e
 309 0186 52040000 		.4byte	0x452
 310 018a 02       		.byte	0x2
 311 018b 23       		.byte	0x23
 312 018c 18       		.uleb128 0x18
 313 018d 06       		.uleb128 0x6
 314 018e 4F030000 		.4byte	.LASF32
 315 0192 06       		.byte	0x6
 316 0193 79       		.byte	0x79
 317 0194 D2000000 		.4byte	0xd2
 318 0198 02       		.byte	0x2
 319 0199 23       		.byte	0x23
 320 019a 1C       		.uleb128 0x1c
 321 019b 06       		.uleb128 0x6
 322 019c 65030000 		.4byte	.LASF33
 323 01a0 06       		.byte	0x6
 324 01a1 7D       		.byte	0x7d
 325 01a2 C7000000 		.4byte	0xc7
 326 01a6 02       		.byte	0x2
 327 01a7 23       		.byte	0x23
 328 01a8 1D       		.uleb128 0x1d
 329 01a9 06       		.uleb128 0x6
 330 01aa 03010000 		.4byte	.LASF34
 331 01ae 06       		.byte	0x6
 332 01af 82       		.byte	0x82
 333 01b0 DD000000 		.4byte	0xdd
 334 01b4 02       		.byte	0x2
 335 01b5 23       		.byte	0x23
 336 01b6 1E       		.uleb128 0x1e
 337 01b7 06       		.uleb128 0x6
 338 01b8 1B010000 		.4byte	.LASF35
ARM GAS  /tmp/ccDceIGo.s 			page 7


 339 01bc 06       		.byte	0x6
 340 01bd 89       		.byte	0x89
 341 01be 62030000 		.4byte	0x362
 342 01c2 02       		.byte	0x2
 343 01c3 23       		.byte	0x23
 344 01c4 20       		.uleb128 0x20
 345 01c5 07       		.uleb128 0x7
 346 01c6 705F7500 		.ascii	"p_u\000"
 347 01ca 06       		.byte	0x6
 348 01cb AE       		.byte	0xae
 349 01cc 1D040000 		.4byte	0x41d
 350 01d0 02       		.byte	0x2
 351 01d1 23       		.byte	0x23
 352 01d2 24       		.uleb128 0x24
 353 01d3 06       		.uleb128 0x6
 354 01d4 1A050000 		.4byte	.LASF36
 355 01d8 06       		.byte	0x6
 356 01d9 B3       		.byte	0xb3
 357 01da 83020000 		.4byte	0x283
 358 01de 02       		.byte	0x2
 359 01df 23       		.byte	0x23
 360 01e0 28       		.uleb128 0x28
 361 01e1 06       		.uleb128 0x6
 362 01e2 88010000 		.4byte	.LASF37
 363 01e6 06       		.byte	0x6
 364 01e7 B9       		.byte	0xb9
 365 01e8 61020000 		.4byte	0x261
 366 01ec 02       		.byte	0x2
 367 01ed 23       		.byte	0x23
 368 01ee 2C       		.uleb128 0x2c
 369 01ef 06       		.uleb128 0x6
 370 01f0 B2040000 		.4byte	.LASF38
 371 01f4 06       		.byte	0x6
 372 01f5 BD       		.byte	0xbd
 373 01f6 F3000000 		.4byte	0xf3
 374 01fa 02       		.byte	0x2
 375 01fb 23       		.byte	0x23
 376 01fc 34       		.uleb128 0x34
 377 01fd 06       		.uleb128 0x6
 378 01fe 84030000 		.4byte	.LASF39
 379 0202 06       		.byte	0x6
 380 0203 C3       		.byte	0xc3
 381 0204 FE000000 		.4byte	0xfe
 382 0208 02       		.byte	0x2
 383 0209 23       		.byte	0x23
 384 020a 38       		.uleb128 0x38
 385 020b 06       		.uleb128 0x6
 386 020c 3B030000 		.4byte	.LASF40
 387 0210 06       		.byte	0x6
 388 0211 CA       		.byte	0xca
 389 0212 64040000 		.4byte	0x464
 390 0216 02       		.byte	0x2
 391 0217 23       		.byte	0x23
 392 0218 3C       		.uleb128 0x3c
 393 0219 06       		.uleb128 0x6
 394 021a 3E040000 		.4byte	.LASF41
 395 021e 06       		.byte	0x6
ARM GAS  /tmp/ccDceIGo.s 			page 8


 396 021f CE       		.byte	0xce
 397 0220 E8000000 		.4byte	0xe8
 398 0224 02       		.byte	0x2
 399 0225 23       		.byte	0x23
 400 0226 40       		.uleb128 0x40
 401 0227 06       		.uleb128 0x6
 402 0228 D4000000 		.4byte	.LASF42
 403 022c 06       		.byte	0x6
 404 022d D4       		.byte	0xd4
 405 022e 99020000 		.4byte	0x299
 406 0232 02       		.byte	0x2
 407 0233 23       		.byte	0x23
 408 0234 44       		.uleb128 0x44
 409 0235 00       		.byte	0
 410 0236 08       		.uleb128 0x8
 411 0237 08       		.byte	0x8
 412 0238 05       		.byte	0x5
 413 0239 61       		.byte	0x61
 414 023a 5B020000 		.4byte	0x25b
 415 023e 06       		.uleb128 0x6
 416 023f 5E030000 		.4byte	.LASF25
 417 0243 05       		.byte	0x5
 418 0244 62       		.byte	0x62
 419 0245 5B020000 		.4byte	0x25b
 420 0249 02       		.byte	0x2
 421 024a 23       		.byte	0x23
 422 024b 00       		.uleb128 0
 423 024c 06       		.uleb128 0x6
 424 024d F8020000 		.4byte	.LASF26
 425 0251 05       		.byte	0x5
 426 0252 64       		.byte	0x64
 427 0253 5B020000 		.4byte	0x25b
 428 0257 02       		.byte	0x2
 429 0258 23       		.byte	0x23
 430 0259 04       		.uleb128 0x4
 431 025a 00       		.byte	0
 432 025b 09       		.uleb128 0x9
 433 025c 04       		.byte	0x4
 434 025d 14010000 		.4byte	0x114
 435 0261 03       		.uleb128 0x3
 436 0262 74020000 		.4byte	.LASF43
 437 0266 05       		.byte	0x5
 438 0267 66       		.byte	0x66
 439 0268 36020000 		.4byte	0x236
 440 026c 08       		.uleb128 0x8
 441 026d 04       		.byte	0x4
 442 026e 05       		.byte	0x5
 443 026f 6B       		.byte	0x6b
 444 0270 83020000 		.4byte	0x283
 445 0274 06       		.uleb128 0x6
 446 0275 5E030000 		.4byte	.LASF25
 447 0279 05       		.byte	0x5
 448 027a 6D       		.byte	0x6d
 449 027b 5B020000 		.4byte	0x25b
 450 027f 02       		.byte	0x2
 451 0280 23       		.byte	0x23
 452 0281 00       		.uleb128 0
ARM GAS  /tmp/ccDceIGo.s 			page 9


 453 0282 00       		.byte	0
 454 0283 03       		.uleb128 0x3
 455 0284 F0010000 		.4byte	.LASF44
 456 0288 05       		.byte	0x5
 457 0289 70       		.byte	0x70
 458 028a 6C020000 		.4byte	0x26c
 459 028e 03       		.uleb128 0x3
 460 028f 40010000 		.4byte	.LASF45
 461 0293 07       		.byte	0x7
 462 0294 D7       		.byte	0xd7
 463 0295 99020000 		.4byte	0x299
 464 0299 0A       		.uleb128 0xa
 465 029a 04       		.byte	0x4
 466 029b 03       		.uleb128 0x3
 467 029c 2A020000 		.4byte	.LASF46
 468 02a0 07       		.byte	0x7
 469 02a1 DD       		.byte	0xdd
 470 02a2 9F000000 		.4byte	0x9f
 471 02a6 05       		.uleb128 0x5
 472 02a7 7B040000 		.4byte	.LASF47
 473 02ab 24       		.byte	0x24
 474 02ac 07       		.byte	0x7
 475 02ad FE       		.byte	0xfe
 476 02ae 33030000 		.4byte	0x333
 477 02b2 0B       		.uleb128 0xb
 478 02b3 723400   		.ascii	"r4\000"
 479 02b6 07       		.byte	0x7
 480 02b7 1101     		.2byte	0x111
 481 02b9 8E020000 		.4byte	0x28e
 482 02bd 02       		.byte	0x2
 483 02be 23       		.byte	0x23
 484 02bf 00       		.uleb128 0
 485 02c0 0B       		.uleb128 0xb
 486 02c1 723500   		.ascii	"r5\000"
 487 02c4 07       		.byte	0x7
 488 02c5 1201     		.2byte	0x112
 489 02c7 8E020000 		.4byte	0x28e
 490 02cb 02       		.byte	0x2
 491 02cc 23       		.byte	0x23
 492 02cd 04       		.uleb128 0x4
 493 02ce 0B       		.uleb128 0xb
 494 02cf 723600   		.ascii	"r6\000"
 495 02d2 07       		.byte	0x7
 496 02d3 1301     		.2byte	0x113
 497 02d5 8E020000 		.4byte	0x28e
 498 02d9 02       		.byte	0x2
 499 02da 23       		.byte	0x23
 500 02db 08       		.uleb128 0x8
 501 02dc 0B       		.uleb128 0xb
 502 02dd 723700   		.ascii	"r7\000"
 503 02e0 07       		.byte	0x7
 504 02e1 1401     		.2byte	0x114
 505 02e3 8E020000 		.4byte	0x28e
 506 02e7 02       		.byte	0x2
 507 02e8 23       		.byte	0x23
 508 02e9 0C       		.uleb128 0xc
 509 02ea 0B       		.uleb128 0xb
ARM GAS  /tmp/ccDceIGo.s 			page 10


 510 02eb 723800   		.ascii	"r8\000"
 511 02ee 07       		.byte	0x7
 512 02ef 1501     		.2byte	0x115
 513 02f1 8E020000 		.4byte	0x28e
 514 02f5 02       		.byte	0x2
 515 02f6 23       		.byte	0x23
 516 02f7 10       		.uleb128 0x10
 517 02f8 0B       		.uleb128 0xb
 518 02f9 723900   		.ascii	"r9\000"
 519 02fc 07       		.byte	0x7
 520 02fd 1601     		.2byte	0x116
 521 02ff 8E020000 		.4byte	0x28e
 522 0303 02       		.byte	0x2
 523 0304 23       		.byte	0x23
 524 0305 14       		.uleb128 0x14
 525 0306 0B       		.uleb128 0xb
 526 0307 72313000 		.ascii	"r10\000"
 527 030b 07       		.byte	0x7
 528 030c 1701     		.2byte	0x117
 529 030e 8E020000 		.4byte	0x28e
 530 0312 02       		.byte	0x2
 531 0313 23       		.byte	0x23
 532 0314 18       		.uleb128 0x18
 533 0315 0B       		.uleb128 0xb
 534 0316 72313100 		.ascii	"r11\000"
 535 031a 07       		.byte	0x7
 536 031b 1801     		.2byte	0x118
 537 031d 8E020000 		.4byte	0x28e
 538 0321 02       		.byte	0x2
 539 0322 23       		.byte	0x23
 540 0323 1C       		.uleb128 0x1c
 541 0324 0B       		.uleb128 0xb
 542 0325 6C7200   		.ascii	"lr\000"
 543 0328 07       		.byte	0x7
 544 0329 1901     		.2byte	0x119
 545 032b 8E020000 		.4byte	0x28e
 546 032f 02       		.byte	0x2
 547 0330 23       		.byte	0x23
 548 0331 20       		.uleb128 0x20
 549 0332 00       		.byte	0
 550 0333 0C       		.uleb128 0xc
 551 0334 5D040000 		.4byte	.LASF48
 552 0338 04       		.byte	0x4
 553 0339 07       		.byte	0x7
 554 033a 2301     		.2byte	0x123
 555 033c 50030000 		.4byte	0x350
 556 0340 0B       		.uleb128 0xb
 557 0341 72313300 		.ascii	"r13\000"
 558 0345 07       		.byte	0x7
 559 0346 2401     		.2byte	0x124
 560 0348 50030000 		.4byte	0x350
 561 034c 02       		.byte	0x2
 562 034d 23       		.byte	0x23
 563 034e 00       		.uleb128 0
 564 034f 00       		.byte	0
 565 0350 09       		.uleb128 0x9
 566 0351 04       		.byte	0x4
ARM GAS  /tmp/ccDceIGo.s 			page 11


 567 0352 A6020000 		.4byte	0x2a6
 568 0356 0D       		.uleb128 0xd
 569 0357 86000000 		.4byte	0x86
 570 035b 04       		.uleb128 0x4
 571 035c 04       		.byte	0x4
 572 035d 07       		.byte	0x7
 573 035e 4D020000 		.4byte	.LASF49
 574 0362 0D       		.uleb128 0xd
 575 0363 09010000 		.4byte	0x109
 576 0367 05       		.uleb128 0x5
 577 0368 5C020000 		.4byte	.LASF50
 578 036c 10       		.byte	0x10
 579 036d 08       		.byte	0x8
 580 036e 2C       		.byte	0x2c
 581 036f 9E030000 		.4byte	0x39e
 582 0373 06       		.uleb128 0x6
 583 0374 E3000000 		.4byte	.LASF51
 584 0378 08       		.byte	0x8
 585 0379 2D       		.byte	0x2d
 586 037a 61020000 		.4byte	0x261
 587 037e 02       		.byte	0x2
 588 037f 23       		.byte	0x23
 589 0380 00       		.uleb128 0
 590 0381 06       		.uleb128 0x6
 591 0382 0C050000 		.4byte	.LASF52
 592 0386 08       		.byte	0x8
 593 0387 2F       		.byte	0x2f
 594 0388 5B020000 		.4byte	0x25b
 595 038c 02       		.byte	0x2
 596 038d 23       		.byte	0x23
 597 038e 08       		.uleb128 0x8
 598 038f 06       		.uleb128 0x6
 599 0390 2D040000 		.4byte	.LASF53
 600 0394 08       		.byte	0x8
 601 0395 31       		.byte	0x31
 602 0396 9E030000 		.4byte	0x39e
 603 039a 02       		.byte	0x2
 604 039b 23       		.byte	0x23
 605 039c 0C       		.uleb128 0xc
 606 039d 00       		.byte	0
 607 039e 09       		.uleb128 0x9
 608 039f 04       		.byte	0x4
 609 03a0 67030000 		.4byte	0x367
 610 03a4 03       		.uleb128 0x3
 611 03a5 5C020000 		.4byte	.LASF50
 612 03a9 08       		.byte	0x8
 613 03aa 33       		.byte	0x33
 614 03ab 67030000 		.4byte	0x367
 615 03af 03       		.uleb128 0x3
 616 03b0 C6040000 		.4byte	.LASF54
 617 03b4 09       		.byte	0x9
 618 03b5 29       		.byte	0x29
 619 03b6 BA030000 		.4byte	0x3ba
 620 03ba 05       		.uleb128 0x5
 621 03bb C6040000 		.4byte	.LASF54
 622 03bf 0C       		.byte	0xc
 623 03c0 09       		.byte	0x9
ARM GAS  /tmp/ccDceIGo.s 			page 12


 624 03c1 2E       		.byte	0x2e
 625 03c2 F1030000 		.4byte	0x3f1
 626 03c6 06       		.uleb128 0x6
 627 03c7 6D030000 		.4byte	.LASF55
 628 03cb 09       		.byte	0x9
 629 03cc 2F       		.byte	0x2f
 630 03cd F1030000 		.4byte	0x3f1
 631 03d1 02       		.byte	0x2
 632 03d2 23       		.byte	0x23
 633 03d3 00       		.uleb128 0
 634 03d4 06       		.uleb128 0x6
 635 03d5 2F030000 		.4byte	.LASF56
 636 03d9 09       		.byte	0x9
 637 03da 32       		.byte	0x32
 638 03db 5B020000 		.4byte	0x25b
 639 03df 02       		.byte	0x2
 640 03e0 23       		.byte	0x23
 641 03e1 04       		.uleb128 0x4
 642 03e2 06       		.uleb128 0x6
 643 03e3 94020000 		.4byte	.LASF57
 644 03e7 09       		.byte	0x9
 645 03e8 34       		.byte	0x34
 646 03e9 FE000000 		.4byte	0xfe
 647 03ed 02       		.byte	0x2
 648 03ee 23       		.byte	0x23
 649 03ef 08       		.uleb128 0x8
 650 03f0 00       		.byte	0
 651 03f1 09       		.uleb128 0x9
 652 03f2 04       		.byte	0x4
 653 03f3 AF030000 		.4byte	0x3af
 654 03f7 05       		.uleb128 0x5
 655 03f8 49010000 		.4byte	.LASF58
 656 03fc 04       		.byte	0x4
 657 03fd 09       		.byte	0x9
 658 03fe 3C       		.byte	0x3c
 659 03ff 12040000 		.4byte	0x412
 660 0403 06       		.uleb128 0x6
 661 0404 A1040000 		.4byte	.LASF59
 662 0408 09       		.byte	0x9
 663 0409 3D       		.byte	0x3d
 664 040a F1030000 		.4byte	0x3f1
 665 040e 02       		.byte	0x2
 666 040f 23       		.byte	0x23
 667 0410 00       		.uleb128 0
 668 0411 00       		.byte	0
 669 0412 03       		.uleb128 0x3
 670 0413 49010000 		.4byte	.LASF58
 671 0417 09       		.byte	0x9
 672 0418 40       		.byte	0x40
 673 0419 F7030000 		.4byte	0x3f7
 674 041d 0E       		.uleb128 0xe
 675 041e 04       		.byte	0x4
 676 041f 06       		.byte	0x6
 677 0420 90       		.byte	0x90
 678 0421 52040000 		.4byte	0x452
 679 0425 0F       		.uleb128 0xf
 680 0426 18000000 		.4byte	.LASF60
ARM GAS  /tmp/ccDceIGo.s 			page 13


 681 042a 06       		.byte	0x6
 682 042b 97       		.byte	0x97
 683 042c F3000000 		.4byte	0xf3
 684 0430 0F       		.uleb128 0xf
 685 0431 79000000 		.4byte	.LASF61
 686 0435 06       		.byte	0x6
 687 0436 9E       		.byte	0x9e
 688 0437 F3000000 		.4byte	0xf3
 689 043b 0F       		.uleb128 0xf
 690 043c D4040000 		.4byte	.LASF62
 691 0440 06       		.byte	0x6
 692 0441 A5       		.byte	0xa5
 693 0442 99020000 		.4byte	0x299
 694 0446 0F       		.uleb128 0xf
 695 0447 57030000 		.4byte	.LASF63
 696 044b 06       		.byte	0x6
 697 044c AC       		.byte	0xac
 698 044d FE000000 		.4byte	0xfe
 699 0451 00       		.byte	0
 700 0452 09       		.uleb128 0x9
 701 0453 04       		.byte	0x4
 702 0454 58040000 		.4byte	0x458
 703 0458 10       		.uleb128 0x10
 704 0459 5D040000 		.4byte	0x45d
 705 045d 04       		.uleb128 0x4
 706 045e 01       		.byte	0x1
 707 045f 08       		.byte	0x8
 708 0460 DB030000 		.4byte	.LASF64
 709 0464 09       		.uleb128 0x9
 710 0465 04       		.byte	0x4
 711 0466 A4030000 		.4byte	0x3a4
 712 046a 03       		.uleb128 0x3
 713 046b 00000000 		.4byte	.LASF65
 714 046f 06       		.byte	0x6
 715 0470 DF       		.byte	0xdf
 716 0471 75040000 		.4byte	0x475
 717 0475 09       		.uleb128 0x9
 718 0476 04       		.byte	0x4
 719 0477 7B040000 		.4byte	0x47b
 720 047b 11       		.uleb128 0x11
 721 047c 01       		.byte	0x1
 722 047d F3000000 		.4byte	0xf3
 723 0481 8B040000 		.4byte	0x48b
 724 0485 12       		.uleb128 0x12
 725 0486 99020000 		.4byte	0x299
 726 048a 00       		.byte	0
 727 048b 03       		.uleb128 0x3
 728 048c 1D020000 		.4byte	.LASF66
 729 0490 0A       		.byte	0xa
 730 0491 37       		.byte	0x37
 731 0492 96040000 		.4byte	0x496
 732 0496 05       		.uleb128 0x5
 733 0497 1D020000 		.4byte	.LASF66
 734 049b 20       		.byte	0x20
 735 049c 0A       		.byte	0xa
 736 049d 45       		.byte	0x45
 737 049e 05050000 		.4byte	0x505
ARM GAS  /tmp/ccDceIGo.s 			page 14


 738 04a2 06       		.uleb128 0x6
 739 04a3 9C000000 		.4byte	.LASF67
 740 04a7 0A       		.byte	0xa
 741 04a8 46       		.byte	0x46
 742 04a9 61020000 		.4byte	0x261
 743 04ad 02       		.byte	0x2
 744 04ae 23       		.byte	0x23
 745 04af 00       		.uleb128 0
 746 04b0 06       		.uleb128 0x6
 747 04b1 A3030000 		.4byte	.LASF68
 748 04b5 0A       		.byte	0xa
 749 04b6 47       		.byte	0x47
 750 04b7 30000000 		.4byte	0x30
 751 04bb 02       		.byte	0x2
 752 04bc 23       		.byte	0x23
 753 04bd 08       		.uleb128 0x8
 754 04be 06       		.uleb128 0x6
 755 04bf 0A010000 		.4byte	.LASF69
 756 04c3 0A       		.byte	0xa
 757 04c4 48       		.byte	0x48
 758 04c5 28050000 		.4byte	0x528
 759 04c9 02       		.byte	0x2
 760 04ca 23       		.byte	0x23
 761 04cb 0C       		.uleb128 0xc
 762 04cc 06       		.uleb128 0x6
 763 04cd 94040000 		.4byte	.LASF70
 764 04d1 0A       		.byte	0xa
 765 04d2 49       		.byte	0x49
 766 04d3 28050000 		.4byte	0x528
 767 04d7 02       		.byte	0x2
 768 04d8 23       		.byte	0x23
 769 04d9 10       		.uleb128 0x10
 770 04da 06       		.uleb128 0x6
 771 04db 13010000 		.4byte	.LASF71
 772 04df 0A       		.byte	0xa
 773 04e0 4B       		.byte	0x4b
 774 04e1 28050000 		.4byte	0x528
 775 04e5 02       		.byte	0x2
 776 04e6 23       		.byte	0x23
 777 04e7 14       		.uleb128 0x14
 778 04e8 06       		.uleb128 0x6
 779 04e9 11030000 		.4byte	.LASF72
 780 04ed 0A       		.byte	0xa
 781 04ee 4C       		.byte	0x4c
 782 04ef 28050000 		.4byte	0x528
 783 04f3 02       		.byte	0x2
 784 04f4 23       		.byte	0x23
 785 04f5 18       		.uleb128 0x18
 786 04f6 06       		.uleb128 0x6
 787 04f7 A9040000 		.4byte	.LASF73
 788 04fb 0A       		.byte	0xa
 789 04fc 4D       		.byte	0x4d
 790 04fd 05050000 		.4byte	0x505
 791 0501 02       		.byte	0x2
 792 0502 23       		.byte	0x23
 793 0503 1C       		.uleb128 0x1c
 794 0504 00       		.byte	0
ARM GAS  /tmp/ccDceIGo.s 			page 15


 795 0505 03       		.uleb128 0x3
 796 0506 13020000 		.4byte	.LASF74
 797 050a 0A       		.byte	0xa
 798 050b 3A       		.byte	0x3a
 799 050c 10050000 		.4byte	0x510
 800 0510 09       		.uleb128 0x9
 801 0511 04       		.byte	0x4
 802 0512 16050000 		.4byte	0x516
 803 0516 13       		.uleb128 0x13
 804 0517 01       		.byte	0x1
 805 0518 22050000 		.4byte	0x522
 806 051c 12       		.uleb128 0x12
 807 051d 22050000 		.4byte	0x522
 808 0521 00       		.byte	0
 809 0522 09       		.uleb128 0x9
 810 0523 04       		.byte	0x4
 811 0524 8B040000 		.4byte	0x48b
 812 0528 09       		.uleb128 0x9
 813 0529 04       		.byte	0x4
 814 052a 49000000 		.4byte	0x49
 815 052e 03       		.uleb128 0x3
 816 052f 08020000 		.4byte	.LASF75
 817 0533 0A       		.byte	0xa
 818 0534 76       		.byte	0x76
 819 0535 8B040000 		.4byte	0x48b
 820 0539 03       		.uleb128 0x3
 821 053a 28000000 		.4byte	.LASF76
 822 053e 0A       		.byte	0xa
 823 053f E6       		.byte	0xe6
 824 0540 8B040000 		.4byte	0x48b
 825 0544 11       		.uleb128 0x11
 826 0545 01       		.byte	0x1
 827 0546 30000000 		.4byte	0x30
 828 054a 5E050000 		.4byte	0x55e
 829 054e 12       		.uleb128 0x12
 830 054f 99020000 		.4byte	0x299
 831 0553 12       		.uleb128 0x12
 832 0554 5E050000 		.4byte	0x55e
 833 0558 12       		.uleb128 0x12
 834 0559 30000000 		.4byte	0x30
 835 055d 00       		.byte	0
 836 055e 09       		.uleb128 0x9
 837 055f 04       		.byte	0x4
 838 0560 64050000 		.4byte	0x564
 839 0564 10       		.uleb128 0x10
 840 0565 49000000 		.4byte	0x49
 841 0569 09       		.uleb128 0x9
 842 056a 04       		.byte	0x4
 843 056b 44050000 		.4byte	0x544
 844 056f 11       		.uleb128 0x11
 845 0570 01       		.byte	0x1
 846 0571 30000000 		.4byte	0x30
 847 0575 89050000 		.4byte	0x589
 848 0579 12       		.uleb128 0x12
 849 057a 99020000 		.4byte	0x299
 850 057e 12       		.uleb128 0x12
 851 057f 28050000 		.4byte	0x528
ARM GAS  /tmp/ccDceIGo.s 			page 16


 852 0583 12       		.uleb128 0x12
 853 0584 30000000 		.4byte	0x30
 854 0588 00       		.byte	0
 855 0589 09       		.uleb128 0x9
 856 058a 04       		.byte	0x4
 857 058b 6F050000 		.4byte	0x56f
 858 058f 11       		.uleb128 0x11
 859 0590 01       		.byte	0x1
 860 0591 BC000000 		.4byte	0xbc
 861 0595 9F050000 		.4byte	0x59f
 862 0599 12       		.uleb128 0x12
 863 059a 99020000 		.4byte	0x299
 864 059e 00       		.byte	0
 865 059f 09       		.uleb128 0x9
 866 05a0 04       		.byte	0x4
 867 05a1 8F050000 		.4byte	0x58f
 868 05a5 11       		.uleb128 0x11
 869 05a6 01       		.byte	0x1
 870 05a7 F3000000 		.4byte	0xf3
 871 05ab BF050000 		.4byte	0x5bf
 872 05af 12       		.uleb128 0x12
 873 05b0 99020000 		.4byte	0x299
 874 05b4 12       		.uleb128 0x12
 875 05b5 49000000 		.4byte	0x49
 876 05b9 12       		.uleb128 0x12
 877 05ba 09010000 		.4byte	0x109
 878 05be 00       		.byte	0
 879 05bf 09       		.uleb128 0x9
 880 05c0 04       		.byte	0x4
 881 05c1 A5050000 		.4byte	0x5a5
 882 05c5 11       		.uleb128 0x11
 883 05c6 01       		.byte	0x1
 884 05c7 F3000000 		.4byte	0xf3
 885 05cb DA050000 		.4byte	0x5da
 886 05cf 12       		.uleb128 0x12
 887 05d0 99020000 		.4byte	0x299
 888 05d4 12       		.uleb128 0x12
 889 05d5 09010000 		.4byte	0x109
 890 05d9 00       		.byte	0
 891 05da 09       		.uleb128 0x9
 892 05db 04       		.byte	0x4
 893 05dc C5050000 		.4byte	0x5c5
 894 05e0 11       		.uleb128 0x11
 895 05e1 01       		.byte	0x1
 896 05e2 30000000 		.4byte	0x30
 897 05e6 FF050000 		.4byte	0x5ff
 898 05ea 12       		.uleb128 0x12
 899 05eb 99020000 		.4byte	0x299
 900 05ef 12       		.uleb128 0x12
 901 05f0 5E050000 		.4byte	0x55e
 902 05f4 12       		.uleb128 0x12
 903 05f5 30000000 		.4byte	0x30
 904 05f9 12       		.uleb128 0x12
 905 05fa 09010000 		.4byte	0x109
 906 05fe 00       		.byte	0
 907 05ff 09       		.uleb128 0x9
 908 0600 04       		.byte	0x4
ARM GAS  /tmp/ccDceIGo.s 			page 17


 909 0601 E0050000 		.4byte	0x5e0
 910 0605 11       		.uleb128 0x11
 911 0606 01       		.byte	0x1
 912 0607 30000000 		.4byte	0x30
 913 060b 24060000 		.4byte	0x624
 914 060f 12       		.uleb128 0x12
 915 0610 99020000 		.4byte	0x299
 916 0614 12       		.uleb128 0x12
 917 0615 28050000 		.4byte	0x528
 918 0619 12       		.uleb128 0x12
 919 061a 30000000 		.4byte	0x30
 920 061e 12       		.uleb128 0x12
 921 061f 09010000 		.4byte	0x109
 922 0623 00       		.byte	0
 923 0624 09       		.uleb128 0x9
 924 0625 04       		.byte	0x4
 925 0626 05060000 		.4byte	0x605
 926 062a 14       		.uleb128 0x14
 927 062b 6A020000 		.4byte	.LASF77
 928 062f 0B       		.byte	0xb
 929 0630 0B01     		.2byte	0x10b
 930 0632 B1000000 		.4byte	0xb1
 931 0636 11       		.uleb128 0x11
 932 0637 01       		.byte	0x1
 933 0638 2A060000 		.4byte	0x62a
 934 063c 46060000 		.4byte	0x646
 935 0640 12       		.uleb128 0x12
 936 0641 99020000 		.4byte	0x299
 937 0645 00       		.byte	0
 938 0646 09       		.uleb128 0x9
 939 0647 04       		.byte	0x4
 940 0648 36060000 		.4byte	0x636
 941 064c 0D       		.uleb128 0xd
 942 064d 62000000 		.4byte	0x62
 943 0651 15       		.uleb128 0x15
 944 0652 1C       		.byte	0x1c
 945 0653 0C       		.byte	0xc
 946 0654 9B02     		.2byte	0x29b
 947 0656 2B070000 		.4byte	0x72b
 948 065a 0B       		.uleb128 0xb
 949 065b 535200   		.ascii	"SR\000"
 950 065e 0C       		.byte	0xc
 951 065f 9D02     		.2byte	0x29d
 952 0661 4C060000 		.4byte	0x64c
 953 0665 02       		.byte	0x2
 954 0666 23       		.byte	0x23
 955 0667 00       		.uleb128 0
 956 0668 16       		.uleb128 0x16
 957 0669 C6020000 		.4byte	.LASF78
 958 066d 0C       		.byte	0xc
 959 066e 9E02     		.2byte	0x29e
 960 0670 62000000 		.4byte	0x62
 961 0674 02       		.byte	0x2
 962 0675 23       		.byte	0x23
 963 0676 02       		.uleb128 0x2
 964 0677 0B       		.uleb128 0xb
 965 0678 445200   		.ascii	"DR\000"
ARM GAS  /tmp/ccDceIGo.s 			page 18


 966 067b 0C       		.byte	0xc
 967 067c 9F02     		.2byte	0x29f
 968 067e 4C060000 		.4byte	0x64c
 969 0682 02       		.byte	0x2
 970 0683 23       		.byte	0x23
 971 0684 04       		.uleb128 0x4
 972 0685 16       		.uleb128 0x16
 973 0686 D0020000 		.4byte	.LASF79
 974 068a 0C       		.byte	0xc
 975 068b A002     		.2byte	0x2a0
 976 068d 62000000 		.4byte	0x62
 977 0691 02       		.byte	0x2
 978 0692 23       		.byte	0x23
 979 0693 06       		.uleb128 0x6
 980 0694 0B       		.uleb128 0xb
 981 0695 42525200 		.ascii	"BRR\000"
 982 0699 0C       		.byte	0xc
 983 069a A102     		.2byte	0x2a1
 984 069c 4C060000 		.4byte	0x64c
 985 06a0 02       		.byte	0x2
 986 06a1 23       		.byte	0x23
 987 06a2 08       		.uleb128 0x8
 988 06a3 16       		.uleb128 0x16
 989 06a4 DA020000 		.4byte	.LASF80
 990 06a8 0C       		.byte	0xc
 991 06a9 A202     		.2byte	0x2a2
 992 06ab 62000000 		.4byte	0x62
 993 06af 02       		.byte	0x2
 994 06b0 23       		.byte	0x23
 995 06b1 0A       		.uleb128 0xa
 996 06b2 0B       		.uleb128 0xb
 997 06b3 43523100 		.ascii	"CR1\000"
 998 06b7 0C       		.byte	0xc
 999 06b8 A302     		.2byte	0x2a3
 1000 06ba 4C060000 		.4byte	0x64c
 1001 06be 02       		.byte	0x2
 1002 06bf 23       		.byte	0x23
 1003 06c0 0C       		.uleb128 0xc
 1004 06c1 16       		.uleb128 0x16
 1005 06c2 E4020000 		.4byte	.LASF81
 1006 06c6 0C       		.byte	0xc
 1007 06c7 A402     		.2byte	0x2a4
 1008 06c9 62000000 		.4byte	0x62
 1009 06cd 02       		.byte	0x2
 1010 06ce 23       		.byte	0x23
 1011 06cf 0E       		.uleb128 0xe
 1012 06d0 0B       		.uleb128 0xb
 1013 06d1 43523200 		.ascii	"CR2\000"
 1014 06d5 0C       		.byte	0xc
 1015 06d6 A502     		.2byte	0x2a5
 1016 06d8 4C060000 		.4byte	0x64c
 1017 06dc 02       		.byte	0x2
 1018 06dd 23       		.byte	0x23
 1019 06de 10       		.uleb128 0x10
 1020 06df 16       		.uleb128 0x16
 1021 06e0 EE020000 		.4byte	.LASF82
 1022 06e4 0C       		.byte	0xc
ARM GAS  /tmp/ccDceIGo.s 			page 19


 1023 06e5 A602     		.2byte	0x2a6
 1024 06e7 62000000 		.4byte	0x62
 1025 06eb 02       		.byte	0x2
 1026 06ec 23       		.byte	0x23
 1027 06ed 12       		.uleb128 0x12
 1028 06ee 0B       		.uleb128 0xb
 1029 06ef 43523300 		.ascii	"CR3\000"
 1030 06f3 0C       		.byte	0xc
 1031 06f4 A702     		.2byte	0x2a7
 1032 06f6 4C060000 		.4byte	0x64c
 1033 06fa 02       		.byte	0x2
 1034 06fb 23       		.byte	0x23
 1035 06fc 14       		.uleb128 0x14
 1036 06fd 16       		.uleb128 0x16
 1037 06fe 99030000 		.4byte	.LASF83
 1038 0702 0C       		.byte	0xc
 1039 0703 A802     		.2byte	0x2a8
 1040 0705 62000000 		.4byte	0x62
 1041 0709 02       		.byte	0x2
 1042 070a 23       		.byte	0x23
 1043 070b 16       		.uleb128 0x16
 1044 070c 16       		.uleb128 0x16
 1045 070d CF000000 		.4byte	.LASF84
 1046 0711 0C       		.byte	0xc
 1047 0712 A902     		.2byte	0x2a9
 1048 0714 4C060000 		.4byte	0x64c
 1049 0718 02       		.byte	0x2
 1050 0719 23       		.byte	0x23
 1051 071a 18       		.uleb128 0x18
 1052 071b 16       		.uleb128 0x16
 1053 071c FF020000 		.4byte	.LASF85
 1054 0720 0C       		.byte	0xc
 1055 0721 AA02     		.2byte	0x2aa
 1056 0723 62000000 		.4byte	0x62
 1057 0727 02       		.byte	0x2
 1058 0728 23       		.byte	0x23
 1059 0729 1A       		.uleb128 0x1a
 1060 072a 00       		.byte	0
 1061 072b 14       		.uleb128 0x14
 1062 072c D3010000 		.4byte	.LASF86
 1063 0730 0C       		.byte	0xc
 1064 0731 AB02     		.2byte	0x2ab
 1065 0733 51060000 		.4byte	0x651
 1066 0737 08       		.uleb128 0x8
 1067 0738 04       		.byte	0x4
 1068 0739 0D       		.byte	0xd
 1069 073a 9D       		.byte	0x9d
 1070 073b 5C070000 		.4byte	0x75c
 1071 073f 07       		.uleb128 0x7
 1072 0740 73657400 		.ascii	"set\000"
 1073 0744 0D       		.byte	0xd
 1074 0745 9E       		.byte	0x9e
 1075 0746 62000000 		.4byte	0x62
 1076 074a 02       		.byte	0x2
 1077 074b 23       		.byte	0x23
 1078 074c 00       		.uleb128 0
 1079 074d 06       		.uleb128 0x6
ARM GAS  /tmp/ccDceIGo.s 			page 20


 1080 074e 56020000 		.4byte	.LASF87
 1081 0752 0D       		.byte	0xd
 1082 0753 9F       		.byte	0x9f
 1083 0754 62000000 		.4byte	0x62
 1084 0758 02       		.byte	0x2
 1085 0759 23       		.byte	0x23
 1086 075a 02       		.uleb128 0x2
 1087 075b 00       		.byte	0
 1088 075c 0E       		.uleb128 0xe
 1089 075d 04       		.byte	0x4
 1090 075e 0D       		.byte	0xd
 1091 075f 9B       		.byte	0x9b
 1092 0760 77070000 		.4byte	0x777
 1093 0764 17       		.uleb128 0x17
 1094 0765 5700     		.ascii	"W\000"
 1095 0767 0D       		.byte	0xd
 1096 0768 9C       		.byte	0x9c
 1097 0769 86000000 		.4byte	0x86
 1098 076d 17       		.uleb128 0x17
 1099 076e 4800     		.ascii	"H\000"
 1100 0770 0D       		.byte	0xd
 1101 0771 A0       		.byte	0xa0
 1102 0772 37070000 		.4byte	0x737
 1103 0776 00       		.byte	0
 1104 0777 08       		.uleb128 0x8
 1105 0778 28       		.byte	0x28
 1106 0779 0D       		.byte	0xd
 1107 077a 93       		.byte	0x93
 1108 077b 0C080000 		.4byte	0x80c
 1109 077f 06       		.uleb128 0x6
 1110 0780 48000000 		.4byte	.LASF88
 1111 0784 0D       		.byte	0xd
 1112 0785 95       		.byte	0x95
 1113 0786 56030000 		.4byte	0x356
 1114 078a 02       		.byte	0x2
 1115 078b 23       		.byte	0x23
 1116 078c 00       		.uleb128 0
 1117 078d 06       		.uleb128 0x6
 1118 078e 34000000 		.4byte	.LASF89
 1119 0792 0D       		.byte	0xd
 1120 0793 96       		.byte	0x96
 1121 0794 56030000 		.4byte	0x356
 1122 0798 02       		.byte	0x2
 1123 0799 23       		.byte	0x23
 1124 079a 04       		.uleb128 0x4
 1125 079b 06       		.uleb128 0x6
 1126 079c 38010000 		.4byte	.LASF90
 1127 07a0 0D       		.byte	0xd
 1128 07a1 97       		.byte	0x97
 1129 07a2 56030000 		.4byte	0x356
 1130 07a6 02       		.byte	0x2
 1131 07a7 23       		.byte	0x23
 1132 07a8 08       		.uleb128 0x8
 1133 07a9 06       		.uleb128 0x6
 1134 07aa 73000000 		.4byte	.LASF91
 1135 07ae 0D       		.byte	0xd
 1136 07af 98       		.byte	0x98
ARM GAS  /tmp/ccDceIGo.s 			page 21


 1137 07b0 56030000 		.4byte	0x356
 1138 07b4 02       		.byte	0x2
 1139 07b5 23       		.byte	0x23
 1140 07b6 0C       		.uleb128 0xc
 1141 07b7 07       		.uleb128 0x7
 1142 07b8 49445200 		.ascii	"IDR\000"
 1143 07bc 0D       		.byte	0xd
 1144 07bd 99       		.byte	0x99
 1145 07be 56030000 		.4byte	0x356
 1146 07c2 02       		.byte	0x2
 1147 07c3 23       		.byte	0x23
 1148 07c4 10       		.uleb128 0x10
 1149 07c5 07       		.uleb128 0x7
 1150 07c6 4F445200 		.ascii	"ODR\000"
 1151 07ca 0D       		.byte	0xd
 1152 07cb 9A       		.byte	0x9a
 1153 07cc 56030000 		.4byte	0x356
 1154 07d0 02       		.byte	0x2
 1155 07d1 23       		.byte	0x23
 1156 07d2 14       		.uleb128 0x14
 1157 07d3 06       		.uleb128 0x6
 1158 07d4 C0000000 		.4byte	.LASF92
 1159 07d8 0D       		.byte	0xd
 1160 07d9 A1       		.byte	0xa1
 1161 07da 0C080000 		.4byte	0x80c
 1162 07de 02       		.byte	0x2
 1163 07df 23       		.byte	0x23
 1164 07e0 18       		.uleb128 0x18
 1165 07e1 06       		.uleb128 0x6
 1166 07e2 A8010000 		.4byte	.LASF93
 1167 07e6 0D       		.byte	0xd
 1168 07e7 A2       		.byte	0xa2
 1169 07e8 56030000 		.4byte	0x356
 1170 07ec 02       		.byte	0x2
 1171 07ed 23       		.byte	0x23
 1172 07ee 1C       		.uleb128 0x1c
 1173 07ef 06       		.uleb128 0x6
 1174 07f0 B9020000 		.4byte	.LASF94
 1175 07f4 0D       		.byte	0xd
 1176 07f5 A3       		.byte	0xa3
 1177 07f6 56030000 		.4byte	0x356
 1178 07fa 02       		.byte	0x2
 1179 07fb 23       		.byte	0x23
 1180 07fc 20       		.uleb128 0x20
 1181 07fd 06       		.uleb128 0x6
 1182 07fe B4020000 		.4byte	.LASF95
 1183 0802 0D       		.byte	0xd
 1184 0803 A4       		.byte	0xa4
 1185 0804 56030000 		.4byte	0x356
 1186 0808 02       		.byte	0x2
 1187 0809 23       		.byte	0x23
 1188 080a 24       		.uleb128 0x24
 1189 080b 00       		.byte	0
 1190 080c 0D       		.uleb128 0xd
 1191 080d 5C070000 		.4byte	0x75c
 1192 0811 03       		.uleb128 0x3
 1193 0812 93010000 		.4byte	.LASF96
ARM GAS  /tmp/ccDceIGo.s 			page 22


 1194 0816 0D       		.byte	0xd
 1195 0817 A5       		.byte	0xa5
 1196 0818 77070000 		.4byte	0x777
 1197 081c 03       		.uleb128 0x3
 1198 081d 3B000000 		.4byte	.LASF97
 1199 0821 0D       		.byte	0xd
 1200 0822 EF       		.byte	0xef
 1201 0823 86000000 		.4byte	0x86
 1202 0827 03       		.uleb128 0x3
 1203 0828 03050000 		.4byte	.LASF98
 1204 082c 0D       		.byte	0xd
 1205 082d F4       		.byte	0xf4
 1206 082e 86000000 		.4byte	0x86
 1207 0832 03       		.uleb128 0x3
 1208 0833 49040000 		.4byte	.LASF99
 1209 0837 0D       		.byte	0xd
 1210 0838 FC       		.byte	0xfc
 1211 0839 3D080000 		.4byte	0x83d
 1212 083d 09       		.uleb128 0x9
 1213 083e 04       		.byte	0x4
 1214 083f 11080000 		.4byte	0x811
 1215 0843 18       		.uleb128 0x18
 1216 0844 01       		.byte	0x1
 1217 0845 0E       		.byte	0xe
 1218 0846 64       		.byte	0x64
 1219 0847 5E080000 		.4byte	0x85e
 1220 084b 19       		.uleb128 0x19
 1221 084c 8F030000 		.4byte	.LASF100
 1222 0850 00       		.sleb128 0
 1223 0851 19       		.uleb128 0x19
 1224 0852 75030000 		.4byte	.LASF101
 1225 0856 01       		.sleb128 1
 1226 0857 19       		.uleb128 0x19
 1227 0858 82040000 		.4byte	.LASF102
 1228 085c 02       		.sleb128 2
 1229 085d 00       		.byte	0
 1230 085e 03       		.uleb128 0x3
 1231 085f AD030000 		.4byte	.LASF103
 1232 0863 0E       		.byte	0xe
 1233 0864 68       		.byte	0x68
 1234 0865 43080000 		.4byte	0x843
 1235 0869 03       		.uleb128 0x3
 1236 086a B7030000 		.4byte	.LASF104
 1237 086e 0E       		.byte	0xe
 1238 086f 6D       		.byte	0x6d
 1239 0870 74080000 		.4byte	0x874
 1240 0874 05       		.uleb128 0x5
 1241 0875 B7030000 		.4byte	.LASF104
 1242 0879 D4       		.byte	0xd4
 1243 087a 0E       		.byte	0xe
 1244 087b 87       		.byte	0x87
 1245 087c FF080000 		.4byte	0x8ff
 1246 0880 07       		.uleb128 0x7
 1247 0881 766D7400 		.ascii	"vmt\000"
 1248 0885 0E       		.byte	0xe
 1249 0886 89       		.byte	0x89
 1250 0887 D6090000 		.4byte	0x9d6
ARM GAS  /tmp/ccDceIGo.s 			page 23


 1251 088b 02       		.byte	0x2
 1252 088c 23       		.byte	0x23
 1253 088d 00       		.uleb128 0
 1254 088e 06       		.uleb128 0x6
 1255 088f AD010000 		.4byte	.LASF105
 1256 0893 0E       		.byte	0xe
 1257 0894 8A       		.byte	0x8a
 1258 0895 12040000 		.4byte	0x412
 1259 0899 02       		.byte	0x2
 1260 089a 23       		.byte	0x23
 1261 089b 04       		.uleb128 0x4
 1262 089c 06       		.uleb128 0x6
 1263 089d C0040000 		.4byte	.LASF106
 1264 08a1 0E       		.byte	0xe
 1265 08a2 8A       		.byte	0x8a
 1266 08a3 2A060000 		.4byte	0x62a
 1267 08a7 02       		.byte	0x2
 1268 08a8 23       		.byte	0x23
 1269 08a9 08       		.uleb128 0x8
 1270 08aa 06       		.uleb128 0x6
 1271 08ab EB000000 		.4byte	.LASF107
 1272 08af 0E       		.byte	0xe
 1273 08b0 8A       		.byte	0x8a
 1274 08b1 5E080000 		.4byte	0x85e
 1275 08b5 02       		.byte	0x2
 1276 08b6 23       		.byte	0x23
 1277 08b7 0C       		.uleb128 0xc
 1278 08b8 06       		.uleb128 0x6
 1279 08b9 81010000 		.4byte	.LASF108
 1280 08bd 0E       		.byte	0xe
 1281 08be 8A       		.byte	0x8a
 1282 08bf 2E050000 		.4byte	0x52e
 1283 08c3 02       		.byte	0x2
 1284 08c4 23       		.byte	0x23
 1285 08c5 10       		.uleb128 0x10
 1286 08c6 06       		.uleb128 0x6
 1287 08c7 CC010000 		.4byte	.LASF109
 1288 08cb 0E       		.byte	0xe
 1289 08cc 8A       		.byte	0x8a
 1290 08cd 39050000 		.4byte	0x539
 1291 08d1 02       		.byte	0x2
 1292 08d2 23       		.byte	0x23
 1293 08d3 30       		.uleb128 0x30
 1294 08d4 07       		.uleb128 0x7
 1295 08d5 696200   		.ascii	"ib\000"
 1296 08d8 0E       		.byte	0xe
 1297 08d9 8A       		.byte	0x8a
 1298 08da E1090000 		.4byte	0x9e1
 1299 08de 02       		.byte	0x2
 1300 08df 23       		.byte	0x23
 1301 08e0 50       		.uleb128 0x50
 1302 08e1 07       		.uleb128 0x7
 1303 08e2 6F6200   		.ascii	"ob\000"
 1304 08e5 0E       		.byte	0xe
 1305 08e6 8A       		.byte	0x8a
 1306 08e7 E1090000 		.4byte	0x9e1
 1307 08eb 03       		.byte	0x3
ARM GAS  /tmp/ccDceIGo.s 			page 24


 1308 08ec 23       		.byte	0x23
 1309 08ed 9001     		.uleb128 0x90
 1310 08ef 06       		.uleb128 0x6
 1311 08f0 55010000 		.4byte	.LASF110
 1312 08f4 0E       		.byte	0xe
 1313 08f5 8A       		.byte	0x8a
 1314 08f6 F1090000 		.4byte	0x9f1
 1315 08fa 03       		.byte	0x3
 1316 08fb 23       		.byte	0x23
 1317 08fc D001     		.uleb128 0xd0
 1318 08fe 00       		.byte	0
 1319 08ff 08       		.uleb128 0x8
 1320 0900 0C       		.byte	0xc
 1321 0901 0F       		.byte	0xf
 1322 0902 C4       		.byte	0xc4
 1323 0903 40090000 		.4byte	0x940
 1324 0907 06       		.uleb128 0x6
 1325 0908 08000000 		.4byte	.LASF111
 1326 090c 0F       		.byte	0xf
 1327 090d C8       		.byte	0xc8
 1328 090e 86000000 		.4byte	0x86
 1329 0912 02       		.byte	0x2
 1330 0913 23       		.byte	0x23
 1331 0914 00       		.uleb128 0
 1332 0915 06       		.uleb128 0x6
 1333 0916 E9040000 		.4byte	.LASF112
 1334 091a 0F       		.byte	0xf
 1335 091b CC       		.byte	0xcc
 1336 091c 62000000 		.4byte	0x62
 1337 0920 02       		.byte	0x2
 1338 0921 23       		.byte	0x23
 1339 0922 04       		.uleb128 0x4
 1340 0923 06       		.uleb128 0x6
 1341 0924 F0040000 		.4byte	.LASF113
 1342 0928 0F       		.byte	0xf
 1343 0929 D0       		.byte	0xd0
 1344 092a 62000000 		.4byte	0x62
 1345 092e 02       		.byte	0x2
 1346 092f 23       		.byte	0x23
 1347 0930 06       		.uleb128 0x6
 1348 0931 06       		.uleb128 0x6
 1349 0932 F7040000 		.4byte	.LASF114
 1350 0936 0F       		.byte	0xf
 1351 0937 D4       		.byte	0xd4
 1352 0938 62000000 		.4byte	0x62
 1353 093c 02       		.byte	0x2
 1354 093d 23       		.byte	0x23
 1355 093e 08       		.uleb128 0x8
 1356 093f 00       		.byte	0
 1357 0940 03       		.uleb128 0x3
 1358 0941 A7020000 		.4byte	.LASF115
 1359 0945 0F       		.byte	0xf
 1360 0946 D5       		.byte	0xd5
 1361 0947 FF080000 		.4byte	0x8ff
 1362 094b 05       		.uleb128 0x5
 1363 094c 71010000 		.4byte	.LASF116
 1364 0950 24       		.byte	0x24
ARM GAS  /tmp/ccDceIGo.s 			page 25


 1365 0951 0E       		.byte	0xe
 1366 0952 7C       		.byte	0x7c
 1367 0953 D6090000 		.4byte	0x9d6
 1368 0957 06       		.uleb128 0x6
 1369 0958 47020000 		.4byte	.LASF117
 1370 095c 0E       		.byte	0xe
 1371 095d 7D       		.byte	0x7d
 1372 095e 69050000 		.4byte	0x569
 1373 0962 02       		.byte	0x2
 1374 0963 23       		.byte	0x23
 1375 0964 00       		.uleb128 0
 1376 0965 06       		.uleb128 0x6
 1377 0966 D6030000 		.4byte	.LASF118
 1378 096a 0E       		.byte	0xe
 1379 096b 7D       		.byte	0x7d
 1380 096c 89050000 		.4byte	0x589
 1381 0970 02       		.byte	0x2
 1382 0971 23       		.byte	0x23
 1383 0972 04       		.uleb128 0x4
 1384 0973 06       		.uleb128 0x6
 1385 0974 2A010000 		.4byte	.LASF119
 1386 0978 0E       		.byte	0xe
 1387 0979 7D       		.byte	0x7d
 1388 097a 9F050000 		.4byte	0x59f
 1389 097e 02       		.byte	0x2
 1390 097f 23       		.byte	0x23
 1391 0980 08       		.uleb128 0x8
 1392 0981 06       		.uleb128 0x6
 1393 0982 DB040000 		.4byte	.LASF120
 1394 0986 0E       		.byte	0xe
 1395 0987 7D       		.byte	0x7d
 1396 0988 9F050000 		.4byte	0x59f
 1397 098c 02       		.byte	0x2
 1398 098d 23       		.byte	0x23
 1399 098e 0C       		.uleb128 0xc
 1400 098f 07       		.uleb128 0x7
 1401 0990 70757400 		.ascii	"put\000"
 1402 0994 0E       		.byte	0xe
 1403 0995 7D       		.byte	0x7d
 1404 0996 BF050000 		.4byte	0x5bf
 1405 099a 02       		.byte	0x2
 1406 099b 23       		.byte	0x23
 1407 099c 10       		.uleb128 0x10
 1408 099d 07       		.uleb128 0x7
 1409 099e 67657400 		.ascii	"get\000"
 1410 09a2 0E       		.byte	0xe
 1411 09a3 7D       		.byte	0x7d
 1412 09a4 DA050000 		.4byte	0x5da
 1413 09a8 02       		.byte	0x2
 1414 09a9 23       		.byte	0x23
 1415 09aa 14       		.uleb128 0x14
 1416 09ab 06       		.uleb128 0x6
 1417 09ac E1010000 		.4byte	.LASF121
 1418 09b0 0E       		.byte	0xe
 1419 09b1 7D       		.byte	0x7d
 1420 09b2 FF050000 		.4byte	0x5ff
 1421 09b6 02       		.byte	0x2
ARM GAS  /tmp/ccDceIGo.s 			page 26


 1422 09b7 23       		.byte	0x23
 1423 09b8 18       		.uleb128 0x18
 1424 09b9 06       		.uleb128 0x6
 1425 09ba 96000000 		.4byte	.LASF122
 1426 09be 0E       		.byte	0xe
 1427 09bf 7D       		.byte	0x7d
 1428 09c0 24060000 		.4byte	0x624
 1429 09c4 02       		.byte	0x2
 1430 09c5 23       		.byte	0x23
 1431 09c6 1C       		.uleb128 0x1c
 1432 09c7 06       		.uleb128 0x6
 1433 09c8 54040000 		.4byte	.LASF123
 1434 09cc 0E       		.byte	0xe
 1435 09cd 7D       		.byte	0x7d
 1436 09ce 46060000 		.4byte	0x646
 1437 09d2 02       		.byte	0x2
 1438 09d3 23       		.byte	0x23
 1439 09d4 20       		.uleb128 0x20
 1440 09d5 00       		.byte	0
 1441 09d6 09       		.uleb128 0x9
 1442 09d7 04       		.byte	0x4
 1443 09d8 DC090000 		.4byte	0x9dc
 1444 09dc 10       		.uleb128 0x10
 1445 09dd 4B090000 		.4byte	0x94b
 1446 09e1 1A       		.uleb128 0x1a
 1447 09e2 49000000 		.4byte	0x49
 1448 09e6 F1090000 		.4byte	0x9f1
 1449 09ea 1B       		.uleb128 0x1b
 1450 09eb 5B030000 		.4byte	0x35b
 1451 09ef 3F       		.byte	0x3f
 1452 09f0 00       		.byte	0
 1453 09f1 09       		.uleb128 0x9
 1454 09f2 04       		.byte	0x4
 1455 09f3 2B070000 		.4byte	0x72b
 1456 09f7 1C       		.uleb128 0x1c
 1457 09f8 01       		.byte	0x1
 1458 09f9 FE040000 		.4byte	.LASF133
 1459 09fd 01       		.byte	0x1
 1460 09fe 33       		.byte	0x33
 1461 09ff 01       		.byte	0x1
 1462 0a00 29000000 		.4byte	0x29
 1463 0a04 00000000 		.4byte	.LFB62
 1464 0a08 60000000 		.4byte	.LFE62
 1465 0a0c 00000000 		.4byte	.LLST0
 1466 0a10 01       		.byte	0x1
 1467 0a11 AE0A0000 		.4byte	0xaae
 1468 0a15 1D       		.uleb128 0x1d
 1469 0a16 08000000 		.4byte	.LVL0
 1470 0a1a F10A0000 		.4byte	0xaf1
 1471 0a1e 1D       		.uleb128 0x1d
 1472 0a1f 0C000000 		.4byte	.LVL1
 1473 0a23 FB0A0000 		.4byte	0xafb
 1474 0a27 1E       		.uleb128 0x1e
 1475 0a28 14000000 		.4byte	.LVL2
 1476 0a2c 050B0000 		.4byte	0xb05
 1477 0a30 3A0A0000 		.4byte	0xa3a
 1478 0a34 1F       		.uleb128 0x1f
ARM GAS  /tmp/ccDceIGo.s 			page 27


 1479 0a35 01       		.byte	0x1
 1480 0a36 51       		.byte	0x51
 1481 0a37 01       		.byte	0x1
 1482 0a38 30       		.byte	0x30
 1483 0a39 00       		.byte	0
 1484 0a3a 1E       		.uleb128 0x1e
 1485 0a3b 26000000 		.4byte	.LVL3
 1486 0a3f 300B0000 		.4byte	0xb30
 1487 0a43 560A0000 		.4byte	0xa56
 1488 0a47 1F       		.uleb128 0x1f
 1489 0a48 01       		.byte	0x1
 1490 0a49 52       		.byte	0x52
 1491 0a4a 03       		.byte	0x3
 1492 0a4b 0A       		.byte	0xa
 1493 0a4c 8203     		.2byte	0x382
 1494 0a4e 1F       		.uleb128 0x1f
 1495 0a4f 01       		.byte	0x1
 1496 0a50 51       		.byte	0x51
 1497 0a51 03       		.byte	0x3
 1498 0a52 0A       		.byte	0xa
 1499 0a53 0002     		.2byte	0x200
 1500 0a55 00       		.byte	0
 1501 0a56 1E       		.uleb128 0x1e
 1502 0a57 38000000 		.4byte	.LVL4
 1503 0a5b 300B0000 		.4byte	0xb30
 1504 0a5f 720A0000 		.4byte	0xa72
 1505 0a63 1F       		.uleb128 0x1f
 1506 0a64 01       		.byte	0x1
 1507 0a65 52       		.byte	0x52
 1508 0a66 03       		.byte	0x3
 1509 0a67 0A       		.byte	0xa
 1510 0a68 8203     		.2byte	0x382
 1511 0a6a 1F       		.uleb128 0x1f
 1512 0a6b 01       		.byte	0x1
 1513 0a6c 51       		.byte	0x51
 1514 0a6d 03       		.byte	0x3
 1515 0a6e 0A       		.byte	0xa
 1516 0a6f 0004     		.2byte	0x400
 1517 0a71 00       		.byte	0
 1518 0a72 1E       		.uleb128 0x1e
 1519 0a73 4A000000 		.4byte	.LVL5
 1520 0a77 4F0B0000 		.4byte	0xb4f
 1521 0a7b 9C0A0000 		.4byte	0xa9c
 1522 0a7f 1F       		.uleb128 0x1f
 1523 0a80 01       		.byte	0x1
 1524 0a81 52       		.byte	0x52
 1525 0a82 02       		.byte	0x2
 1526 0a83 08       		.byte	0x8
 1527 0a84 7F       		.byte	0x7f
 1528 0a85 1F       		.uleb128 0x1f
 1529 0a86 01       		.byte	0x1
 1530 0a87 51       		.byte	0x51
 1531 0a88 03       		.byte	0x3
 1532 0a89 0A       		.byte	0xa
 1533 0a8a B02C     		.2byte	0x2cb0
 1534 0a8c 1F       		.uleb128 0x1f
 1535 0a8d 01       		.byte	0x1
ARM GAS  /tmp/ccDceIGo.s 			page 28


 1536 0a8e 50       		.byte	0x50
 1537 0a8f 05       		.byte	0x5
 1538 0a90 03       		.byte	0x3
 1539 0a91 00000000 		.4byte	.LANCHOR0
 1540 0a95 1F       		.uleb128 0x1f
 1541 0a96 02       		.byte	0x2
 1542 0a97 7D       		.byte	0x7d
 1543 0a98 00       		.sleb128 0
 1544 0a99 01       		.byte	0x1
 1545 0a9a 30       		.byte	0x30
 1546 0a9b 00       		.byte	0
 1547 0a9c 20       		.uleb128 0x20
 1548 0a9d 52000000 		.4byte	.LVL6
 1549 0aa1 7C0B0000 		.4byte	0xb7c
 1550 0aa5 1F       		.uleb128 0x1f
 1551 0aa6 01       		.byte	0x1
 1552 0aa7 50       		.byte	0x50
 1553 0aa8 03       		.byte	0x3
 1554 0aa9 0A       		.byte	0xa
 1555 0aaa F401     		.2byte	0x1f4
 1556 0aac 00       		.byte	0
 1557 0aad 00       		.byte	0
 1558 0aae 21       		.uleb128 0x21
 1559 0aaf 82000000 		.4byte	.LASF124
 1560 0ab3 10       		.byte	0x10
 1561 0ab4 9404     		.2byte	0x494
 1562 0ab6 BC0A0000 		.4byte	0xabc
 1563 0aba 01       		.byte	0x1
 1564 0abb 01       		.byte	0x1
 1565 0abc 0D       		.uleb128 0xd
 1566 0abd 74000000 		.4byte	0x74
 1567 0ac1 22       		.uleb128 0x22
 1568 0ac2 53443100 		.ascii	"SD1\000"
 1569 0ac6 0F       		.byte	0xf
 1570 0ac7 FB       		.byte	0xfb
 1571 0ac8 69080000 		.4byte	0x869
 1572 0acc 01       		.byte	0x1
 1573 0acd 01       		.byte	0x1
 1574 0ace 1A       		.uleb128 0x1a
 1575 0acf 9B020000 		.4byte	0x29b
 1576 0ad3 DF0A0000 		.4byte	0xadf
 1577 0ad7 23       		.uleb128 0x23
 1578 0ad8 5B030000 		.4byte	0x35b
 1579 0adc 9505     		.2byte	0x595
 1580 0ade 00       		.byte	0
 1581 0adf 24       		.uleb128 0x24
 1582 0ae0 1D040000 		.4byte	.LASF125
 1583 0ae4 01       		.byte	0x1
 1584 0ae5 2E       		.byte	0x2e
 1585 0ae6 CE0A0000 		.4byte	0xace
 1586 0aea 01       		.byte	0x1
 1587 0aeb 05       		.byte	0x5
 1588 0aec 03       		.byte	0x3
 1589 0aed 00000000 		.4byte	waCamera_Thread
 1590 0af1 25       		.uleb128 0x25
 1591 0af2 01       		.byte	0x1
 1592 0af3 A0010000 		.4byte	.LASF126
ARM GAS  /tmp/ccDceIGo.s 			page 29


 1593 0af7 11       		.byte	0x11
 1594 0af8 A4       		.byte	0xa4
 1595 0af9 01       		.byte	0x1
 1596 0afa 01       		.byte	0x1
 1597 0afb 25       		.uleb128 0x25
 1598 0afc 01       		.byte	0x1
 1599 0afd C5000000 		.4byte	.LASF127
 1600 0b01 12       		.byte	0x12
 1601 0b02 F6       		.byte	0xf6
 1602 0b03 01       		.byte	0x1
 1603 0b04 01       		.byte	0x1
 1604 0b05 26       		.uleb128 0x26
 1605 0b06 01       		.byte	0x1
 1606 0b07 15040000 		.4byte	.LASF128
 1607 0b0b 0E       		.byte	0xe
 1608 0b0c 3901     		.2byte	0x139
 1609 0b0e 01       		.byte	0x1
 1610 0b0f 01       		.byte	0x1
 1611 0b10 1F0B0000 		.4byte	0xb1f
 1612 0b14 12       		.uleb128 0x12
 1613 0b15 1F0B0000 		.4byte	0xb1f
 1614 0b19 12       		.uleb128 0x12
 1615 0b1a 250B0000 		.4byte	0xb25
 1616 0b1e 00       		.byte	0
 1617 0b1f 09       		.uleb128 0x9
 1618 0b20 04       		.byte	0x4
 1619 0b21 69080000 		.4byte	0x869
 1620 0b25 09       		.uleb128 0x9
 1621 0b26 04       		.byte	0x4
 1622 0b27 2B0B0000 		.4byte	0xb2b
 1623 0b2b 10       		.uleb128 0x10
 1624 0b2c 40090000 		.4byte	0x940
 1625 0b30 26       		.uleb128 0x26
 1626 0b31 01       		.byte	0x1
 1627 0b32 65040000 		.4byte	.LASF129
 1628 0b36 0D       		.byte	0xd
 1629 0b37 C101     		.2byte	0x1c1
 1630 0b39 01       		.byte	0x1
 1631 0b3a 01       		.byte	0x1
 1632 0b3b 4F0B0000 		.4byte	0xb4f
 1633 0b3f 12       		.uleb128 0x12
 1634 0b40 32080000 		.4byte	0x832
 1635 0b44 12       		.uleb128 0x12
 1636 0b45 1C080000 		.4byte	0x81c
 1637 0b49 12       		.uleb128 0x12
 1638 0b4a 27080000 		.4byte	0x827
 1639 0b4e 00       		.byte	0
 1640 0b4f 27       		.uleb128 0x27
 1641 0b50 01       		.byte	0x1
 1642 0b51 35020000 		.4byte	.LASF134
 1643 0b55 06       		.byte	0x6
 1644 0b56 6401     		.2byte	0x164
 1645 0b58 01       		.byte	0x1
 1646 0b59 5B020000 		.4byte	0x25b
 1647 0b5d 01       		.byte	0x1
 1648 0b5e 7C0B0000 		.4byte	0xb7c
 1649 0b62 12       		.uleb128 0x12
ARM GAS  /tmp/ccDceIGo.s 			page 30


 1650 0b63 99020000 		.4byte	0x299
 1651 0b67 12       		.uleb128 0x12
 1652 0b68 30000000 		.4byte	0x30
 1653 0b6c 12       		.uleb128 0x12
 1654 0b6d E8000000 		.4byte	0xe8
 1655 0b71 12       		.uleb128 0x12
 1656 0b72 6A040000 		.4byte	0x46a
 1657 0b76 12       		.uleb128 0x12
 1658 0b77 99020000 		.4byte	0x299
 1659 0b7b 00       		.byte	0
 1660 0b7c 28       		.uleb128 0x28
 1661 0b7d 01       		.byte	0x1
 1662 0b7e 9C020000 		.4byte	.LASF135
 1663 0b82 06       		.byte	0x6
 1664 0b83 6901     		.2byte	0x169
 1665 0b85 01       		.byte	0x1
 1666 0b86 01       		.byte	0x1
 1667 0b87 12       		.uleb128 0x12
 1668 0b88 09010000 		.4byte	0x109
 1669 0b8c 00       		.byte	0
 1670 0b8d 00       		.byte	0
 1671              		.section	.debug_abbrev,"",%progbits
 1672              	.Ldebug_abbrev0:
 1673 0000 01       		.uleb128 0x1
 1674 0001 11       		.uleb128 0x11
 1675 0002 01       		.byte	0x1
 1676 0003 25       		.uleb128 0x25
 1677 0004 0E       		.uleb128 0xe
 1678 0005 13       		.uleb128 0x13
 1679 0006 0B       		.uleb128 0xb
 1680 0007 03       		.uleb128 0x3
 1681 0008 0E       		.uleb128 0xe
 1682 0009 1B       		.uleb128 0x1b
 1683 000a 0E       		.uleb128 0xe
 1684 000b 55       		.uleb128 0x55
 1685 000c 06       		.uleb128 0x6
 1686 000d 11       		.uleb128 0x11
 1687 000e 01       		.uleb128 0x1
 1688 000f 52       		.uleb128 0x52
 1689 0010 01       		.uleb128 0x1
 1690 0011 10       		.uleb128 0x10
 1691 0012 06       		.uleb128 0x6
 1692 0013 00       		.byte	0
 1693 0014 00       		.byte	0
 1694 0015 02       		.uleb128 0x2
 1695 0016 24       		.uleb128 0x24
 1696 0017 00       		.byte	0
 1697 0018 0B       		.uleb128 0xb
 1698 0019 0B       		.uleb128 0xb
 1699 001a 3E       		.uleb128 0x3e
 1700 001b 0B       		.uleb128 0xb
 1701 001c 03       		.uleb128 0x3
 1702 001d 08       		.uleb128 0x8
 1703 001e 00       		.byte	0
 1704 001f 00       		.byte	0
 1705 0020 03       		.uleb128 0x3
 1706 0021 16       		.uleb128 0x16
ARM GAS  /tmp/ccDceIGo.s 			page 31


 1707 0022 00       		.byte	0
 1708 0023 03       		.uleb128 0x3
 1709 0024 0E       		.uleb128 0xe
 1710 0025 3A       		.uleb128 0x3a
 1711 0026 0B       		.uleb128 0xb
 1712 0027 3B       		.uleb128 0x3b
 1713 0028 0B       		.uleb128 0xb
 1714 0029 49       		.uleb128 0x49
 1715 002a 13       		.uleb128 0x13
 1716 002b 00       		.byte	0
 1717 002c 00       		.byte	0
 1718 002d 04       		.uleb128 0x4
 1719 002e 24       		.uleb128 0x24
 1720 002f 00       		.byte	0
 1721 0030 0B       		.uleb128 0xb
 1722 0031 0B       		.uleb128 0xb
 1723 0032 3E       		.uleb128 0x3e
 1724 0033 0B       		.uleb128 0xb
 1725 0034 03       		.uleb128 0x3
 1726 0035 0E       		.uleb128 0xe
 1727 0036 00       		.byte	0
 1728 0037 00       		.byte	0
 1729 0038 05       		.uleb128 0x5
 1730 0039 13       		.uleb128 0x13
 1731 003a 01       		.byte	0x1
 1732 003b 03       		.uleb128 0x3
 1733 003c 0E       		.uleb128 0xe
 1734 003d 0B       		.uleb128 0xb
 1735 003e 0B       		.uleb128 0xb
 1736 003f 3A       		.uleb128 0x3a
 1737 0040 0B       		.uleb128 0xb
 1738 0041 3B       		.uleb128 0x3b
 1739 0042 0B       		.uleb128 0xb
 1740 0043 01       		.uleb128 0x1
 1741 0044 13       		.uleb128 0x13
 1742 0045 00       		.byte	0
 1743 0046 00       		.byte	0
 1744 0047 06       		.uleb128 0x6
 1745 0048 0D       		.uleb128 0xd
 1746 0049 00       		.byte	0
 1747 004a 03       		.uleb128 0x3
 1748 004b 0E       		.uleb128 0xe
 1749 004c 3A       		.uleb128 0x3a
 1750 004d 0B       		.uleb128 0xb
 1751 004e 3B       		.uleb128 0x3b
 1752 004f 0B       		.uleb128 0xb
 1753 0050 49       		.uleb128 0x49
 1754 0051 13       		.uleb128 0x13
 1755 0052 38       		.uleb128 0x38
 1756 0053 0A       		.uleb128 0xa
 1757 0054 00       		.byte	0
 1758 0055 00       		.byte	0
 1759 0056 07       		.uleb128 0x7
 1760 0057 0D       		.uleb128 0xd
 1761 0058 00       		.byte	0
 1762 0059 03       		.uleb128 0x3
 1763 005a 08       		.uleb128 0x8
ARM GAS  /tmp/ccDceIGo.s 			page 32


 1764 005b 3A       		.uleb128 0x3a
 1765 005c 0B       		.uleb128 0xb
 1766 005d 3B       		.uleb128 0x3b
 1767 005e 0B       		.uleb128 0xb
 1768 005f 49       		.uleb128 0x49
 1769 0060 13       		.uleb128 0x13
 1770 0061 38       		.uleb128 0x38
 1771 0062 0A       		.uleb128 0xa
 1772 0063 00       		.byte	0
 1773 0064 00       		.byte	0
 1774 0065 08       		.uleb128 0x8
 1775 0066 13       		.uleb128 0x13
 1776 0067 01       		.byte	0x1
 1777 0068 0B       		.uleb128 0xb
 1778 0069 0B       		.uleb128 0xb
 1779 006a 3A       		.uleb128 0x3a
 1780 006b 0B       		.uleb128 0xb
 1781 006c 3B       		.uleb128 0x3b
 1782 006d 0B       		.uleb128 0xb
 1783 006e 01       		.uleb128 0x1
 1784 006f 13       		.uleb128 0x13
 1785 0070 00       		.byte	0
 1786 0071 00       		.byte	0
 1787 0072 09       		.uleb128 0x9
 1788 0073 0F       		.uleb128 0xf
 1789 0074 00       		.byte	0
 1790 0075 0B       		.uleb128 0xb
 1791 0076 0B       		.uleb128 0xb
 1792 0077 49       		.uleb128 0x49
 1793 0078 13       		.uleb128 0x13
 1794 0079 00       		.byte	0
 1795 007a 00       		.byte	0
 1796 007b 0A       		.uleb128 0xa
 1797 007c 0F       		.uleb128 0xf
 1798 007d 00       		.byte	0
 1799 007e 0B       		.uleb128 0xb
 1800 007f 0B       		.uleb128 0xb
 1801 0080 00       		.byte	0
 1802 0081 00       		.byte	0
 1803 0082 0B       		.uleb128 0xb
 1804 0083 0D       		.uleb128 0xd
 1805 0084 00       		.byte	0
 1806 0085 03       		.uleb128 0x3
 1807 0086 08       		.uleb128 0x8
 1808 0087 3A       		.uleb128 0x3a
 1809 0088 0B       		.uleb128 0xb
 1810 0089 3B       		.uleb128 0x3b
 1811 008a 05       		.uleb128 0x5
 1812 008b 49       		.uleb128 0x49
 1813 008c 13       		.uleb128 0x13
 1814 008d 38       		.uleb128 0x38
 1815 008e 0A       		.uleb128 0xa
 1816 008f 00       		.byte	0
 1817 0090 00       		.byte	0
 1818 0091 0C       		.uleb128 0xc
 1819 0092 13       		.uleb128 0x13
 1820 0093 01       		.byte	0x1
ARM GAS  /tmp/ccDceIGo.s 			page 33


 1821 0094 03       		.uleb128 0x3
 1822 0095 0E       		.uleb128 0xe
 1823 0096 0B       		.uleb128 0xb
 1824 0097 0B       		.uleb128 0xb
 1825 0098 3A       		.uleb128 0x3a
 1826 0099 0B       		.uleb128 0xb
 1827 009a 3B       		.uleb128 0x3b
 1828 009b 05       		.uleb128 0x5
 1829 009c 01       		.uleb128 0x1
 1830 009d 13       		.uleb128 0x13
 1831 009e 00       		.byte	0
 1832 009f 00       		.byte	0
 1833 00a0 0D       		.uleb128 0xd
 1834 00a1 35       		.uleb128 0x35
 1835 00a2 00       		.byte	0
 1836 00a3 49       		.uleb128 0x49
 1837 00a4 13       		.uleb128 0x13
 1838 00a5 00       		.byte	0
 1839 00a6 00       		.byte	0
 1840 00a7 0E       		.uleb128 0xe
 1841 00a8 17       		.uleb128 0x17
 1842 00a9 01       		.byte	0x1
 1843 00aa 0B       		.uleb128 0xb
 1844 00ab 0B       		.uleb128 0xb
 1845 00ac 3A       		.uleb128 0x3a
 1846 00ad 0B       		.uleb128 0xb
 1847 00ae 3B       		.uleb128 0x3b
 1848 00af 0B       		.uleb128 0xb
 1849 00b0 01       		.uleb128 0x1
 1850 00b1 13       		.uleb128 0x13
 1851 00b2 00       		.byte	0
 1852 00b3 00       		.byte	0
 1853 00b4 0F       		.uleb128 0xf
 1854 00b5 0D       		.uleb128 0xd
 1855 00b6 00       		.byte	0
 1856 00b7 03       		.uleb128 0x3
 1857 00b8 0E       		.uleb128 0xe
 1858 00b9 3A       		.uleb128 0x3a
 1859 00ba 0B       		.uleb128 0xb
 1860 00bb 3B       		.uleb128 0x3b
 1861 00bc 0B       		.uleb128 0xb
 1862 00bd 49       		.uleb128 0x49
 1863 00be 13       		.uleb128 0x13
 1864 00bf 00       		.byte	0
 1865 00c0 00       		.byte	0
 1866 00c1 10       		.uleb128 0x10
 1867 00c2 26       		.uleb128 0x26
 1868 00c3 00       		.byte	0
 1869 00c4 49       		.uleb128 0x49
 1870 00c5 13       		.uleb128 0x13
 1871 00c6 00       		.byte	0
 1872 00c7 00       		.byte	0
 1873 00c8 11       		.uleb128 0x11
 1874 00c9 15       		.uleb128 0x15
 1875 00ca 01       		.byte	0x1
 1876 00cb 27       		.uleb128 0x27
 1877 00cc 0C       		.uleb128 0xc
ARM GAS  /tmp/ccDceIGo.s 			page 34


 1878 00cd 49       		.uleb128 0x49
 1879 00ce 13       		.uleb128 0x13
 1880 00cf 01       		.uleb128 0x1
 1881 00d0 13       		.uleb128 0x13
 1882 00d1 00       		.byte	0
 1883 00d2 00       		.byte	0
 1884 00d3 12       		.uleb128 0x12
 1885 00d4 05       		.uleb128 0x5
 1886 00d5 00       		.byte	0
 1887 00d6 49       		.uleb128 0x49
 1888 00d7 13       		.uleb128 0x13
 1889 00d8 00       		.byte	0
 1890 00d9 00       		.byte	0
 1891 00da 13       		.uleb128 0x13
 1892 00db 15       		.uleb128 0x15
 1893 00dc 01       		.byte	0x1
 1894 00dd 27       		.uleb128 0x27
 1895 00de 0C       		.uleb128 0xc
 1896 00df 01       		.uleb128 0x1
 1897 00e0 13       		.uleb128 0x13
 1898 00e1 00       		.byte	0
 1899 00e2 00       		.byte	0
 1900 00e3 14       		.uleb128 0x14
 1901 00e4 16       		.uleb128 0x16
 1902 00e5 00       		.byte	0
 1903 00e6 03       		.uleb128 0x3
 1904 00e7 0E       		.uleb128 0xe
 1905 00e8 3A       		.uleb128 0x3a
 1906 00e9 0B       		.uleb128 0xb
 1907 00ea 3B       		.uleb128 0x3b
 1908 00eb 05       		.uleb128 0x5
 1909 00ec 49       		.uleb128 0x49
 1910 00ed 13       		.uleb128 0x13
 1911 00ee 00       		.byte	0
 1912 00ef 00       		.byte	0
 1913 00f0 15       		.uleb128 0x15
 1914 00f1 13       		.uleb128 0x13
 1915 00f2 01       		.byte	0x1
 1916 00f3 0B       		.uleb128 0xb
 1917 00f4 0B       		.uleb128 0xb
 1918 00f5 3A       		.uleb128 0x3a
 1919 00f6 0B       		.uleb128 0xb
 1920 00f7 3B       		.uleb128 0x3b
 1921 00f8 05       		.uleb128 0x5
 1922 00f9 01       		.uleb128 0x1
 1923 00fa 13       		.uleb128 0x13
 1924 00fb 00       		.byte	0
 1925 00fc 00       		.byte	0
 1926 00fd 16       		.uleb128 0x16
 1927 00fe 0D       		.uleb128 0xd
 1928 00ff 00       		.byte	0
 1929 0100 03       		.uleb128 0x3
 1930 0101 0E       		.uleb128 0xe
 1931 0102 3A       		.uleb128 0x3a
 1932 0103 0B       		.uleb128 0xb
 1933 0104 3B       		.uleb128 0x3b
 1934 0105 05       		.uleb128 0x5
ARM GAS  /tmp/ccDceIGo.s 			page 35


 1935 0106 49       		.uleb128 0x49
 1936 0107 13       		.uleb128 0x13
 1937 0108 38       		.uleb128 0x38
 1938 0109 0A       		.uleb128 0xa
 1939 010a 00       		.byte	0
 1940 010b 00       		.byte	0
 1941 010c 17       		.uleb128 0x17
 1942 010d 0D       		.uleb128 0xd
 1943 010e 00       		.byte	0
 1944 010f 03       		.uleb128 0x3
 1945 0110 08       		.uleb128 0x8
 1946 0111 3A       		.uleb128 0x3a
 1947 0112 0B       		.uleb128 0xb
 1948 0113 3B       		.uleb128 0x3b
 1949 0114 0B       		.uleb128 0xb
 1950 0115 49       		.uleb128 0x49
 1951 0116 13       		.uleb128 0x13
 1952 0117 00       		.byte	0
 1953 0118 00       		.byte	0
 1954 0119 18       		.uleb128 0x18
 1955 011a 04       		.uleb128 0x4
 1956 011b 01       		.byte	0x1
 1957 011c 0B       		.uleb128 0xb
 1958 011d 0B       		.uleb128 0xb
 1959 011e 3A       		.uleb128 0x3a
 1960 011f 0B       		.uleb128 0xb
 1961 0120 3B       		.uleb128 0x3b
 1962 0121 0B       		.uleb128 0xb
 1963 0122 01       		.uleb128 0x1
 1964 0123 13       		.uleb128 0x13
 1965 0124 00       		.byte	0
 1966 0125 00       		.byte	0
 1967 0126 19       		.uleb128 0x19
 1968 0127 28       		.uleb128 0x28
 1969 0128 00       		.byte	0
 1970 0129 03       		.uleb128 0x3
 1971 012a 0E       		.uleb128 0xe
 1972 012b 1C       		.uleb128 0x1c
 1973 012c 0D       		.uleb128 0xd
 1974 012d 00       		.byte	0
 1975 012e 00       		.byte	0
 1976 012f 1A       		.uleb128 0x1a
 1977 0130 01       		.uleb128 0x1
 1978 0131 01       		.byte	0x1
 1979 0132 49       		.uleb128 0x49
 1980 0133 13       		.uleb128 0x13
 1981 0134 01       		.uleb128 0x1
 1982 0135 13       		.uleb128 0x13
 1983 0136 00       		.byte	0
 1984 0137 00       		.byte	0
 1985 0138 1B       		.uleb128 0x1b
 1986 0139 21       		.uleb128 0x21
 1987 013a 00       		.byte	0
 1988 013b 49       		.uleb128 0x49
 1989 013c 13       		.uleb128 0x13
 1990 013d 2F       		.uleb128 0x2f
 1991 013e 0B       		.uleb128 0xb
ARM GAS  /tmp/ccDceIGo.s 			page 36


 1992 013f 00       		.byte	0
 1993 0140 00       		.byte	0
 1994 0141 1C       		.uleb128 0x1c
 1995 0142 2E       		.uleb128 0x2e
 1996 0143 01       		.byte	0x1
 1997 0144 3F       		.uleb128 0x3f
 1998 0145 0C       		.uleb128 0xc
 1999 0146 03       		.uleb128 0x3
 2000 0147 0E       		.uleb128 0xe
 2001 0148 3A       		.uleb128 0x3a
 2002 0149 0B       		.uleb128 0xb
 2003 014a 3B       		.uleb128 0x3b
 2004 014b 0B       		.uleb128 0xb
 2005 014c 27       		.uleb128 0x27
 2006 014d 0C       		.uleb128 0xc
 2007 014e 49       		.uleb128 0x49
 2008 014f 13       		.uleb128 0x13
 2009 0150 11       		.uleb128 0x11
 2010 0151 01       		.uleb128 0x1
 2011 0152 12       		.uleb128 0x12
 2012 0153 01       		.uleb128 0x1
 2013 0154 40       		.uleb128 0x40
 2014 0155 06       		.uleb128 0x6
 2015 0156 9742     		.uleb128 0x2117
 2016 0158 0C       		.uleb128 0xc
 2017 0159 01       		.uleb128 0x1
 2018 015a 13       		.uleb128 0x13
 2019 015b 00       		.byte	0
 2020 015c 00       		.byte	0
 2021 015d 1D       		.uleb128 0x1d
 2022 015e 898201   		.uleb128 0x4109
 2023 0161 00       		.byte	0
 2024 0162 11       		.uleb128 0x11
 2025 0163 01       		.uleb128 0x1
 2026 0164 31       		.uleb128 0x31
 2027 0165 13       		.uleb128 0x13
 2028 0166 00       		.byte	0
 2029 0167 00       		.byte	0
 2030 0168 1E       		.uleb128 0x1e
 2031 0169 898201   		.uleb128 0x4109
 2032 016c 01       		.byte	0x1
 2033 016d 11       		.uleb128 0x11
 2034 016e 01       		.uleb128 0x1
 2035 016f 31       		.uleb128 0x31
 2036 0170 13       		.uleb128 0x13
 2037 0171 01       		.uleb128 0x1
 2038 0172 13       		.uleb128 0x13
 2039 0173 00       		.byte	0
 2040 0174 00       		.byte	0
 2041 0175 1F       		.uleb128 0x1f
 2042 0176 8A8201   		.uleb128 0x410a
 2043 0179 00       		.byte	0
 2044 017a 02       		.uleb128 0x2
 2045 017b 0A       		.uleb128 0xa
 2046 017c 9142     		.uleb128 0x2111
 2047 017e 0A       		.uleb128 0xa
 2048 017f 00       		.byte	0
ARM GAS  /tmp/ccDceIGo.s 			page 37


 2049 0180 00       		.byte	0
 2050 0181 20       		.uleb128 0x20
 2051 0182 898201   		.uleb128 0x4109
 2052 0185 01       		.byte	0x1
 2053 0186 11       		.uleb128 0x11
 2054 0187 01       		.uleb128 0x1
 2055 0188 31       		.uleb128 0x31
 2056 0189 13       		.uleb128 0x13
 2057 018a 00       		.byte	0
 2058 018b 00       		.byte	0
 2059 018c 21       		.uleb128 0x21
 2060 018d 34       		.uleb128 0x34
 2061 018e 00       		.byte	0
 2062 018f 03       		.uleb128 0x3
 2063 0190 0E       		.uleb128 0xe
 2064 0191 3A       		.uleb128 0x3a
 2065 0192 0B       		.uleb128 0xb
 2066 0193 3B       		.uleb128 0x3b
 2067 0194 05       		.uleb128 0x5
 2068 0195 49       		.uleb128 0x49
 2069 0196 13       		.uleb128 0x13
 2070 0197 3F       		.uleb128 0x3f
 2071 0198 0C       		.uleb128 0xc
 2072 0199 3C       		.uleb128 0x3c
 2073 019a 0C       		.uleb128 0xc
 2074 019b 00       		.byte	0
 2075 019c 00       		.byte	0
 2076 019d 22       		.uleb128 0x22
 2077 019e 34       		.uleb128 0x34
 2078 019f 00       		.byte	0
 2079 01a0 03       		.uleb128 0x3
 2080 01a1 08       		.uleb128 0x8
 2081 01a2 3A       		.uleb128 0x3a
 2082 01a3 0B       		.uleb128 0xb
 2083 01a4 3B       		.uleb128 0x3b
 2084 01a5 0B       		.uleb128 0xb
 2085 01a6 49       		.uleb128 0x49
 2086 01a7 13       		.uleb128 0x13
 2087 01a8 3F       		.uleb128 0x3f
 2088 01a9 0C       		.uleb128 0xc
 2089 01aa 3C       		.uleb128 0x3c
 2090 01ab 0C       		.uleb128 0xc
 2091 01ac 00       		.byte	0
 2092 01ad 00       		.byte	0
 2093 01ae 23       		.uleb128 0x23
 2094 01af 21       		.uleb128 0x21
 2095 01b0 00       		.byte	0
 2096 01b1 49       		.uleb128 0x49
 2097 01b2 13       		.uleb128 0x13
 2098 01b3 2F       		.uleb128 0x2f
 2099 01b4 05       		.uleb128 0x5
 2100 01b5 00       		.byte	0
 2101 01b6 00       		.byte	0
 2102 01b7 24       		.uleb128 0x24
 2103 01b8 34       		.uleb128 0x34
 2104 01b9 00       		.byte	0
 2105 01ba 03       		.uleb128 0x3
ARM GAS  /tmp/ccDceIGo.s 			page 38


 2106 01bb 0E       		.uleb128 0xe
 2107 01bc 3A       		.uleb128 0x3a
 2108 01bd 0B       		.uleb128 0xb
 2109 01be 3B       		.uleb128 0x3b
 2110 01bf 0B       		.uleb128 0xb
 2111 01c0 49       		.uleb128 0x49
 2112 01c1 13       		.uleb128 0x13
 2113 01c2 3F       		.uleb128 0x3f
 2114 01c3 0C       		.uleb128 0xc
 2115 01c4 02       		.uleb128 0x2
 2116 01c5 0A       		.uleb128 0xa
 2117 01c6 00       		.byte	0
 2118 01c7 00       		.byte	0
 2119 01c8 25       		.uleb128 0x25
 2120 01c9 2E       		.uleb128 0x2e
 2121 01ca 00       		.byte	0
 2122 01cb 3F       		.uleb128 0x3f
 2123 01cc 0C       		.uleb128 0xc
 2124 01cd 03       		.uleb128 0x3
 2125 01ce 0E       		.uleb128 0xe
 2126 01cf 3A       		.uleb128 0x3a
 2127 01d0 0B       		.uleb128 0xb
 2128 01d1 3B       		.uleb128 0x3b
 2129 01d2 0B       		.uleb128 0xb
 2130 01d3 27       		.uleb128 0x27
 2131 01d4 0C       		.uleb128 0xc
 2132 01d5 3C       		.uleb128 0x3c
 2133 01d6 0C       		.uleb128 0xc
 2134 01d7 00       		.byte	0
 2135 01d8 00       		.byte	0
 2136 01d9 26       		.uleb128 0x26
 2137 01da 2E       		.uleb128 0x2e
 2138 01db 01       		.byte	0x1
 2139 01dc 3F       		.uleb128 0x3f
 2140 01dd 0C       		.uleb128 0xc
 2141 01de 03       		.uleb128 0x3
 2142 01df 0E       		.uleb128 0xe
 2143 01e0 3A       		.uleb128 0x3a
 2144 01e1 0B       		.uleb128 0xb
 2145 01e2 3B       		.uleb128 0x3b
 2146 01e3 05       		.uleb128 0x5
 2147 01e4 27       		.uleb128 0x27
 2148 01e5 0C       		.uleb128 0xc
 2149 01e6 3C       		.uleb128 0x3c
 2150 01e7 0C       		.uleb128 0xc
 2151 01e8 01       		.uleb128 0x1
 2152 01e9 13       		.uleb128 0x13
 2153 01ea 00       		.byte	0
 2154 01eb 00       		.byte	0
 2155 01ec 27       		.uleb128 0x27
 2156 01ed 2E       		.uleb128 0x2e
 2157 01ee 01       		.byte	0x1
 2158 01ef 3F       		.uleb128 0x3f
 2159 01f0 0C       		.uleb128 0xc
 2160 01f1 03       		.uleb128 0x3
 2161 01f2 0E       		.uleb128 0xe
 2162 01f3 3A       		.uleb128 0x3a
ARM GAS  /tmp/ccDceIGo.s 			page 39


 2163 01f4 0B       		.uleb128 0xb
 2164 01f5 3B       		.uleb128 0x3b
 2165 01f6 05       		.uleb128 0x5
 2166 01f7 27       		.uleb128 0x27
 2167 01f8 0C       		.uleb128 0xc
 2168 01f9 49       		.uleb128 0x49
 2169 01fa 13       		.uleb128 0x13
 2170 01fb 3C       		.uleb128 0x3c
 2171 01fc 0C       		.uleb128 0xc
 2172 01fd 01       		.uleb128 0x1
 2173 01fe 13       		.uleb128 0x13
 2174 01ff 00       		.byte	0
 2175 0200 00       		.byte	0
 2176 0201 28       		.uleb128 0x28
 2177 0202 2E       		.uleb128 0x2e
 2178 0203 01       		.byte	0x1
 2179 0204 3F       		.uleb128 0x3f
 2180 0205 0C       		.uleb128 0xc
 2181 0206 03       		.uleb128 0x3
 2182 0207 0E       		.uleb128 0xe
 2183 0208 3A       		.uleb128 0x3a
 2184 0209 0B       		.uleb128 0xb
 2185 020a 3B       		.uleb128 0x3b
 2186 020b 05       		.uleb128 0x5
 2187 020c 27       		.uleb128 0x27
 2188 020d 0C       		.uleb128 0xc
 2189 020e 3C       		.uleb128 0x3c
 2190 020f 0C       		.uleb128 0xc
 2191 0210 00       		.byte	0
 2192 0211 00       		.byte	0
 2193 0212 00       		.byte	0
 2194              		.section	.debug_loc,"",%progbits
 2195              	.Ldebug_loc0:
 2196              	.LLST0:
 2197 0000 00000000 		.4byte	.LFB62
 2198 0004 02000000 		.4byte	.LCFI0
 2199 0008 0200     		.2byte	0x2
 2200 000a 7D       		.byte	0x7d
 2201 000b 00       		.sleb128 0
 2202 000c 02000000 		.4byte	.LCFI0
 2203 0010 04000000 		.4byte	.LCFI1
 2204 0014 0200     		.2byte	0x2
 2205 0016 7D       		.byte	0x7d
 2206 0017 04       		.sleb128 4
 2207 0018 04000000 		.4byte	.LCFI1
 2208 001c 60000000 		.4byte	.LFE62
 2209 0020 0200     		.2byte	0x2
 2210 0022 7D       		.byte	0x7d
 2211 0023 10       		.sleb128 16
 2212 0024 00000000 		.4byte	0
 2213 0028 00000000 		.4byte	0
 2214              		.section	.debug_aranges,"",%progbits
 2215 0000 1C000000 		.4byte	0x1c
 2216 0004 0200     		.2byte	0x2
 2217 0006 00000000 		.4byte	.Ldebug_info0
 2218 000a 04       		.byte	0x4
 2219 000b 00       		.byte	0
ARM GAS  /tmp/ccDceIGo.s 			page 40


 2220 000c 0000     		.2byte	0
 2221 000e 0000     		.2byte	0
 2222 0010 00000000 		.4byte	.LFB62
 2223 0014 60000000 		.4byte	.LFE62-.LFB62
 2224 0018 00000000 		.4byte	0
 2225 001c 00000000 		.4byte	0
 2226              		.section	.debug_ranges,"",%progbits
 2227              	.Ldebug_ranges0:
 2228 0000 00000000 		.4byte	.LFB62
 2229 0004 60000000 		.4byte	.LFE62
 2230 0008 00000000 		.4byte	0
 2231 000c 00000000 		.4byte	0
 2232              		.section	.debug_line,"",%progbits
 2233              	.Ldebug_line0:
 2234 0000 C7020000 		.section	.debug_str,"MS",%progbits,1
 2234      02009F02 
 2234      00000201 
 2234      FB0E0D00 
 2234      01010101 
 2235              	.LASF65:
 2236 0000 7466756E 		.ascii	"tfunc_t\000"
 2236      635F7400 
 2237              	.LASF111:
 2238 0008 73635F73 		.ascii	"sc_speed\000"
 2238      70656564 
 2238      00
 2239              	.LASF2:
 2240 0011 73697A65 		.ascii	"size_t\000"
 2240      5F7400
 2241              	.LASF60:
 2242 0018 7264796D 		.ascii	"rdymsg\000"
 2242      736700
 2243              	.LASF13:
 2244 001f 75696E74 		.ascii	"uint64_t\000"
 2244      36345F74 
 2244      00
 2245              	.LASF76:
 2246 0028 4F757470 		.ascii	"OutputQueue\000"
 2246      75745175 
 2246      65756500 
 2247              	.LASF89:
 2248 0034 4F545950 		.ascii	"OTYPER\000"
 2248      455200
 2249              	.LASF97:
 2250 003b 696F706F 		.ascii	"ioportmask_t\000"
 2250      72746D61 
 2250      736B5F74 
 2250      00
 2251              	.LASF88:
 2252 0048 4D4F4445 		.ascii	"MODER\000"
 2252      5200
 2253              	.LASF15:
 2254 004e 75696E74 		.ascii	"uint_fast16_t\000"
 2254      5F666173 
 2254      7431365F 
 2254      7400
 2255              	.LASF14:
ARM GAS  /tmp/ccDceIGo.s 			page 41


 2256 005c 6C6F6E67 		.ascii	"long long unsigned int\000"
 2256      206C6F6E 
 2256      6720756E 
 2256      7369676E 
 2256      65642069 
 2257              	.LASF91:
 2258 0073 50555044 		.ascii	"PUPDR\000"
 2258      5200
 2259              	.LASF61:
 2260 0079 65786974 		.ascii	"exitcode\000"
 2260      636F6465 
 2260      00
 2261              	.LASF124:
 2262 0082 49544D5F 		.ascii	"ITM_RxBuffer\000"
 2262      52784275 
 2262      66666572 
 2262      00
 2263              	.LASF27:
 2264 008f 705F7072 		.ascii	"p_prio\000"
 2264      696F00
 2265              	.LASF122:
 2266 0096 72656164 		.ascii	"readt\000"
 2266      7400
 2267              	.LASF67:
 2268 009c 715F7761 		.ascii	"q_waiting\000"
 2268      6974696E 
 2268      6700
 2269              	.LASF12:
 2270 00a6 6C6F6E67 		.ascii	"long long int\000"
 2270      206C6F6E 
 2270      6720696E 
 2270      7400
 2271              	.LASF1:
 2272 00b4 7369676E 		.ascii	"signed char\000"
 2272      65642063 
 2272      68617200 
 2273              	.LASF92:
 2274 00c0 42535252 		.ascii	"BSRR\000"
 2274      00
 2275              	.LASF127:
 2276 00c5 63685379 		.ascii	"chSysInit\000"
 2276      73496E69 
 2276      7400
 2277              	.LASF84:
 2278 00cf 47545052 		.ascii	"GTPR\000"
 2278      00
 2279              	.LASF42:
 2280 00d4 705F6D70 		.ascii	"p_mpool\000"
 2280      6F6F6C00 
 2281              	.LASF16:
 2282 00dc 626F6F6C 		.ascii	"bool_t\000"
 2282      5F7400
 2283              	.LASF51:
 2284 00e3 6D5F7175 		.ascii	"m_queue\000"
 2284      65756500 
 2285              	.LASF107:
 2286 00eb 73746174 		.ascii	"state\000"
ARM GAS  /tmp/ccDceIGo.s 			page 42


 2286      6500
 2287              	.LASF9:
 2288 00f1 6C6F6E67 		.ascii	"long int\000"
 2288      20696E74 
 2288      00
 2289              	.LASF18:
 2290 00fa 74737461 		.ascii	"tstate_t\000"
 2290      74655F74 
 2290      00
 2291              	.LASF34:
 2292 0103 705F7265 		.ascii	"p_refs\000"
 2292      667300
 2293              	.LASF69:
 2294 010a 715F6275 		.ascii	"q_buffer\000"
 2294      66666572 
 2294      00
 2295              	.LASF71:
 2296 0113 715F7772 		.ascii	"q_wrptr\000"
 2296      70747200 
 2297              	.LASF35:
 2298 011b 705F7469 		.ascii	"p_time\000"
 2298      6D6500
 2299              	.LASF29:
 2300 0122 705F6E65 		.ascii	"p_newer\000"
 2300      77657200 
 2301              	.LASF119:
 2302 012a 70757477 		.ascii	"putwouldblock\000"
 2302      6F756C64 
 2302      626C6F63 
 2302      6B00
 2303              	.LASF90:
 2304 0138 4F535045 		.ascii	"OSPEEDR\000"
 2304      45445200 
 2305              	.LASF45:
 2306 0140 72656761 		.ascii	"regarm_t\000"
 2306      726D5F74 
 2306      00
 2307              	.LASF58:
 2308 0149 4576656E 		.ascii	"EventSource\000"
 2308      74536F75 
 2308      72636500 
 2309              	.LASF110:
 2310 0155 75736172 		.ascii	"usart\000"
 2310      7400
 2311              	.LASF0:
 2312 015b 756E7369 		.ascii	"unsigned int\000"
 2312      676E6564 
 2312      20696E74 
 2312      00
 2313              	.LASF6:
 2314 0168 75696E74 		.ascii	"uint16_t\000"
 2314      31365F74 
 2314      00
 2315              	.LASF116:
 2316 0171 53657269 		.ascii	"SerialDriverVMT\000"
 2316      616C4472 
 2316      69766572 
ARM GAS  /tmp/ccDceIGo.s 			page 43


 2316      564D5400 
 2317              	.LASF108:
 2318 0181 69717565 		.ascii	"iqueue\000"
 2318      756500
 2319              	.LASF37:
 2320 0188 705F6D73 		.ascii	"p_msgqueue\000"
 2320      67717565 
 2320      756500
 2321              	.LASF96:
 2322 0193 4750494F 		.ascii	"GPIO_TypeDef\000"
 2322      5F547970 
 2322      65446566 
 2322      00
 2323              	.LASF126:
 2324 01a0 68616C49 		.ascii	"halInit\000"
 2324      6E697400 
 2325              	.LASF93:
 2326 01a8 4C434B52 		.ascii	"LCKR\000"
 2326      00
 2327              	.LASF105:
 2328 01ad 6576656E 		.ascii	"event\000"
 2328      7400
 2329              	.LASF7:
 2330 01b3 73686F72 		.ascii	"short unsigned int\000"
 2330      7420756E 
 2330      7369676E 
 2330      65642069 
 2330      6E7400
 2331              	.LASF21:
 2332 01c6 6D73675F 		.ascii	"msg_t\000"
 2332      7400
 2333              	.LASF109:
 2334 01cc 6F717565 		.ascii	"oqueue\000"
 2334      756500
 2335              	.LASF86:
 2336 01d3 55534152 		.ascii	"USART_TypeDef\000"
 2336      545F5479 
 2336      70654465 
 2336      6600
 2337              	.LASF121:
 2338 01e1 77726974 		.ascii	"writet\000"
 2338      657400
 2339              	.LASF17:
 2340 01e8 746D6F64 		.ascii	"tmode_t\000"
 2340      655F7400 
 2341              	.LASF44:
 2342 01f0 54687265 		.ascii	"ThreadsList\000"
 2342      6164734C 
 2342      69737400 
 2343              	.LASF22:
 2344 01fc 6576656E 		.ascii	"eventmask_t\000"
 2344      746D6173 
 2344      6B5F7400 
 2345              	.LASF75:
 2346 0208 496E7075 		.ascii	"InputQueue\000"
 2346      74517565 
 2346      756500
ARM GAS  /tmp/ccDceIGo.s 			page 44


 2347              	.LASF74:
 2348 0213 716E6F74 		.ascii	"qnotify_t\000"
 2348      6966795F 
 2348      7400
 2349              	.LASF66:
 2350 021d 47656E65 		.ascii	"GenericQueue\000"
 2350      72696351 
 2350      75657565 
 2350      00
 2351              	.LASF46:
 2352 022a 73746B61 		.ascii	"stkalign_t\000"
 2352      6C69676E 
 2352      5F7400
 2353              	.LASF134:
 2354 0235 63685468 		.ascii	"chThdCreateStatic\000"
 2354      64437265 
 2354      61746553 
 2354      74617469 
 2354      6300
 2355              	.LASF117:
 2356 0247 77726974 		.ascii	"write\000"
 2356      6500
 2357              	.LASF49:
 2358 024d 73697A65 		.ascii	"sizetype\000"
 2358      74797065 
 2358      00
 2359              	.LASF87:
 2360 0256 636C6561 		.ascii	"clear\000"
 2360      7200
 2361              	.LASF50:
 2362 025c 4D757465 		.ascii	"Mutex\000"
 2362      7800
 2363              	.LASF30:
 2364 0262 705F6F6C 		.ascii	"p_older\000"
 2364      64657200 
 2365              	.LASF77:
 2366 026a 696F666C 		.ascii	"ioflags_t\000"
 2366      6167735F 
 2366      7400
 2367              	.LASF43:
 2368 0274 54687265 		.ascii	"ThreadsQueue\000"
 2368      61647351 
 2368      75657565 
 2368      00
 2369              	.LASF130:
 2370 0281 474E5520 		.ascii	"GNU C 4.7.2\000"
 2370      4320342E 
 2370      372E3200 
 2371              	.LASF131:
 2372 028d 6D61696E 		.ascii	"main.c\000"
 2372      2E6300
 2373              	.LASF57:
 2374 0294 656C5F6D 		.ascii	"el_mask\000"
 2374      61736B00 
 2375              	.LASF135:
 2376 029c 63685468 		.ascii	"chThdSleep\000"
 2376      64536C65 
ARM GAS  /tmp/ccDceIGo.s 			page 45


 2376      657000
 2377              	.LASF115:
 2378 02a7 53657269 		.ascii	"SerialConfig\000"
 2378      616C436F 
 2378      6E666967 
 2378      00
 2379              	.LASF95:
 2380 02b4 41465248 		.ascii	"AFRH\000"
 2380      00
 2381              	.LASF94:
 2382 02b9 4146524C 		.ascii	"AFRL\000"
 2382      00
 2383              	.LASF19:
 2384 02be 74726566 		.ascii	"trefs_t\000"
 2384      735F7400 
 2385              	.LASF78:
 2386 02c6 52455345 		.ascii	"RESERVED0\000"
 2386      52564544 
 2386      3000
 2387              	.LASF79:
 2388 02d0 52455345 		.ascii	"RESERVED1\000"
 2388      52564544 
 2388      3100
 2389              	.LASF80:
 2390 02da 52455345 		.ascii	"RESERVED2\000"
 2390      52564544 
 2390      3200
 2391              	.LASF81:
 2392 02e4 52455345 		.ascii	"RESERVED3\000"
 2392      52564544 
 2392      3300
 2393              	.LASF82:
 2394 02ee 52455345 		.ascii	"RESERVED4\000"
 2394      52564544 
 2394      3400
 2395              	.LASF26:
 2396 02f8 705F7072 		.ascii	"p_prev\000"
 2396      657600
 2397              	.LASF85:
 2398 02ff 52455345 		.ascii	"RESERVED6\000"
 2398      52564544 
 2398      3600
 2399              	.LASF20:
 2400 0309 74707269 		.ascii	"tprio_t\000"
 2400      6F5F7400 
 2401              	.LASF72:
 2402 0311 715F7264 		.ascii	"q_rdptr\000"
 2402      70747200 
 2403              	.LASF8:
 2404 0319 696E7433 		.ascii	"int32_t\000"
 2404      325F7400 
 2405              	.LASF4:
 2406 0321 756E7369 		.ascii	"unsigned char\000"
 2406      676E6564 
 2406      20636861 
 2406      7200
 2407              	.LASF56:
ARM GAS  /tmp/ccDceIGo.s 			page 46


 2408 032f 656C5F6C 		.ascii	"el_listener\000"
 2408      69737465 
 2408      6E657200 
 2409              	.LASF40:
 2410 033b 705F6D74 		.ascii	"p_mtxlist\000"
 2410      786C6973 
 2410      7400
 2411              	.LASF5:
 2412 0345 73686F72 		.ascii	"short int\000"
 2412      7420696E 
 2412      7400
 2413              	.LASF32:
 2414 034f 705F7374 		.ascii	"p_state\000"
 2414      61746500 
 2415              	.LASF63:
 2416 0357 65776D61 		.ascii	"ewmask\000"
 2416      736B00
 2417              	.LASF25:
 2418 035e 705F6E65 		.ascii	"p_next\000"
 2418      787400
 2419              	.LASF33:
 2420 0365 705F666C 		.ascii	"p_flags\000"
 2420      61677300 
 2421              	.LASF55:
 2422 036d 656C5F6E 		.ascii	"el_next\000"
 2422      65787400 
 2423              	.LASF101:
 2424 0375 53445F53 		.ascii	"SD_STOP\000"
 2424      544F5000 
 2425              	.LASF24:
 2426 037d 54687265 		.ascii	"Thread\000"
 2426      616400
 2427              	.LASF39:
 2428 0384 705F6570 		.ascii	"p_epending\000"
 2428      656E6469 
 2428      6E6700
 2429              	.LASF100:
 2430 038f 53445F55 		.ascii	"SD_UNINIT\000"
 2430      4E494E49 
 2430      5400
 2431              	.LASF83:
 2432 0399 52455345 		.ascii	"RESERVED5\000"
 2432      52564544 
 2432      3500
 2433              	.LASF68:
 2434 03a3 715F636F 		.ascii	"q_counter\000"
 2434      756E7465 
 2434      7200
 2435              	.LASF103:
 2436 03ad 73647374 		.ascii	"sdstate_t\000"
 2436      6174655F 
 2436      7400
 2437              	.LASF104:
 2438 03b7 53657269 		.ascii	"SerialDriver\000"
 2438      616C4472 
 2438      69766572 
 2438      00
ARM GAS  /tmp/ccDceIGo.s 			page 47


 2439              	.LASF11:
 2440 03c4 6C6F6E67 		.ascii	"long unsigned int\000"
 2440      20756E73 
 2440      69676E65 
 2440      6420696E 
 2440      7400
 2441              	.LASF118:
 2442 03d6 72656164 		.ascii	"read\000"
 2442      00
 2443              	.LASF64:
 2444 03db 63686172 		.ascii	"char\000"
 2444      00
 2445              	.LASF132:
 2446 03e0 2F686F6D 		.ascii	"/home/mitchd/Documents/FOX-1/amsat-fox/stm32l1-deve"
 2446      652F6D69 
 2446      74636864 
 2446      2F446F63 
 2446      756D656E 
 2447 0413 6C00     		.ascii	"l\000"
 2448              	.LASF128:
 2449 0415 73645374 		.ascii	"sdStart\000"
 2449      61727400 
 2450              	.LASF125:
 2451 041d 77614361 		.ascii	"waCamera_Thread\000"
 2451      6D657261 
 2451      5F546872 
 2451      65616400 
 2452              	.LASF53:
 2453 042d 6D5F6E65 		.ascii	"m_next\000"
 2453      787400
 2454              	.LASF23:
 2455 0434 73797374 		.ascii	"systime_t\000"
 2455      696D655F 
 2455      7400
 2456              	.LASF41:
 2457 043e 705F7265 		.ascii	"p_realprio\000"
 2457      616C7072 
 2457      696F00
 2458              	.LASF99:
 2459 0449 696F706F 		.ascii	"ioportid_t\000"
 2459      72746964 
 2459      5F7400
 2460              	.LASF123:
 2461 0454 67657466 		.ascii	"getflags\000"
 2461      6C616773 
 2461      00
 2462              	.LASF48:
 2463 045d 636F6E74 		.ascii	"context\000"
 2463      65787400 
 2464              	.LASF129:
 2465 0465 5F70616C 		.ascii	"_pal_lld_setgroupmode\000"
 2465      5F6C6C64 
 2465      5F736574 
 2465      67726F75 
 2465      706D6F64 
 2466              	.LASF47:
 2467 047b 696E7463 		.ascii	"intctx\000"
ARM GAS  /tmp/ccDceIGo.s 			page 48


 2467      747800
 2468              	.LASF102:
 2469 0482 53445F52 		.ascii	"SD_READY\000"
 2469      45414459 
 2469      00
 2470              	.LASF10:
 2471 048b 75696E74 		.ascii	"uint32_t\000"
 2471      33325F74 
 2471      00
 2472              	.LASF70:
 2473 0494 715F746F 		.ascii	"q_top\000"
 2473      7000
 2474              	.LASF31:
 2475 049a 705F6E61 		.ascii	"p_name\000"
 2475      6D6500
 2476              	.LASF59:
 2477 04a1 65735F6E 		.ascii	"es_next\000"
 2477      65787400 
 2478              	.LASF73:
 2479 04a9 715F6E6F 		.ascii	"q_notify\000"
 2479      74696679 
 2479      00
 2480              	.LASF38:
 2481 04b2 705F6D73 		.ascii	"p_msg\000"
 2481      6700
 2482              	.LASF3:
 2483 04b8 75696E74 		.ascii	"uint8_t\000"
 2483      385F7400 
 2484              	.LASF106:
 2485 04c0 666C6167 		.ascii	"flags\000"
 2485      7300
 2486              	.LASF54:
 2487 04c6 4576656E 		.ascii	"EventListener\000"
 2487      744C6973 
 2487      74656E65 
 2487      7200
 2488              	.LASF62:
 2489 04d4 77746F62 		.ascii	"wtobjp\000"
 2489      6A7000
 2490              	.LASF120:
 2491 04db 67657477 		.ascii	"getwouldblock\000"
 2491      6F756C64 
 2491      626C6F63 
 2491      6B00
 2492              	.LASF112:
 2493 04e9 73635F63 		.ascii	"sc_cr1\000"
 2493      723100
 2494              	.LASF113:
 2495 04f0 73635F63 		.ascii	"sc_cr2\000"
 2495      723200
 2496              	.LASF114:
 2497 04f7 73635F63 		.ascii	"sc_cr3\000"
 2497      723300
 2498              	.LASF133:
 2499 04fe 6D61696E 		.ascii	"main\000"
 2499      00
 2500              	.LASF98:
ARM GAS  /tmp/ccDceIGo.s 			page 49


 2501 0503 696F6D6F 		.ascii	"iomode_t\000"
 2501      64655F74 
 2501      00
 2502              	.LASF52:
 2503 050c 6D5F6F77 		.ascii	"m_owner\000"
 2503      6E657200 
 2504              	.LASF28:
 2505 0514 705F6374 		.ascii	"p_ctx\000"
 2505      7800
 2506              	.LASF36:
 2507 051a 705F7761 		.ascii	"p_waiting\000"
 2507      6974696E 
 2507      6700
 2508              		.ident	"GCC: (GNU) 4.7.2"
ARM GAS  /tmp/ccDceIGo.s 			page 50


DEFINED SYMBOLS
                            *ABS*:0000000000000000 main.c
     /tmp/ccDceIGo.s:19     .text.startup.main:0000000000000000 $t
     /tmp/ccDceIGo.s:25     .text.startup.main:0000000000000000 main
     /tmp/ccDceIGo.s:83     .text.startup.main:0000000000000054 $d
     /tmp/ccDceIGo.s:95     .bss.waCamera_Thread:0000000000000000 waCamera_Thread
     /tmp/ccDceIGo.s:91     .bss.waCamera_Thread:0000000000000000 $d
                     .debug_frame:0000000000000010 $d

UNDEFINED SYMBOLS
halInit
chSysInit
sdStart
_pal_lld_setgroupmode
chThdCreateStatic
chThdSleep
SD1
cameraControlThread
