ARM GAS  /tmp/cc0H8sz0.s 			page 1


   1              		.syntax unified
   2              		.cpu cortex-m3
   3              		.fpu softvfp
   4              		.eabi_attribute 20, 1
   5              		.eabi_attribute 21, 1
   6              		.eabi_attribute 23, 3
   7              		.eabi_attribute 24, 1
   8              		.eabi_attribute 25, 1
   9              		.eabi_attribute 26, 1
  10              		.eabi_attribute 30, 2
  11              		.eabi_attribute 34, 1
  12              		.eabi_attribute 18, 4
  13              		.thumb
  14              		.file	"pal_lld.c"
  15              		.text
  16              	.Ltext0:
  17              		.cfi_sections	.debug_frame
  18              		.section	.text._pal_lld_init,"ax",%progbits
  19              		.align	2
  20              		.p2align 4,,15
  21              		.global	_pal_lld_init
  22              		.thumb
  23              		.thumb_func
  24              		.type	_pal_lld_init, %function
  25              	_pal_lld_init:
  26              	.LFB63:
  27              		.file 1 "./os/hal/platforms/STM32/GPIOv2/pal_lld.c"
  28              		.loc 1 102 0
  29              		.cfi_startproc
  30              		@ args = 0, pretend = 0, frame = 0
  31              		@ frame_needed = 0, uses_anonymous_args = 0
  32              		@ link register save eliminated.
  33              	.LVL0:
  34              		.loc 1 108 0
  35 0000 4FF46052 		mov	r2, #14336
  36 0004 C4F20202 		movt	r2, 16386
  37 0008 D369     		ldr	r3, [r2, #28]
  38              		.loc 1 102 0
  39 000a 70B4     		push	{r4, r5, r6}
  40              	.LCFI0:
  41              		.cfi_def_cfa_offset 12
  42              		.cfi_offset 4, -12
  43              		.cfi_offset 5, -8
  44              		.cfi_offset 6, -4
  45              		.loc 1 108 0
  46 000c 43F03F03 		orr	r3, r3, #63
  47 0010 D361     		str	r3, [r2, #28]
  48 0012 916A     		ldr	r1, [r2, #40]
  49              	.LBB14:
  50              	.LBB15:
  51              		.loc 1 77 0
  52 0014 0023     		movs	r3, #0
  53              	.LBE15:
  54              	.LBE14:
  55              		.loc 1 108 0
  56 0016 41F03F01 		orr	r1, r1, #63
  57 001a 9162     		str	r1, [r2, #40]
ARM GAS  /tmp/cc0H8sz0.s 			page 2


  58              	.LVL1:
  59              	.LBB23:
  60              	.LBB16:
  61              		.loc 1 77 0
  62 001c 0269     		ldr	r2, [r0, #16]
  63 001e C4F20203 		movt	r3, 16386
  64 0022 5A61     		str	r2, [r3, #20]
  65              		.loc 1 78 0
  66 0024 0268     		ldr	r2, [r0, #0]
  67              	.LBE16:
  68              	.LBE23:
  69              	.LBB24:
  70              	.LBB25:
  71              		.loc 1 77 0
  72 0026 4FF48065 		mov	r5, #1024
  73              	.LBE25:
  74              	.LBE24:
  75              	.LBB32:
  76              	.LBB17:
  77              		.loc 1 78 0
  78 002a 1A60     		str	r2, [r3, #0]
  79              		.loc 1 79 0
  80 002c 4268     		ldr	r2, [r0, #4]
  81              	.LBE17:
  82              	.LBE32:
  83              	.LBB33:
  84              	.LBB26:
  85              		.loc 1 77 0
  86 002e C4F20205 		movt	r5, 16386
  87              	.LBE26:
  88              	.LBE33:
  89              	.LBB34:
  90              	.LBB18:
  91              		.loc 1 79 0
  92 0032 5A60     		str	r2, [r3, #4]
  93              		.loc 1 80 0
  94 0034 8268     		ldr	r2, [r0, #8]
  95              	.LBE18:
  96              	.LBE34:
  97              	.LBB35:
  98              	.LBB36:
  99              		.loc 1 77 0
 100 0036 4FF40064 		mov	r4, #2048
 101              	.LBE36:
 102              	.LBE35:
 103              	.LBB39:
 104              	.LBB19:
 105              		.loc 1 80 0
 106 003a 9A60     		str	r2, [r3, #8]
 107              		.loc 1 81 0
 108 003c C268     		ldr	r2, [r0, #12]
 109              	.LBE19:
 110              	.LBE39:
 111              	.LBB40:
 112              	.LBB37:
 113              		.loc 1 77 0
 114 003e C4F20204 		movt	r4, 16386
ARM GAS  /tmp/cc0H8sz0.s 			page 3


 115              	.LBE37:
 116              	.LBE40:
 117              	.LBB41:
 118              	.LBB20:
 119              		.loc 1 81 0
 120 0042 DA60     		str	r2, [r3, #12]
 121              		.loc 1 82 0
 122 0044 4269     		ldr	r2, [r0, #20]
 123              	.LBE20:
 124              	.LBE41:
 125              	.LBB42:
 126              	.LBB43:
 127              		.loc 1 77 0
 128 0046 4FF44061 		mov	r1, #3072
 129              	.LBE43:
 130              	.LBE42:
 131              	.LBB46:
 132              	.LBB21:
 133              		.loc 1 82 0
 134 004a 1A62     		str	r2, [r3, #32]
 135              		.loc 1 83 0
 136 004c 8269     		ldr	r2, [r0, #24]
 137              	.LBE21:
 138              	.LBE46:
 139              	.LBB47:
 140              	.LBB44:
 141              		.loc 1 77 0
 142 004e C4F20201 		movt	r1, 16386
 143              	.LBE44:
 144              	.LBE47:
 145              	.LBB48:
 146              	.LBB22:
 147              		.loc 1 83 0
 148 0052 5A62     		str	r2, [r3, #36]
 149              	.LVL2:
 150              	.LBE22:
 151              	.LBE48:
 152              	.LBB49:
 153              	.LBB27:
 154              		.loc 1 77 0
 155 0054 C36A     		ldr	r3, [r0, #44]
 156              	.LBE27:
 157              	.LBE49:
 158              	.LBB50:
 159              	.LBB51:
 160 0056 4FF48052 		mov	r2, #4096
 161              	.LBE51:
 162              	.LBE50:
 163              	.LBB54:
 164              	.LBB28:
 165 005a 6B61     		str	r3, [r5, #20]
 166              		.loc 1 78 0
 167 005c C369     		ldr	r3, [r0, #28]
 168              	.LBE28:
 169              	.LBE54:
 170              	.LBB55:
 171              	.LBB52:
ARM GAS  /tmp/cc0H8sz0.s 			page 4


 172              		.loc 1 77 0
 173 005e C4F20202 		movt	r2, 16386
 174              	.LBE52:
 175              	.LBE55:
 176              	.LBB56:
 177              	.LBB29:
 178              		.loc 1 78 0
 179 0062 2B60     		str	r3, [r5, #0]
 180              		.loc 1 79 0
 181 0064 066A     		ldr	r6, [r0, #32]
 182              	.LBE29:
 183              	.LBE56:
 184              	.LBB57:
 185              	.LBB58:
 186              		.loc 1 77 0
 187 0066 4FF4A053 		mov	r3, #5120
 188              	.LBE58:
 189              	.LBE57:
 190              	.LBB61:
 191              	.LBB30:
 192              		.loc 1 79 0
 193 006a 6E60     		str	r6, [r5, #4]
 194              		.loc 1 80 0
 195 006c 466A     		ldr	r6, [r0, #36]
 196              	.LBE30:
 197              	.LBE61:
 198              	.LBB62:
 199              	.LBB59:
 200              		.loc 1 77 0
 201 006e C4F20203 		movt	r3, 16386
 202              	.LBE59:
 203              	.LBE62:
 204              	.LBB63:
 205              	.LBB31:
 206              		.loc 1 80 0
 207 0072 AE60     		str	r6, [r5, #8]
 208              		.loc 1 81 0
 209 0074 866A     		ldr	r6, [r0, #40]
 210 0076 EE60     		str	r6, [r5, #12]
 211              		.loc 1 82 0
 212 0078 066B     		ldr	r6, [r0, #48]
 213 007a 2E62     		str	r6, [r5, #32]
 214              		.loc 1 83 0
 215 007c 466B     		ldr	r6, [r0, #52]
 216 007e 6E62     		str	r6, [r5, #36]
 217              	.LVL3:
 218              	.LBE31:
 219              	.LBE63:
 220              	.LBB64:
 221              	.LBB38:
 222              		.loc 1 77 0
 223 0080 856C     		ldr	r5, [r0, #72]
 224 0082 6561     		str	r5, [r4, #20]
 225              		.loc 1 78 0
 226 0084 856B     		ldr	r5, [r0, #56]
 227 0086 2560     		str	r5, [r4, #0]
 228              		.loc 1 79 0
ARM GAS  /tmp/cc0H8sz0.s 			page 5


 229 0088 C56B     		ldr	r5, [r0, #60]
 230 008a 6560     		str	r5, [r4, #4]
 231              		.loc 1 80 0
 232 008c 056C     		ldr	r5, [r0, #64]
 233 008e A560     		str	r5, [r4, #8]
 234              		.loc 1 81 0
 235 0090 456C     		ldr	r5, [r0, #68]
 236 0092 E560     		str	r5, [r4, #12]
 237              		.loc 1 82 0
 238 0094 C56C     		ldr	r5, [r0, #76]
 239 0096 2562     		str	r5, [r4, #32]
 240              		.loc 1 83 0
 241 0098 056D     		ldr	r5, [r0, #80]
 242 009a 6562     		str	r5, [r4, #36]
 243              	.LVL4:
 244              	.LBE38:
 245              	.LBE64:
 246              	.LBB65:
 247              	.LBB45:
 248              		.loc 1 77 0
 249 009c 446E     		ldr	r4, [r0, #100]
 250 009e 4C61     		str	r4, [r1, #20]
 251              		.loc 1 78 0
 252 00a0 446D     		ldr	r4, [r0, #84]
 253 00a2 0C60     		str	r4, [r1, #0]
 254              		.loc 1 79 0
 255 00a4 846D     		ldr	r4, [r0, #88]
 256 00a6 4C60     		str	r4, [r1, #4]
 257              		.loc 1 80 0
 258 00a8 C46D     		ldr	r4, [r0, #92]
 259 00aa 8C60     		str	r4, [r1, #8]
 260              		.loc 1 81 0
 261 00ac 046E     		ldr	r4, [r0, #96]
 262 00ae CC60     		str	r4, [r1, #12]
 263              		.loc 1 82 0
 264 00b0 846E     		ldr	r4, [r0, #104]
 265 00b2 0C62     		str	r4, [r1, #32]
 266              		.loc 1 83 0
 267 00b4 C46E     		ldr	r4, [r0, #108]
 268 00b6 4C62     		str	r4, [r1, #36]
 269              	.LVL5:
 270              	.LBE45:
 271              	.LBE65:
 272              	.LBB66:
 273              	.LBB53:
 274              		.loc 1 77 0
 275 00b8 D0F88010 		ldr	r1, [r0, #128]
 276 00bc 5161     		str	r1, [r2, #20]
 277              		.loc 1 78 0
 278 00be 016F     		ldr	r1, [r0, #112]
 279 00c0 1160     		str	r1, [r2, #0]
 280              		.loc 1 79 0
 281 00c2 416F     		ldr	r1, [r0, #116]
 282 00c4 5160     		str	r1, [r2, #4]
 283              		.loc 1 80 0
 284 00c6 816F     		ldr	r1, [r0, #120]
 285 00c8 9160     		str	r1, [r2, #8]
ARM GAS  /tmp/cc0H8sz0.s 			page 6


 286              		.loc 1 81 0
 287 00ca C16F     		ldr	r1, [r0, #124]
 288 00cc D160     		str	r1, [r2, #12]
 289              		.loc 1 82 0
 290 00ce D0F88410 		ldr	r1, [r0, #132]
 291 00d2 1162     		str	r1, [r2, #32]
 292              		.loc 1 83 0
 293 00d4 D0F88810 		ldr	r1, [r0, #136]
 294 00d8 5162     		str	r1, [r2, #36]
 295              	.LVL6:
 296              	.LBE53:
 297              	.LBE66:
 298              	.LBB67:
 299              	.LBB60:
 300              		.loc 1 77 0
 301 00da D0F89C20 		ldr	r2, [r0, #156]
 302 00de 5A61     		str	r2, [r3, #20]
 303              		.loc 1 78 0
 304 00e0 D0F88C20 		ldr	r2, [r0, #140]
 305 00e4 1A60     		str	r2, [r3, #0]
 306              		.loc 1 79 0
 307 00e6 D0F89020 		ldr	r2, [r0, #144]
 308 00ea 5A60     		str	r2, [r3, #4]
 309              		.loc 1 80 0
 310 00ec D0F89420 		ldr	r2, [r0, #148]
 311 00f0 9A60     		str	r2, [r3, #8]
 312              		.loc 1 81 0
 313 00f2 D0F89820 		ldr	r2, [r0, #152]
 314 00f6 DA60     		str	r2, [r3, #12]
 315              		.loc 1 82 0
 316 00f8 D0F8A020 		ldr	r2, [r0, #160]
 317 00fc 1A62     		str	r2, [r3, #32]
 318              		.loc 1 83 0
 319 00fe D0F8A420 		ldr	r2, [r0, #164]
 320 0102 5A62     		str	r2, [r3, #36]
 321              	.LBE60:
 322              	.LBE67:
 323              		.loc 1 136 0
 324 0104 70BC     		pop	{r4, r5, r6}
 325 0106 7047     		bx	lr
 326              		.cfi_endproc
 327              	.LFE63:
 328              		.size	_pal_lld_init, .-_pal_lld_init
 329 0108 AFF30080 		.section	.text._pal_lld_setgroupmode,"ax",%progbits
 329      AFF30080 
 330              		.align	2
 331              		.p2align 4,,15
 332              		.global	_pal_lld_setgroupmode
 333              		.thumb
 334              		.thumb_func
 335              		.type	_pal_lld_setgroupmode, %function
 336              	_pal_lld_setgroupmode:
 337              	.LFB64:
 338              		.loc 1 154 0
 339              		.cfi_startproc
 340              		@ args = 0, pretend = 0, frame = 0
 341              		@ frame_needed = 0, uses_anonymous_args = 0
ARM GAS  /tmp/cc0H8sz0.s 			page 7


 342              		@ link register save eliminated.
 343              	.LVL7:
 344 0000 2DE9F00F 		push	{r4, r5, r6, r7, r8, r9, sl, fp}
 345              	.LCFI1:
 346              		.cfi_def_cfa_offset 32
 347              		.cfi_offset 4, -32
 348              		.cfi_offset 5, -28
 349              		.cfi_offset 6, -24
 350              		.cfi_offset 7, -20
 351              		.cfi_offset 8, -16
 352              		.cfi_offset 9, -12
 353              		.cfi_offset 10, -8
 354              		.cfi_offset 11, -4
 355              		.loc 1 161 0
 356 0004 0023     		movs	r3, #0
 357              		.loc 1 156 0
 358 0006 02F00307 		and	r7, r2, #3
 359              	.LVL8:
 360              		.loc 1 157 0
 361 000a C2F38006 		ubfx	r6, r2, #2, #1
 362              	.LVL9:
 363              		.loc 1 158 0
 364 000e C2F3C105 		ubfx	r5, r2, #3, #2
 365              	.LVL10:
 366              		.loc 1 159 0
 367 0012 C2F34114 		ubfx	r4, r2, #5, #2
 368              	.LVL11:
 369              		.loc 1 160 0
 370 0016 C2F3C31B 		ubfx	fp, r2, #7, #4
 371              	.LVL12:
 372              	.LBB68:
 373              		.loc 1 167 0
 374 001a 4FF00F0A 		mov	sl, #15
 375              		.loc 1 172 0
 376 001e 4FF00109 		mov	r9, #1
 377 0022 04E0     		b	.L7
 378              	.LVL13:
 379              	.L12:
 380              	.LBE68:
 381              		.loc 1 182 0
 382 0024 7600     		lsls	r6, r6, #1
 383              	.LVL14:
 384              		.loc 1 183 0
 385 0026 AD00     		lsls	r5, r5, #2
 386              	.LVL15:
 387              		.loc 1 184 0
 388 0028 A400     		lsls	r4, r4, #2
 389              	.LVL16:
 390              		.loc 1 185 0
 391 002a BF00     		lsls	r7, r7, #2
 392              	.LVL17:
 393              		.loc 1 186 0
 394 002c 0133     		adds	r3, r3, #1
 395              	.LVL18:
 396              	.L7:
 397              	.LBB69:
 398              		.loc 1 166 0
ARM GAS  /tmp/cc0H8sz0.s 			page 8


 399 002e 03F00702 		and	r2, r3, #7
 400 0032 9200     		lsls	r2, r2, #2
 401              	.LBE69:
 402              		.loc 1 163 0
 403 0034 11F0010F 		tst	r1, #1
 404 0038 3AD0     		beq	.L3
 405              	.LBB70:
 406              		.loc 1 166 0
 407 003a 0BFA02FC 		lsl	ip, fp, r2
 408              	.LVL19:
 409              		.loc 1 167 0
 410 003e 0AFA02F2 		lsl	r2, sl, r2
 411              	.LVL20:
 412              		.loc 1 168 0
 413 0042 072B     		cmp	r3, #7
 414              		.loc 1 169 0
 415 0044 95BF     		itete	ls
 416 0046 D0F82080 		ldrls	r8, [r0, #32]
 417              		.loc 1 171 0
 418 004a D0F82480 		ldrhi	r8, [r0, #36]
 419              		.loc 1 169 0
 420 004e 28EA0202 		bicls	r2, r8, r2
 421              	.LVL21:
 422              		.loc 1 171 0
 423 0052 28EA0202 		bichi	r2, r8, r2
 424              		.loc 1 172 0
 425 0056 09FA03F8 		lsl	r8, r9, r3
 426              		.loc 1 169 0
 427 005a 95BF     		itete	ls
 428 005c 42EA0C02 		orrls	r2, r2, ip
 429              		.loc 1 171 0
 430 0060 42EA0C02 		orrhi	r2, r2, ip
 431              		.loc 1 169 0
 432 0064 0262     		strls	r2, [r0, #32]
 433              		.loc 1 171 0
 434 0066 4262     		strhi	r2, [r0, #36]
 435              		.loc 1 174 0
 436 0068 4FF0030C 		mov	ip, #3
 437              	.LVL22:
 438              		.loc 1 152 0
 439 006c 5A00     		lsls	r2, r3, #1
 440              		.loc 1 174 0
 441 006e 0CFA02F2 		lsl	r2, ip, r2
 442              		.loc 1 173 0
 443 0072 D0F804C0 		ldr	ip, [r0, #4]
 444              		.loc 1 175 0
 445 0076 D243     		mvns	r2, r2
 446              		.loc 1 173 0
 447 0078 2CEA080C 		bic	ip, ip, r8
 448 007c 4CEA060C 		orr	ip, ip, r6
 449 0080 C0F804C0 		str	ip, [r0, #4]
 450              	.LVL23:
 451              		.loc 1 175 0
 452 0084 D0F808C0 		ldr	ip, [r0, #8]
 453 0088 02EA0C0C 		and	ip, r2, ip
 454 008c 4CEA050C 		orr	ip, ip, r5
 455 0090 C0F808C0 		str	ip, [r0, #8]
ARM GAS  /tmp/cc0H8sz0.s 			page 9


 456              		.loc 1 176 0
 457 0094 D0F80CC0 		ldr	ip, [r0, #12]
 458 0098 02EA0C0C 		and	ip, r2, ip
 459 009c 4CEA040C 		orr	ip, ip, r4
 460 00a0 C0F80CC0 		str	ip, [r0, #12]
 461              		.loc 1 177 0
 462 00a4 D0F800C0 		ldr	ip, [r0, #0]
 463 00a8 02EA0C02 		and	r2, r2, ip
 464              	.LVL24:
 465 00ac 3A43     		orrs	r2, r2, r7
 466 00ae 0260     		str	r2, [r0, #0]
 467              	.LVL25:
 468              	.L3:
 469              	.LBE70:
 470              		.loc 1 180 0
 471 00b0 4908     		lsrs	r1, r1, #1
 472              	.LVL26:
 473 00b2 B7D1     		bne	.L12
 474              		.loc 1 188 0
 475 00b4 BDE8F00F 		pop	{r4, r5, r6, r7, r8, r9, sl, fp}
 476 00b8 7047     		bx	lr
 477              		.cfi_endproc
 478              	.LFE64:
 479              		.size	_pal_lld_setgroupmode, .-_pal_lld_setgroupmode
 480 00ba 00BFAFF3 		.text
 480      0080
 481              	.Letext0:
 482              		.file 2 "/home/mitchd/Documents/FOX-1/amsat-fox/x86_64-toolchain/arm/bin/../lib/gcc/arm-none-eabi/
 483              		.file 3 "./os/hal/platforms/STM32L1xx/stm32l1xx.h"
 484              		.file 4 "./os/hal/platforms/STM32/GPIOv2/pal_lld.h"
 485              		.file 5 "./os/ports/common/ARMCMx/CMSIS/include/core_cm3.h"
 486              		.section	.debug_info,"",%progbits
 487              	.Ldebug_info0:
 488 0000 9D050000 		.4byte	0x59d
 489 0004 0200     		.2byte	0x2
 490 0006 00000000 		.4byte	.Ldebug_abbrev0
 491 000a 04       		.byte	0x4
 492 000b 01       		.uleb128 0x1
 493 000c 9B010000 		.4byte	.LASF62
 494 0010 01       		.byte	0x1
 495 0011 0B020000 		.4byte	.LASF63
 496 0015 76000000 		.4byte	.LASF64
 497 0019 28010000 		.4byte	.Ldebug_ranges0+0x128
 498 001d 00000000 		.4byte	0
 499 0021 00000000 		.4byte	0
 500 0025 00000000 		.4byte	.Ldebug_line0
 501 0029 02       		.uleb128 0x2
 502 002a 04       		.byte	0x4
 503 002b 05       		.byte	0x5
 504 002c 696E7400 		.ascii	"int\000"
 505 0030 03       		.uleb128 0x3
 506 0031 04       		.byte	0x4
 507 0032 07       		.byte	0x7
 508 0033 85010000 		.4byte	.LASF0
 509 0037 03       		.uleb128 0x3
 510 0038 01       		.byte	0x1
 511 0039 06       		.byte	0x6
ARM GAS  /tmp/cc0H8sz0.s 			page 10


 512 003a 59010000 		.4byte	.LASF1
 513 003e 03       		.uleb128 0x3
 514 003f 01       		.byte	0x1
 515 0040 08       		.byte	0x8
 516 0041 43010000 		.4byte	.LASF2
 517 0045 03       		.uleb128 0x3
 518 0046 02       		.byte	0x2
 519 0047 05       		.byte	0x5
 520 0048 54000000 		.4byte	.LASF3
 521 004c 04       		.uleb128 0x4
 522 004d 92010000 		.4byte	.LASF5
 523 0051 02       		.byte	0x2
 524 0052 36       		.byte	0x36
 525 0053 57000000 		.4byte	0x57
 526 0057 03       		.uleb128 0x3
 527 0058 02       		.byte	0x2
 528 0059 07       		.byte	0x7
 529 005a BA010000 		.4byte	.LASF4
 530 005e 04       		.uleb128 0x4
 531 005f F2010000 		.4byte	.LASF6
 532 0063 02       		.byte	0x2
 533 0064 4F       		.byte	0x4f
 534 0065 69000000 		.4byte	0x69
 535 0069 03       		.uleb128 0x3
 536 006a 04       		.byte	0x4
 537 006b 05       		.byte	0x5
 538 006c FB000000 		.4byte	.LASF7
 539 0070 04       		.uleb128 0x4
 540 0071 7C010000 		.4byte	.LASF8
 541 0075 02       		.byte	0x2
 542 0076 50       		.byte	0x50
 543 0077 7B000000 		.4byte	0x7b
 544 007b 03       		.uleb128 0x3
 545 007c 04       		.byte	0x4
 546 007d 07       		.byte	0x7
 547 007e 4E020000 		.4byte	.LASF9
 548 0082 03       		.uleb128 0x3
 549 0083 08       		.byte	0x8
 550 0084 05       		.byte	0x5
 551 0085 DF000000 		.4byte	.LASF10
 552 0089 03       		.uleb128 0x3
 553 008a 08       		.byte	0x8
 554 008b 07       		.byte	0x7
 555 008c 65010000 		.4byte	.LASF11
 556 0090 05       		.uleb128 0x5
 557 0091 70000000 		.4byte	0x70
 558 0095 03       		.uleb128 0x3
 559 0096 04       		.byte	0x4
 560 0097 07       		.byte	0x7
 561 0098 67000000 		.4byte	.LASF12
 562 009c 03       		.uleb128 0x3
 563 009d 01       		.byte	0x1
 564 009e 08       		.byte	0x8
 565 009f ED010000 		.4byte	.LASF13
 566 00a3 06       		.uleb128 0x6
 567 00a4 38       		.byte	0x38
 568 00a5 03       		.byte	0x3
ARM GAS  /tmp/cc0H8sz0.s 			page 11


 569 00a6 0102     		.2byte	0x201
 570 00a8 7E010000 		.4byte	0x17e
 571 00ac 07       		.uleb128 0x7
 572 00ad 435200   		.ascii	"CR\000"
 573 00b0 03       		.byte	0x3
 574 00b1 0302     		.2byte	0x203
 575 00b3 90000000 		.4byte	0x90
 576 00b7 02       		.byte	0x2
 577 00b8 23       		.byte	0x23
 578 00b9 00       		.uleb128 0
 579 00ba 08       		.uleb128 0x8
 580 00bb B0000000 		.4byte	.LASF14
 581 00bf 03       		.byte	0x3
 582 00c0 0402     		.2byte	0x204
 583 00c2 90000000 		.4byte	0x90
 584 00c6 02       		.byte	0x2
 585 00c7 23       		.byte	0x23
 586 00c8 04       		.uleb128 0x4
 587 00c9 08       		.uleb128 0x8
 588 00ca BD000000 		.4byte	.LASF15
 589 00ce 03       		.byte	0x3
 590 00cf 0502     		.2byte	0x205
 591 00d1 90000000 		.4byte	0x90
 592 00d5 02       		.byte	0x2
 593 00d6 23       		.byte	0x23
 594 00d7 08       		.uleb128 0x8
 595 00d8 07       		.uleb128 0x7
 596 00d9 43495200 		.ascii	"CIR\000"
 597 00dd 03       		.byte	0x3
 598 00de 0602     		.2byte	0x206
 599 00e0 90000000 		.4byte	0x90
 600 00e4 02       		.byte	0x2
 601 00e5 23       		.byte	0x23
 602 00e6 0C       		.uleb128 0xc
 603 00e7 08       		.uleb128 0x8
 604 00e8 77020000 		.4byte	.LASF16
 605 00ec 03       		.byte	0x3
 606 00ed 0702     		.2byte	0x207
 607 00ef 90000000 		.4byte	0x90
 608 00f3 02       		.byte	0x2
 609 00f4 23       		.byte	0x23
 610 00f5 10       		.uleb128 0x10
 611 00f6 08       		.uleb128 0x8
 612 00f7 29010000 		.4byte	.LASF17
 613 00fb 03       		.byte	0x3
 614 00fc 0802     		.2byte	0x208
 615 00fe 90000000 		.4byte	0x90
 616 0102 02       		.byte	0x2
 617 0103 23       		.byte	0x23
 618 0104 14       		.uleb128 0x14
 619 0105 08       		.uleb128 0x8
 620 0106 2A000000 		.4byte	.LASF18
 621 010a 03       		.byte	0x3
 622 010b 0902     		.2byte	0x209
 623 010d 90000000 		.4byte	0x90
 624 0111 02       		.byte	0x2
 625 0112 23       		.byte	0x23
ARM GAS  /tmp/cc0H8sz0.s 			page 12


 626 0113 18       		.uleb128 0x18
 627 0114 08       		.uleb128 0x8
 628 0115 1C010000 		.4byte	.LASF19
 629 0119 03       		.byte	0x3
 630 011a 0A02     		.2byte	0x20a
 631 011c 90000000 		.4byte	0x90
 632 0120 02       		.byte	0x2
 633 0121 23       		.byte	0x23
 634 0122 1C       		.uleb128 0x1c
 635 0123 08       		.uleb128 0x8
 636 0124 51010000 		.4byte	.LASF20
 637 0128 03       		.byte	0x3
 638 0129 0B02     		.2byte	0x20b
 639 012b 90000000 		.4byte	0x90
 640 012f 02       		.byte	0x2
 641 0130 23       		.byte	0x23
 642 0131 20       		.uleb128 0x20
 643 0132 08       		.uleb128 0x8
 644 0133 C9000000 		.4byte	.LASF21
 645 0137 03       		.byte	0x3
 646 0138 0C02     		.2byte	0x20c
 647 013a 90000000 		.4byte	0x90
 648 013e 02       		.byte	0x2
 649 013f 23       		.byte	0x23
 650 0140 24       		.uleb128 0x24
 651 0141 08       		.uleb128 0x8
 652 0142 E4010000 		.4byte	.LASF22
 653 0146 03       		.byte	0x3
 654 0147 0D02     		.2byte	0x20d
 655 0149 90000000 		.4byte	0x90
 656 014d 02       		.byte	0x2
 657 014e 23       		.byte	0x23
 658 014f 28       		.uleb128 0x28
 659 0150 08       		.uleb128 0x8
 660 0151 A5020000 		.4byte	.LASF23
 661 0155 03       		.byte	0x3
 662 0156 0E02     		.2byte	0x20e
 663 0158 90000000 		.4byte	0x90
 664 015c 02       		.byte	0x2
 665 015d 23       		.byte	0x23
 666 015e 2C       		.uleb128 0x2c
 667 015f 08       		.uleb128 0x8
 668 0160 DA010000 		.4byte	.LASF24
 669 0164 03       		.byte	0x3
 670 0165 0F02     		.2byte	0x20f
 671 0167 90000000 		.4byte	0x90
 672 016b 02       		.byte	0x2
 673 016c 23       		.byte	0x23
 674 016d 30       		.uleb128 0x30
 675 016e 07       		.uleb128 0x7
 676 016f 43535200 		.ascii	"CSR\000"
 677 0173 03       		.byte	0x3
 678 0174 1002     		.2byte	0x210
 679 0176 90000000 		.4byte	0x90
 680 017a 02       		.byte	0x2
 681 017b 23       		.byte	0x23
 682 017c 34       		.uleb128 0x34
ARM GAS  /tmp/cc0H8sz0.s 			page 13


 683 017d 00       		.byte	0
 684 017e 09       		.uleb128 0x9
 685 017f 0B010000 		.4byte	.LASF25
 686 0183 03       		.byte	0x3
 687 0184 1102     		.2byte	0x211
 688 0186 A3000000 		.4byte	0xa3
 689 018a 0A       		.uleb128 0xa
 690 018b 04       		.byte	0x4
 691 018c 04       		.byte	0x4
 692 018d 9D       		.byte	0x9d
 693 018e AF010000 		.4byte	0x1af
 694 0192 0B       		.uleb128 0xb
 695 0193 73657400 		.ascii	"set\000"
 696 0197 04       		.byte	0x4
 697 0198 9E       		.byte	0x9e
 698 0199 4C000000 		.4byte	0x4c
 699 019d 02       		.byte	0x2
 700 019e 23       		.byte	0x23
 701 019f 00       		.uleb128 0
 702 01a0 0C       		.uleb128 0xc
 703 01a1 32010000 		.4byte	.LASF26
 704 01a5 04       		.byte	0x4
 705 01a6 9F       		.byte	0x9f
 706 01a7 4C000000 		.4byte	0x4c
 707 01ab 02       		.byte	0x2
 708 01ac 23       		.byte	0x23
 709 01ad 02       		.uleb128 0x2
 710 01ae 00       		.byte	0
 711 01af 0D       		.uleb128 0xd
 712 01b0 04       		.byte	0x4
 713 01b1 04       		.byte	0x4
 714 01b2 9B       		.byte	0x9b
 715 01b3 CA010000 		.4byte	0x1ca
 716 01b7 0E       		.uleb128 0xe
 717 01b8 5700     		.ascii	"W\000"
 718 01ba 04       		.byte	0x4
 719 01bb 9C       		.byte	0x9c
 720 01bc 70000000 		.4byte	0x70
 721 01c0 0E       		.uleb128 0xe
 722 01c1 4800     		.ascii	"H\000"
 723 01c3 04       		.byte	0x4
 724 01c4 A0       		.byte	0xa0
 725 01c5 8A010000 		.4byte	0x18a
 726 01c9 00       		.byte	0
 727 01ca 0A       		.uleb128 0xa
 728 01cb 28       		.byte	0x28
 729 01cc 04       		.byte	0x4
 730 01cd 93       		.byte	0x93
 731 01ce 5F020000 		.4byte	0x25f
 732 01d2 0C       		.uleb128 0xc
 733 01d3 23010000 		.4byte	.LASF27
 734 01d7 04       		.byte	0x4
 735 01d8 95       		.byte	0x95
 736 01d9 90000000 		.4byte	0x90
 737 01dd 02       		.byte	0x2
 738 01de 23       		.byte	0x23
 739 01df 00       		.uleb128 0
ARM GAS  /tmp/cc0H8sz0.s 			page 14


 740 01e0 0C       		.uleb128 0xc
 741 01e1 D1000000 		.4byte	.LASF28
 742 01e5 04       		.byte	0x4
 743 01e6 96       		.byte	0x96
 744 01e7 90000000 		.4byte	0x90
 745 01eb 02       		.byte	0x2
 746 01ec 23       		.byte	0x23
 747 01ed 04       		.uleb128 0x4
 748 01ee 0C       		.uleb128 0xc
 749 01ef 46020000 		.4byte	.LASF29
 750 01f3 04       		.byte	0x4
 751 01f4 97       		.byte	0x97
 752 01f5 90000000 		.4byte	0x90
 753 01f9 02       		.byte	0x2
 754 01fa 23       		.byte	0x23
 755 01fb 08       		.uleb128 0x8
 756 01fc 0C       		.uleb128 0xc
 757 01fd ED000000 		.4byte	.LASF30
 758 0201 04       		.byte	0x4
 759 0202 98       		.byte	0x98
 760 0203 90000000 		.4byte	0x90
 761 0207 02       		.byte	0x2
 762 0208 23       		.byte	0x23
 763 0209 0C       		.uleb128 0xc
 764 020a 0B       		.uleb128 0xb
 765 020b 49445200 		.ascii	"IDR\000"
 766 020f 04       		.byte	0x4
 767 0210 99       		.byte	0x99
 768 0211 90000000 		.4byte	0x90
 769 0215 02       		.byte	0x2
 770 0216 23       		.byte	0x23
 771 0217 10       		.uleb128 0x10
 772 0218 0B       		.uleb128 0xb
 773 0219 4F445200 		.ascii	"ODR\000"
 774 021d 04       		.byte	0x4
 775 021e 9A       		.byte	0x9a
 776 021f 90000000 		.4byte	0x90
 777 0223 02       		.byte	0x2
 778 0224 23       		.byte	0x23
 779 0225 14       		.uleb128 0x14
 780 0226 0C       		.uleb128 0xc
 781 0227 17010000 		.4byte	.LASF31
 782 022b 04       		.byte	0x4
 783 022c A1       		.byte	0xa1
 784 022d 5F020000 		.4byte	0x25f
 785 0231 02       		.byte	0x2
 786 0232 23       		.byte	0x23
 787 0233 18       		.uleb128 0x18
 788 0234 0C       		.uleb128 0xc
 789 0235 A0020000 		.4byte	.LASF32
 790 0239 04       		.byte	0x4
 791 023a A2       		.byte	0xa2
 792 023b 90000000 		.4byte	0x90
 793 023f 02       		.byte	0x2
 794 0240 23       		.byte	0x23
 795 0241 1C       		.uleb128 0x1c
 796 0242 0C       		.uleb128 0xc
ARM GAS  /tmp/cc0H8sz0.s 			page 15


 797 0243 B5010000 		.4byte	.LASF33
 798 0247 04       		.byte	0x4
 799 0248 A3       		.byte	0xa3
 800 0249 90000000 		.4byte	0x90
 801 024d 02       		.byte	0x2
 802 024e 23       		.byte	0x23
 803 024f 20       		.uleb128 0x20
 804 0250 0C       		.uleb128 0xc
 805 0251 B0010000 		.4byte	.LASF34
 806 0255 04       		.byte	0x4
 807 0256 A4       		.byte	0xa4
 808 0257 90000000 		.4byte	0x90
 809 025b 02       		.byte	0x2
 810 025c 23       		.byte	0x23
 811 025d 24       		.uleb128 0x24
 812 025e 00       		.byte	0
 813 025f 05       		.uleb128 0x5
 814 0260 AF010000 		.4byte	0x1af
 815 0264 04       		.uleb128 0x4
 816 0265 00000000 		.4byte	.LASF35
 817 0269 04       		.byte	0x4
 818 026a A5       		.byte	0xa5
 819 026b CA010000 		.4byte	0x1ca
 820 026f 0A       		.uleb128 0xa
 821 0270 1C       		.byte	0x1c
 822 0271 04       		.byte	0x4
 823 0272 AA       		.byte	0xaa
 824 0273 DA020000 		.4byte	0x2da
 825 0277 0C       		.uleb128 0xc
 826 0278 84020000 		.4byte	.LASF36
 827 027c 04       		.byte	0x4
 828 027d AC       		.byte	0xac
 829 027e 70000000 		.4byte	0x70
 830 0282 02       		.byte	0x2
 831 0283 23       		.byte	0x23
 832 0284 00       		.uleb128 0
 833 0285 0C       		.uleb128 0xc
 834 0286 C2000000 		.4byte	.LASF37
 835 028a 04       		.byte	0x4
 836 028b AE       		.byte	0xae
 837 028c 70000000 		.4byte	0x70
 838 0290 02       		.byte	0x2
 839 0291 23       		.byte	0x23
 840 0292 04       		.uleb128 0x4
 841 0293 0C       		.uleb128 0xc
 842 0294 F3000000 		.4byte	.LASF38
 843 0298 04       		.byte	0x4
 844 0299 B0       		.byte	0xb0
 845 029a 70000000 		.4byte	0x70
 846 029e 02       		.byte	0x2
 847 029f 23       		.byte	0x23
 848 02a0 08       		.uleb128 0x8
 849 02a1 0C       		.uleb128 0xc
 850 02a2 6C020000 		.4byte	.LASF39
 851 02a6 04       		.byte	0x4
 852 02a7 B2       		.byte	0xb2
 853 02a8 70000000 		.4byte	0x70
ARM GAS  /tmp/cc0H8sz0.s 			page 16


 854 02ac 02       		.byte	0x2
 855 02ad 23       		.byte	0x23
 856 02ae 0C       		.uleb128 0xc
 857 02af 0B       		.uleb128 0xb
 858 02b0 6F647200 		.ascii	"odr\000"
 859 02b4 04       		.byte	0x4
 860 02b5 B4       		.byte	0xb4
 861 02b6 70000000 		.4byte	0x70
 862 02ba 02       		.byte	0x2
 863 02bb 23       		.byte	0x23
 864 02bc 10       		.uleb128 0x10
 865 02bd 0C       		.uleb128 0xc
 866 02be 7F020000 		.4byte	.LASF40
 867 02c2 04       		.byte	0x4
 868 02c3 B6       		.byte	0xb6
 869 02c4 70000000 		.4byte	0x70
 870 02c8 02       		.byte	0x2
 871 02c9 23       		.byte	0x23
 872 02ca 14       		.uleb128 0x14
 873 02cb 0C       		.uleb128 0xc
 874 02cc 72020000 		.4byte	.LASF41
 875 02d0 04       		.byte	0x4
 876 02d1 B8       		.byte	0xb8
 877 02d2 70000000 		.4byte	0x70
 878 02d6 02       		.byte	0x2
 879 02d7 23       		.byte	0x23
 880 02d8 18       		.uleb128 0x18
 881 02d9 00       		.byte	0
 882 02da 04       		.uleb128 0x4
 883 02db 41000000 		.4byte	.LASF42
 884 02df 04       		.byte	0x4
 885 02e0 B9       		.byte	0xb9
 886 02e1 6F020000 		.4byte	0x26f
 887 02e5 0A       		.uleb128 0xa
 888 02e6 A8       		.byte	0xa8
 889 02e7 04       		.byte	0x4
 890 02e8 C2       		.byte	0xc2
 891 02e9 43030000 		.4byte	0x343
 892 02ed 0C       		.uleb128 0xc
 893 02ee D8000000 		.4byte	.LASF43
 894 02f2 04       		.byte	0x4
 895 02f3 C4       		.byte	0xc4
 896 02f4 DA020000 		.4byte	0x2da
 897 02f8 02       		.byte	0x2
 898 02f9 23       		.byte	0x23
 899 02fa 00       		.uleb128 0
 900 02fb 0C       		.uleb128 0xc
 901 02fc 04020000 		.4byte	.LASF44
 902 0300 04       		.byte	0x4
 903 0301 C6       		.byte	0xc6
 904 0302 DA020000 		.4byte	0x2da
 905 0306 02       		.byte	0x2
 906 0307 23       		.byte	0x23
 907 0308 1C       		.uleb128 0x1c
 908 0309 0C       		.uleb128 0xc
 909 030a 0D000000 		.4byte	.LASF45
 910 030e 04       		.byte	0x4
ARM GAS  /tmp/cc0H8sz0.s 			page 17


 911 030f C8       		.byte	0xc8
 912 0310 DA020000 		.4byte	0x2da
 913 0314 02       		.byte	0x2
 914 0315 23       		.byte	0x23
 915 0316 38       		.uleb128 0x38
 916 0317 0C       		.uleb128 0xc
 917 0318 04010000 		.4byte	.LASF46
 918 031c 04       		.byte	0x4
 919 031d CA       		.byte	0xca
 920 031e DA020000 		.4byte	0x2da
 921 0322 02       		.byte	0x2
 922 0323 23       		.byte	0x23
 923 0324 54       		.uleb128 0x54
 924 0325 0C       		.uleb128 0xc
 925 0326 3A020000 		.4byte	.LASF47
 926 032a 04       		.byte	0x4
 927 032b CD       		.byte	0xcd
 928 032c DA020000 		.4byte	0x2da
 929 0330 02       		.byte	0x2
 930 0331 23       		.byte	0x23
 931 0332 70       		.uleb128 0x70
 932 0333 0C       		.uleb128 0xc
 933 0334 60020000 		.4byte	.LASF48
 934 0338 04       		.byte	0x4
 935 0339 D9       		.byte	0xd9
 936 033a DA020000 		.4byte	0x2da
 937 033e 03       		.byte	0x3
 938 033f 23       		.byte	0x23
 939 0340 8C01     		.uleb128 0x8c
 940 0342 00       		.byte	0
 941 0343 04       		.uleb128 0x4
 942 0344 FA010000 		.4byte	.LASF49
 943 0348 04       		.byte	0x4
 944 0349 DF       		.byte	0xdf
 945 034a E5020000 		.4byte	0x2e5
 946 034e 04       		.uleb128 0x4
 947 034f CD010000 		.4byte	.LASF50
 948 0353 04       		.byte	0x4
 949 0354 EF       		.byte	0xef
 950 0355 70000000 		.4byte	0x70
 951 0359 04       		.uleb128 0x4
 952 035a A7010000 		.4byte	.LASF51
 953 035e 04       		.byte	0x4
 954 035f F4       		.byte	0xf4
 955 0360 70000000 		.4byte	0x70
 956 0364 04       		.uleb128 0x4
 957 0365 38010000 		.4byte	.LASF52
 958 0369 04       		.byte	0x4
 959 036a FC       		.byte	0xfc
 960 036b 6F030000 		.4byte	0x36f
 961 036f 0F       		.uleb128 0xf
 962 0370 04       		.byte	0x4
 963 0371 64020000 		.4byte	0x264
 964 0375 10       		.uleb128 0x10
 965 0376 5E000000 		.4byte	.LASF65
 966 037a 01       		.byte	0x1
 967 037b 4B       		.byte	0x4b
ARM GAS  /tmp/cc0H8sz0.s 			page 18


 968 037c 01       		.byte	0x1
 969 037d 01       		.byte	0x1
 970 037e 99030000 		.4byte	0x399
 971 0382 11       		.uleb128 0x11
 972 0383 70000000 		.4byte	.LASF53
 973 0387 01       		.byte	0x1
 974 0388 4B       		.byte	0x4b
 975 0389 6F030000 		.4byte	0x36f
 976 038d 11       		.uleb128 0x11
 977 038e B6000000 		.4byte	.LASF54
 978 0392 01       		.byte	0x1
 979 0393 4B       		.byte	0x4b
 980 0394 99030000 		.4byte	0x399
 981 0398 00       		.byte	0
 982 0399 0F       		.uleb128 0xf
 983 039a 04       		.byte	0x4
 984 039b 9F030000 		.4byte	0x39f
 985 039f 12       		.uleb128 0x12
 986 03a0 DA020000 		.4byte	0x2da
 987 03a4 13       		.uleb128 0x13
 988 03a5 01       		.byte	0x1
 989 03a6 33000000 		.4byte	.LASF55
 990 03aa 01       		.byte	0x1
 991 03ab 66       		.byte	0x66
 992 03ac 01       		.byte	0x1
 993 03ad 00000000 		.4byte	.LFB63
 994 03b1 08010000 		.4byte	.LFE63
 995 03b5 00000000 		.4byte	.LLST0
 996 03b9 01       		.byte	0x1
 997 03ba AD040000 		.4byte	0x4ad
 998 03be 14       		.uleb128 0x14
 999 03bf B6000000 		.4byte	.LASF54
 1000 03c3 01       		.byte	0x1
 1001 03c4 66       		.byte	0x66
 1002 03c5 AD040000 		.4byte	0x4ad
 1003 03c9 01       		.byte	0x1
 1004 03ca 50       		.byte	0x50
 1005 03cb 15       		.uleb128 0x15
 1006 03cc 75030000 		.4byte	0x375
 1007 03d0 14000000 		.4byte	.LBB14
 1008 03d4 00000000 		.4byte	.Ldebug_ranges0+0
 1009 03d8 01       		.byte	0x1
 1010 03d9 75       		.byte	0x75
 1011 03da EF030000 		.4byte	0x3ef
 1012 03de 16       		.uleb128 0x16
 1013 03df 8D030000 		.4byte	0x38d
 1014 03e3 01       		.byte	0x1
 1015 03e4 50       		.byte	0x50
 1016 03e5 17       		.uleb128 0x17
 1017 03e6 82030000 		.4byte	0x382
 1018 03ea 00000240 		.4byte	0x40020000
 1019 03ee 00       		.byte	0
 1020 03ef 15       		.uleb128 0x15
 1021 03f0 75030000 		.4byte	0x375
 1022 03f4 26000000 		.4byte	.LBB24
 1023 03f8 48000000 		.4byte	.Ldebug_ranges0+0x48
 1024 03fc 01       		.byte	0x1
ARM GAS  /tmp/cc0H8sz0.s 			page 19


 1025 03fd 76       		.byte	0x76
 1026 03fe 15040000 		.4byte	0x415
 1027 0402 16       		.uleb128 0x16
 1028 0403 8D030000 		.4byte	0x38d
 1029 0407 03       		.byte	0x3
 1030 0408 70       		.byte	0x70
 1031 0409 1C       		.sleb128 28
 1032 040a 9F       		.byte	0x9f
 1033 040b 17       		.uleb128 0x17
 1034 040c 82030000 		.4byte	0x382
 1035 0410 00040240 		.4byte	0x40020400
 1036 0414 00       		.byte	0
 1037 0415 15       		.uleb128 0x15
 1038 0416 75030000 		.4byte	0x375
 1039 041a 36000000 		.4byte	.LBB35
 1040 041e 88000000 		.4byte	.Ldebug_ranges0+0x88
 1041 0422 01       		.byte	0x1
 1042 0423 77       		.byte	0x77
 1043 0424 3B040000 		.4byte	0x43b
 1044 0428 16       		.uleb128 0x16
 1045 0429 8D030000 		.4byte	0x38d
 1046 042d 03       		.byte	0x3
 1047 042e 70       		.byte	0x70
 1048 042f 38       		.sleb128 56
 1049 0430 9F       		.byte	0x9f
 1050 0431 17       		.uleb128 0x17
 1051 0432 82030000 		.4byte	0x382
 1052 0436 00080240 		.4byte	0x40020800
 1053 043a 00       		.byte	0
 1054 043b 15       		.uleb128 0x15
 1055 043c 75030000 		.4byte	0x375
 1056 0440 46000000 		.4byte	.LBB42
 1057 0444 A8000000 		.4byte	.Ldebug_ranges0+0xa8
 1058 0448 01       		.byte	0x1
 1059 0449 78       		.byte	0x78
 1060 044a 62040000 		.4byte	0x462
 1061 044e 16       		.uleb128 0x16
 1062 044f 8D030000 		.4byte	0x38d
 1063 0453 04       		.byte	0x4
 1064 0454 70       		.byte	0x70
 1065 0455 D400     		.sleb128 84
 1066 0457 9F       		.byte	0x9f
 1067 0458 17       		.uleb128 0x17
 1068 0459 82030000 		.4byte	0x382
 1069 045d 000C0240 		.4byte	0x40020c00
 1070 0461 00       		.byte	0
 1071 0462 15       		.uleb128 0x15
 1072 0463 75030000 		.4byte	0x375
 1073 0467 56000000 		.4byte	.LBB50
 1074 046b C8000000 		.4byte	.Ldebug_ranges0+0xc8
 1075 046f 01       		.byte	0x1
 1076 0470 7A       		.byte	0x7a
 1077 0471 89040000 		.4byte	0x489
 1078 0475 16       		.uleb128 0x16
 1079 0476 8D030000 		.4byte	0x38d
 1080 047a 04       		.byte	0x4
 1081 047b 70       		.byte	0x70
ARM GAS  /tmp/cc0H8sz0.s 			page 20


 1082 047c F000     		.sleb128 112
 1083 047e 9F       		.byte	0x9f
 1084 047f 17       		.uleb128 0x17
 1085 0480 82030000 		.4byte	0x382
 1086 0484 00100240 		.4byte	0x40021000
 1087 0488 00       		.byte	0
 1088 0489 18       		.uleb128 0x18
 1089 048a 75030000 		.4byte	0x375
 1090 048e 66000000 		.4byte	.LBB57
 1091 0492 E8000000 		.4byte	.Ldebug_ranges0+0xe8
 1092 0496 01       		.byte	0x1
 1093 0497 83       		.byte	0x83
 1094 0498 16       		.uleb128 0x16
 1095 0499 8D030000 		.4byte	0x38d
 1096 049d 04       		.byte	0x4
 1097 049e 70       		.byte	0x70
 1098 049f 8C01     		.sleb128 140
 1099 04a1 9F       		.byte	0x9f
 1100 04a2 17       		.uleb128 0x17
 1101 04a3 82030000 		.4byte	0x382
 1102 04a7 00140240 		.4byte	0x40021400
 1103 04ab 00       		.byte	0
 1104 04ac 00       		.byte	0
 1105 04ad 0F       		.uleb128 0xf
 1106 04ae 04       		.byte	0x4
 1107 04af B3040000 		.4byte	0x4b3
 1108 04b3 12       		.uleb128 0x12
 1109 04b4 43030000 		.4byte	0x343
 1110 04b8 13       		.uleb128 0x13
 1111 04b9 01       		.byte	0x1
 1112 04ba 14000000 		.4byte	.LASF56
 1113 04be 01       		.byte	0x1
 1114 04bf 98       		.byte	0x98
 1115 04c0 01       		.byte	0x1
 1116 04c1 00000000 		.4byte	.LFB64
 1117 04c5 BA000000 		.4byte	.LFE64
 1118 04c9 20000000 		.4byte	.LLST1
 1119 04cd 01       		.byte	0x1
 1120 04ce 8D050000 		.4byte	0x58d
 1121 04d2 14       		.uleb128 0x14
 1122 04d3 35020000 		.4byte	.LASF57
 1123 04d7 01       		.byte	0x1
 1124 04d8 98       		.byte	0x98
 1125 04d9 64030000 		.4byte	0x364
 1126 04dd 01       		.byte	0x1
 1127 04de 50       		.byte	0x50
 1128 04df 19       		.uleb128 0x19
 1129 04e0 67020000 		.4byte	.LASF58
 1130 04e4 01       		.byte	0x1
 1131 04e5 99       		.byte	0x99
 1132 04e6 4E030000 		.4byte	0x34e
 1133 04ea 40000000 		.4byte	.LLST2
 1134 04ee 19       		.uleb128 0x19
 1135 04ef AB000000 		.4byte	.LASF59
 1136 04f3 01       		.byte	0x1
 1137 04f4 9A       		.byte	0x9a
 1138 04f5 59030000 		.4byte	0x359
ARM GAS  /tmp/cc0H8sz0.s 			page 21


 1139 04f9 6D000000 		.4byte	.LLST3
 1140 04fd 1A       		.uleb128 0x1a
 1141 04fe 84020000 		.4byte	.LASF36
 1142 0502 01       		.byte	0x1
 1143 0503 9C       		.byte	0x9c
 1144 0504 70000000 		.4byte	0x70
 1145 0508 01       		.byte	0x1
 1146 0509 57       		.byte	0x57
 1147 050a 1A       		.uleb128 0x1a
 1148 050b C2000000 		.4byte	.LASF37
 1149 050f 01       		.byte	0x1
 1150 0510 9D       		.byte	0x9d
 1151 0511 70000000 		.4byte	0x70
 1152 0515 01       		.byte	0x1
 1153 0516 56       		.byte	0x56
 1154 0517 1A       		.uleb128 0x1a
 1155 0518 F3000000 		.4byte	.LASF38
 1156 051c 01       		.byte	0x1
 1157 051d 9E       		.byte	0x9e
 1158 051e 70000000 		.4byte	0x70
 1159 0522 01       		.byte	0x1
 1160 0523 55       		.byte	0x55
 1161 0524 1A       		.uleb128 0x1a
 1162 0525 6C020000 		.4byte	.LASF39
 1163 0529 01       		.byte	0x1
 1164 052a 9F       		.byte	0x9f
 1165 052b 70000000 		.4byte	0x70
 1166 052f 01       		.byte	0x1
 1167 0530 54       		.byte	0x54
 1168 0531 1A       		.uleb128 0x1a
 1169 0532 41020000 		.4byte	.LASF60
 1170 0536 01       		.byte	0x1
 1171 0537 A0       		.byte	0xa0
 1172 0538 70000000 		.4byte	0x70
 1173 053c 01       		.byte	0x1
 1174 053d 5B       		.byte	0x5b
 1175 053e 1B       		.uleb128 0x1b
 1176 053f 62697400 		.ascii	"bit\000"
 1177 0543 01       		.byte	0x1
 1178 0544 A1       		.byte	0xa1
 1179 0545 70000000 		.4byte	0x70
 1180 0549 8E000000 		.4byte	.LLST4
 1181 054d 1C       		.uleb128 0x1c
 1182 054e 08010000 		.4byte	.Ldebug_ranges0+0x108
 1183 0552 1D       		.uleb128 0x1d
 1184 0553 97020000 		.4byte	.LASF61
 1185 0557 01       		.byte	0x1
 1186 0558 A4       		.byte	0xa4
 1187 0559 70000000 		.4byte	0x70
 1188 055d AD000000 		.4byte	.LLST5
 1189 0561 1B       		.uleb128 0x1b
 1190 0562 6D3100   		.ascii	"m1\000"
 1191 0565 01       		.byte	0x1
 1192 0566 A4       		.byte	0xa4
 1193 0567 70000000 		.4byte	0x70
 1194 056b D4000000 		.4byte	.LLST6
 1195 056f 1B       		.uleb128 0x1b
ARM GAS  /tmp/cc0H8sz0.s 			page 22


 1196 0570 6D3200   		.ascii	"m2\000"
 1197 0573 01       		.byte	0x1
 1198 0574 A4       		.byte	0xa4
 1199 0575 70000000 		.4byte	0x70
 1200 0579 EB000000 		.4byte	.LLST7
 1201 057d 1B       		.uleb128 0x1b
 1202 057e 6D3400   		.ascii	"m4\000"
 1203 0581 01       		.byte	0x1
 1204 0582 A4       		.byte	0xa4
 1205 0583 70000000 		.4byte	0x70
 1206 0587 12010000 		.4byte	.LLST8
 1207 058b 00       		.byte	0
 1208 058c 00       		.byte	0
 1209 058d 1E       		.uleb128 0x1e
 1210 058e 8A020000 		.4byte	.LASF66
 1211 0592 05       		.byte	0x5
 1212 0593 9404     		.2byte	0x494
 1213 0595 9B050000 		.4byte	0x59b
 1214 0599 01       		.byte	0x1
 1215 059a 01       		.byte	0x1
 1216 059b 05       		.uleb128 0x5
 1217 059c 5E000000 		.4byte	0x5e
 1218 05a0 00       		.byte	0
 1219              		.section	.debug_abbrev,"",%progbits
 1220              	.Ldebug_abbrev0:
 1221 0000 01       		.uleb128 0x1
 1222 0001 11       		.uleb128 0x11
 1223 0002 01       		.byte	0x1
 1224 0003 25       		.uleb128 0x25
 1225 0004 0E       		.uleb128 0xe
 1226 0005 13       		.uleb128 0x13
 1227 0006 0B       		.uleb128 0xb
 1228 0007 03       		.uleb128 0x3
 1229 0008 0E       		.uleb128 0xe
 1230 0009 1B       		.uleb128 0x1b
 1231 000a 0E       		.uleb128 0xe
 1232 000b 55       		.uleb128 0x55
 1233 000c 06       		.uleb128 0x6
 1234 000d 11       		.uleb128 0x11
 1235 000e 01       		.uleb128 0x1
 1236 000f 52       		.uleb128 0x52
 1237 0010 01       		.uleb128 0x1
 1238 0011 10       		.uleb128 0x10
 1239 0012 06       		.uleb128 0x6
 1240 0013 00       		.byte	0
 1241 0014 00       		.byte	0
 1242 0015 02       		.uleb128 0x2
 1243 0016 24       		.uleb128 0x24
 1244 0017 00       		.byte	0
 1245 0018 0B       		.uleb128 0xb
 1246 0019 0B       		.uleb128 0xb
 1247 001a 3E       		.uleb128 0x3e
 1248 001b 0B       		.uleb128 0xb
 1249 001c 03       		.uleb128 0x3
 1250 001d 08       		.uleb128 0x8
 1251 001e 00       		.byte	0
 1252 001f 00       		.byte	0
ARM GAS  /tmp/cc0H8sz0.s 			page 23


 1253 0020 03       		.uleb128 0x3
 1254 0021 24       		.uleb128 0x24
 1255 0022 00       		.byte	0
 1256 0023 0B       		.uleb128 0xb
 1257 0024 0B       		.uleb128 0xb
 1258 0025 3E       		.uleb128 0x3e
 1259 0026 0B       		.uleb128 0xb
 1260 0027 03       		.uleb128 0x3
 1261 0028 0E       		.uleb128 0xe
 1262 0029 00       		.byte	0
 1263 002a 00       		.byte	0
 1264 002b 04       		.uleb128 0x4
 1265 002c 16       		.uleb128 0x16
 1266 002d 00       		.byte	0
 1267 002e 03       		.uleb128 0x3
 1268 002f 0E       		.uleb128 0xe
 1269 0030 3A       		.uleb128 0x3a
 1270 0031 0B       		.uleb128 0xb
 1271 0032 3B       		.uleb128 0x3b
 1272 0033 0B       		.uleb128 0xb
 1273 0034 49       		.uleb128 0x49
 1274 0035 13       		.uleb128 0x13
 1275 0036 00       		.byte	0
 1276 0037 00       		.byte	0
 1277 0038 05       		.uleb128 0x5
 1278 0039 35       		.uleb128 0x35
 1279 003a 00       		.byte	0
 1280 003b 49       		.uleb128 0x49
 1281 003c 13       		.uleb128 0x13
 1282 003d 00       		.byte	0
 1283 003e 00       		.byte	0
 1284 003f 06       		.uleb128 0x6
 1285 0040 13       		.uleb128 0x13
 1286 0041 01       		.byte	0x1
 1287 0042 0B       		.uleb128 0xb
 1288 0043 0B       		.uleb128 0xb
 1289 0044 3A       		.uleb128 0x3a
 1290 0045 0B       		.uleb128 0xb
 1291 0046 3B       		.uleb128 0x3b
 1292 0047 05       		.uleb128 0x5
 1293 0048 01       		.uleb128 0x1
 1294 0049 13       		.uleb128 0x13
 1295 004a 00       		.byte	0
 1296 004b 00       		.byte	0
 1297 004c 07       		.uleb128 0x7
 1298 004d 0D       		.uleb128 0xd
 1299 004e 00       		.byte	0
 1300 004f 03       		.uleb128 0x3
 1301 0050 08       		.uleb128 0x8
 1302 0051 3A       		.uleb128 0x3a
 1303 0052 0B       		.uleb128 0xb
 1304 0053 3B       		.uleb128 0x3b
 1305 0054 05       		.uleb128 0x5
 1306 0055 49       		.uleb128 0x49
 1307 0056 13       		.uleb128 0x13
 1308 0057 38       		.uleb128 0x38
 1309 0058 0A       		.uleb128 0xa
ARM GAS  /tmp/cc0H8sz0.s 			page 24


 1310 0059 00       		.byte	0
 1311 005a 00       		.byte	0
 1312 005b 08       		.uleb128 0x8
 1313 005c 0D       		.uleb128 0xd
 1314 005d 00       		.byte	0
 1315 005e 03       		.uleb128 0x3
 1316 005f 0E       		.uleb128 0xe
 1317 0060 3A       		.uleb128 0x3a
 1318 0061 0B       		.uleb128 0xb
 1319 0062 3B       		.uleb128 0x3b
 1320 0063 05       		.uleb128 0x5
 1321 0064 49       		.uleb128 0x49
 1322 0065 13       		.uleb128 0x13
 1323 0066 38       		.uleb128 0x38
 1324 0067 0A       		.uleb128 0xa
 1325 0068 00       		.byte	0
 1326 0069 00       		.byte	0
 1327 006a 09       		.uleb128 0x9
 1328 006b 16       		.uleb128 0x16
 1329 006c 00       		.byte	0
 1330 006d 03       		.uleb128 0x3
 1331 006e 0E       		.uleb128 0xe
 1332 006f 3A       		.uleb128 0x3a
 1333 0070 0B       		.uleb128 0xb
 1334 0071 3B       		.uleb128 0x3b
 1335 0072 05       		.uleb128 0x5
 1336 0073 49       		.uleb128 0x49
 1337 0074 13       		.uleb128 0x13
 1338 0075 00       		.byte	0
 1339 0076 00       		.byte	0
 1340 0077 0A       		.uleb128 0xa
 1341 0078 13       		.uleb128 0x13
 1342 0079 01       		.byte	0x1
 1343 007a 0B       		.uleb128 0xb
 1344 007b 0B       		.uleb128 0xb
 1345 007c 3A       		.uleb128 0x3a
 1346 007d 0B       		.uleb128 0xb
 1347 007e 3B       		.uleb128 0x3b
 1348 007f 0B       		.uleb128 0xb
 1349 0080 01       		.uleb128 0x1
 1350 0081 13       		.uleb128 0x13
 1351 0082 00       		.byte	0
 1352 0083 00       		.byte	0
 1353 0084 0B       		.uleb128 0xb
 1354 0085 0D       		.uleb128 0xd
 1355 0086 00       		.byte	0
 1356 0087 03       		.uleb128 0x3
 1357 0088 08       		.uleb128 0x8
 1358 0089 3A       		.uleb128 0x3a
 1359 008a 0B       		.uleb128 0xb
 1360 008b 3B       		.uleb128 0x3b
 1361 008c 0B       		.uleb128 0xb
 1362 008d 49       		.uleb128 0x49
 1363 008e 13       		.uleb128 0x13
 1364 008f 38       		.uleb128 0x38
 1365 0090 0A       		.uleb128 0xa
 1366 0091 00       		.byte	0
ARM GAS  /tmp/cc0H8sz0.s 			page 25


 1367 0092 00       		.byte	0
 1368 0093 0C       		.uleb128 0xc
 1369 0094 0D       		.uleb128 0xd
 1370 0095 00       		.byte	0
 1371 0096 03       		.uleb128 0x3
 1372 0097 0E       		.uleb128 0xe
 1373 0098 3A       		.uleb128 0x3a
 1374 0099 0B       		.uleb128 0xb
 1375 009a 3B       		.uleb128 0x3b
 1376 009b 0B       		.uleb128 0xb
 1377 009c 49       		.uleb128 0x49
 1378 009d 13       		.uleb128 0x13
 1379 009e 38       		.uleb128 0x38
 1380 009f 0A       		.uleb128 0xa
 1381 00a0 00       		.byte	0
 1382 00a1 00       		.byte	0
 1383 00a2 0D       		.uleb128 0xd
 1384 00a3 17       		.uleb128 0x17
 1385 00a4 01       		.byte	0x1
 1386 00a5 0B       		.uleb128 0xb
 1387 00a6 0B       		.uleb128 0xb
 1388 00a7 3A       		.uleb128 0x3a
 1389 00a8 0B       		.uleb128 0xb
 1390 00a9 3B       		.uleb128 0x3b
 1391 00aa 0B       		.uleb128 0xb
 1392 00ab 01       		.uleb128 0x1
 1393 00ac 13       		.uleb128 0x13
 1394 00ad 00       		.byte	0
 1395 00ae 00       		.byte	0
 1396 00af 0E       		.uleb128 0xe
 1397 00b0 0D       		.uleb128 0xd
 1398 00b1 00       		.byte	0
 1399 00b2 03       		.uleb128 0x3
 1400 00b3 08       		.uleb128 0x8
 1401 00b4 3A       		.uleb128 0x3a
 1402 00b5 0B       		.uleb128 0xb
 1403 00b6 3B       		.uleb128 0x3b
 1404 00b7 0B       		.uleb128 0xb
 1405 00b8 49       		.uleb128 0x49
 1406 00b9 13       		.uleb128 0x13
 1407 00ba 00       		.byte	0
 1408 00bb 00       		.byte	0
 1409 00bc 0F       		.uleb128 0xf
 1410 00bd 0F       		.uleb128 0xf
 1411 00be 00       		.byte	0
 1412 00bf 0B       		.uleb128 0xb
 1413 00c0 0B       		.uleb128 0xb
 1414 00c1 49       		.uleb128 0x49
 1415 00c2 13       		.uleb128 0x13
 1416 00c3 00       		.byte	0
 1417 00c4 00       		.byte	0
 1418 00c5 10       		.uleb128 0x10
 1419 00c6 2E       		.uleb128 0x2e
 1420 00c7 01       		.byte	0x1
 1421 00c8 03       		.uleb128 0x3
 1422 00c9 0E       		.uleb128 0xe
 1423 00ca 3A       		.uleb128 0x3a
ARM GAS  /tmp/cc0H8sz0.s 			page 26


 1424 00cb 0B       		.uleb128 0xb
 1425 00cc 3B       		.uleb128 0x3b
 1426 00cd 0B       		.uleb128 0xb
 1427 00ce 27       		.uleb128 0x27
 1428 00cf 0C       		.uleb128 0xc
 1429 00d0 20       		.uleb128 0x20
 1430 00d1 0B       		.uleb128 0xb
 1431 00d2 01       		.uleb128 0x1
 1432 00d3 13       		.uleb128 0x13
 1433 00d4 00       		.byte	0
 1434 00d5 00       		.byte	0
 1435 00d6 11       		.uleb128 0x11
 1436 00d7 05       		.uleb128 0x5
 1437 00d8 00       		.byte	0
 1438 00d9 03       		.uleb128 0x3
 1439 00da 0E       		.uleb128 0xe
 1440 00db 3A       		.uleb128 0x3a
 1441 00dc 0B       		.uleb128 0xb
 1442 00dd 3B       		.uleb128 0x3b
 1443 00de 0B       		.uleb128 0xb
 1444 00df 49       		.uleb128 0x49
 1445 00e0 13       		.uleb128 0x13
 1446 00e1 00       		.byte	0
 1447 00e2 00       		.byte	0
 1448 00e3 12       		.uleb128 0x12
 1449 00e4 26       		.uleb128 0x26
 1450 00e5 00       		.byte	0
 1451 00e6 49       		.uleb128 0x49
 1452 00e7 13       		.uleb128 0x13
 1453 00e8 00       		.byte	0
 1454 00e9 00       		.byte	0
 1455 00ea 13       		.uleb128 0x13
 1456 00eb 2E       		.uleb128 0x2e
 1457 00ec 01       		.byte	0x1
 1458 00ed 3F       		.uleb128 0x3f
 1459 00ee 0C       		.uleb128 0xc
 1460 00ef 03       		.uleb128 0x3
 1461 00f0 0E       		.uleb128 0xe
 1462 00f1 3A       		.uleb128 0x3a
 1463 00f2 0B       		.uleb128 0xb
 1464 00f3 3B       		.uleb128 0x3b
 1465 00f4 0B       		.uleb128 0xb
 1466 00f5 27       		.uleb128 0x27
 1467 00f6 0C       		.uleb128 0xc
 1468 00f7 11       		.uleb128 0x11
 1469 00f8 01       		.uleb128 0x1
 1470 00f9 12       		.uleb128 0x12
 1471 00fa 01       		.uleb128 0x1
 1472 00fb 40       		.uleb128 0x40
 1473 00fc 06       		.uleb128 0x6
 1474 00fd 9742     		.uleb128 0x2117
 1475 00ff 0C       		.uleb128 0xc
 1476 0100 01       		.uleb128 0x1
 1477 0101 13       		.uleb128 0x13
 1478 0102 00       		.byte	0
 1479 0103 00       		.byte	0
 1480 0104 14       		.uleb128 0x14
ARM GAS  /tmp/cc0H8sz0.s 			page 27


 1481 0105 05       		.uleb128 0x5
 1482 0106 00       		.byte	0
 1483 0107 03       		.uleb128 0x3
 1484 0108 0E       		.uleb128 0xe
 1485 0109 3A       		.uleb128 0x3a
 1486 010a 0B       		.uleb128 0xb
 1487 010b 3B       		.uleb128 0x3b
 1488 010c 0B       		.uleb128 0xb
 1489 010d 49       		.uleb128 0x49
 1490 010e 13       		.uleb128 0x13
 1491 010f 02       		.uleb128 0x2
 1492 0110 0A       		.uleb128 0xa
 1493 0111 00       		.byte	0
 1494 0112 00       		.byte	0
 1495 0113 15       		.uleb128 0x15
 1496 0114 1D       		.uleb128 0x1d
 1497 0115 01       		.byte	0x1
 1498 0116 31       		.uleb128 0x31
 1499 0117 13       		.uleb128 0x13
 1500 0118 52       		.uleb128 0x52
 1501 0119 01       		.uleb128 0x1
 1502 011a 55       		.uleb128 0x55
 1503 011b 06       		.uleb128 0x6
 1504 011c 58       		.uleb128 0x58
 1505 011d 0B       		.uleb128 0xb
 1506 011e 59       		.uleb128 0x59
 1507 011f 0B       		.uleb128 0xb
 1508 0120 01       		.uleb128 0x1
 1509 0121 13       		.uleb128 0x13
 1510 0122 00       		.byte	0
 1511 0123 00       		.byte	0
 1512 0124 16       		.uleb128 0x16
 1513 0125 05       		.uleb128 0x5
 1514 0126 00       		.byte	0
 1515 0127 31       		.uleb128 0x31
 1516 0128 13       		.uleb128 0x13
 1517 0129 02       		.uleb128 0x2
 1518 012a 0A       		.uleb128 0xa
 1519 012b 00       		.byte	0
 1520 012c 00       		.byte	0
 1521 012d 17       		.uleb128 0x17
 1522 012e 05       		.uleb128 0x5
 1523 012f 00       		.byte	0
 1524 0130 31       		.uleb128 0x31
 1525 0131 13       		.uleb128 0x13
 1526 0132 1C       		.uleb128 0x1c
 1527 0133 06       		.uleb128 0x6
 1528 0134 00       		.byte	0
 1529 0135 00       		.byte	0
 1530 0136 18       		.uleb128 0x18
 1531 0137 1D       		.uleb128 0x1d
 1532 0138 01       		.byte	0x1
 1533 0139 31       		.uleb128 0x31
 1534 013a 13       		.uleb128 0x13
 1535 013b 52       		.uleb128 0x52
 1536 013c 01       		.uleb128 0x1
 1537 013d 55       		.uleb128 0x55
ARM GAS  /tmp/cc0H8sz0.s 			page 28


 1538 013e 06       		.uleb128 0x6
 1539 013f 58       		.uleb128 0x58
 1540 0140 0B       		.uleb128 0xb
 1541 0141 59       		.uleb128 0x59
 1542 0142 0B       		.uleb128 0xb
 1543 0143 00       		.byte	0
 1544 0144 00       		.byte	0
 1545 0145 19       		.uleb128 0x19
 1546 0146 05       		.uleb128 0x5
 1547 0147 00       		.byte	0
 1548 0148 03       		.uleb128 0x3
 1549 0149 0E       		.uleb128 0xe
 1550 014a 3A       		.uleb128 0x3a
 1551 014b 0B       		.uleb128 0xb
 1552 014c 3B       		.uleb128 0x3b
 1553 014d 0B       		.uleb128 0xb
 1554 014e 49       		.uleb128 0x49
 1555 014f 13       		.uleb128 0x13
 1556 0150 02       		.uleb128 0x2
 1557 0151 06       		.uleb128 0x6
 1558 0152 00       		.byte	0
 1559 0153 00       		.byte	0
 1560 0154 1A       		.uleb128 0x1a
 1561 0155 34       		.uleb128 0x34
 1562 0156 00       		.byte	0
 1563 0157 03       		.uleb128 0x3
 1564 0158 0E       		.uleb128 0xe
 1565 0159 3A       		.uleb128 0x3a
 1566 015a 0B       		.uleb128 0xb
 1567 015b 3B       		.uleb128 0x3b
 1568 015c 0B       		.uleb128 0xb
 1569 015d 49       		.uleb128 0x49
 1570 015e 13       		.uleb128 0x13
 1571 015f 02       		.uleb128 0x2
 1572 0160 0A       		.uleb128 0xa
 1573 0161 00       		.byte	0
 1574 0162 00       		.byte	0
 1575 0163 1B       		.uleb128 0x1b
 1576 0164 34       		.uleb128 0x34
 1577 0165 00       		.byte	0
 1578 0166 03       		.uleb128 0x3
 1579 0167 08       		.uleb128 0x8
 1580 0168 3A       		.uleb128 0x3a
 1581 0169 0B       		.uleb128 0xb
 1582 016a 3B       		.uleb128 0x3b
 1583 016b 0B       		.uleb128 0xb
 1584 016c 49       		.uleb128 0x49
 1585 016d 13       		.uleb128 0x13
 1586 016e 02       		.uleb128 0x2
 1587 016f 06       		.uleb128 0x6
 1588 0170 00       		.byte	0
 1589 0171 00       		.byte	0
 1590 0172 1C       		.uleb128 0x1c
 1591 0173 0B       		.uleb128 0xb
 1592 0174 01       		.byte	0x1
 1593 0175 55       		.uleb128 0x55
 1594 0176 06       		.uleb128 0x6
ARM GAS  /tmp/cc0H8sz0.s 			page 29


 1595 0177 00       		.byte	0
 1596 0178 00       		.byte	0
 1597 0179 1D       		.uleb128 0x1d
 1598 017a 34       		.uleb128 0x34
 1599 017b 00       		.byte	0
 1600 017c 03       		.uleb128 0x3
 1601 017d 0E       		.uleb128 0xe
 1602 017e 3A       		.uleb128 0x3a
 1603 017f 0B       		.uleb128 0xb
 1604 0180 3B       		.uleb128 0x3b
 1605 0181 0B       		.uleb128 0xb
 1606 0182 49       		.uleb128 0x49
 1607 0183 13       		.uleb128 0x13
 1608 0184 02       		.uleb128 0x2
 1609 0185 06       		.uleb128 0x6
 1610 0186 00       		.byte	0
 1611 0187 00       		.byte	0
 1612 0188 1E       		.uleb128 0x1e
 1613 0189 34       		.uleb128 0x34
 1614 018a 00       		.byte	0
 1615 018b 03       		.uleb128 0x3
 1616 018c 0E       		.uleb128 0xe
 1617 018d 3A       		.uleb128 0x3a
 1618 018e 0B       		.uleb128 0xb
 1619 018f 3B       		.uleb128 0x3b
 1620 0190 05       		.uleb128 0x5
 1621 0191 49       		.uleb128 0x49
 1622 0192 13       		.uleb128 0x13
 1623 0193 3F       		.uleb128 0x3f
 1624 0194 0C       		.uleb128 0xc
 1625 0195 3C       		.uleb128 0x3c
 1626 0196 0C       		.uleb128 0xc
 1627 0197 00       		.byte	0
 1628 0198 00       		.byte	0
 1629 0199 00       		.byte	0
 1630              		.section	.debug_loc,"",%progbits
 1631              	.Ldebug_loc0:
 1632              	.LLST0:
 1633 0000 00000000 		.4byte	.LFB63
 1634 0004 0C000000 		.4byte	.LCFI0
 1635 0008 0200     		.2byte	0x2
 1636 000a 7D       		.byte	0x7d
 1637 000b 00       		.sleb128 0
 1638 000c 0C000000 		.4byte	.LCFI0
 1639 0010 08010000 		.4byte	.LFE63
 1640 0014 0200     		.2byte	0x2
 1641 0016 7D       		.byte	0x7d
 1642 0017 0C       		.sleb128 12
 1643 0018 00000000 		.4byte	0
 1644 001c 00000000 		.4byte	0
 1645              	.LLST1:
 1646 0020 00000000 		.4byte	.LFB64
 1647 0024 04000000 		.4byte	.LCFI1
 1648 0028 0200     		.2byte	0x2
 1649 002a 7D       		.byte	0x7d
 1650 002b 00       		.sleb128 0
 1651 002c 04000000 		.4byte	.LCFI1
ARM GAS  /tmp/cc0H8sz0.s 			page 30


 1652 0030 BA000000 		.4byte	.LFE64
 1653 0034 0200     		.2byte	0x2
 1654 0036 7D       		.byte	0x7d
 1655 0037 20       		.sleb128 32
 1656 0038 00000000 		.4byte	0
 1657 003c 00000000 		.4byte	0
 1658              	.LLST2:
 1659 0040 00000000 		.4byte	.LVL7
 1660 0044 B0000000 		.4byte	.LVL25
 1661 0048 0100     		.2byte	0x1
 1662 004a 51       		.byte	0x51
 1663 004b B0000000 		.4byte	.LVL25
 1664 004f B2000000 		.4byte	.LVL26
 1665 0053 0500     		.2byte	0x5
 1666 0055 71       		.byte	0x71
 1667 0056 00       		.sleb128 0
 1668 0057 31       		.byte	0x31
 1669 0058 25       		.byte	0x25
 1670 0059 9F       		.byte	0x9f
 1671 005a B2000000 		.4byte	.LVL26
 1672 005e BA000000 		.4byte	.LFE64
 1673 0062 0100     		.2byte	0x1
 1674 0064 51       		.byte	0x51
 1675 0065 00000000 		.4byte	0
 1676 0069 00000000 		.4byte	0
 1677              	.LLST3:
 1678 006d 00000000 		.4byte	.LVL7
 1679 0071 24000000 		.4byte	.LVL13
 1680 0075 0100     		.2byte	0x1
 1681 0077 52       		.byte	0x52
 1682 0078 24000000 		.4byte	.LVL13
 1683 007c BA000000 		.4byte	.LFE64
 1684 0080 0400     		.2byte	0x4
 1685 0082 F3       		.byte	0xf3
 1686 0083 01       		.uleb128 0x1
 1687 0084 52       		.byte	0x52
 1688 0085 9F       		.byte	0x9f
 1689 0086 00000000 		.4byte	0
 1690 008a 00000000 		.4byte	0
 1691              	.LLST4:
 1692 008e 1A000000 		.4byte	.LVL12
 1693 0092 24000000 		.4byte	.LVL13
 1694 0096 0200     		.2byte	0x2
 1695 0098 30       		.byte	0x30
 1696 0099 9F       		.byte	0x9f
 1697 009a 24000000 		.4byte	.LVL13
 1698 009e BA000000 		.4byte	.LFE64
 1699 00a2 0100     		.2byte	0x1
 1700 00a4 53       		.byte	0x53
 1701 00a5 00000000 		.4byte	0
 1702 00a9 00000000 		.4byte	0
 1703              	.LLST5:
 1704 00ad 3E000000 		.4byte	.LVL19
 1705 00b1 6C000000 		.4byte	.LVL22
 1706 00b5 0100     		.2byte	0x1
 1707 00b7 5C       		.byte	0x5c
 1708 00b8 6C000000 		.4byte	.LVL22
ARM GAS  /tmp/cc0H8sz0.s 			page 31


 1709 00bc B0000000 		.4byte	.LVL25
 1710 00c0 0A00     		.2byte	0xa
 1711 00c2 7B       		.byte	0x7b
 1712 00c3 00       		.sleb128 0
 1713 00c4 73       		.byte	0x73
 1714 00c5 00       		.sleb128 0
 1715 00c6 37       		.byte	0x37
 1716 00c7 1A       		.byte	0x1a
 1717 00c8 32       		.byte	0x32
 1718 00c9 24       		.byte	0x24
 1719 00ca 24       		.byte	0x24
 1720 00cb 9F       		.byte	0x9f
 1721 00cc 00000000 		.4byte	0
 1722 00d0 00000000 		.4byte	0
 1723              	.LLST6:
 1724 00d4 42000000 		.4byte	.LVL20
 1725 00d8 B0000000 		.4byte	.LVL25
 1726 00dc 0500     		.2byte	0x5
 1727 00de 31       		.byte	0x31
 1728 00df 73       		.byte	0x73
 1729 00e0 00       		.sleb128 0
 1730 00e1 24       		.byte	0x24
 1731 00e2 9F       		.byte	0x9f
 1732 00e3 00000000 		.4byte	0
 1733 00e7 00000000 		.4byte	0
 1734              	.LLST7:
 1735 00eb 84000000 		.4byte	.LVL23
 1736 00ef AC000000 		.4byte	.LVL24
 1737 00f3 0400     		.2byte	0x4
 1738 00f5 72       		.byte	0x72
 1739 00f6 00       		.sleb128 0
 1740 00f7 20       		.byte	0x20
 1741 00f8 9F       		.byte	0x9f
 1742 00f9 AC000000 		.4byte	.LVL24
 1743 00fd B0000000 		.4byte	.LVL25
 1744 0101 0700     		.2byte	0x7
 1745 0103 33       		.byte	0x33
 1746 0104 73       		.byte	0x73
 1747 0105 00       		.sleb128 0
 1748 0106 31       		.byte	0x31
 1749 0107 24       		.byte	0x24
 1750 0108 24       		.byte	0x24
 1751 0109 9F       		.byte	0x9f
 1752 010a 00000000 		.4byte	0
 1753 010e 00000000 		.4byte	0
 1754              	.LLST8:
 1755 0112 42000000 		.4byte	.LVL20
 1756 0116 52000000 		.4byte	.LVL21
 1757 011a 0100     		.2byte	0x1
 1758 011c 52       		.byte	0x52
 1759 011d 52000000 		.4byte	.LVL21
 1760 0121 B0000000 		.4byte	.LVL25
 1761 0125 0A00     		.2byte	0xa
 1762 0127 7A       		.byte	0x7a
 1763 0128 00       		.sleb128 0
 1764 0129 73       		.byte	0x73
 1765 012a 00       		.sleb128 0
ARM GAS  /tmp/cc0H8sz0.s 			page 32


 1766 012b 37       		.byte	0x37
 1767 012c 1A       		.byte	0x1a
 1768 012d 32       		.byte	0x32
 1769 012e 24       		.byte	0x24
 1770 012f 24       		.byte	0x24
 1771 0130 9F       		.byte	0x9f
 1772 0131 00000000 		.4byte	0
 1773 0135 00000000 		.4byte	0
 1774              		.section	.debug_aranges,"",%progbits
 1775 0000 24000000 		.4byte	0x24
 1776 0004 0200     		.2byte	0x2
 1777 0006 00000000 		.4byte	.Ldebug_info0
 1778 000a 04       		.byte	0x4
 1779 000b 00       		.byte	0
 1780 000c 0000     		.2byte	0
 1781 000e 0000     		.2byte	0
 1782 0010 00000000 		.4byte	.LFB63
 1783 0014 08010000 		.4byte	.LFE63-.LFB63
 1784 0018 00000000 		.4byte	.LFB64
 1785 001c BA000000 		.4byte	.LFE64-.LFB64
 1786 0020 00000000 		.4byte	0
 1787 0024 00000000 		.4byte	0
 1788              		.section	.debug_ranges,"",%progbits
 1789              	.Ldebug_ranges0:
 1790 0000 14000000 		.4byte	.LBB14
 1791 0004 16000000 		.4byte	.LBE14
 1792 0008 1C000000 		.4byte	.LBB23
 1793 000c 26000000 		.4byte	.LBE23
 1794 0010 2A000000 		.4byte	.LBB32
 1795 0014 2E000000 		.4byte	.LBE32
 1796 0018 32000000 		.4byte	.LBB34
 1797 001c 36000000 		.4byte	.LBE34
 1798 0020 3A000000 		.4byte	.LBB39
 1799 0024 3E000000 		.4byte	.LBE39
 1800 0028 42000000 		.4byte	.LBB41
 1801 002c 46000000 		.4byte	.LBE41
 1802 0030 4A000000 		.4byte	.LBB46
 1803 0034 4E000000 		.4byte	.LBE46
 1804 0038 52000000 		.4byte	.LBB48
 1805 003c 54000000 		.4byte	.LBE48
 1806 0040 00000000 		.4byte	0
 1807 0044 00000000 		.4byte	0
 1808 0048 26000000 		.4byte	.LBB24
 1809 004c 2A000000 		.4byte	.LBE24
 1810 0050 2E000000 		.4byte	.LBB33
 1811 0054 32000000 		.4byte	.LBE33
 1812 0058 54000000 		.4byte	.LBB49
 1813 005c 56000000 		.4byte	.LBE49
 1814 0060 5A000000 		.4byte	.LBB54
 1815 0064 5E000000 		.4byte	.LBE54
 1816 0068 62000000 		.4byte	.LBB56
 1817 006c 66000000 		.4byte	.LBE56
 1818 0070 6A000000 		.4byte	.LBB61
 1819 0074 6E000000 		.4byte	.LBE61
 1820 0078 72000000 		.4byte	.LBB63
 1821 007c 80000000 		.4byte	.LBE63
 1822 0080 00000000 		.4byte	0
ARM GAS  /tmp/cc0H8sz0.s 			page 33


 1823 0084 00000000 		.4byte	0
 1824 0088 36000000 		.4byte	.LBB35
 1825 008c 3A000000 		.4byte	.LBE35
 1826 0090 3E000000 		.4byte	.LBB40
 1827 0094 42000000 		.4byte	.LBE40
 1828 0098 80000000 		.4byte	.LBB64
 1829 009c 9C000000 		.4byte	.LBE64
 1830 00a0 00000000 		.4byte	0
 1831 00a4 00000000 		.4byte	0
 1832 00a8 46000000 		.4byte	.LBB42
 1833 00ac 4A000000 		.4byte	.LBE42
 1834 00b0 4E000000 		.4byte	.LBB47
 1835 00b4 52000000 		.4byte	.LBE47
 1836 00b8 9C000000 		.4byte	.LBB65
 1837 00bc B8000000 		.4byte	.LBE65
 1838 00c0 00000000 		.4byte	0
 1839 00c4 00000000 		.4byte	0
 1840 00c8 56000000 		.4byte	.LBB50
 1841 00cc 5A000000 		.4byte	.LBE50
 1842 00d0 5E000000 		.4byte	.LBB55
 1843 00d4 62000000 		.4byte	.LBE55
 1844 00d8 B8000000 		.4byte	.LBB66
 1845 00dc DA000000 		.4byte	.LBE66
 1846 00e0 00000000 		.4byte	0
 1847 00e4 00000000 		.4byte	0
 1848 00e8 66000000 		.4byte	.LBB57
 1849 00ec 6A000000 		.4byte	.LBE57
 1850 00f0 6E000000 		.4byte	.LBB62
 1851 00f4 72000000 		.4byte	.LBE62
 1852 00f8 DA000000 		.4byte	.LBB67
 1853 00fc 04010000 		.4byte	.LBE67
 1854 0100 00000000 		.4byte	0
 1855 0104 00000000 		.4byte	0
 1856 0108 1A000000 		.4byte	.LBB68
 1857 010c 24000000 		.4byte	.LBE68
 1858 0110 2E000000 		.4byte	.LBB69
 1859 0114 34000000 		.4byte	.LBE69
 1860 0118 3A000000 		.4byte	.LBB70
 1861 011c B0000000 		.4byte	.LBE70
 1862 0120 00000000 		.4byte	0
 1863 0124 00000000 		.4byte	0
 1864 0128 00000000 		.4byte	.LFB63
 1865 012c 08010000 		.4byte	.LFE63
 1866 0130 00000000 		.4byte	.LFB64
 1867 0134 BA000000 		.4byte	.LFE64
 1868 0138 00000000 		.4byte	0
 1869 013c 00000000 		.4byte	0
 1870              		.section	.debug_line,"",%progbits
 1871              	.Ldebug_line0:
 1872 0000 EB010000 		.section	.debug_str,"MS",%progbits,1
 1872      02003F01 
 1872      00000201 
 1872      FB0E0D00 
 1872      01010101 
 1873              	.LASF35:
 1874 0000 4750494F 		.ascii	"GPIO_TypeDef\000"
 1874      5F547970 
ARM GAS  /tmp/cc0H8sz0.s 			page 34


 1874      65446566 
 1874      00
 1875              	.LASF45:
 1876 000d 50434461 		.ascii	"PCData\000"
 1876      746100
 1877              	.LASF56:
 1878 0014 5F70616C 		.ascii	"_pal_lld_setgroupmode\000"
 1878      5F6C6C64 
 1878      5F736574 
 1878      67726F75 
 1878      706D6F64 
 1879              	.LASF18:
 1880 002a 41504231 		.ascii	"APB1RSTR\000"
 1880      52535452 
 1880      00
 1881              	.LASF55:
 1882 0033 5F70616C 		.ascii	"_pal_lld_init\000"
 1882      5F6C6C64 
 1882      5F696E69 
 1882      7400
 1883              	.LASF42:
 1884 0041 73746D33 		.ascii	"stm32_gpio_setup_t\000"
 1884      325F6770 
 1884      696F5F73 
 1884      65747570 
 1884      5F7400
 1885              	.LASF3:
 1886 0054 73686F72 		.ascii	"short int\000"
 1886      7420696E 
 1886      7400
 1887              	.LASF65:
 1888 005e 696E6974 		.ascii	"initgpio\000"
 1888      6770696F 
 1888      00
 1889              	.LASF12:
 1890 0067 73697A65 		.ascii	"sizetype\000"
 1890      74797065 
 1890      00
 1891              	.LASF53:
 1892 0070 6770696F 		.ascii	"gpiop\000"
 1892      7000
 1893              	.LASF64:
 1894 0076 2F686F6D 		.ascii	"/home/mitchd/Documents/FOX-1/amsat-fox/stm32l1-deve"
 1894      652F6D69 
 1894      74636864 
 1894      2F446F63 
 1894      756D656E 
 1895 00a9 6C00     		.ascii	"l\000"
 1896              	.LASF59:
 1897 00ab 6D6F6465 		.ascii	"mode\000"
 1897      00
 1898              	.LASF14:
 1899 00b0 49435343 		.ascii	"ICSCR\000"
 1899      5200
 1900              	.LASF54:
 1901 00b6 636F6E66 		.ascii	"config\000"
 1901      696700
ARM GAS  /tmp/cc0H8sz0.s 			page 35


 1902              	.LASF15:
 1903 00bd 43464752 		.ascii	"CFGR\000"
 1903      00
 1904              	.LASF37:
 1905 00c2 6F747970 		.ascii	"otyper\000"
 1905      657200
 1906              	.LASF21:
 1907 00c9 41504231 		.ascii	"APB1ENR\000"
 1907      454E5200 
 1908              	.LASF28:
 1909 00d1 4F545950 		.ascii	"OTYPER\000"
 1909      455200
 1910              	.LASF43:
 1911 00d8 50414461 		.ascii	"PAData\000"
 1911      746100
 1912              	.LASF10:
 1913 00df 6C6F6E67 		.ascii	"long long int\000"
 1913      206C6F6E 
 1913      6720696E 
 1913      7400
 1914              	.LASF30:
 1915 00ed 50555044 		.ascii	"PUPDR\000"
 1915      5200
 1916              	.LASF38:
 1917 00f3 6F737065 		.ascii	"ospeedr\000"
 1917      65647200 
 1918              	.LASF7:
 1919 00fb 6C6F6E67 		.ascii	"long int\000"
 1919      20696E74 
 1919      00
 1920              	.LASF46:
 1921 0104 50444461 		.ascii	"PDData\000"
 1921      746100
 1922              	.LASF25:
 1923 010b 5243435F 		.ascii	"RCC_TypeDef\000"
 1923      54797065 
 1923      44656600 
 1924              	.LASF31:
 1925 0117 42535252 		.ascii	"BSRR\000"
 1925      00
 1926              	.LASF19:
 1927 011c 41484245 		.ascii	"AHBENR\000"
 1927      4E5200
 1928              	.LASF27:
 1929 0123 4D4F4445 		.ascii	"MODER\000"
 1929      5200
 1930              	.LASF17:
 1931 0129 41504232 		.ascii	"APB2RSTR\000"
 1931      52535452 
 1931      00
 1932              	.LASF26:
 1933 0132 636C6561 		.ascii	"clear\000"
 1933      7200
 1934              	.LASF52:
 1935 0138 696F706F 		.ascii	"ioportid_t\000"
 1935      72746964 
 1935      5F7400
ARM GAS  /tmp/cc0H8sz0.s 			page 36


 1936              	.LASF2:
 1937 0143 756E7369 		.ascii	"unsigned char\000"
 1937      676E6564 
 1937      20636861 
 1937      7200
 1938              	.LASF20:
 1939 0151 41504232 		.ascii	"APB2ENR\000"
 1939      454E5200 
 1940              	.LASF1:
 1941 0159 7369676E 		.ascii	"signed char\000"
 1941      65642063 
 1941      68617200 
 1942              	.LASF11:
 1943 0165 6C6F6E67 		.ascii	"long long unsigned int\000"
 1943      206C6F6E 
 1943      6720756E 
 1943      7369676E 
 1943      65642069 
 1944              	.LASF8:
 1945 017c 75696E74 		.ascii	"uint32_t\000"
 1945      33325F74 
 1945      00
 1946              	.LASF0:
 1947 0185 756E7369 		.ascii	"unsigned int\000"
 1947      676E6564 
 1947      20696E74 
 1947      00
 1948              	.LASF5:
 1949 0192 75696E74 		.ascii	"uint16_t\000"
 1949      31365F74 
 1949      00
 1950              	.LASF62:
 1951 019b 474E5520 		.ascii	"GNU C 4.7.2\000"
 1951      4320342E 
 1951      372E3200 
 1952              	.LASF51:
 1953 01a7 696F6D6F 		.ascii	"iomode_t\000"
 1953      64655F74 
 1953      00
 1954              	.LASF34:
 1955 01b0 41465248 		.ascii	"AFRH\000"
 1955      00
 1956              	.LASF33:
 1957 01b5 4146524C 		.ascii	"AFRL\000"
 1957      00
 1958              	.LASF4:
 1959 01ba 73686F72 		.ascii	"short unsigned int\000"
 1959      7420756E 
 1959      7369676E 
 1959      65642069 
 1959      6E7400
 1960              	.LASF50:
 1961 01cd 696F706F 		.ascii	"ioportmask_t\000"
 1961      72746D61 
 1961      736B5F74 
 1961      00
 1962              	.LASF24:
ARM GAS  /tmp/cc0H8sz0.s 			page 37


 1963 01da 41504231 		.ascii	"APB1LPENR\000"
 1963      4C50454E 
 1963      5200
 1964              	.LASF22:
 1965 01e4 4148424C 		.ascii	"AHBLPENR\000"
 1965      50454E52 
 1965      00
 1966              	.LASF13:
 1967 01ed 63686172 		.ascii	"char\000"
 1967      00
 1968              	.LASF6:
 1969 01f2 696E7433 		.ascii	"int32_t\000"
 1969      325F7400 
 1970              	.LASF49:
 1971 01fa 50414C43 		.ascii	"PALConfig\000"
 1971      6F6E6669 
 1971      6700
 1972              	.LASF44:
 1973 0204 50424461 		.ascii	"PBData\000"
 1973      746100
 1974              	.LASF63:
 1975 020b 2E2F6F73 		.ascii	"./os/hal/platforms/STM32/GPIOv2/pal_lld.c\000"
 1975      2F68616C 
 1975      2F706C61 
 1975      74666F72 
 1975      6D732F53 
 1976              	.LASF57:
 1977 0235 706F7274 		.ascii	"port\000"
 1977      00
 1978              	.LASF47:
 1979 023a 50454461 		.ascii	"PEData\000"
 1979      746100
 1980              	.LASF60:
 1981 0241 616C7472 		.ascii	"altr\000"
 1981      00
 1982              	.LASF29:
 1983 0246 4F535045 		.ascii	"OSPEEDR\000"
 1983      45445200 
 1984              	.LASF9:
 1985 024e 6C6F6E67 		.ascii	"long unsigned int\000"
 1985      20756E73 
 1985      69676E65 
 1985      6420696E 
 1985      7400
 1986              	.LASF48:
 1987 0260 50484461 		.ascii	"PHData\000"
 1987      746100
 1988              	.LASF58:
 1989 0267 6D61736B 		.ascii	"mask\000"
 1989      00
 1990              	.LASF39:
 1991 026c 70757064 		.ascii	"pupdr\000"
 1991      7200
 1992              	.LASF41:
 1993 0272 61667268 		.ascii	"afrh\000"
 1993      00
 1994              	.LASF16:
ARM GAS  /tmp/cc0H8sz0.s 			page 38


 1995 0277 41484252 		.ascii	"AHBRSTR\000"
 1995      53545200 
 1996              	.LASF40:
 1997 027f 6166726C 		.ascii	"afrl\000"
 1997      00
 1998              	.LASF36:
 1999 0284 6D6F6465 		.ascii	"moder\000"
 1999      7200
 2000              	.LASF66:
 2001 028a 49544D5F 		.ascii	"ITM_RxBuffer\000"
 2001      52784275 
 2001      66666572 
 2001      00
 2002              	.LASF61:
 2003 0297 616C7472 		.ascii	"altrmask\000"
 2003      6D61736B 
 2003      00
 2004              	.LASF32:
 2005 02a0 4C434B52 		.ascii	"LCKR\000"
 2005      00
 2006              	.LASF23:
 2007 02a5 41504232 		.ascii	"APB2LPENR\000"
 2007      4C50454E 
 2007      5200
 2008              		.ident	"GCC: (GNU) 4.7.2"
ARM GAS  /tmp/cc0H8sz0.s 			page 39


DEFINED SYMBOLS
                            *ABS*:0000000000000000 pal_lld.c
     /tmp/cc0H8sz0.s:19     .text._pal_lld_init:0000000000000000 $t
     /tmp/cc0H8sz0.s:25     .text._pal_lld_init:0000000000000000 _pal_lld_init
     /tmp/cc0H8sz0.s:330    .text._pal_lld_setgroupmode:0000000000000000 $t
     /tmp/cc0H8sz0.s:336    .text._pal_lld_setgroupmode:0000000000000000 _pal_lld_setgroupmode
                     .debug_frame:0000000000000010 $d

NO UNDEFINED SYMBOLS
