ARM GAS  /tmp/cc7wofOp.s 			page 1


   1              		.syntax unified
   2              		.cpu cortex-m4
   3              		.fpu softvfp
   4              		.eabi_attribute 20, 1
   5              		.eabi_attribute 21, 1
   6              		.eabi_attribute 23, 3
   7              		.eabi_attribute 24, 1
   8              		.eabi_attribute 25, 1
   9              		.eabi_attribute 26, 1
  10              		.eabi_attribute 30, 2
  11              		.eabi_attribute 34, 1
  12              		.eabi_attribute 18, 4
  13              		.thumb
  14              		.file	"board.c"
  15              		.text
  16              	.Ltext0:
  17              		.cfi_sections	.debug_frame
  18              		.section	.text.__early_init,"ax",%progbits
  19              		.align	2
  20              		.p2align 4,,15
  21              		.global	__early_init
  22              		.thumb
  23              		.thumb_func
  24              		.type	__early_init, %function
  25              	__early_init:
  26              	.LFB117:
  27              		.file 1 "./board_include/board.c"
  28              		.loc 1 56 0
  29              		.cfi_startproc
  30              		@ args = 0, pretend = 0, frame = 0
  31              		@ frame_needed = 0, uses_anonymous_args = 0
  32              		@ link register save eliminated.
  33              		.loc 1 59 0
  34              		.loc 1 58 0
  35 0000 FFF7FEBF 		b	stm32_clock_init
  36              		.cfi_endproc
  37              	.LFE117:
  38              		.size	__early_init, .-__early_init
  39 0004 AFF30080 		.section	.text.boardInit,"ax",%progbits
  39      AFF30080 
  39      AFF30080 
  40              		.align	2
  41              		.p2align 4,,15
  42              		.global	boardInit
  43              		.thumb
  44              		.thumb_func
  45              		.type	boardInit, %function
  46              	boardInit:
  47              	.LFB118:
  48              		.loc 1 64 0
  49              		.cfi_startproc
  50              		@ args = 0, pretend = 0, frame = 0
  51              		@ frame_needed = 0, uses_anonymous_args = 0
  52              		@ link register save eliminated.
  53              		.loc 1 65 0
  54 0000 7047     		bx	lr
  55              		.cfi_endproc
ARM GAS  /tmp/cc7wofOp.s 			page 2


  56              	.LFE118:
  57              		.size	boardInit, .-boardInit
  58              		.global	pal_default_config
  59 0002 00BFAFF3 		.section	.rodata.pal_default_config,"a",%progbits
  59      0080AFF3 
  59      0080AFF3 
  59      0080
  60              		.align	2
  61              		.type	pal_default_config, %object
  62              		.size	pal_default_config, 252
  63              	pal_default_config:
  64 0000 00AAA02A 		.word	715172352
  65 0004 00000000 		.word	0
  66 0008 FFFFFFFF 		.word	-1
  67 000c 54000164 		.word	1677787220
  68 0010 FFFFFFFF 		.word	-1
  69 0014 00005655 		.word	1431699456
  70 0018 00AA0A00 		.word	698880
  71 001c 80200800 		.word	532608
  72 0020 40020000 		.word	576
  73 0024 FFFFFFFF 		.word	-1
  74 0028 15455155 		.word	1431389461
  75 002c FFFFFFFF 		.word	-1
  76 0030 00000004 		.word	67108864
  77 0034 40000000 		.word	64
  78 0038 01802002 		.word	35684353
  79 003c 00000000 		.word	0
  80 0040 FFFFFFFF 		.word	-1
  81 0044 54154554 		.word	1413813588
  82 0048 FFFFFFFF 		.word	-1
  83 004c 00000060 		.word	1610612736
  84 0050 00060600 		.word	394752
  85 0054 00010055 		.word	1426063616
  86 0058 00000000 		.word	0
  87 005c FFFFFFFF 		.word	-1
  88 0060 55505500 		.word	5591125
  89 0064 CF0F0000 		.word	4047
  90 0068 00000000 		.word	0
  91 006c 00000000 		.word	0
  92 0070 40000000 		.word	64
  93 0074 00000000 		.word	0
  94 0078 FFFFFFFF 		.word	-1
  95 007c 10555555 		.word	1431655696
  96 0080 FFFFFFFF 		.word	-1
  97 0084 00000000 		.word	0
  98 0088 00000000 		.word	0
  99 008c 00000000 		.word	0
 100 0090 00000000 		.word	0
 101 0094 FFFFFFFF 		.word	-1
 102 0098 55555555 		.word	1431655765
 103 009c FFFFFFFF 		.word	-1
 104 00a0 00000000 		.word	0
 105 00a4 00000000 		.word	0
 106 00a8 00000000 		.word	0
 107 00ac 00000000 		.word	0
 108 00b0 FFFFFFFF 		.word	-1
 109 00b4 55555555 		.word	1431655765
ARM GAS  /tmp/cc7wofOp.s 			page 3


 110 00b8 FFFFFFFF 		.word	-1
 111 00bc 00000000 		.word	0
 112 00c0 00000000 		.word	0
 113 00c4 00000000 		.word	0
 114 00c8 00000000 		.word	0
 115 00cc FFFFFFFF 		.word	-1
 116 00d0 50555555 		.word	1431655760
 117 00d4 FFFFFFFF 		.word	-1
 118 00d8 00000000 		.word	0
 119 00dc 00000000 		.word	0
 120 00e0 00000000 		.word	0
 121 00e4 00000000 		.word	0
 122 00e8 FFFFFFFF 		.word	-1
 123 00ec 55555555 		.word	1431655765
 124 00f0 FFFFFFFF 		.word	-1
 125 00f4 00000000 		.word	0
 126 00f8 00000000 		.word	0
 127              		.text
 128              	.Letext0:
 129              		.file 2 "/usr/bin/../lib/gcc/arm-none-eabi/4.6.2/../../../../arm-none-eabi/include/stdint.h"
 130              		.file 3 "./os/hal/platforms/STM32/GPIOv2/pal_lld.h"
 131              		.file 4 "./os/ports/common/ARMCMx/CMSIS/include/core_cm4.h"
 132              		.section	.debug_info,"",%progbits
 133              	.Ldebug_info0:
 134 0000 F5010000 		.4byte	0x1f5
 135 0004 0200     		.2byte	0x2
 136 0006 00000000 		.4byte	.Ldebug_abbrev0
 137 000a 04       		.byte	0x4
 138 000b 01       		.uleb128 0x1
 139 000c 68000000 		.4byte	.LASF33
 140 0010 01       		.byte	0x1
 141 0011 E2000000 		.4byte	.LASF34
 142 0015 77010000 		.4byte	.LASF35
 143 0019 00000000 		.4byte	0
 144 001d 00000000 		.4byte	0
 145 0021 00000000 		.4byte	.Ldebug_ranges0+0
 146 0025 00000000 		.4byte	.Ldebug_line0
 147 0029 02       		.uleb128 0x2
 148 002a 04       		.byte	0x4
 149 002b 05       		.byte	0x5
 150 002c 696E7400 		.ascii	"int\000"
 151 0030 03       		.uleb128 0x3
 152 0031 04       		.byte	0x4
 153 0032 07       		.byte	0x7
 154 0033 2F000000 		.4byte	.LASF0
 155 0037 03       		.uleb128 0x3
 156 0038 01       		.byte	0x1
 157 0039 06       		.byte	0x6
 158 003a D3010000 		.4byte	.LASF1
 159 003e 03       		.uleb128 0x3
 160 003f 01       		.byte	0x1
 161 0040 08       		.byte	0x8
 162 0041 07010000 		.4byte	.LASF2
 163 0045 03       		.uleb128 0x3
 164 0046 02       		.byte	0x2
 165 0047 05       		.byte	0x5
 166 0048 AA010000 		.4byte	.LASF3
ARM GAS  /tmp/cc7wofOp.s 			page 4


 167 004c 03       		.uleb128 0x3
 168 004d 02       		.byte	0x2
 169 004e 07       		.byte	0x7
 170 004f 1C000000 		.4byte	.LASF4
 171 0053 04       		.uleb128 0x4
 172 0054 67010000 		.4byte	.LASF6
 173 0058 02       		.byte	0x2
 174 0059 4F       		.byte	0x4f
 175 005a 5E000000 		.4byte	0x5e
 176 005e 03       		.uleb128 0x3
 177 005f 04       		.byte	0x4
 178 0060 05       		.byte	0x5
 179 0061 C4010000 		.4byte	.LASF5
 180 0065 04       		.uleb128 0x4
 181 0066 BB010000 		.4byte	.LASF7
 182 006a 02       		.byte	0x2
 183 006b 50       		.byte	0x50
 184 006c 70000000 		.4byte	0x70
 185 0070 03       		.uleb128 0x3
 186 0071 04       		.byte	0x4
 187 0072 07       		.byte	0x7
 188 0073 CB000000 		.4byte	.LASF8
 189 0077 03       		.uleb128 0x3
 190 0078 08       		.byte	0x8
 191 0079 05       		.byte	0x5
 192 007a 00000000 		.4byte	.LASF9
 193 007e 03       		.uleb128 0x3
 194 007f 08       		.byte	0x8
 195 0080 07       		.byte	0x7
 196 0081 4A000000 		.4byte	.LASF10
 197 0085 03       		.uleb128 0x3
 198 0086 01       		.byte	0x1
 199 0087 08       		.byte	0x8
 200 0088 4B010000 		.4byte	.LASF11
 201 008c 05       		.uleb128 0x5
 202 008d 53000000 		.4byte	0x53
 203 0091 06       		.uleb128 0x6
 204 0092 1C       		.byte	0x1c
 205 0093 03       		.byte	0x3
 206 0094 AA       		.byte	0xaa
 207 0095 FC000000 		.4byte	0xfc
 208 0099 07       		.uleb128 0x7
 209 009a CD010000 		.4byte	.LASF12
 210 009e 03       		.byte	0x3
 211 009f AC       		.byte	0xac
 212 00a0 65000000 		.4byte	0x65
 213 00a4 02       		.byte	0x2
 214 00a5 23       		.byte	0x23
 215 00a6 00       		.uleb128 0
 216 00a7 07       		.uleb128 0x7
 217 00a8 3C000000 		.4byte	.LASF13
 218 00ac 03       		.byte	0x3
 219 00ad AE       		.byte	0xae
 220 00ae 65000000 		.4byte	0x65
 221 00b2 02       		.byte	0x2
 222 00b3 23       		.byte	0x23
 223 00b4 04       		.uleb128 0x4
ARM GAS  /tmp/cc7wofOp.s 			page 5


 224 00b5 07       		.uleb128 0x7
 225 00b6 6F010000 		.4byte	.LASF14
 226 00ba 03       		.byte	0x3
 227 00bb B0       		.byte	0xb0
 228 00bc 65000000 		.4byte	0x65
 229 00c0 02       		.byte	0x2
 230 00c1 23       		.byte	0x23
 231 00c2 08       		.uleb128 0x8
 232 00c3 07       		.uleb128 0x7
 233 00c4 32010000 		.4byte	.LASF15
 234 00c8 03       		.byte	0x3
 235 00c9 B2       		.byte	0xb2
 236 00ca 65000000 		.4byte	0x65
 237 00ce 02       		.byte	0x2
 238 00cf 23       		.byte	0x23
 239 00d0 0C       		.uleb128 0xc
 240 00d1 08       		.uleb128 0x8
 241 00d2 6F647200 		.ascii	"odr\000"
 242 00d6 03       		.byte	0x3
 243 00d7 B4       		.byte	0xb4
 244 00d8 65000000 		.4byte	0x65
 245 00dc 02       		.byte	0x2
 246 00dd 23       		.byte	0x23
 247 00de 10       		.uleb128 0x10
 248 00df 07       		.uleb128 0x7
 249 00e0 46010000 		.4byte	.LASF16
 250 00e4 03       		.byte	0x3
 251 00e5 B6       		.byte	0xb6
 252 00e6 65000000 		.4byte	0x65
 253 00ea 02       		.byte	0x2
 254 00eb 23       		.byte	0x23
 255 00ec 14       		.uleb128 0x14
 256 00ed 07       		.uleb128 0x7
 257 00ee DD000000 		.4byte	.LASF17
 258 00f2 03       		.byte	0x3
 259 00f3 B8       		.byte	0xb8
 260 00f4 65000000 		.4byte	0x65
 261 00f8 02       		.byte	0x2
 262 00f9 23       		.byte	0x23
 263 00fa 18       		.uleb128 0x18
 264 00fb 00       		.byte	0
 265 00fc 04       		.uleb128 0x4
 266 00fd B1000000 		.4byte	.LASF18
 267 0101 03       		.byte	0x3
 268 0102 B9       		.byte	0xb9
 269 0103 91000000 		.4byte	0x91
 270 0107 06       		.uleb128 0x6
 271 0108 FC       		.byte	0xfc
 272 0109 03       		.byte	0x3
 273 010a C2       		.byte	0xc2
 274 010b 92010000 		.4byte	0x192
 275 010f 07       		.uleb128 0x7
 276 0110 C4000000 		.4byte	.LASF19
 277 0114 03       		.byte	0x3
 278 0115 C4       		.byte	0xc4
 279 0116 FC000000 		.4byte	0xfc
 280 011a 02       		.byte	0x2
ARM GAS  /tmp/cc7wofOp.s 			page 6


 281 011b 23       		.byte	0x23
 282 011c 00       		.uleb128 0
 283 011d 07       		.uleb128 0x7
 284 011e 3F010000 		.4byte	.LASF20
 285 0122 03       		.byte	0x3
 286 0123 C6       		.byte	0xc6
 287 0124 FC000000 		.4byte	0xfc
 288 0128 02       		.byte	0x2
 289 0129 23       		.byte	0x23
 290 012a 1C       		.uleb128 0x1c
 291 012b 07       		.uleb128 0x7
 292 012c B4010000 		.4byte	.LASF21
 293 0130 03       		.byte	0x3
 294 0131 C8       		.byte	0xc8
 295 0132 FC000000 		.4byte	0xfc
 296 0136 02       		.byte	0x2
 297 0137 23       		.byte	0x23
 298 0138 38       		.uleb128 0x38
 299 0139 07       		.uleb128 0x7
 300 013a 15000000 		.4byte	.LASF22
 301 013e 03       		.byte	0x3
 302 013f CA       		.byte	0xca
 303 0140 FC000000 		.4byte	0xfc
 304 0144 02       		.byte	0x2
 305 0145 23       		.byte	0x23
 306 0146 54       		.uleb128 0x54
 307 0147 07       		.uleb128 0x7
 308 0148 61000000 		.4byte	.LASF23
 309 014c 03       		.byte	0x3
 310 014d CD       		.byte	0xcd
 311 014e FC000000 		.4byte	0xfc
 312 0152 02       		.byte	0x2
 313 0153 23       		.byte	0x23
 314 0154 70       		.uleb128 0x70
 315 0155 07       		.uleb128 0x7
 316 0156 38010000 		.4byte	.LASF24
 317 015a 03       		.byte	0x3
 318 015b D1       		.byte	0xd1
 319 015c FC000000 		.4byte	0xfc
 320 0160 03       		.byte	0x3
 321 0161 23       		.byte	0x23
 322 0162 8C01     		.uleb128 0x8c
 323 0164 07       		.uleb128 0x7
 324 0165 A3010000 		.4byte	.LASF25
 325 0169 03       		.byte	0x3
 326 016a D5       		.byte	0xd5
 327 016b FC000000 		.4byte	0xfc
 328 016f 03       		.byte	0x3
 329 0170 23       		.byte	0x23
 330 0171 A801     		.uleb128 0xa8
 331 0173 07       		.uleb128 0x7
 332 0174 0E000000 		.4byte	.LASF26
 333 0178 03       		.byte	0x3
 334 0179 D9       		.byte	0xd9
 335 017a FC000000 		.4byte	0xfc
 336 017e 03       		.byte	0x3
 337 017f 23       		.byte	0x23
ARM GAS  /tmp/cc7wofOp.s 			page 7


 338 0180 C401     		.uleb128 0xc4
 339 0182 07       		.uleb128 0x7
 340 0183 43000000 		.4byte	.LASF27
 341 0187 03       		.byte	0x3
 342 0188 DD       		.byte	0xdd
 343 0189 FC000000 		.4byte	0xfc
 344 018d 03       		.byte	0x3
 345 018e 23       		.byte	0x23
 346 018f E001     		.uleb128 0xe0
 347 0191 00       		.byte	0
 348 0192 04       		.uleb128 0x4
 349 0193 15010000 		.4byte	.LASF28
 350 0197 03       		.byte	0x3
 351 0198 DF       		.byte	0xdf
 352 0199 07010000 		.4byte	0x107
 353 019d 09       		.uleb128 0x9
 354 019e 01       		.byte	0x1
 355 019f 5A010000 		.4byte	.LASF29
 356 01a3 01       		.byte	0x1
 357 01a4 38       		.byte	0x38
 358 01a5 01       		.byte	0x1
 359 01a6 00000000 		.4byte	.LFB117
 360 01aa 04000000 		.4byte	.LFE117
 361 01ae 02       		.byte	0x2
 362 01af 7D       		.byte	0x7d
 363 01b0 00       		.sleb128 0
 364 01b1 09       		.uleb128 0x9
 365 01b2 01       		.byte	0x1
 366 01b3 50010000 		.4byte	.LASF30
 367 01b7 01       		.byte	0x1
 368 01b8 40       		.byte	0x40
 369 01b9 01       		.byte	0x1
 370 01ba 00000000 		.4byte	.LFB118
 371 01be 02000000 		.4byte	.LFE118
 372 01c2 02       		.byte	0x2
 373 01c3 7D       		.byte	0x7d
 374 01c4 00       		.sleb128 0
 375 01c5 0A       		.uleb128 0xa
 376 01c6 FA000000 		.4byte	.LASF31
 377 01ca 04       		.byte	0x4
 378 01cb 1A05     		.2byte	0x51a
 379 01cd 8C000000 		.4byte	0x8c
 380 01d1 01       		.byte	0x1
 381 01d2 01       		.byte	0x1
 382 01d3 0A       		.uleb128 0xa
 383 01d4 FA000000 		.4byte	.LASF31
 384 01d8 04       		.byte	0x4
 385 01d9 1A05     		.2byte	0x51a
 386 01db 8C000000 		.4byte	0x8c
 387 01df 01       		.byte	0x1
 388 01e0 01       		.byte	0x1
 389 01e1 0B       		.uleb128 0xb
 390 01e2 1F010000 		.4byte	.LASF32
 391 01e6 01       		.byte	0x1
 392 01e7 25       		.byte	0x25
 393 01e8 F3010000 		.4byte	0x1f3
 394 01ec 01       		.byte	0x1
ARM GAS  /tmp/cc7wofOp.s 			page 8


 395 01ed 05       		.byte	0x5
 396 01ee 03       		.byte	0x3
 397 01ef 00000000 		.4byte	pal_default_config
 398 01f3 0C       		.uleb128 0xc
 399 01f4 92010000 		.4byte	0x192
 400 01f8 00       		.byte	0
 401              		.section	.debug_abbrev,"",%progbits
 402              	.Ldebug_abbrev0:
 403 0000 01       		.uleb128 0x1
 404 0001 11       		.uleb128 0x11
 405 0002 01       		.byte	0x1
 406 0003 25       		.uleb128 0x25
 407 0004 0E       		.uleb128 0xe
 408 0005 13       		.uleb128 0x13
 409 0006 0B       		.uleb128 0xb
 410 0007 03       		.uleb128 0x3
 411 0008 0E       		.uleb128 0xe
 412 0009 1B       		.uleb128 0x1b
 413 000a 0E       		.uleb128 0xe
 414 000b 11       		.uleb128 0x11
 415 000c 01       		.uleb128 0x1
 416 000d 52       		.uleb128 0x52
 417 000e 01       		.uleb128 0x1
 418 000f 55       		.uleb128 0x55
 419 0010 06       		.uleb128 0x6
 420 0011 10       		.uleb128 0x10
 421 0012 06       		.uleb128 0x6
 422 0013 00       		.byte	0
 423 0014 00       		.byte	0
 424 0015 02       		.uleb128 0x2
 425 0016 24       		.uleb128 0x24
 426 0017 00       		.byte	0
 427 0018 0B       		.uleb128 0xb
 428 0019 0B       		.uleb128 0xb
 429 001a 3E       		.uleb128 0x3e
 430 001b 0B       		.uleb128 0xb
 431 001c 03       		.uleb128 0x3
 432 001d 08       		.uleb128 0x8
 433 001e 00       		.byte	0
 434 001f 00       		.byte	0
 435 0020 03       		.uleb128 0x3
 436 0021 24       		.uleb128 0x24
 437 0022 00       		.byte	0
 438 0023 0B       		.uleb128 0xb
 439 0024 0B       		.uleb128 0xb
 440 0025 3E       		.uleb128 0x3e
 441 0026 0B       		.uleb128 0xb
 442 0027 03       		.uleb128 0x3
 443 0028 0E       		.uleb128 0xe
 444 0029 00       		.byte	0
 445 002a 00       		.byte	0
 446 002b 04       		.uleb128 0x4
 447 002c 16       		.uleb128 0x16
 448 002d 00       		.byte	0
 449 002e 03       		.uleb128 0x3
 450 002f 0E       		.uleb128 0xe
 451 0030 3A       		.uleb128 0x3a
ARM GAS  /tmp/cc7wofOp.s 			page 9


 452 0031 0B       		.uleb128 0xb
 453 0032 3B       		.uleb128 0x3b
 454 0033 0B       		.uleb128 0xb
 455 0034 49       		.uleb128 0x49
 456 0035 13       		.uleb128 0x13
 457 0036 00       		.byte	0
 458 0037 00       		.byte	0
 459 0038 05       		.uleb128 0x5
 460 0039 35       		.uleb128 0x35
 461 003a 00       		.byte	0
 462 003b 49       		.uleb128 0x49
 463 003c 13       		.uleb128 0x13
 464 003d 00       		.byte	0
 465 003e 00       		.byte	0
 466 003f 06       		.uleb128 0x6
 467 0040 13       		.uleb128 0x13
 468 0041 01       		.byte	0x1
 469 0042 0B       		.uleb128 0xb
 470 0043 0B       		.uleb128 0xb
 471 0044 3A       		.uleb128 0x3a
 472 0045 0B       		.uleb128 0xb
 473 0046 3B       		.uleb128 0x3b
 474 0047 0B       		.uleb128 0xb
 475 0048 01       		.uleb128 0x1
 476 0049 13       		.uleb128 0x13
 477 004a 00       		.byte	0
 478 004b 00       		.byte	0
 479 004c 07       		.uleb128 0x7
 480 004d 0D       		.uleb128 0xd
 481 004e 00       		.byte	0
 482 004f 03       		.uleb128 0x3
 483 0050 0E       		.uleb128 0xe
 484 0051 3A       		.uleb128 0x3a
 485 0052 0B       		.uleb128 0xb
 486 0053 3B       		.uleb128 0x3b
 487 0054 0B       		.uleb128 0xb
 488 0055 49       		.uleb128 0x49
 489 0056 13       		.uleb128 0x13
 490 0057 38       		.uleb128 0x38
 491 0058 0A       		.uleb128 0xa
 492 0059 00       		.byte	0
 493 005a 00       		.byte	0
 494 005b 08       		.uleb128 0x8
 495 005c 0D       		.uleb128 0xd
 496 005d 00       		.byte	0
 497 005e 03       		.uleb128 0x3
 498 005f 08       		.uleb128 0x8
 499 0060 3A       		.uleb128 0x3a
 500 0061 0B       		.uleb128 0xb
 501 0062 3B       		.uleb128 0x3b
 502 0063 0B       		.uleb128 0xb
 503 0064 49       		.uleb128 0x49
 504 0065 13       		.uleb128 0x13
 505 0066 38       		.uleb128 0x38
 506 0067 0A       		.uleb128 0xa
 507 0068 00       		.byte	0
 508 0069 00       		.byte	0
ARM GAS  /tmp/cc7wofOp.s 			page 10


 509 006a 09       		.uleb128 0x9
 510 006b 2E       		.uleb128 0x2e
 511 006c 00       		.byte	0
 512 006d 3F       		.uleb128 0x3f
 513 006e 0C       		.uleb128 0xc
 514 006f 03       		.uleb128 0x3
 515 0070 0E       		.uleb128 0xe
 516 0071 3A       		.uleb128 0x3a
 517 0072 0B       		.uleb128 0xb
 518 0073 3B       		.uleb128 0x3b
 519 0074 0B       		.uleb128 0xb
 520 0075 27       		.uleb128 0x27
 521 0076 0C       		.uleb128 0xc
 522 0077 11       		.uleb128 0x11
 523 0078 01       		.uleb128 0x1
 524 0079 12       		.uleb128 0x12
 525 007a 01       		.uleb128 0x1
 526 007b 40       		.uleb128 0x40
 527 007c 0A       		.uleb128 0xa
 528 007d 00       		.byte	0
 529 007e 00       		.byte	0
 530 007f 0A       		.uleb128 0xa
 531 0080 34       		.uleb128 0x34
 532 0081 00       		.byte	0
 533 0082 03       		.uleb128 0x3
 534 0083 0E       		.uleb128 0xe
 535 0084 3A       		.uleb128 0x3a
 536 0085 0B       		.uleb128 0xb
 537 0086 3B       		.uleb128 0x3b
 538 0087 05       		.uleb128 0x5
 539 0088 49       		.uleb128 0x49
 540 0089 13       		.uleb128 0x13
 541 008a 3F       		.uleb128 0x3f
 542 008b 0C       		.uleb128 0xc
 543 008c 3C       		.uleb128 0x3c
 544 008d 0C       		.uleb128 0xc
 545 008e 00       		.byte	0
 546 008f 00       		.byte	0
 547 0090 0B       		.uleb128 0xb
 548 0091 34       		.uleb128 0x34
 549 0092 00       		.byte	0
 550 0093 03       		.uleb128 0x3
 551 0094 0E       		.uleb128 0xe
 552 0095 3A       		.uleb128 0x3a
 553 0096 0B       		.uleb128 0xb
 554 0097 3B       		.uleb128 0x3b
 555 0098 0B       		.uleb128 0xb
 556 0099 49       		.uleb128 0x49
 557 009a 13       		.uleb128 0x13
 558 009b 3F       		.uleb128 0x3f
 559 009c 0C       		.uleb128 0xc
 560 009d 02       		.uleb128 0x2
 561 009e 0A       		.uleb128 0xa
 562 009f 00       		.byte	0
 563 00a0 00       		.byte	0
 564 00a1 0C       		.uleb128 0xc
 565 00a2 26       		.uleb128 0x26
ARM GAS  /tmp/cc7wofOp.s 			page 11


 566 00a3 00       		.byte	0
 567 00a4 49       		.uleb128 0x49
 568 00a5 13       		.uleb128 0x13
 569 00a6 00       		.byte	0
 570 00a7 00       		.byte	0
 571 00a8 00       		.byte	0
 572              		.section	.debug_aranges,"",%progbits
 573 0000 24000000 		.4byte	0x24
 574 0004 0200     		.2byte	0x2
 575 0006 00000000 		.4byte	.Ldebug_info0
 576 000a 04       		.byte	0x4
 577 000b 00       		.byte	0
 578 000c 0000     		.2byte	0
 579 000e 0000     		.2byte	0
 580 0010 00000000 		.4byte	.LFB117
 581 0014 04000000 		.4byte	.LFE117-.LFB117
 582 0018 00000000 		.4byte	.LFB118
 583 001c 02000000 		.4byte	.LFE118-.LFB118
 584 0020 00000000 		.4byte	0
 585 0024 00000000 		.4byte	0
 586              		.section	.debug_ranges,"",%progbits
 587              	.Ldebug_ranges0:
 588 0000 00000000 		.4byte	.LFB117
 589 0004 04000000 		.4byte	.LFE117
 590 0008 00000000 		.4byte	.LFB118
 591 000c 02000000 		.4byte	.LFE118
 592 0010 00000000 		.4byte	0
 593 0014 00000000 		.4byte	0
 594              		.section	.debug_line,"",%progbits
 595              	.Ldebug_line0:
 596 0000 0D010000 		.section	.debug_str,"MS",%progbits,1
 596      0200E600 
 596      00000201 
 596      FB0E0D00 
 596      01010101 
 597              	.LASF9:
 598 0000 6C6F6E67 		.ascii	"long long int\000"
 598      206C6F6E 
 598      6720696E 
 598      7400
 599              	.LASF26:
 600 000e 50484461 		.ascii	"PHData\000"
 600      746100
 601              	.LASF22:
 602 0015 50444461 		.ascii	"PDData\000"
 602      746100
 603              	.LASF4:
 604 001c 73686F72 		.ascii	"short unsigned int\000"
 604      7420756E 
 604      7369676E 
 604      65642069 
 604      6E7400
 605              	.LASF0:
 606 002f 756E7369 		.ascii	"unsigned int\000"
 606      676E6564 
 606      20696E74 
 606      00
ARM GAS  /tmp/cc7wofOp.s 			page 12


 607              	.LASF13:
 608 003c 6F747970 		.ascii	"otyper\000"
 608      657200
 609              	.LASF27:
 610 0043 50494461 		.ascii	"PIData\000"
 610      746100
 611              	.LASF10:
 612 004a 6C6F6E67 		.ascii	"long long unsigned int\000"
 612      206C6F6E 
 612      6720756E 
 612      7369676E 
 612      65642069 
 613              	.LASF23:
 614 0061 50454461 		.ascii	"PEData\000"
 614      746100
 615              	.LASF33:
 616 0068 474E5520 		.ascii	"GNU C 4.6.2 20120613 (release) [ARM/embedded-4_6-br"
 616      4320342E 
 616      362E3220 
 616      32303132 
 616      30363133 
 617 009b 616E6368 		.ascii	"anch revision 188521]\000"
 617      20726576 
 617      6973696F 
 617      6E203138 
 617      38353231 
 618              	.LASF18:
 619 00b1 73746D33 		.ascii	"stm32_gpio_setup_t\000"
 619      325F6770 
 619      696F5F73 
 619      65747570 
 619      5F7400
 620              	.LASF19:
 621 00c4 50414461 		.ascii	"PAData\000"
 621      746100
 622              	.LASF8:
 623 00cb 6C6F6E67 		.ascii	"long unsigned int\000"
 623      20756E73 
 623      69676E65 
 623      6420696E 
 623      7400
 624              	.LASF17:
 625 00dd 61667268 		.ascii	"afrh\000"
 625      00
 626              	.LASF34:
 627 00e2 2E2F626F 		.ascii	"./board_include/board.c\000"
 627      6172645F 
 627      696E636C 
 627      7564652F 
 627      626F6172 
 628              	.LASF31:
 629 00fa 49544D5F 		.ascii	"ITM_RxBuffer\000"
 629      52784275 
 629      66666572 
 629      00
 630              	.LASF2:
 631 0107 756E7369 		.ascii	"unsigned char\000"
ARM GAS  /tmp/cc7wofOp.s 			page 13


 631      676E6564 
 631      20636861 
 631      7200
 632              	.LASF28:
 633 0115 50414C43 		.ascii	"PALConfig\000"
 633      6F6E6669 
 633      6700
 634              	.LASF32:
 635 011f 70616C5F 		.ascii	"pal_default_config\000"
 635      64656661 
 635      756C745F 
 635      636F6E66 
 635      696700
 636              	.LASF15:
 637 0132 70757064 		.ascii	"pupdr\000"
 637      7200
 638              	.LASF24:
 639 0138 50464461 		.ascii	"PFData\000"
 639      746100
 640              	.LASF20:
 641 013f 50424461 		.ascii	"PBData\000"
 641      746100
 642              	.LASF16:
 643 0146 6166726C 		.ascii	"afrl\000"
 643      00
 644              	.LASF11:
 645 014b 63686172 		.ascii	"char\000"
 645      00
 646              	.LASF30:
 647 0150 626F6172 		.ascii	"boardInit\000"
 647      64496E69 
 647      7400
 648              	.LASF29:
 649 015a 5F5F6561 		.ascii	"__early_init\000"
 649      726C795F 
 649      696E6974 
 649      00
 650              	.LASF6:
 651 0167 696E7433 		.ascii	"int32_t\000"
 651      325F7400 
 652              	.LASF14:
 653 016f 6F737065 		.ascii	"ospeedr\000"
 653      65647200 
 654              	.LASF35:
 655 0177 2F686F6D 		.ascii	"/home/pacifist/fox1/amsat-fox/stm32f4-devel\000"
 655      652F7061 
 655      63696669 
 655      73742F66 
 655      6F78312F 
 656              	.LASF25:
 657 01a3 50474461 		.ascii	"PGData\000"
 657      746100
 658              	.LASF3:
 659 01aa 73686F72 		.ascii	"short int\000"
 659      7420696E 
 659      7400
 660              	.LASF21:
ARM GAS  /tmp/cc7wofOp.s 			page 14


 661 01b4 50434461 		.ascii	"PCData\000"
 661      746100
 662              	.LASF7:
 663 01bb 75696E74 		.ascii	"uint32_t\000"
 663      33325F74 
 663      00
 664              	.LASF5:
 665 01c4 6C6F6E67 		.ascii	"long int\000"
 665      20696E74 
 665      00
 666              	.LASF12:
 667 01cd 6D6F6465 		.ascii	"moder\000"
 667      7200
 668              	.LASF1:
 669 01d3 7369676E 		.ascii	"signed char\000"
 669      65642063 
 669      68617200 
 670              		.ident	"GCC: (GNU Tools for ARM Embedded Processors) 4.6.2 20120613 (release) [ARM/embedded-4_6-br
ARM GAS  /tmp/cc7wofOp.s 			page 15


DEFINED SYMBOLS
                            *ABS*:00000000 board.c
     /tmp/cc7wofOp.s:19     .text.__early_init:00000000 $t
     /tmp/cc7wofOp.s:25     .text.__early_init:00000000 __early_init
     /tmp/cc7wofOp.s:40     .text.boardInit:00000000 $t
     /tmp/cc7wofOp.s:46     .text.boardInit:00000000 boardInit
     /tmp/cc7wofOp.s:63     .rodata.pal_default_config:00000000 pal_default_config
     /tmp/cc7wofOp.s:60     .rodata.pal_default_config:00000000 $d
                     .debug_frame:00000010 $d

UNDEFINED SYMBOLS
stm32_clock_init
