ARM GAS  /tmp/cc9MDy89.s 			page 1


   1              		.syntax unified
   2              		.cpu cortex-m4
   3              		.fpu softvfp
   4              		.eabi_attribute 20, 1
   5              		.eabi_attribute 21, 1
   6              		.eabi_attribute 23, 3
   7              		.eabi_attribute 24, 1
   8              		.eabi_attribute 25, 1
   9              		.eabi_attribute 26, 1
  10              		.eabi_attribute 30, 2
  11              		.eabi_attribute 34, 1
  12              		.eabi_attribute 18, 4
  13              		.thumb
  14              		.file	"chheap.c"
  15              		.text
  16              	.Ltext0:
  17              		.cfi_sections	.debug_frame
  18              		.section	.text._heap_init,"ax",%progbits
  19              		.align	2
  20              		.p2align 4,,15
  21              		.global	_heap_init
  22              		.thumb
  23              		.thumb_func
  24              		.type	_heap_init, %function
  25              	_heap_init:
  26              	.LFB7:
  27              		.file 1 "./os/kernel/src/chheap.c"
  28              		.loc 1 75 0
  29              		.cfi_startproc
  30              		@ args = 0, pretend = 0, frame = 0
  31              		@ frame_needed = 0, uses_anonymous_args = 0
  32              		@ link register save eliminated.
  33              		.loc 1 76 0
  34 0000 40F20003 		movw	r3, #:lower16:.LANCHOR0
  35 0004 C0F20003 		movt	r3, #:upper16:.LANCHOR0
  36 0008 40F20001 		movw	r1, #:lower16:chCoreAlloc
  37              		.loc 1 77 0
  38 000c 0022     		movs	r2, #0
  39              		.loc 1 76 0
  40 000e C0F20001 		movt	r1, #:upper16:chCoreAlloc
  41              		.loc 1 80 0
  42 0012 03F11000 		add	r0, r3, #16
  43              		.loc 1 76 0
  44 0016 1960     		str	r1, [r3, #0]
  45              		.loc 1 77 0
  46 0018 9A60     		str	r2, [r3, #8]
  47              		.loc 1 78 0
  48 001a DA60     		str	r2, [r3, #12]
  49              		.loc 1 84 0
  50              		.loc 1 80 0
  51 001c FFF7FEBF 		b	chMtxInit
  52              		.cfi_endproc
  53              	.LFE7:
  54              		.size	_heap_init, .-_heap_init
  55              		.section	.text.chHeapInit,"ax",%progbits
  56              		.align	2
  57              		.p2align 4,,15
ARM GAS  /tmp/cc9MDy89.s 			page 2


  58              		.global	chHeapInit
  59              		.thumb
  60              		.thumb_func
  61              		.type	chHeapInit, %function
  62              	chHeapInit:
  63              	.LFB8:
  64              		.loc 1 99 0
  65              		.cfi_startproc
  66              		@ args = 0, pretend = 0, frame = 0
  67              		@ frame_needed = 0, uses_anonymous_args = 0
  68              		@ link register save eliminated.
  69              	.LVL0:
  70 0000 10B4     		push	{r4}
  71              	.LCFI0:
  72              		.cfi_def_cfa_offset 4
  73              		.cfi_offset 4, -4
  74              		.loc 1 99 0
  75 0002 0346     		mov	r3, r0
  76              		.loc 1 104 0
  77 0004 0024     		movs	r4, #0
  78              		.loc 1 108 0
  79 0006 083A     		subs	r2, r2, #8
  80              	.LVL1:
  81              		.loc 1 110 0
  82 0008 00F11000 		add	r0, r0, #16
  83              	.LVL2:
  84              		.loc 1 104 0
  85 000c 1C60     		str	r4, [r3, #0]
  86              	.LVL3:
  87              		.loc 1 105 0
  88 000e 9960     		str	r1, [r3, #8]
  89              		.loc 1 106 0
  90 0010 DC60     		str	r4, [r3, #12]
  91              		.loc 1 107 0
  92 0012 0C60     		str	r4, [r1, #0]
  93              		.loc 1 108 0
  94 0014 4A60     		str	r2, [r1, #4]
  95              		.loc 1 114 0
  96 0016 10BC     		pop	{r4}
  97              		.loc 1 110 0
  98 0018 FFF7FEBF 		b	chMtxInit
  99              	.LVL4:
 100              	.LVL5:
 101              	.LVL6:
 102              	.LVL7:
 103              		.cfi_endproc
 104              	.LFE8:
 105              		.size	chHeapInit, .-chHeapInit
 106 001c AFF30080 		.section	.text.chHeapAlloc,"ax",%progbits
 107              		.align	2
 108              		.p2align 4,,15
 109              		.global	chHeapAlloc
 110              		.thumb
 111              		.thumb_func
 112              		.type	chHeapAlloc, %function
 113              	chHeapAlloc:
 114              	.LFB9:
ARM GAS  /tmp/cc9MDy89.s 			page 3


 115              		.loc 1 132 0
 116              		.cfi_startproc
 117              		@ args = 0, pretend = 0, frame = 0
 118              		@ frame_needed = 0, uses_anonymous_args = 0
 119              	.LVL8:
 120 0000 F8B5     		push	{r3, r4, r5, r6, r7, lr}
 121              	.LCFI1:
 122              		.cfi_def_cfa_offset 24
 123              		.cfi_offset 14, -4
 124              		.cfi_offset 7, -8
 125              		.cfi_offset 6, -12
 126              		.cfi_offset 5, -16
 127              		.cfi_offset 4, -20
 128              		.cfi_offset 3, -24
 129              		.loc 1 136 0
 130 0002 214C     		ldr	r4, .L16
 131 0004 0028     		cmp	r0, #0
 132 0006 18BF     		it	ne
 133 0008 0446     		movne	r4, r0
 134              		.loc 1 138 0
 135 000a CE1D     		adds	r6, r1, #7
 136              		.loc 1 140 0
 137 000c 04F11000 		add	r0, r4, #16
 138              	.LVL9:
 139              		.loc 1 138 0
 140 0010 26F00706 		bic	r6, r6, #7
 141              	.LVL10:
 142              		.loc 1 139 0
 143 0014 04F10805 		add	r5, r4, #8
 144              	.LVL11:
 145              		.loc 1 140 0
 146 0018 FFF7FEFF 		bl	chMtxLock
 147              		.loc 1 142 0
 148 001c 00E0     		b	.L5
 149              	.LVL12:
 150              	.L11:
 151              		.loc 1 144 0
 152 001e 1D46     		mov	r5, r3
 153              	.LVL13:
 154              	.L5:
 155              		.loc 1 142 0 discriminator 1
 156 0020 2B68     		ldr	r3, [r5, #0]
 157 0022 03B3     		cbz	r3, .L14
 158              	.LVL14:
 159              		.loc 1 144 0
 160 0024 5A68     		ldr	r2, [r3, #4]
 161 0026 9642     		cmp	r6, r2
 162 0028 F9D8     		bhi	.L11
 163              		.loc 1 145 0
 164 002a 06F10801 		add	r1, r6, #8
 165 002e 8A42     		cmp	r2, r1
 166 0030 16D3     		bcc	.L15
 167              		.loc 1 155 0
 168 0032 4FF6F870 		movw	r0, #65528
 169 0036 CFF6FF70 		movt	r0, 65535
 170              		.loc 1 153 0
 171 003a 5F18     		adds	r7, r3, r1
ARM GAS  /tmp/cc9MDy89.s 			page 4


 172              	.LVL15:
 173              		.loc 1 154 0
 174 003c D3F800E0 		ldr	lr, [r3, #0]
 175              		.loc 1 155 0
 176 0040 C6EB000C 		rsb	ip, r6, r0
 177 0044 0CEB0200 		add	r0, ip, r2
 178              		.loc 1 154 0
 179 0048 43F801E0 		str	lr, [r3, r1]
 180              		.loc 1 155 0
 181 004c 7860     		str	r0, [r7, #4]
 182              		.loc 1 156 0
 183 004e 2F60     		str	r7, [r5, #0]
 184              		.loc 1 157 0
 185 0050 5E60     		str	r6, [r3, #4]
 186              	.LVL16:
 187              	.L7:
 188              		.loc 1 159 0
 189 0052 1D46     		mov	r5, r3
 190              	.LVL17:
 191 0054 45F8084B 		str	r4, [r5], #8
 192              		.loc 1 161 0
 193 0058 FFF7FEFF 		bl	chMtxUnlock
 194              	.LVL18:
 195              	.L8:
 196              		.loc 1 181 0
 197 005c 2846     		mov	r0, r5
 198 005e F8BD     		pop	{r3, r4, r5, r6, r7, pc}
 199              	.LVL19:
 200              	.L15:
 201              		.loc 1 149 0
 202 0060 1A68     		ldr	r2, [r3, #0]
 203 0062 2A60     		str	r2, [r5, #0]
 204 0064 F5E7     		b	.L7
 205              	.LVL20:
 206              	.L14:
 207              		.loc 1 167 0
 208 0066 FFF7FEFF 		bl	chMtxUnlock
 209              		.loc 1 171 0
 210 006a 2568     		ldr	r5, [r4, #0]
 211              	.LVL21:
 212 006c 002D     		cmp	r5, #0
 213 006e F5D0     		beq	.L8
 214              		.loc 1 172 0
 215 0070 06F10800 		add	r0, r6, #8
 216 0074 A847     		blx	r5
 217 0076 0546     		mov	r5, r0
 218              	.LVL22:
 219              		.loc 1 173 0
 220 0078 0028     		cmp	r0, #0
 221 007a EFD0     		beq	.L8
 222              		.loc 1 177 0
 223 007c 0835     		adds	r5, r5, #8
 224              		.loc 1 175 0
 225 007e 80E85000 		stmia	r0, {r4, r6}
 226              	.LVL23:
 227              		.loc 1 181 0
 228 0082 2846     		mov	r0, r5
ARM GAS  /tmp/cc9MDy89.s 			page 5


 229 0084 F8BD     		pop	{r3, r4, r5, r6, r7, pc}
 230              	.L17:
 231 0086 00BF     		.align	2
 232              	.L16:
 233 0088 00000000 		.word	.LANCHOR0
 234              		.cfi_endproc
 235              	.LFE9:
 236              		.size	chHeapAlloc, .-chHeapAlloc
 237 008c AFF30080 		.section	.text.chHeapFree,"ax",%progbits
 238              		.align	2
 239              		.p2align 4,,15
 240              		.global	chHeapFree
 241              		.thumb
 242              		.thumb_func
 243              		.type	chHeapFree, %function
 244              	chHeapFree:
 245              	.LFB10:
 246              		.loc 1 194 0
 247              		.cfi_startproc
 248              		@ args = 0, pretend = 0, frame = 0
 249              		@ frame_needed = 0, uses_anonymous_args = 0
 250              	.LVL24:
 251 0000 70B5     		push	{r4, r5, r6, lr}
 252              	.LCFI2:
 253              		.cfi_def_cfa_offset 16
 254              		.cfi_offset 14, -4
 255              		.cfi_offset 6, -8
 256              		.cfi_offset 5, -12
 257              		.cfi_offset 4, -16
 258              		.loc 1 201 0
 259 0002 50F8085C 		ldr	r5, [r0, #-8]
 260              		.loc 1 194 0
 261 0006 0646     		mov	r6, r0
 262              		.loc 1 200 0
 263 0008 A0F10804 		sub	r4, r0, #8
 264              	.LVL25:
 265              		.loc 1 203 0
 266 000c 05F11000 		add	r0, r5, #16
 267              	.LVL26:
 268              		.loc 1 202 0
 269 0010 0835     		adds	r5, r5, #8
 270              	.LVL27:
 271              		.loc 1 203 0
 272 0012 FFF7FEFF 		bl	chMtxLock
 273              	.LVL28:
 274              		.loc 1 202 0
 275 0016 2B46     		mov	r3, r5
 276              	.LVL29:
 277              	.L25:
 278              		.loc 1 210 0
 279 0018 AB42     		cmp	r3, r5
 280              		.loc 1 211 0
 281 001a 1A68     		ldr	r2, [r3, #0]
 282              		.loc 1 210 0
 283 001c 01D0     		beq	.L19
 284              		.loc 1 210 0 is_stmt 0 discriminator 2
 285 001e A342     		cmp	r3, r4
ARM GAS  /tmp/cc9MDy89.s 			page 6


 286 0020 02D2     		bcs	.L22
 287              	.L19:
 288              		.loc 1 210 0 discriminator 1
 289 0022 1AB1     		cbz	r2, .L21
 290              		.loc 1 211 0 is_stmt 1
 291 0024 9442     		cmp	r4, r2
 292 0026 01D3     		bcc	.L21
 293              	.L22:
 294              	.LVL30:
 295              		.loc 1 228 0
 296 0028 1346     		mov	r3, r2
 297              	.LVL31:
 298              		.loc 1 229 0
 299 002a F5E7     		b	.L25
 300              	.LVL32:
 301              	.L21:
 302              		.loc 1 216 0
 303 002c 56F8041C 		ldr	r1, [r6, #-4]
 304              		.loc 1 213 0
 305 0030 46F8082C 		str	r2, [r6, #-8]
 306              		.loc 1 214 0
 307 0034 1C60     		str	r4, [r3, #0]
 308              		.loc 1 216 0
 309 0036 01F10802 		add	r2, r1, #8
 310 003a 56F8085C 		ldr	r5, [r6, #-8]
 311              	.LVL33:
 312 003e A018     		adds	r0, r4, r2
 313 0040 A842     		cmp	r0, r5
 314 0042 0AD0     		beq	.L26
 315              		.loc 1 221 0
 316 0044 5A68     		ldr	r2, [r3, #4]
 317 0046 02F1080E 		add	lr, r2, #8
 318 004a 03EB0E0C 		add	ip, r3, lr
 319 004e 6445     		cmp	r4, ip
 320 0050 12D0     		beq	.L27
 321              	.L24:
 322              		.loc 1 233 0
 323 0052 BDE87040 		pop	{r4, r5, r6, lr}
 324              		.loc 1 231 0
 325 0056 FFF7FEBF 		b	chMtxUnlock
 326              	.LVL34:
 327              	.L26:
 328              		.loc 1 218 0
 329 005a 4068     		ldr	r0, [r0, #4]
 330              		.loc 1 219 0
 331 005c A258     		ldr	r2, [r4, r2]
 332              		.loc 1 218 0
 333 005e 0918     		adds	r1, r1, r0
 334 0060 0831     		adds	r1, r1, #8
 335 0062 46F8041C 		str	r1, [r6, #-4]
 336              		.loc 1 219 0
 337 0066 46F8082C 		str	r2, [r6, #-8]
 338              		.loc 1 221 0
 339 006a 5A68     		ldr	r2, [r3, #4]
 340 006c 02F1080E 		add	lr, r2, #8
 341 0070 03EB0E0C 		add	ip, r3, lr
 342 0074 6445     		cmp	r4, ip
ARM GAS  /tmp/cc9MDy89.s 			page 7


 343 0076 ECD1     		bne	.L24
 344              	.L27:
 345              		.loc 1 223 0
 346 0078 56F8040C 		ldr	r0, [r6, #-4]
 347              		.loc 1 224 0
 348 007c 56F8081C 		ldr	r1, [r6, #-8]
 349              		.loc 1 223 0
 350 0080 1218     		adds	r2, r2, r0
 351 0082 0832     		adds	r2, r2, #8
 352              		.loc 1 224 0
 353 0084 83E80600 		stmia	r3, {r1, r2}
 354 0088 E3E7     		b	.L24
 355              		.cfi_endproc
 356              	.LFE10:
 357              		.size	chHeapFree, .-chHeapFree
 358 008a 00BFAFF3 		.section	.text.chHeapStatus,"ax",%progbits
 358      0080
 359              		.align	2
 360              		.p2align 4,,15
 361              		.global	chHeapStatus
 362              		.thumb
 363              		.thumb_func
 364              		.type	chHeapStatus, %function
 365              	chHeapStatus:
 366              	.LFB11:
 367              		.loc 1 250 0
 368              		.cfi_startproc
 369              		@ args = 0, pretend = 0, frame = 0
 370              		@ frame_needed = 0, uses_anonymous_args = 0
 371              	.LVL35:
 372 0000 38B5     		push	{r3, r4, r5, lr}
 373              	.LCFI3:
 374              		.cfi_def_cfa_offset 16
 375              		.cfi_offset 14, -4
 376              		.cfi_offset 5, -8
 377              		.cfi_offset 4, -12
 378              		.cfi_offset 3, -16
 379              		.loc 1 255 0
 380 0002 0E4C     		ldr	r4, .L36
 381 0004 0028     		cmp	r0, #0
 382 0006 18BF     		it	ne
 383 0008 0446     		movne	r4, r0
 384              		.loc 1 257 0
 385 000a 04F11000 		add	r0, r4, #16
 386              	.LVL36:
 387              		.loc 1 250 0
 388 000e 0D46     		mov	r5, r1
 389              		.loc 1 257 0
 390 0010 FFF7FEFF 		bl	chMtxLock
 391              	.LVL37:
 392              		.loc 1 260 0
 393 0014 A368     		ldr	r3, [r4, #8]
 394 0016 6BB1     		cbz	r3, .L34
 395 0018 0022     		movs	r2, #0
 396 001a 1446     		mov	r4, r2
 397              	.LVL38:
 398              	.L31:
ARM GAS  /tmp/cc9MDy89.s 			page 8


 399              		.loc 1 261 0 discriminator 2
 400 001c 5968     		ldr	r1, [r3, #4]
 401              		.loc 1 260 0 discriminator 2
 402 001e 1B68     		ldr	r3, [r3, #0]
 403              		.loc 1 261 0 discriminator 2
 404 0020 5218     		adds	r2, r2, r1
 405              	.LVL39:
 406              		.loc 1 260 0 discriminator 2
 407 0022 0134     		adds	r4, r4, #1
 408              	.LVL40:
 409 0024 002B     		cmp	r3, #0
 410 0026 F9D1     		bne	.L31
 411              	.LVL41:
 412              	.L30:
 413              		.loc 1 262 0
 414 0028 05B1     		cbz	r5, .L32
 415              		.loc 1 263 0
 416 002a 2A60     		str	r2, [r5, #0]
 417              	.L32:
 418              		.loc 1 265 0
 419 002c FFF7FEFF 		bl	chMtxUnlock
 420              		.loc 1 267 0
 421 0030 2046     		mov	r0, r4
 422 0032 38BD     		pop	{r3, r4, r5, pc}
 423              	.LVL42:
 424              	.L34:
 425              		.loc 1 259 0
 426 0034 1A46     		mov	r2, r3
 427              		.loc 1 260 0
 428 0036 1C46     		mov	r4, r3
 429 0038 F6E7     		b	.L30
 430              	.L37:
 431 003a 00BF     		.align	2
 432              	.L36:
 433 003c 00000000 		.word	.LANCHOR0
 434              		.cfi_endproc
 435              	.LFE11:
 436              		.size	chHeapStatus, .-chHeapStatus
 437              		.section	.bss.default_heap,"aw",%nobits
 438              		.align	3
 439              		.set	.LANCHOR0,. + 0
 440              		.type	default_heap, %object
 441              		.size	default_heap, 32
 442              	default_heap:
 443 0000 00000000 		.space	32
 443      00000000 
 443      00000000 
 443      00000000 
 443      00000000 
 444              		.text
 445              	.Letext0:
 446              		.file 2 "/usr/bin/../lib/gcc/arm-none-eabi/4.6.2/include/stddef.h"
 447              		.file 3 "/usr/bin/../lib/gcc/arm-none-eabi/4.6.2/../../../../arm-none-eabi/include/stdint.h"
 448              		.file 4 "./os/ports/GCC/ARMCMx/chtypes.h"
 449              		.file 5 "./os/kernel/include/chlists.h"
 450              		.file 6 "./os/kernel/include/chthreads.h"
 451              		.file 7 "./os/ports/GCC/ARMCMx/chcore_v7m.h"
ARM GAS  /tmp/cc9MDy89.s 			page 9


 452              		.file 8 "./os/kernel/include/chmtx.h"
 453              		.file 9 "./os/kernel/include/chmemcore.h"
 454              		.file 10 "./os/kernel/include/chheap.h"
 455              		.section	.debug_info,"",%progbits
 456              	.Ldebug_info0:
 457 0000 37060000 		.4byte	0x637
 458 0004 0200     		.2byte	0x2
 459 0006 00000000 		.4byte	.Ldebug_abbrev0
 460 000a 04       		.byte	0x4
 461 000b 01       		.uleb128 0x1
 462 000c B2000000 		.4byte	.LASF72
 463 0010 01       		.byte	0x1
 464 0011 43010000 		.4byte	.LASF73
 465 0015 04010000 		.4byte	.LASF74
 466 0019 00000000 		.4byte	0
 467 001d 00000000 		.4byte	0
 468 0021 00000000 		.4byte	.Ldebug_ranges0+0
 469 0025 00000000 		.4byte	.Ldebug_line0
 470 0029 02       		.uleb128 0x2
 471 002a 04       		.byte	0x4
 472 002b 05       		.byte	0x5
 473 002c 696E7400 		.ascii	"int\000"
 474 0030 03       		.uleb128 0x3
 475 0031 06000000 		.4byte	.LASF2
 476 0035 02       		.byte	0x2
 477 0036 D4       		.byte	0xd4
 478 0037 3B000000 		.4byte	0x3b
 479 003b 04       		.uleb128 0x4
 480 003c 04       		.byte	0x4
 481 003d 07       		.byte	0x7
 482 003e 6B010000 		.4byte	.LASF0
 483 0042 04       		.uleb128 0x4
 484 0043 01       		.byte	0x1
 485 0044 06       		.byte	0x6
 486 0045 7C000000 		.4byte	.LASF1
 487 0049 03       		.uleb128 0x3
 488 004a FE020000 		.4byte	.LASF3
 489 004e 03       		.byte	0x3
 490 004f 2A       		.byte	0x2a
 491 0050 54000000 		.4byte	0x54
 492 0054 04       		.uleb128 0x4
 493 0055 01       		.byte	0x1
 494 0056 08       		.byte	0x8
 495 0057 20020000 		.4byte	.LASF4
 496 005b 04       		.uleb128 0x4
 497 005c 02       		.byte	0x2
 498 005d 05       		.byte	0x5
 499 005e 43020000 		.4byte	.LASF5
 500 0062 04       		.uleb128 0x4
 501 0063 02       		.byte	0x2
 502 0064 07       		.byte	0x7
 503 0065 97010000 		.4byte	.LASF6
 504 0069 03       		.uleb128 0x3
 505 006a 18020000 		.4byte	.LASF7
 506 006e 03       		.byte	0x3
 507 006f 4F       		.byte	0x4f
 508 0070 74000000 		.4byte	0x74
ARM GAS  /tmp/cc9MDy89.s 			page 10


 509 0074 04       		.uleb128 0x4
 510 0075 04       		.byte	0x4
 511 0076 05       		.byte	0x5
 512 0077 A9000000 		.4byte	.LASF8
 513 007b 03       		.uleb128 0x3
 514 007c 95020000 		.4byte	.LASF9
 515 0080 03       		.byte	0x3
 516 0081 50       		.byte	0x50
 517 0082 86000000 		.4byte	0x86
 518 0086 04       		.uleb128 0x4
 519 0087 04       		.byte	0x4
 520 0088 07       		.byte	0x7
 521 0089 78010000 		.4byte	.LASF10
 522 008d 04       		.uleb128 0x4
 523 008e 08       		.byte	0x8
 524 008f 05       		.byte	0x5
 525 0090 6E000000 		.4byte	.LASF11
 526 0094 03       		.uleb128 0x3
 527 0095 14000000 		.4byte	.LASF12
 528 0099 03       		.byte	0x3
 529 009a 78       		.byte	0x78
 530 009b 9F000000 		.4byte	0x9f
 531 009f 04       		.uleb128 0x4
 532 00a0 08       		.byte	0x8
 533 00a1 07       		.byte	0x7
 534 00a2 2A000000 		.4byte	.LASF13
 535 00a6 03       		.uleb128 0x3
 536 00a7 B0010000 		.4byte	.LASF14
 537 00ab 04       		.byte	0x4
 538 00ac 2F       		.byte	0x2f
 539 00ad 49000000 		.4byte	0x49
 540 00b1 03       		.uleb128 0x3
 541 00b2 FB000000 		.4byte	.LASF15
 542 00b6 04       		.byte	0x4
 543 00b7 30       		.byte	0x30
 544 00b8 49000000 		.4byte	0x49
 545 00bc 03       		.uleb128 0x3
 546 00bd 01020000 		.4byte	.LASF16
 547 00c1 04       		.byte	0x4
 548 00c2 31       		.byte	0x31
 549 00c3 49000000 		.4byte	0x49
 550 00c7 03       		.uleb128 0x3
 551 00c8 10020000 		.4byte	.LASF17
 552 00cc 04       		.byte	0x4
 553 00cd 32       		.byte	0x32
 554 00ce 7B000000 		.4byte	0x7b
 555 00d2 03       		.uleb128 0x3
 556 00d3 AA010000 		.4byte	.LASF18
 557 00d7 04       		.byte	0x4
 558 00d8 33       		.byte	0x33
 559 00d9 69000000 		.4byte	0x69
 560 00dd 03       		.uleb128 0x3
 561 00de C4010000 		.4byte	.LASF19
 562 00e2 04       		.byte	0x4
 563 00e3 35       		.byte	0x35
 564 00e4 7B000000 		.4byte	0x7b
 565 00e8 03       		.uleb128 0x3
ARM GAS  /tmp/cc9MDy89.s 			page 11


 566 00e9 C9020000 		.4byte	.LASF20
 567 00ed 04       		.byte	0x4
 568 00ee 36       		.byte	0x36
 569 00ef 7B000000 		.4byte	0x7b
 570 00f3 03       		.uleb128 0x3
 571 00f4 77020000 		.4byte	.LASF21
 572 00f8 05       		.byte	0x5
 573 00f9 2A       		.byte	0x2a
 574 00fa FE000000 		.4byte	0xfe
 575 00fe 05       		.uleb128 0x5
 576 00ff 77020000 		.4byte	.LASF21
 577 0103 48       		.byte	0x48
 578 0104 06       		.byte	0x6
 579 0105 5E       		.byte	0x5e
 580 0106 15020000 		.4byte	0x215
 581 010a 06       		.uleb128 0x6
 582 010b 68020000 		.4byte	.LASF22
 583 010f 06       		.byte	0x6
 584 0110 5F       		.byte	0x5f
 585 0111 3A020000 		.4byte	0x23a
 586 0115 02       		.byte	0x2
 587 0116 23       		.byte	0x23
 588 0117 00       		.uleb128 0
 589 0118 06       		.uleb128 0x6
 590 0119 09020000 		.4byte	.LASF23
 591 011d 06       		.byte	0x6
 592 011e 61       		.byte	0x61
 593 011f 3A020000 		.4byte	0x23a
 594 0123 02       		.byte	0x2
 595 0124 23       		.byte	0x23
 596 0125 04       		.uleb128 0x4
 597 0126 06       		.uleb128 0x6
 598 0127 67000000 		.4byte	.LASF24
 599 012b 06       		.byte	0x6
 600 012c 63       		.byte	0x63
 601 012d C7000000 		.4byte	0xc7
 602 0131 02       		.byte	0x2
 603 0132 23       		.byte	0x23
 604 0133 08       		.uleb128 0x8
 605 0134 06       		.uleb128 0x6
 606 0135 2D030000 		.4byte	.LASF25
 607 0139 06       		.byte	0x6
 608 013a 64       		.byte	0x64
 609 013b 12030000 		.4byte	0x312
 610 013f 02       		.byte	0x2
 611 0140 23       		.byte	0x23
 612 0141 0C       		.uleb128 0xc
 613 0142 06       		.uleb128 0x6
 614 0143 3B010000 		.4byte	.LASF26
 615 0147 06       		.byte	0x6
 616 0148 66       		.byte	0x66
 617 0149 3A020000 		.4byte	0x23a
 618 014d 02       		.byte	0x2
 619 014e 23       		.byte	0x23
 620 014f 10       		.uleb128 0x10
 621 0150 06       		.uleb128 0x6
 622 0151 E1010000 		.4byte	.LASF27
ARM GAS  /tmp/cc9MDy89.s 			page 12


 623 0155 06       		.byte	0x6
 624 0156 67       		.byte	0x67
 625 0157 3A020000 		.4byte	0x23a
 626 015b 02       		.byte	0x2
 627 015c 23       		.byte	0x23
 628 015d 14       		.uleb128 0x14
 629 015e 06       		.uleb128 0x6
 630 015f 13030000 		.4byte	.LASF28
 631 0163 06       		.byte	0x6
 632 0164 6E       		.byte	0x6e
 633 0165 89040000 		.4byte	0x489
 634 0169 02       		.byte	0x2
 635 016a 23       		.byte	0x23
 636 016b 18       		.uleb128 0x18
 637 016c 06       		.uleb128 0x6
 638 016d 4D020000 		.4byte	.LASF29
 639 0171 06       		.byte	0x6
 640 0172 79       		.byte	0x79
 641 0173 B1000000 		.4byte	0xb1
 642 0177 02       		.byte	0x2
 643 0178 23       		.byte	0x23
 644 0179 1C       		.uleb128 0x1c
 645 017a 06       		.uleb128 0x6
 646 017b 6F020000 		.4byte	.LASF30
 647 017f 06       		.byte	0x6
 648 0180 7D       		.byte	0x7d
 649 0181 A6000000 		.4byte	0xa6
 650 0185 02       		.byte	0x2
 651 0186 23       		.byte	0x23
 652 0187 1D       		.uleb128 0x1d
 653 0188 06       		.uleb128 0x6
 654 0189 F7020000 		.4byte	.LASF31
 655 018d 06       		.byte	0x6
 656 018e 82       		.byte	0x82
 657 018f BC000000 		.4byte	0xbc
 658 0193 02       		.byte	0x2
 659 0194 23       		.byte	0x23
 660 0195 1E       		.uleb128 0x1e
 661 0196 06       		.uleb128 0x6
 662 0197 DE020000 		.4byte	.LASF32
 663 019b 06       		.byte	0x6
 664 019c 89       		.byte	0x89
 665 019d 35030000 		.4byte	0x335
 666 01a1 02       		.byte	0x2
 667 01a2 23       		.byte	0x23
 668 01a3 20       		.uleb128 0x20
 669 01a4 07       		.uleb128 0x7
 670 01a5 705F7500 		.ascii	"p_u\000"
 671 01a9 06       		.byte	0x6
 672 01aa AE       		.byte	0xae
 673 01ab 54040000 		.4byte	0x454
 674 01af 02       		.byte	0x2
 675 01b0 23       		.byte	0x23
 676 01b1 24       		.uleb128 0x24
 677 01b2 06       		.uleb128 0x6
 678 01b3 33030000 		.4byte	.LASF33
 679 01b7 06       		.byte	0x6
ARM GAS  /tmp/cc9MDy89.s 			page 13


 680 01b8 B3       		.byte	0xb3
 681 01b9 62020000 		.4byte	0x262
 682 01bd 02       		.byte	0x2
 683 01be 23       		.byte	0x23
 684 01bf 28       		.uleb128 0x28
 685 01c0 06       		.uleb128 0x6
 686 01c1 EC020000 		.4byte	.LASF34
 687 01c5 06       		.byte	0x6
 688 01c6 B9       		.byte	0xb9
 689 01c7 40020000 		.4byte	0x240
 690 01cb 02       		.byte	0x2
 691 01cc 23       		.byte	0x23
 692 01cd 2C       		.uleb128 0x2c
 693 01ce 06       		.uleb128 0x6
 694 01cf 00000000 		.4byte	.LASF35
 695 01d3 06       		.byte	0x6
 696 01d4 BD       		.byte	0xbd
 697 01d5 D2000000 		.4byte	0xd2
 698 01d9 02       		.byte	0x2
 699 01da 23       		.byte	0x23
 700 01db 34       		.uleb128 0x34
 701 01dc 06       		.uleb128 0x6
 702 01dd 8A020000 		.4byte	.LASF36
 703 01e1 06       		.byte	0x6
 704 01e2 C3       		.byte	0xc3
 705 01e3 DD000000 		.4byte	0xdd
 706 01e7 02       		.byte	0x2
 707 01e8 23       		.byte	0x23
 708 01e9 38       		.uleb128 0x38
 709 01ea 06       		.uleb128 0x6
 710 01eb 39020000 		.4byte	.LASF37
 711 01ef 06       		.byte	0x6
 712 01f0 CA       		.byte	0xca
 713 01f1 9B040000 		.4byte	0x49b
 714 01f5 02       		.byte	0x2
 715 01f6 23       		.byte	0x23
 716 01f7 3C       		.uleb128 0x3c
 717 01f8 06       		.uleb128 0x6
 718 01f9 D3020000 		.4byte	.LASF38
 719 01fd 06       		.byte	0x6
 720 01fe CE       		.byte	0xce
 721 01ff C7000000 		.4byte	0xc7
 722 0203 02       		.byte	0x2
 723 0204 23       		.byte	0x23
 724 0205 40       		.uleb128 0x40
 725 0206 06       		.uleb128 0x6
 726 0207 8E000000 		.4byte	.LASF39
 727 020b 06       		.byte	0x6
 728 020c D4       		.byte	0xd4
 729 020d 78020000 		.4byte	0x278
 730 0211 02       		.byte	0x2
 731 0212 23       		.byte	0x23
 732 0213 44       		.uleb128 0x44
 733 0214 00       		.byte	0
 734 0215 08       		.uleb128 0x8
 735 0216 08       		.byte	0x8
 736 0217 05       		.byte	0x5
ARM GAS  /tmp/cc9MDy89.s 			page 14


 737 0218 61       		.byte	0x61
 738 0219 3A020000 		.4byte	0x23a
 739 021d 06       		.uleb128 0x6
 740 021e 68020000 		.4byte	.LASF22
 741 0222 05       		.byte	0x5
 742 0223 62       		.byte	0x62
 743 0224 3A020000 		.4byte	0x23a
 744 0228 02       		.byte	0x2
 745 0229 23       		.byte	0x23
 746 022a 00       		.uleb128 0
 747 022b 06       		.uleb128 0x6
 748 022c 09020000 		.4byte	.LASF23
 749 0230 05       		.byte	0x5
 750 0231 64       		.byte	0x64
 751 0232 3A020000 		.4byte	0x23a
 752 0236 02       		.byte	0x2
 753 0237 23       		.byte	0x23
 754 0238 04       		.uleb128 0x4
 755 0239 00       		.byte	0
 756 023a 09       		.uleb128 0x9
 757 023b 04       		.byte	0x4
 758 023c F3000000 		.4byte	0xf3
 759 0240 03       		.uleb128 0x3
 760 0241 E9010000 		.4byte	.LASF40
 761 0245 05       		.byte	0x5
 762 0246 66       		.byte	0x66
 763 0247 15020000 		.4byte	0x215
 764 024b 08       		.uleb128 0x8
 765 024c 04       		.byte	0x4
 766 024d 05       		.byte	0x5
 767 024e 6B       		.byte	0x6b
 768 024f 62020000 		.4byte	0x262
 769 0253 06       		.uleb128 0x6
 770 0254 68020000 		.4byte	.LASF22
 771 0258 05       		.byte	0x5
 772 0259 6D       		.byte	0x6d
 773 025a 3A020000 		.4byte	0x23a
 774 025e 02       		.byte	0x2
 775 025f 23       		.byte	0x23
 776 0260 00       		.uleb128 0
 777 0261 00       		.byte	0
 778 0262 03       		.uleb128 0x3
 779 0263 B8010000 		.4byte	.LASF41
 780 0267 05       		.byte	0x5
 781 0268 70       		.byte	0x70
 782 0269 4B020000 		.4byte	0x24b
 783 026d 03       		.uleb128 0x3
 784 026e 5C010000 		.4byte	.LASF42
 785 0272 07       		.byte	0x7
 786 0273 D7       		.byte	0xd7
 787 0274 78020000 		.4byte	0x278
 788 0278 0A       		.uleb128 0xa
 789 0279 04       		.byte	0x4
 790 027a 03       		.uleb128 0x3
 791 027b D6010000 		.4byte	.LASF43
 792 027f 07       		.byte	0x7
 793 0280 DD       		.byte	0xdd
ARM GAS  /tmp/cc9MDy89.s 			page 15


 794 0281 94000000 		.4byte	0x94
 795 0285 05       		.uleb128 0x5
 796 0286 E5020000 		.4byte	.LASF44
 797 028a 24       		.byte	0x24
 798 028b 07       		.byte	0x7
 799 028c FE       		.byte	0xfe
 800 028d 12030000 		.4byte	0x312
 801 0291 0B       		.uleb128 0xb
 802 0292 723400   		.ascii	"r4\000"
 803 0295 07       		.byte	0x7
 804 0296 1101     		.2byte	0x111
 805 0298 6D020000 		.4byte	0x26d
 806 029c 02       		.byte	0x2
 807 029d 23       		.byte	0x23
 808 029e 00       		.uleb128 0
 809 029f 0B       		.uleb128 0xb
 810 02a0 723500   		.ascii	"r5\000"
 811 02a3 07       		.byte	0x7
 812 02a4 1201     		.2byte	0x112
 813 02a6 6D020000 		.4byte	0x26d
 814 02aa 02       		.byte	0x2
 815 02ab 23       		.byte	0x23
 816 02ac 04       		.uleb128 0x4
 817 02ad 0B       		.uleb128 0xb
 818 02ae 723600   		.ascii	"r6\000"
 819 02b1 07       		.byte	0x7
 820 02b2 1301     		.2byte	0x113
 821 02b4 6D020000 		.4byte	0x26d
 822 02b8 02       		.byte	0x2
 823 02b9 23       		.byte	0x23
 824 02ba 08       		.uleb128 0x8
 825 02bb 0B       		.uleb128 0xb
 826 02bc 723700   		.ascii	"r7\000"
 827 02bf 07       		.byte	0x7
 828 02c0 1401     		.2byte	0x114
 829 02c2 6D020000 		.4byte	0x26d
 830 02c6 02       		.byte	0x2
 831 02c7 23       		.byte	0x23
 832 02c8 0C       		.uleb128 0xc
 833 02c9 0B       		.uleb128 0xb
 834 02ca 723800   		.ascii	"r8\000"
 835 02cd 07       		.byte	0x7
 836 02ce 1501     		.2byte	0x115
 837 02d0 6D020000 		.4byte	0x26d
 838 02d4 02       		.byte	0x2
 839 02d5 23       		.byte	0x23
 840 02d6 10       		.uleb128 0x10
 841 02d7 0B       		.uleb128 0xb
 842 02d8 723900   		.ascii	"r9\000"
 843 02db 07       		.byte	0x7
 844 02dc 1601     		.2byte	0x116
 845 02de 6D020000 		.4byte	0x26d
 846 02e2 02       		.byte	0x2
 847 02e3 23       		.byte	0x23
 848 02e4 14       		.uleb128 0x14
 849 02e5 0B       		.uleb128 0xb
 850 02e6 72313000 		.ascii	"r10\000"
ARM GAS  /tmp/cc9MDy89.s 			page 16


 851 02ea 07       		.byte	0x7
 852 02eb 1701     		.2byte	0x117
 853 02ed 6D020000 		.4byte	0x26d
 854 02f1 02       		.byte	0x2
 855 02f2 23       		.byte	0x23
 856 02f3 18       		.uleb128 0x18
 857 02f4 0B       		.uleb128 0xb
 858 02f5 72313100 		.ascii	"r11\000"
 859 02f9 07       		.byte	0x7
 860 02fa 1801     		.2byte	0x118
 861 02fc 6D020000 		.4byte	0x26d
 862 0300 02       		.byte	0x2
 863 0301 23       		.byte	0x23
 864 0302 1C       		.uleb128 0x1c
 865 0303 0B       		.uleb128 0xb
 866 0304 6C7200   		.ascii	"lr\000"
 867 0307 07       		.byte	0x7
 868 0308 1901     		.2byte	0x119
 869 030a 6D020000 		.4byte	0x26d
 870 030e 02       		.byte	0x2
 871 030f 23       		.byte	0x23
 872 0310 20       		.uleb128 0x20
 873 0311 00       		.byte	0
 874 0312 0C       		.uleb128 0xc
 875 0313 8A010000 		.4byte	.LASF45
 876 0317 04       		.byte	0x4
 877 0318 07       		.byte	0x7
 878 0319 2301     		.2byte	0x123
 879 031b 2F030000 		.4byte	0x32f
 880 031f 0B       		.uleb128 0xb
 881 0320 72313300 		.ascii	"r13\000"
 882 0324 07       		.byte	0x7
 883 0325 2401     		.2byte	0x124
 884 0327 2F030000 		.4byte	0x32f
 885 032b 02       		.byte	0x2
 886 032c 23       		.byte	0x23
 887 032d 00       		.uleb128 0
 888 032e 00       		.byte	0
 889 032f 09       		.uleb128 0x9
 890 0330 04       		.byte	0x4
 891 0331 85020000 		.4byte	0x285
 892 0335 0D       		.uleb128 0xd
 893 0336 E8000000 		.4byte	0xe8
 894 033a 05       		.uleb128 0x5
 895 033b D0010000 		.4byte	.LASF46
 896 033f 10       		.byte	0x10
 897 0340 08       		.byte	0x8
 898 0341 2C       		.byte	0x2c
 899 0342 71030000 		.4byte	0x371
 900 0346 06       		.uleb128 0x6
 901 0347 96000000 		.4byte	.LASF47
 902 034b 08       		.byte	0x8
 903 034c 2D       		.byte	0x2d
 904 034d 40020000 		.4byte	0x240
 905 0351 02       		.byte	0x2
 906 0352 23       		.byte	0x23
 907 0353 00       		.uleb128 0
ARM GAS  /tmp/cc9MDy89.s 			page 17


 908 0354 06       		.uleb128 0x6
 909 0355 25030000 		.4byte	.LASF48
 910 0359 08       		.byte	0x8
 911 035a 2F       		.byte	0x2f
 912 035b 3A020000 		.4byte	0x23a
 913 035f 02       		.byte	0x2
 914 0360 23       		.byte	0x23
 915 0361 08       		.uleb128 0x8
 916 0362 06       		.uleb128 0x6
 917 0363 C2020000 		.4byte	.LASF49
 918 0367 08       		.byte	0x8
 919 0368 31       		.byte	0x31
 920 0369 71030000 		.4byte	0x371
 921 036d 02       		.byte	0x2
 922 036e 23       		.byte	0x23
 923 036f 0C       		.uleb128 0xc
 924 0370 00       		.byte	0
 925 0371 09       		.uleb128 0x9
 926 0372 04       		.byte	0x4
 927 0373 3A030000 		.4byte	0x33a
 928 0377 03       		.uleb128 0x3
 929 0378 D0010000 		.4byte	.LASF46
 930 037c 08       		.byte	0x8
 931 037d 33       		.byte	0x33
 932 037e 3A030000 		.4byte	0x33a
 933 0382 03       		.uleb128 0x3
 934 0383 1D000000 		.4byte	.LASF50
 935 0387 09       		.byte	0x9
 936 0388 2C       		.byte	0x2c
 937 0389 8D030000 		.4byte	0x38d
 938 038d 09       		.uleb128 0x9
 939 038e 04       		.byte	0x4
 940 038f 93030000 		.4byte	0x393
 941 0393 0E       		.uleb128 0xe
 942 0394 01       		.byte	0x1
 943 0395 78020000 		.4byte	0x278
 944 0399 A3030000 		.4byte	0x3a3
 945 039d 0F       		.uleb128 0xf
 946 039e 30000000 		.4byte	0x30
 947 03a2 00       		.byte	0
 948 03a3 03       		.uleb128 0x3
 949 03a4 F6010000 		.4byte	.LASF51
 950 03a8 0A       		.byte	0xa
 951 03a9 34       		.byte	0x34
 952 03aa AE030000 		.4byte	0x3ae
 953 03ae 05       		.uleb128 0x5
 954 03af 3D030000 		.4byte	.LASF52
 955 03b3 20       		.byte	0x20
 956 03b4 0A       		.byte	0xa
 957 03b5 47       		.byte	0x47
 958 03b6 E5030000 		.4byte	0x3e5
 959 03ba 06       		.uleb128 0x6
 960 03bb 2E020000 		.4byte	.LASF53
 961 03bf 0A       		.byte	0xa
 962 03c0 48       		.byte	0x48
 963 03c1 82030000 		.4byte	0x382
 964 03c5 02       		.byte	0x2
ARM GAS  /tmp/cc9MDy89.s 			page 18


 965 03c6 23       		.byte	0x23
 966 03c7 00       		.uleb128 0
 967 03c8 06       		.uleb128 0x6
 968 03c9 4A000000 		.4byte	.LASF54
 969 03cd 0A       		.byte	0xa
 970 03ce 4A       		.byte	0x4a
 971 03cf 04040000 		.4byte	0x404
 972 03d3 02       		.byte	0x2
 973 03d4 23       		.byte	0x23
 974 03d5 08       		.uleb128 0x8
 975 03d6 06       		.uleb128 0x6
 976 03d7 88000000 		.4byte	.LASF55
 977 03db 0A       		.byte	0xa
 978 03dc 4C       		.byte	0x4c
 979 03dd 77030000 		.4byte	0x377
 980 03e1 02       		.byte	0x2
 981 03e2 23       		.byte	0x23
 982 03e3 10       		.uleb128 0x10
 983 03e4 00       		.byte	0
 984 03e5 10       		.uleb128 0x10
 985 03e6 04       		.byte	0x4
 986 03e7 0A       		.byte	0xa
 987 03e8 3C       		.byte	0x3c
 988 03e9 04040000 		.4byte	0x404
 989 03ed 11       		.uleb128 0x11
 990 03ee 62000000 		.4byte	.LASF56
 991 03f2 0A       		.byte	0xa
 992 03f3 3D       		.byte	0x3d
 993 03f4 25040000 		.4byte	0x425
 994 03f8 11       		.uleb128 0x11
 995 03f9 9E020000 		.4byte	.LASF57
 996 03fd 0A       		.byte	0xa
 997 03fe 3E       		.byte	0x3e
 998 03ff 2B040000 		.4byte	0x42b
 999 0403 00       		.byte	0
 1000 0404 12       		.uleb128 0x12
 1001 0405 55020000 		.4byte	.LASF75
 1002 0409 08       		.byte	0x8
 1003 040a 0A       		.byte	0xa
 1004 040b 39       		.byte	0x39
 1005 040c 25040000 		.4byte	0x425
 1006 0410 11       		.uleb128 0x11
 1007 0411 65010000 		.4byte	.LASF58
 1008 0415 0A       		.byte	0xa
 1009 0416 3A       		.byte	0x3a
 1010 0417 7A020000 		.4byte	0x27a
 1011 041b 13       		.uleb128 0x13
 1012 041c 6800     		.ascii	"h\000"
 1013 041e 0A       		.byte	0xa
 1014 041f 41       		.byte	0x41
 1015 0420 31040000 		.4byte	0x431
 1016 0424 00       		.byte	0
 1017 0425 09       		.uleb128 0x9
 1018 0426 04       		.byte	0x4
 1019 0427 04040000 		.4byte	0x404
 1020 042b 09       		.uleb128 0x9
 1021 042c 04       		.byte	0x4
ARM GAS  /tmp/cc9MDy89.s 			page 19


 1022 042d A3030000 		.4byte	0x3a3
 1023 0431 08       		.uleb128 0x8
 1024 0432 08       		.byte	0x8
 1025 0433 0A       		.byte	0xa
 1026 0434 3B       		.byte	0x3b
 1027 0435 54040000 		.4byte	0x454
 1028 0439 07       		.uleb128 0x7
 1029 043a 7500     		.ascii	"u\000"
 1030 043c 0A       		.byte	0xa
 1031 043d 3F       		.byte	0x3f
 1032 043e E5030000 		.4byte	0x3e5
 1033 0442 02       		.byte	0x2
 1034 0443 23       		.byte	0x23
 1035 0444 00       		.uleb128 0
 1036 0445 06       		.uleb128 0x6
 1037 0446 92010000 		.4byte	.LASF59
 1038 044a 0A       		.byte	0xa
 1039 044b 40       		.byte	0x40
 1040 044c 30000000 		.4byte	0x30
 1041 0450 02       		.byte	0x2
 1042 0451 23       		.byte	0x23
 1043 0452 04       		.uleb128 0x4
 1044 0453 00       		.byte	0
 1045 0454 10       		.uleb128 0x10
 1046 0455 04       		.byte	0x4
 1047 0456 06       		.byte	0x6
 1048 0457 90       		.byte	0x90
 1049 0458 89040000 		.4byte	0x489
 1050 045c 11       		.uleb128 0x11
 1051 045d 0D000000 		.4byte	.LASF60
 1052 0461 06       		.byte	0x6
 1053 0462 97       		.byte	0x97
 1054 0463 D2000000 		.4byte	0xd2
 1055 0467 11       		.uleb128 0x11
 1056 0468 41000000 		.4byte	.LASF61
 1057 046c 06       		.byte	0x6
 1058 046d 9E       		.byte	0x9e
 1059 046e D2000000 		.4byte	0xd2
 1060 0472 11       		.uleb128 0x11
 1061 0473 06030000 		.4byte	.LASF62
 1062 0477 06       		.byte	0x6
 1063 0478 A5       		.byte	0xa5
 1064 0479 78020000 		.4byte	0x278
 1065 047d 11       		.uleb128 0x11
 1066 047e 61020000 		.4byte	.LASF63
 1067 0482 06       		.byte	0x6
 1068 0483 AC       		.byte	0xac
 1069 0484 DD000000 		.4byte	0xdd
 1070 0488 00       		.byte	0
 1071 0489 09       		.uleb128 0x9
 1072 048a 04       		.byte	0x4
 1073 048b 8F040000 		.4byte	0x48f
 1074 048f 14       		.uleb128 0x14
 1075 0490 94040000 		.4byte	0x494
 1076 0494 04       		.uleb128 0x4
 1077 0495 01       		.byte	0x1
 1078 0496 08       		.byte	0x8
ARM GAS  /tmp/cc9MDy89.s 			page 20


 1079 0497 B0020000 		.4byte	.LASF64
 1080 049b 09       		.uleb128 0x9
 1081 049c 04       		.byte	0x4
 1082 049d 77030000 		.4byte	0x377
 1083 04a1 15       		.uleb128 0x15
 1084 04a2 01       		.byte	0x1
 1085 04a3 1A030000 		.4byte	.LASF76
 1086 04a7 01       		.byte	0x1
 1087 04a8 4B       		.byte	0x4b
 1088 04a9 01       		.byte	0x1
 1089 04aa 00000000 		.4byte	.LFB7
 1090 04ae 20000000 		.4byte	.LFE7
 1091 04b2 02       		.byte	0x2
 1092 04b3 7D       		.byte	0x7d
 1093 04b4 00       		.sleb128 0
 1094 04b5 16       		.uleb128 0x16
 1095 04b6 01       		.byte	0x1
 1096 04b7 57000000 		.4byte	.LASF66
 1097 04bb 01       		.byte	0x1
 1098 04bc 63       		.byte	0x63
 1099 04bd 01       		.byte	0x1
 1100 04be 00000000 		.4byte	.LFB8
 1101 04c2 1C000000 		.4byte	.LFE8
 1102 04c6 00000000 		.4byte	.LLST0
 1103 04ca 0A050000 		.4byte	0x50a
 1104 04ce 17       		.uleb128 0x17
 1105 04cf 51000000 		.4byte	.LASF65
 1106 04d3 01       		.byte	0x1
 1107 04d4 63       		.byte	0x63
 1108 04d5 2B040000 		.4byte	0x42b
 1109 04d9 20000000 		.4byte	.LLST1
 1110 04dd 18       		.uleb128 0x18
 1111 04de 62756600 		.ascii	"buf\000"
 1112 04e2 01       		.byte	0x1
 1113 04e3 63       		.byte	0x63
 1114 04e4 78020000 		.4byte	0x278
 1115 04e8 3E000000 		.4byte	.LLST2
 1116 04ec 17       		.uleb128 0x17
 1117 04ed 92010000 		.4byte	.LASF59
 1118 04f1 01       		.byte	0x1
 1119 04f2 63       		.byte	0x63
 1120 04f3 30000000 		.4byte	0x30
 1121 04f7 51000000 		.4byte	.LLST3
 1122 04fb 19       		.uleb128 0x19
 1123 04fc 687000   		.ascii	"hp\000"
 1124 04ff 01       		.byte	0x1
 1125 0500 64       		.byte	0x64
 1126 0501 25040000 		.4byte	0x425
 1127 0505 71000000 		.4byte	.LLST4
 1128 0509 00       		.byte	0
 1129 050a 1A       		.uleb128 0x1a
 1130 050b 01       		.byte	0x1
 1131 050c 7E020000 		.4byte	.LASF68
 1132 0510 01       		.byte	0x1
 1133 0511 84       		.byte	0x84
 1134 0512 01       		.byte	0x1
 1135 0513 78020000 		.4byte	0x278
ARM GAS  /tmp/cc9MDy89.s 			page 21


 1136 0517 00000000 		.4byte	.LFB9
 1137 051b 8C000000 		.4byte	.LFE9
 1138 051f 84000000 		.4byte	.LLST5
 1139 0523 70050000 		.4byte	0x570
 1140 0527 17       		.uleb128 0x17
 1141 0528 51000000 		.4byte	.LASF65
 1142 052c 01       		.byte	0x1
 1143 052d 84       		.byte	0x84
 1144 052e 2B040000 		.4byte	0x42b
 1145 0532 A4000000 		.4byte	.LLST6
 1146 0536 17       		.uleb128 0x17
 1147 0537 92010000 		.4byte	.LASF59
 1148 053b 01       		.byte	0x1
 1149 053c 84       		.byte	0x84
 1150 053d 30000000 		.4byte	0x30
 1151 0541 B7000000 		.4byte	.LLST7
 1152 0545 19       		.uleb128 0x19
 1153 0546 717000   		.ascii	"qp\000"
 1154 0549 01       		.byte	0x1
 1155 054a 85       		.byte	0x85
 1156 054b 25040000 		.4byte	0x425
 1157 054f D5000000 		.4byte	.LLST8
 1158 0553 19       		.uleb128 0x19
 1159 0554 687000   		.ascii	"hp\000"
 1160 0557 01       		.byte	0x1
 1161 0558 85       		.byte	0x85
 1162 0559 25040000 		.4byte	0x425
 1163 055d F3000000 		.4byte	.LLST9
 1164 0561 19       		.uleb128 0x19
 1165 0562 667000   		.ascii	"fp\000"
 1166 0565 01       		.byte	0x1
 1167 0566 85       		.byte	0x85
 1168 0567 25040000 		.4byte	0x425
 1169 056b 40010000 		.4byte	.LLST10
 1170 056f 00       		.byte	0
 1171 0570 16       		.uleb128 0x16
 1172 0571 01       		.byte	0x1
 1173 0572 9E000000 		.4byte	.LASF67
 1174 0576 01       		.byte	0x1
 1175 0577 C2       		.byte	0xc2
 1176 0578 01       		.byte	0x1
 1177 0579 00000000 		.4byte	.LFB10
 1178 057d 8A000000 		.4byte	.LFE10
 1179 0581 53010000 		.4byte	.LLST11
 1180 0585 C2050000 		.4byte	0x5c2
 1181 0589 18       		.uleb128 0x18
 1182 058a 7000     		.ascii	"p\000"
 1183 058c 01       		.byte	0x1
 1184 058d C2       		.byte	0xc2
 1185 058e 78020000 		.4byte	0x278
 1186 0592 73010000 		.4byte	.LLST12
 1187 0596 19       		.uleb128 0x19
 1188 0597 717000   		.ascii	"qp\000"
 1189 059a 01       		.byte	0x1
 1190 059b C3       		.byte	0xc3
 1191 059c 25040000 		.4byte	0x425
 1192 05a0 91010000 		.4byte	.LLST13
ARM GAS  /tmp/cc9MDy89.s 			page 22


 1193 05a4 19       		.uleb128 0x19
 1194 05a5 687000   		.ascii	"hp\000"
 1195 05a8 01       		.byte	0x1
 1196 05a9 C3       		.byte	0xc3
 1197 05aa 25040000 		.4byte	0x425
 1198 05ae DC010000 		.4byte	.LLST14
 1199 05b2 1B       		.uleb128 0x1b
 1200 05b3 51000000 		.4byte	.LASF65
 1201 05b7 01       		.byte	0x1
 1202 05b8 C4       		.byte	0xc4
 1203 05b9 2B040000 		.4byte	0x42b
 1204 05bd FE010000 		.4byte	.LLST15
 1205 05c1 00       		.byte	0
 1206 05c2 1A       		.uleb128 0x1a
 1207 05c3 01       		.byte	0x1
 1208 05c4 B5020000 		.4byte	.LASF69
 1209 05c8 01       		.byte	0x1
 1210 05c9 FA       		.byte	0xfa
 1211 05ca 01       		.byte	0x1
 1212 05cb 30000000 		.4byte	0x30
 1213 05cf 00000000 		.4byte	.LFB11
 1214 05d3 40000000 		.4byte	.LFE11
 1215 05d7 2B020000 		.4byte	.LLST16
 1216 05db 23060000 		.4byte	0x623
 1217 05df 17       		.uleb128 0x17
 1218 05e0 51000000 		.4byte	.LASF65
 1219 05e4 01       		.byte	0x1
 1220 05e5 FA       		.byte	0xfa
 1221 05e6 2B040000 		.4byte	0x42b
 1222 05ea 4B020000 		.4byte	.LLST17
 1223 05ee 17       		.uleb128 0x17
 1224 05ef 0D030000 		.4byte	.LASF70
 1225 05f3 01       		.byte	0x1
 1226 05f4 FA       		.byte	0xfa
 1227 05f5 23060000 		.4byte	0x623
 1228 05f9 5E020000 		.4byte	.LLST18
 1229 05fd 1C       		.uleb128 0x1c
 1230 05fe 717000   		.ascii	"qp\000"
 1231 0601 01       		.byte	0x1
 1232 0602 FB       		.byte	0xfb
 1233 0603 25040000 		.4byte	0x425
 1234 0607 19       		.uleb128 0x19
 1235 0608 6E00     		.ascii	"n\000"
 1236 060a 01       		.byte	0x1
 1237 060b FC       		.byte	0xfc
 1238 060c 30000000 		.4byte	0x30
 1239 0610 7C020000 		.4byte	.LLST19
 1240 0614 19       		.uleb128 0x19
 1241 0615 737A00   		.ascii	"sz\000"
 1242 0618 01       		.byte	0x1
 1243 0619 FC       		.byte	0xfc
 1244 061a 30000000 		.4byte	0x30
 1245 061e A7020000 		.4byte	.LLST20
 1246 0622 00       		.byte	0
 1247 0623 09       		.uleb128 0x9
 1248 0624 04       		.byte	0x4
 1249 0625 30000000 		.4byte	0x30
ARM GAS  /tmp/cc9MDy89.s 			page 23


 1250 0629 1D       		.uleb128 0x1d
 1251 062a A3020000 		.4byte	.LASF71
 1252 062e 01       		.byte	0x1
 1253 062f 44       		.byte	0x44
 1254 0630 A3030000 		.4byte	0x3a3
 1255 0634 05       		.byte	0x5
 1256 0635 03       		.byte	0x3
 1257 0636 00000000 		.4byte	default_heap
 1258 063a 00       		.byte	0
 1259              		.section	.debug_abbrev,"",%progbits
 1260              	.Ldebug_abbrev0:
 1261 0000 01       		.uleb128 0x1
 1262 0001 11       		.uleb128 0x11
 1263 0002 01       		.byte	0x1
 1264 0003 25       		.uleb128 0x25
 1265 0004 0E       		.uleb128 0xe
 1266 0005 13       		.uleb128 0x13
 1267 0006 0B       		.uleb128 0xb
 1268 0007 03       		.uleb128 0x3
 1269 0008 0E       		.uleb128 0xe
 1270 0009 1B       		.uleb128 0x1b
 1271 000a 0E       		.uleb128 0xe
 1272 000b 11       		.uleb128 0x11
 1273 000c 01       		.uleb128 0x1
 1274 000d 52       		.uleb128 0x52
 1275 000e 01       		.uleb128 0x1
 1276 000f 55       		.uleb128 0x55
 1277 0010 06       		.uleb128 0x6
 1278 0011 10       		.uleb128 0x10
 1279 0012 06       		.uleb128 0x6
 1280 0013 00       		.byte	0
 1281 0014 00       		.byte	0
 1282 0015 02       		.uleb128 0x2
 1283 0016 24       		.uleb128 0x24
 1284 0017 00       		.byte	0
 1285 0018 0B       		.uleb128 0xb
 1286 0019 0B       		.uleb128 0xb
 1287 001a 3E       		.uleb128 0x3e
 1288 001b 0B       		.uleb128 0xb
 1289 001c 03       		.uleb128 0x3
 1290 001d 08       		.uleb128 0x8
 1291 001e 00       		.byte	0
 1292 001f 00       		.byte	0
 1293 0020 03       		.uleb128 0x3
 1294 0021 16       		.uleb128 0x16
 1295 0022 00       		.byte	0
 1296 0023 03       		.uleb128 0x3
 1297 0024 0E       		.uleb128 0xe
 1298 0025 3A       		.uleb128 0x3a
 1299 0026 0B       		.uleb128 0xb
 1300 0027 3B       		.uleb128 0x3b
 1301 0028 0B       		.uleb128 0xb
 1302 0029 49       		.uleb128 0x49
 1303 002a 13       		.uleb128 0x13
 1304 002b 00       		.byte	0
 1305 002c 00       		.byte	0
 1306 002d 04       		.uleb128 0x4
ARM GAS  /tmp/cc9MDy89.s 			page 24


 1307 002e 24       		.uleb128 0x24
 1308 002f 00       		.byte	0
 1309 0030 0B       		.uleb128 0xb
 1310 0031 0B       		.uleb128 0xb
 1311 0032 3E       		.uleb128 0x3e
 1312 0033 0B       		.uleb128 0xb
 1313 0034 03       		.uleb128 0x3
 1314 0035 0E       		.uleb128 0xe
 1315 0036 00       		.byte	0
 1316 0037 00       		.byte	0
 1317 0038 05       		.uleb128 0x5
 1318 0039 13       		.uleb128 0x13
 1319 003a 01       		.byte	0x1
 1320 003b 03       		.uleb128 0x3
 1321 003c 0E       		.uleb128 0xe
 1322 003d 0B       		.uleb128 0xb
 1323 003e 0B       		.uleb128 0xb
 1324 003f 3A       		.uleb128 0x3a
 1325 0040 0B       		.uleb128 0xb
 1326 0041 3B       		.uleb128 0x3b
 1327 0042 0B       		.uleb128 0xb
 1328 0043 01       		.uleb128 0x1
 1329 0044 13       		.uleb128 0x13
 1330 0045 00       		.byte	0
 1331 0046 00       		.byte	0
 1332 0047 06       		.uleb128 0x6
 1333 0048 0D       		.uleb128 0xd
 1334 0049 00       		.byte	0
 1335 004a 03       		.uleb128 0x3
 1336 004b 0E       		.uleb128 0xe
 1337 004c 3A       		.uleb128 0x3a
 1338 004d 0B       		.uleb128 0xb
 1339 004e 3B       		.uleb128 0x3b
 1340 004f 0B       		.uleb128 0xb
 1341 0050 49       		.uleb128 0x49
 1342 0051 13       		.uleb128 0x13
 1343 0052 38       		.uleb128 0x38
 1344 0053 0A       		.uleb128 0xa
 1345 0054 00       		.byte	0
 1346 0055 00       		.byte	0
 1347 0056 07       		.uleb128 0x7
 1348 0057 0D       		.uleb128 0xd
 1349 0058 00       		.byte	0
 1350 0059 03       		.uleb128 0x3
 1351 005a 08       		.uleb128 0x8
 1352 005b 3A       		.uleb128 0x3a
 1353 005c 0B       		.uleb128 0xb
 1354 005d 3B       		.uleb128 0x3b
 1355 005e 0B       		.uleb128 0xb
 1356 005f 49       		.uleb128 0x49
 1357 0060 13       		.uleb128 0x13
 1358 0061 38       		.uleb128 0x38
 1359 0062 0A       		.uleb128 0xa
 1360 0063 00       		.byte	0
 1361 0064 00       		.byte	0
 1362 0065 08       		.uleb128 0x8
 1363 0066 13       		.uleb128 0x13
ARM GAS  /tmp/cc9MDy89.s 			page 25


 1364 0067 01       		.byte	0x1
 1365 0068 0B       		.uleb128 0xb
 1366 0069 0B       		.uleb128 0xb
 1367 006a 3A       		.uleb128 0x3a
 1368 006b 0B       		.uleb128 0xb
 1369 006c 3B       		.uleb128 0x3b
 1370 006d 0B       		.uleb128 0xb
 1371 006e 01       		.uleb128 0x1
 1372 006f 13       		.uleb128 0x13
 1373 0070 00       		.byte	0
 1374 0071 00       		.byte	0
 1375 0072 09       		.uleb128 0x9
 1376 0073 0F       		.uleb128 0xf
 1377 0074 00       		.byte	0
 1378 0075 0B       		.uleb128 0xb
 1379 0076 0B       		.uleb128 0xb
 1380 0077 49       		.uleb128 0x49
 1381 0078 13       		.uleb128 0x13
 1382 0079 00       		.byte	0
 1383 007a 00       		.byte	0
 1384 007b 0A       		.uleb128 0xa
 1385 007c 0F       		.uleb128 0xf
 1386 007d 00       		.byte	0
 1387 007e 0B       		.uleb128 0xb
 1388 007f 0B       		.uleb128 0xb
 1389 0080 00       		.byte	0
 1390 0081 00       		.byte	0
 1391 0082 0B       		.uleb128 0xb
 1392 0083 0D       		.uleb128 0xd
 1393 0084 00       		.byte	0
 1394 0085 03       		.uleb128 0x3
 1395 0086 08       		.uleb128 0x8
 1396 0087 3A       		.uleb128 0x3a
 1397 0088 0B       		.uleb128 0xb
 1398 0089 3B       		.uleb128 0x3b
 1399 008a 05       		.uleb128 0x5
 1400 008b 49       		.uleb128 0x49
 1401 008c 13       		.uleb128 0x13
 1402 008d 38       		.uleb128 0x38
 1403 008e 0A       		.uleb128 0xa
 1404 008f 00       		.byte	0
 1405 0090 00       		.byte	0
 1406 0091 0C       		.uleb128 0xc
 1407 0092 13       		.uleb128 0x13
 1408 0093 01       		.byte	0x1
 1409 0094 03       		.uleb128 0x3
 1410 0095 0E       		.uleb128 0xe
 1411 0096 0B       		.uleb128 0xb
 1412 0097 0B       		.uleb128 0xb
 1413 0098 3A       		.uleb128 0x3a
 1414 0099 0B       		.uleb128 0xb
 1415 009a 3B       		.uleb128 0x3b
 1416 009b 05       		.uleb128 0x5
 1417 009c 01       		.uleb128 0x1
 1418 009d 13       		.uleb128 0x13
 1419 009e 00       		.byte	0
 1420 009f 00       		.byte	0
ARM GAS  /tmp/cc9MDy89.s 			page 26


 1421 00a0 0D       		.uleb128 0xd
 1422 00a1 35       		.uleb128 0x35
 1423 00a2 00       		.byte	0
 1424 00a3 49       		.uleb128 0x49
 1425 00a4 13       		.uleb128 0x13
 1426 00a5 00       		.byte	0
 1427 00a6 00       		.byte	0
 1428 00a7 0E       		.uleb128 0xe
 1429 00a8 15       		.uleb128 0x15
 1430 00a9 01       		.byte	0x1
 1431 00aa 27       		.uleb128 0x27
 1432 00ab 0C       		.uleb128 0xc
 1433 00ac 49       		.uleb128 0x49
 1434 00ad 13       		.uleb128 0x13
 1435 00ae 01       		.uleb128 0x1
 1436 00af 13       		.uleb128 0x13
 1437 00b0 00       		.byte	0
 1438 00b1 00       		.byte	0
 1439 00b2 0F       		.uleb128 0xf
 1440 00b3 05       		.uleb128 0x5
 1441 00b4 00       		.byte	0
 1442 00b5 49       		.uleb128 0x49
 1443 00b6 13       		.uleb128 0x13
 1444 00b7 00       		.byte	0
 1445 00b8 00       		.byte	0
 1446 00b9 10       		.uleb128 0x10
 1447 00ba 17       		.uleb128 0x17
 1448 00bb 01       		.byte	0x1
 1449 00bc 0B       		.uleb128 0xb
 1450 00bd 0B       		.uleb128 0xb
 1451 00be 3A       		.uleb128 0x3a
 1452 00bf 0B       		.uleb128 0xb
 1453 00c0 3B       		.uleb128 0x3b
 1454 00c1 0B       		.uleb128 0xb
 1455 00c2 01       		.uleb128 0x1
 1456 00c3 13       		.uleb128 0x13
 1457 00c4 00       		.byte	0
 1458 00c5 00       		.byte	0
 1459 00c6 11       		.uleb128 0x11
 1460 00c7 0D       		.uleb128 0xd
 1461 00c8 00       		.byte	0
 1462 00c9 03       		.uleb128 0x3
 1463 00ca 0E       		.uleb128 0xe
 1464 00cb 3A       		.uleb128 0x3a
 1465 00cc 0B       		.uleb128 0xb
 1466 00cd 3B       		.uleb128 0x3b
 1467 00ce 0B       		.uleb128 0xb
 1468 00cf 49       		.uleb128 0x49
 1469 00d0 13       		.uleb128 0x13
 1470 00d1 00       		.byte	0
 1471 00d2 00       		.byte	0
 1472 00d3 12       		.uleb128 0x12
 1473 00d4 17       		.uleb128 0x17
 1474 00d5 01       		.byte	0x1
 1475 00d6 03       		.uleb128 0x3
 1476 00d7 0E       		.uleb128 0xe
 1477 00d8 0B       		.uleb128 0xb
ARM GAS  /tmp/cc9MDy89.s 			page 27


 1478 00d9 0B       		.uleb128 0xb
 1479 00da 3A       		.uleb128 0x3a
 1480 00db 0B       		.uleb128 0xb
 1481 00dc 3B       		.uleb128 0x3b
 1482 00dd 0B       		.uleb128 0xb
 1483 00de 01       		.uleb128 0x1
 1484 00df 13       		.uleb128 0x13
 1485 00e0 00       		.byte	0
 1486 00e1 00       		.byte	0
 1487 00e2 13       		.uleb128 0x13
 1488 00e3 0D       		.uleb128 0xd
 1489 00e4 00       		.byte	0
 1490 00e5 03       		.uleb128 0x3
 1491 00e6 08       		.uleb128 0x8
 1492 00e7 3A       		.uleb128 0x3a
 1493 00e8 0B       		.uleb128 0xb
 1494 00e9 3B       		.uleb128 0x3b
 1495 00ea 0B       		.uleb128 0xb
 1496 00eb 49       		.uleb128 0x49
 1497 00ec 13       		.uleb128 0x13
 1498 00ed 00       		.byte	0
 1499 00ee 00       		.byte	0
 1500 00ef 14       		.uleb128 0x14
 1501 00f0 26       		.uleb128 0x26
 1502 00f1 00       		.byte	0
 1503 00f2 49       		.uleb128 0x49
 1504 00f3 13       		.uleb128 0x13
 1505 00f4 00       		.byte	0
 1506 00f5 00       		.byte	0
 1507 00f6 15       		.uleb128 0x15
 1508 00f7 2E       		.uleb128 0x2e
 1509 00f8 00       		.byte	0
 1510 00f9 3F       		.uleb128 0x3f
 1511 00fa 0C       		.uleb128 0xc
 1512 00fb 03       		.uleb128 0x3
 1513 00fc 0E       		.uleb128 0xe
 1514 00fd 3A       		.uleb128 0x3a
 1515 00fe 0B       		.uleb128 0xb
 1516 00ff 3B       		.uleb128 0x3b
 1517 0100 0B       		.uleb128 0xb
 1518 0101 27       		.uleb128 0x27
 1519 0102 0C       		.uleb128 0xc
 1520 0103 11       		.uleb128 0x11
 1521 0104 01       		.uleb128 0x1
 1522 0105 12       		.uleb128 0x12
 1523 0106 01       		.uleb128 0x1
 1524 0107 40       		.uleb128 0x40
 1525 0108 0A       		.uleb128 0xa
 1526 0109 00       		.byte	0
 1527 010a 00       		.byte	0
 1528 010b 16       		.uleb128 0x16
 1529 010c 2E       		.uleb128 0x2e
 1530 010d 01       		.byte	0x1
 1531 010e 3F       		.uleb128 0x3f
 1532 010f 0C       		.uleb128 0xc
 1533 0110 03       		.uleb128 0x3
 1534 0111 0E       		.uleb128 0xe
ARM GAS  /tmp/cc9MDy89.s 			page 28


 1535 0112 3A       		.uleb128 0x3a
 1536 0113 0B       		.uleb128 0xb
 1537 0114 3B       		.uleb128 0x3b
 1538 0115 0B       		.uleb128 0xb
 1539 0116 27       		.uleb128 0x27
 1540 0117 0C       		.uleb128 0xc
 1541 0118 11       		.uleb128 0x11
 1542 0119 01       		.uleb128 0x1
 1543 011a 12       		.uleb128 0x12
 1544 011b 01       		.uleb128 0x1
 1545 011c 40       		.uleb128 0x40
 1546 011d 06       		.uleb128 0x6
 1547 011e 01       		.uleb128 0x1
 1548 011f 13       		.uleb128 0x13
 1549 0120 00       		.byte	0
 1550 0121 00       		.byte	0
 1551 0122 17       		.uleb128 0x17
 1552 0123 05       		.uleb128 0x5
 1553 0124 00       		.byte	0
 1554 0125 03       		.uleb128 0x3
 1555 0126 0E       		.uleb128 0xe
 1556 0127 3A       		.uleb128 0x3a
 1557 0128 0B       		.uleb128 0xb
 1558 0129 3B       		.uleb128 0x3b
 1559 012a 0B       		.uleb128 0xb
 1560 012b 49       		.uleb128 0x49
 1561 012c 13       		.uleb128 0x13
 1562 012d 02       		.uleb128 0x2
 1563 012e 06       		.uleb128 0x6
 1564 012f 00       		.byte	0
 1565 0130 00       		.byte	0
 1566 0131 18       		.uleb128 0x18
 1567 0132 05       		.uleb128 0x5
 1568 0133 00       		.byte	0
 1569 0134 03       		.uleb128 0x3
 1570 0135 08       		.uleb128 0x8
 1571 0136 3A       		.uleb128 0x3a
 1572 0137 0B       		.uleb128 0xb
 1573 0138 3B       		.uleb128 0x3b
 1574 0139 0B       		.uleb128 0xb
 1575 013a 49       		.uleb128 0x49
 1576 013b 13       		.uleb128 0x13
 1577 013c 02       		.uleb128 0x2
 1578 013d 06       		.uleb128 0x6
 1579 013e 00       		.byte	0
 1580 013f 00       		.byte	0
 1581 0140 19       		.uleb128 0x19
 1582 0141 34       		.uleb128 0x34
 1583 0142 00       		.byte	0
 1584 0143 03       		.uleb128 0x3
 1585 0144 08       		.uleb128 0x8
 1586 0145 3A       		.uleb128 0x3a
 1587 0146 0B       		.uleb128 0xb
 1588 0147 3B       		.uleb128 0x3b
 1589 0148 0B       		.uleb128 0xb
 1590 0149 49       		.uleb128 0x49
 1591 014a 13       		.uleb128 0x13
ARM GAS  /tmp/cc9MDy89.s 			page 29


 1592 014b 02       		.uleb128 0x2
 1593 014c 06       		.uleb128 0x6
 1594 014d 00       		.byte	0
 1595 014e 00       		.byte	0
 1596 014f 1A       		.uleb128 0x1a
 1597 0150 2E       		.uleb128 0x2e
 1598 0151 01       		.byte	0x1
 1599 0152 3F       		.uleb128 0x3f
 1600 0153 0C       		.uleb128 0xc
 1601 0154 03       		.uleb128 0x3
 1602 0155 0E       		.uleb128 0xe
 1603 0156 3A       		.uleb128 0x3a
 1604 0157 0B       		.uleb128 0xb
 1605 0158 3B       		.uleb128 0x3b
 1606 0159 0B       		.uleb128 0xb
 1607 015a 27       		.uleb128 0x27
 1608 015b 0C       		.uleb128 0xc
 1609 015c 49       		.uleb128 0x49
 1610 015d 13       		.uleb128 0x13
 1611 015e 11       		.uleb128 0x11
 1612 015f 01       		.uleb128 0x1
 1613 0160 12       		.uleb128 0x12
 1614 0161 01       		.uleb128 0x1
 1615 0162 40       		.uleb128 0x40
 1616 0163 06       		.uleb128 0x6
 1617 0164 01       		.uleb128 0x1
 1618 0165 13       		.uleb128 0x13
 1619 0166 00       		.byte	0
 1620 0167 00       		.byte	0
 1621 0168 1B       		.uleb128 0x1b
 1622 0169 34       		.uleb128 0x34
 1623 016a 00       		.byte	0
 1624 016b 03       		.uleb128 0x3
 1625 016c 0E       		.uleb128 0xe
 1626 016d 3A       		.uleb128 0x3a
 1627 016e 0B       		.uleb128 0xb
 1628 016f 3B       		.uleb128 0x3b
 1629 0170 0B       		.uleb128 0xb
 1630 0171 49       		.uleb128 0x49
 1631 0172 13       		.uleb128 0x13
 1632 0173 02       		.uleb128 0x2
 1633 0174 06       		.uleb128 0x6
 1634 0175 00       		.byte	0
 1635 0176 00       		.byte	0
 1636 0177 1C       		.uleb128 0x1c
 1637 0178 34       		.uleb128 0x34
 1638 0179 00       		.byte	0
 1639 017a 03       		.uleb128 0x3
 1640 017b 08       		.uleb128 0x8
 1641 017c 3A       		.uleb128 0x3a
 1642 017d 0B       		.uleb128 0xb
 1643 017e 3B       		.uleb128 0x3b
 1644 017f 0B       		.uleb128 0xb
 1645 0180 49       		.uleb128 0x49
 1646 0181 13       		.uleb128 0x13
 1647 0182 00       		.byte	0
 1648 0183 00       		.byte	0
ARM GAS  /tmp/cc9MDy89.s 			page 30


 1649 0184 1D       		.uleb128 0x1d
 1650 0185 34       		.uleb128 0x34
 1651 0186 00       		.byte	0
 1652 0187 03       		.uleb128 0x3
 1653 0188 0E       		.uleb128 0xe
 1654 0189 3A       		.uleb128 0x3a
 1655 018a 0B       		.uleb128 0xb
 1656 018b 3B       		.uleb128 0x3b
 1657 018c 0B       		.uleb128 0xb
 1658 018d 49       		.uleb128 0x49
 1659 018e 13       		.uleb128 0x13
 1660 018f 02       		.uleb128 0x2
 1661 0190 0A       		.uleb128 0xa
 1662 0191 00       		.byte	0
 1663 0192 00       		.byte	0
 1664 0193 00       		.byte	0
 1665              		.section	.debug_loc,"",%progbits
 1666              	.Ldebug_loc0:
 1667              	.LLST0:
 1668 0000 00000000 		.4byte	.LFB8
 1669 0004 02000000 		.4byte	.LCFI0
 1670 0008 0200     		.2byte	0x2
 1671 000a 7D       		.byte	0x7d
 1672 000b 00       		.sleb128 0
 1673 000c 02000000 		.4byte	.LCFI0
 1674 0010 1C000000 		.4byte	.LFE8
 1675 0014 0200     		.2byte	0x2
 1676 0016 7D       		.byte	0x7d
 1677 0017 04       		.sleb128 4
 1678 0018 00000000 		.4byte	0
 1679 001c 00000000 		.4byte	0
 1680              	.LLST1:
 1681 0020 00000000 		.4byte	.LVL0
 1682 0024 0C000000 		.4byte	.LVL2
 1683 0028 0100     		.2byte	0x1
 1684 002a 50       		.byte	0x50
 1685 002b 0C000000 		.4byte	.LVL2
 1686 002f 1B000000 		.4byte	.LVL6-1
 1687 0033 0100     		.2byte	0x1
 1688 0035 53       		.byte	0x53
 1689 0036 00000000 		.4byte	0
 1690 003a 00000000 		.4byte	0
 1691              	.LLST2:
 1692 003e 00000000 		.4byte	.LVL0
 1693 0042 1B000000 		.4byte	.LVL4-1
 1694 0046 0100     		.2byte	0x1
 1695 0048 51       		.byte	0x51
 1696 0049 00000000 		.4byte	0
 1697 004d 00000000 		.4byte	0
 1698              	.LLST3:
 1699 0051 00000000 		.4byte	.LVL0
 1700 0055 08000000 		.4byte	.LVL1
 1701 0059 0100     		.2byte	0x1
 1702 005b 52       		.byte	0x52
 1703 005c 08000000 		.4byte	.LVL1
 1704 0060 1B000000 		.4byte	.LVL5-1
 1705 0064 0300     		.2byte	0x3
ARM GAS  /tmp/cc9MDy89.s 			page 31


 1706 0066 72       		.byte	0x72
 1707 0067 08       		.sleb128 8
 1708 0068 9F       		.byte	0x9f
 1709 0069 00000000 		.4byte	0
 1710 006d 00000000 		.4byte	0
 1711              	.LLST4:
 1712 0071 0E000000 		.4byte	.LVL3
 1713 0075 1B000000 		.4byte	.LVL7-1
 1714 0079 0100     		.2byte	0x1
 1715 007b 51       		.byte	0x51
 1716 007c 00000000 		.4byte	0
 1717 0080 00000000 		.4byte	0
 1718              	.LLST5:
 1719 0084 00000000 		.4byte	.LFB9
 1720 0088 02000000 		.4byte	.LCFI1
 1721 008c 0200     		.2byte	0x2
 1722 008e 7D       		.byte	0x7d
 1723 008f 00       		.sleb128 0
 1724 0090 02000000 		.4byte	.LCFI1
 1725 0094 8C000000 		.4byte	.LFE9
 1726 0098 0200     		.2byte	0x2
 1727 009a 7D       		.byte	0x7d
 1728 009b 18       		.sleb128 24
 1729 009c 00000000 		.4byte	0
 1730 00a0 00000000 		.4byte	0
 1731              	.LLST6:
 1732 00a4 00000000 		.4byte	.LVL8
 1733 00a8 10000000 		.4byte	.LVL9
 1734 00ac 0100     		.2byte	0x1
 1735 00ae 50       		.byte	0x50
 1736 00af 00000000 		.4byte	0
 1737 00b3 00000000 		.4byte	0
 1738              	.LLST7:
 1739 00b7 00000000 		.4byte	.LVL8
 1740 00bb 14000000 		.4byte	.LVL10
 1741 00bf 0100     		.2byte	0x1
 1742 00c1 51       		.byte	0x51
 1743 00c2 14000000 		.4byte	.LVL10
 1744 00c6 8C000000 		.4byte	.LFE9
 1745 00ca 0100     		.2byte	0x1
 1746 00cc 56       		.byte	0x56
 1747 00cd 00000000 		.4byte	0
 1748 00d1 00000000 		.4byte	0
 1749              	.LLST8:
 1750 00d5 18000000 		.4byte	.LVL11
 1751 00d9 54000000 		.4byte	.LVL17
 1752 00dd 0100     		.2byte	0x1
 1753 00df 55       		.byte	0x55
 1754 00e0 60000000 		.4byte	.LVL19
 1755 00e4 6C000000 		.4byte	.LVL21
 1756 00e8 0100     		.2byte	0x1
 1757 00ea 55       		.byte	0x55
 1758 00eb 00000000 		.4byte	0
 1759 00ef 00000000 		.4byte	0
 1760              	.LLST9:
 1761 00f3 1E000000 		.4byte	.LVL12
 1762 00f7 20000000 		.4byte	.LVL13
ARM GAS  /tmp/cc9MDy89.s 			page 32


 1763 00fb 0100     		.2byte	0x1
 1764 00fd 53       		.byte	0x53
 1765 00fe 24000000 		.4byte	.LVL14
 1766 0102 54000000 		.4byte	.LVL17
 1767 0106 0200     		.2byte	0x2
 1768 0108 75       		.byte	0x75
 1769 0109 00       		.sleb128 0
 1770 010a 54000000 		.4byte	.LVL17
 1771 010e 5B000000 		.4byte	.LVL18-1
 1772 0112 0100     		.2byte	0x1
 1773 0114 53       		.byte	0x53
 1774 0115 5B000000 		.4byte	.LVL18-1
 1775 0119 5C000000 		.4byte	.LVL18
 1776 011d 0300     		.2byte	0x3
 1777 011f 75       		.byte	0x75
 1778 0120 78       		.sleb128 -8
 1779 0121 9F       		.byte	0x9f
 1780 0122 60000000 		.4byte	.LVL19
 1781 0126 66000000 		.4byte	.LVL20
 1782 012a 0100     		.2byte	0x1
 1783 012c 53       		.byte	0x53
 1784 012d 78000000 		.4byte	.LVL22
 1785 0131 82000000 		.4byte	.LVL23
 1786 0135 0100     		.2byte	0x1
 1787 0137 50       		.byte	0x50
 1788 0138 00000000 		.4byte	0
 1789 013c 00000000 		.4byte	0
 1790              	.LLST10:
 1791 0140 3C000000 		.4byte	.LVL15
 1792 0144 52000000 		.4byte	.LVL16
 1793 0148 0100     		.2byte	0x1
 1794 014a 57       		.byte	0x57
 1795 014b 00000000 		.4byte	0
 1796 014f 00000000 		.4byte	0
 1797              	.LLST11:
 1798 0153 00000000 		.4byte	.LFB10
 1799 0157 02000000 		.4byte	.LCFI2
 1800 015b 0200     		.2byte	0x2
 1801 015d 7D       		.byte	0x7d
 1802 015e 00       		.sleb128 0
 1803 015f 02000000 		.4byte	.LCFI2
 1804 0163 8A000000 		.4byte	.LFE10
 1805 0167 0200     		.2byte	0x2
 1806 0169 7D       		.byte	0x7d
 1807 016a 10       		.sleb128 16
 1808 016b 00000000 		.4byte	0
 1809 016f 00000000 		.4byte	0
 1810              	.LLST12:
 1811 0173 00000000 		.4byte	.LVL24
 1812 0177 10000000 		.4byte	.LVL26
 1813 017b 0100     		.2byte	0x1
 1814 017d 50       		.byte	0x50
 1815 017e 18000000 		.4byte	.LVL29
 1816 0182 8A000000 		.4byte	.LFE10
 1817 0186 0100     		.2byte	0x1
 1818 0188 56       		.byte	0x56
 1819 0189 00000000 		.4byte	0
ARM GAS  /tmp/cc9MDy89.s 			page 33


 1820 018d 00000000 		.4byte	0
 1821              	.LLST13:
 1822 0191 12000000 		.4byte	.LVL27
 1823 0195 18000000 		.4byte	.LVL29
 1824 0199 0100     		.2byte	0x1
 1825 019b 55       		.byte	0x55
 1826 019c 18000000 		.4byte	.LVL29
 1827 01a0 28000000 		.4byte	.LVL30
 1828 01a4 0100     		.2byte	0x1
 1829 01a6 53       		.byte	0x53
 1830 01a7 28000000 		.4byte	.LVL30
 1831 01ab 2A000000 		.4byte	.LVL31
 1832 01af 0200     		.2byte	0x2
 1833 01b1 73       		.byte	0x73
 1834 01b2 00       		.sleb128 0
 1835 01b3 2A000000 		.4byte	.LVL31
 1836 01b7 2C000000 		.4byte	.LVL32
 1837 01bb 0100     		.2byte	0x1
 1838 01bd 52       		.byte	0x52
 1839 01be 2C000000 		.4byte	.LVL32
 1840 01c2 59000000 		.4byte	.LVL34-1
 1841 01c6 0100     		.2byte	0x1
 1842 01c8 53       		.byte	0x53
 1843 01c9 5A000000 		.4byte	.LVL34
 1844 01cd 8A000000 		.4byte	.LFE10
 1845 01d1 0100     		.2byte	0x1
 1846 01d3 53       		.byte	0x53
 1847 01d4 00000000 		.4byte	0
 1848 01d8 00000000 		.4byte	0
 1849              	.LLST14:
 1850 01dc 0C000000 		.4byte	.LVL25
 1851 01e0 10000000 		.4byte	.LVL26
 1852 01e4 0300     		.2byte	0x3
 1853 01e6 70       		.byte	0x70
 1854 01e7 78       		.sleb128 -8
 1855 01e8 9F       		.byte	0x9f
 1856 01e9 10000000 		.4byte	.LVL26
 1857 01ed 8A000000 		.4byte	.LFE10
 1858 01f1 0300     		.2byte	0x3
 1859 01f3 76       		.byte	0x76
 1860 01f4 78       		.sleb128 -8
 1861 01f5 9F       		.byte	0x9f
 1862 01f6 00000000 		.4byte	0
 1863 01fa 00000000 		.4byte	0
 1864              	.LLST15:
 1865 01fe 0C000000 		.4byte	.LVL25
 1866 0202 10000000 		.4byte	.LVL26
 1867 0206 0200     		.2byte	0x2
 1868 0208 70       		.byte	0x70
 1869 0209 78       		.sleb128 -8
 1870 020a 10000000 		.4byte	.LVL26
 1871 020e 15000000 		.4byte	.LVL28-1
 1872 0212 0200     		.2byte	0x2
 1873 0214 76       		.byte	0x76
 1874 0215 78       		.sleb128 -8
 1875 0216 15000000 		.4byte	.LVL28-1
 1876 021a 3E000000 		.4byte	.LVL33
ARM GAS  /tmp/cc9MDy89.s 			page 34


 1877 021e 0300     		.2byte	0x3
 1878 0220 75       		.byte	0x75
 1879 0221 78       		.sleb128 -8
 1880 0222 9F       		.byte	0x9f
 1881 0223 00000000 		.4byte	0
 1882 0227 00000000 		.4byte	0
 1883              	.LLST16:
 1884 022b 00000000 		.4byte	.LFB11
 1885 022f 02000000 		.4byte	.LCFI3
 1886 0233 0200     		.2byte	0x2
 1887 0235 7D       		.byte	0x7d
 1888 0236 00       		.sleb128 0
 1889 0237 02000000 		.4byte	.LCFI3
 1890 023b 40000000 		.4byte	.LFE11
 1891 023f 0200     		.2byte	0x2
 1892 0241 7D       		.byte	0x7d
 1893 0242 10       		.sleb128 16
 1894 0243 00000000 		.4byte	0
 1895 0247 00000000 		.4byte	0
 1896              	.LLST17:
 1897 024b 00000000 		.4byte	.LVL35
 1898 024f 0E000000 		.4byte	.LVL36
 1899 0253 0100     		.2byte	0x1
 1900 0255 50       		.byte	0x50
 1901 0256 00000000 		.4byte	0
 1902 025a 00000000 		.4byte	0
 1903              	.LLST18:
 1904 025e 00000000 		.4byte	.LVL35
 1905 0262 13000000 		.4byte	.LVL37-1
 1906 0266 0100     		.2byte	0x1
 1907 0268 51       		.byte	0x51
 1908 0269 13000000 		.4byte	.LVL37-1
 1909 026d 40000000 		.4byte	.LFE11
 1910 0271 0100     		.2byte	0x1
 1911 0273 55       		.byte	0x55
 1912 0274 00000000 		.4byte	0
 1913 0278 00000000 		.4byte	0
 1914              	.LLST19:
 1915 027c 14000000 		.4byte	.LVL37
 1916 0280 1C000000 		.4byte	.LVL38
 1917 0284 0200     		.2byte	0x2
 1918 0286 30       		.byte	0x30
 1919 0287 9F       		.byte	0x9f
 1920 0288 24000000 		.4byte	.LVL40
 1921 028c 28000000 		.4byte	.LVL41
 1922 0290 0100     		.2byte	0x1
 1923 0292 54       		.byte	0x54
 1924 0293 34000000 		.4byte	.LVL42
 1925 0297 40000000 		.4byte	.LFE11
 1926 029b 0200     		.2byte	0x2
 1927 029d 30       		.byte	0x30
 1928 029e 9F       		.byte	0x9f
 1929 029f 00000000 		.4byte	0
 1930 02a3 00000000 		.4byte	0
 1931              	.LLST20:
 1932 02a7 14000000 		.4byte	.LVL37
 1933 02ab 1C000000 		.4byte	.LVL38
ARM GAS  /tmp/cc9MDy89.s 			page 35


 1934 02af 0200     		.2byte	0x2
 1935 02b1 30       		.byte	0x30
 1936 02b2 9F       		.byte	0x9f
 1937 02b3 22000000 		.4byte	.LVL39
 1938 02b7 28000000 		.4byte	.LVL41
 1939 02bb 0100     		.2byte	0x1
 1940 02bd 52       		.byte	0x52
 1941 02be 34000000 		.4byte	.LVL42
 1942 02c2 40000000 		.4byte	.LFE11
 1943 02c6 0200     		.2byte	0x2
 1944 02c8 30       		.byte	0x30
 1945 02c9 9F       		.byte	0x9f
 1946 02ca 00000000 		.4byte	0
 1947 02ce 00000000 		.4byte	0
 1948              		.section	.debug_aranges,"",%progbits
 1949 0000 3C000000 		.4byte	0x3c
 1950 0004 0200     		.2byte	0x2
 1951 0006 00000000 		.4byte	.Ldebug_info0
 1952 000a 04       		.byte	0x4
 1953 000b 00       		.byte	0
 1954 000c 0000     		.2byte	0
 1955 000e 0000     		.2byte	0
 1956 0010 00000000 		.4byte	.LFB7
 1957 0014 20000000 		.4byte	.LFE7-.LFB7
 1958 0018 00000000 		.4byte	.LFB8
 1959 001c 1C000000 		.4byte	.LFE8-.LFB8
 1960 0020 00000000 		.4byte	.LFB9
 1961 0024 8C000000 		.4byte	.LFE9-.LFB9
 1962 0028 00000000 		.4byte	.LFB10
 1963 002c 8A000000 		.4byte	.LFE10-.LFB10
 1964 0030 00000000 		.4byte	.LFB11
 1965 0034 40000000 		.4byte	.LFE11-.LFB11
 1966 0038 00000000 		.4byte	0
 1967 003c 00000000 		.4byte	0
 1968              		.section	.debug_ranges,"",%progbits
 1969              	.Ldebug_ranges0:
 1970 0000 00000000 		.4byte	.LFB7
 1971 0004 20000000 		.4byte	.LFE7
 1972 0008 00000000 		.4byte	.LFB8
 1973 000c 1C000000 		.4byte	.LFE8
 1974 0010 00000000 		.4byte	.LFB9
 1975 0014 8C000000 		.4byte	.LFE9
 1976 0018 00000000 		.4byte	.LFB10
 1977 001c 8A000000 		.4byte	.LFE10
 1978 0020 00000000 		.4byte	.LFB11
 1979 0024 40000000 		.4byte	.LFE11
 1980 0028 00000000 		.4byte	0
 1981 002c 00000000 		.4byte	0
 1982              		.section	.debug_line,"",%progbits
 1983              	.Ldebug_line0:
 1984 0000 36020000 		.section	.debug_str,"MS",%progbits,1
 1984      02004A01 
 1984      00000201 
 1984      FB0E0D00 
 1984      01010101 
 1985              	.LASF35:
 1986 0000 705F6D73 		.ascii	"p_msg\000"
ARM GAS  /tmp/cc9MDy89.s 			page 36


 1986      6700
 1987              	.LASF2:
 1988 0006 73697A65 		.ascii	"size_t\000"
 1988      5F7400
 1989              	.LASF60:
 1990 000d 7264796D 		.ascii	"rdymsg\000"
 1990      736700
 1991              	.LASF12:
 1992 0014 75696E74 		.ascii	"uint64_t\000"
 1992      36345F74 
 1992      00
 1993              	.LASF50:
 1994 001d 6D656D67 		.ascii	"memgetfunc_t\000"
 1994      65746675 
 1994      6E635F74 
 1994      00
 1995              	.LASF13:
 1996 002a 6C6F6E67 		.ascii	"long long unsigned int\000"
 1996      206C6F6E 
 1996      6720756E 
 1996      7369676E 
 1996      65642069 
 1997              	.LASF61:
 1998 0041 65786974 		.ascii	"exitcode\000"
 1998      636F6465 
 1998      00
 1999              	.LASF54:
 2000 004a 685F6672 		.ascii	"h_free\000"
 2000      656500
 2001              	.LASF65:
 2002 0051 68656170 		.ascii	"heapp\000"
 2002      7000
 2003              	.LASF66:
 2004 0057 63684865 		.ascii	"chHeapInit\000"
 2004      6170496E 
 2004      697400
 2005              	.LASF56:
 2006 0062 6E657874 		.ascii	"next\000"
 2006      00
 2007              	.LASF24:
 2008 0067 705F7072 		.ascii	"p_prio\000"
 2008      696F00
 2009              	.LASF11:
 2010 006e 6C6F6E67 		.ascii	"long long int\000"
 2010      206C6F6E 
 2010      6720696E 
 2010      7400
 2011              	.LASF1:
 2012 007c 7369676E 		.ascii	"signed char\000"
 2012      65642063 
 2012      68617200 
 2013              	.LASF55:
 2014 0088 685F6D74 		.ascii	"h_mtx\000"
 2014      7800
 2015              	.LASF39:
 2016 008e 705F6D70 		.ascii	"p_mpool\000"
 2016      6F6F6C00 
ARM GAS  /tmp/cc9MDy89.s 			page 37


 2017              	.LASF47:
 2018 0096 6D5F7175 		.ascii	"m_queue\000"
 2018      65756500 
 2019              	.LASF67:
 2020 009e 63684865 		.ascii	"chHeapFree\000"
 2020      61704672 
 2020      656500
 2021              	.LASF8:
 2022 00a9 6C6F6E67 		.ascii	"long int\000"
 2022      20696E74 
 2022      00
 2023              	.LASF72:
 2024 00b2 474E5520 		.ascii	"GNU C 4.6.2 20120613 (release) [ARM/embedded-4_6-br"
 2024      4320342E 
 2024      362E3220 
 2024      32303132 
 2024      30363133 
 2025 00e5 616E6368 		.ascii	"anch revision 188521]\000"
 2025      20726576 
 2025      6973696F 
 2025      6E203138 
 2025      38353231 
 2026              	.LASF15:
 2027 00fb 74737461 		.ascii	"tstate_t\000"
 2027      74655F74 
 2027      00
 2028              	.LASF74:
 2029 0104 2F686F6D 		.ascii	"/home/pacifist/fox1/amsat-fox1/amsat-fox/stm32f4-de"
 2029      652F7061 
 2029      63696669 
 2029      73742F66 
 2029      6F78312F 
 2030 0137 76656C00 		.ascii	"vel\000"
 2031              	.LASF26:
 2032 013b 705F6E65 		.ascii	"p_newer\000"
 2032      77657200 
 2033              	.LASF73:
 2034 0143 2E2F6F73 		.ascii	"./os/kernel/src/chheap.c\000"
 2034      2F6B6572 
 2034      6E656C2F 
 2034      7372632F 
 2034      63686865 
 2035              	.LASF42:
 2036 015c 72656761 		.ascii	"regarm_t\000"
 2036      726D5F74 
 2036      00
 2037              	.LASF58:
 2038 0165 616C6967 		.ascii	"align\000"
 2038      6E00
 2039              	.LASF0:
 2040 016b 756E7369 		.ascii	"unsigned int\000"
 2040      676E6564 
 2040      20696E74 
 2040      00
 2041              	.LASF10:
 2042 0178 6C6F6E67 		.ascii	"long unsigned int\000"
 2042      20756E73 
ARM GAS  /tmp/cc9MDy89.s 			page 38


 2042      69676E65 
 2042      6420696E 
 2042      7400
 2043              	.LASF45:
 2044 018a 636F6E74 		.ascii	"context\000"
 2044      65787400 
 2045              	.LASF59:
 2046 0192 73697A65 		.ascii	"size\000"
 2046      00
 2047              	.LASF6:
 2048 0197 73686F72 		.ascii	"short unsigned int\000"
 2048      7420756E 
 2048      7369676E 
 2048      65642069 
 2048      6E7400
 2049              	.LASF18:
 2050 01aa 6D73675F 		.ascii	"msg_t\000"
 2050      7400
 2051              	.LASF14:
 2052 01b0 746D6F64 		.ascii	"tmode_t\000"
 2052      655F7400 
 2053              	.LASF41:
 2054 01b8 54687265 		.ascii	"ThreadsList\000"
 2054      6164734C 
 2054      69737400 
 2055              	.LASF19:
 2056 01c4 6576656E 		.ascii	"eventmask_t\000"
 2056      746D6173 
 2056      6B5F7400 
 2057              	.LASF46:
 2058 01d0 4D757465 		.ascii	"Mutex\000"
 2058      7800
 2059              	.LASF43:
 2060 01d6 73746B61 		.ascii	"stkalign_t\000"
 2060      6C69676E 
 2060      5F7400
 2061              	.LASF27:
 2062 01e1 705F6F6C 		.ascii	"p_older\000"
 2062      64657200 
 2063              	.LASF40:
 2064 01e9 54687265 		.ascii	"ThreadsQueue\000"
 2064      61647351 
 2064      75657565 
 2064      00
 2065              	.LASF51:
 2066 01f6 4D656D6F 		.ascii	"MemoryHeap\000"
 2066      72794865 
 2066      617000
 2067              	.LASF16:
 2068 0201 74726566 		.ascii	"trefs_t\000"
 2068      735F7400 
 2069              	.LASF23:
 2070 0209 705F7072 		.ascii	"p_prev\000"
 2070      657600
 2071              	.LASF17:
 2072 0210 74707269 		.ascii	"tprio_t\000"
 2072      6F5F7400 
ARM GAS  /tmp/cc9MDy89.s 			page 39


 2073              	.LASF7:
 2074 0218 696E7433 		.ascii	"int32_t\000"
 2074      325F7400 
 2075              	.LASF4:
 2076 0220 756E7369 		.ascii	"unsigned char\000"
 2076      676E6564 
 2076      20636861 
 2076      7200
 2077              	.LASF53:
 2078 022e 685F7072 		.ascii	"h_provider\000"
 2078      6F766964 
 2078      657200
 2079              	.LASF37:
 2080 0239 705F6D74 		.ascii	"p_mtxlist\000"
 2080      786C6973 
 2080      7400
 2081              	.LASF5:
 2082 0243 73686F72 		.ascii	"short int\000"
 2082      7420696E 
 2082      7400
 2083              	.LASF29:
 2084 024d 705F7374 		.ascii	"p_state\000"
 2084      61746500 
 2085              	.LASF75:
 2086 0255 68656170 		.ascii	"heap_header\000"
 2086      5F686561 
 2086      64657200 
 2087              	.LASF63:
 2088 0261 65776D61 		.ascii	"ewmask\000"
 2088      736B00
 2089              	.LASF22:
 2090 0268 705F6E65 		.ascii	"p_next\000"
 2090      787400
 2091              	.LASF30:
 2092 026f 705F666C 		.ascii	"p_flags\000"
 2092      61677300 
 2093              	.LASF21:
 2094 0277 54687265 		.ascii	"Thread\000"
 2094      616400
 2095              	.LASF68:
 2096 027e 63684865 		.ascii	"chHeapAlloc\000"
 2096      6170416C 
 2096      6C6F6300 
 2097              	.LASF36:
 2098 028a 705F6570 		.ascii	"p_epending\000"
 2098      656E6469 
 2098      6E6700
 2099              	.LASF9:
 2100 0295 75696E74 		.ascii	"uint32_t\000"
 2100      33325F74 
 2100      00
 2101              	.LASF57:
 2102 029e 68656170 		.ascii	"heap\000"
 2102      00
 2103              	.LASF71:
 2104 02a3 64656661 		.ascii	"default_heap\000"
 2104      756C745F 
ARM GAS  /tmp/cc9MDy89.s 			page 40


 2104      68656170 
 2104      00
 2105              	.LASF64:
 2106 02b0 63686172 		.ascii	"char\000"
 2106      00
 2107              	.LASF69:
 2108 02b5 63684865 		.ascii	"chHeapStatus\000"
 2108      61705374 
 2108      61747573 
 2108      00
 2109              	.LASF49:
 2110 02c2 6D5F6E65 		.ascii	"m_next\000"
 2110      787400
 2111              	.LASF20:
 2112 02c9 73797374 		.ascii	"systime_t\000"
 2112      696D655F 
 2112      7400
 2113              	.LASF38:
 2114 02d3 705F7265 		.ascii	"p_realprio\000"
 2114      616C7072 
 2114      696F00
 2115              	.LASF32:
 2116 02de 705F7469 		.ascii	"p_time\000"
 2116      6D6500
 2117              	.LASF44:
 2118 02e5 696E7463 		.ascii	"intctx\000"
 2118      747800
 2119              	.LASF34:
 2120 02ec 705F6D73 		.ascii	"p_msgqueue\000"
 2120      67717565 
 2120      756500
 2121              	.LASF31:
 2122 02f7 705F7265 		.ascii	"p_refs\000"
 2122      667300
 2123              	.LASF3:
 2124 02fe 75696E74 		.ascii	"uint8_t\000"
 2124      385F7400 
 2125              	.LASF62:
 2126 0306 77746F62 		.ascii	"wtobjp\000"
 2126      6A7000
 2127              	.LASF70:
 2128 030d 73697A65 		.ascii	"sizep\000"
 2128      7000
 2129              	.LASF28:
 2130 0313 705F6E61 		.ascii	"p_name\000"
 2130      6D6500
 2131              	.LASF76:
 2132 031a 5F686561 		.ascii	"_heap_init\000"
 2132      705F696E 
 2132      697400
 2133              	.LASF48:
 2134 0325 6D5F6F77 		.ascii	"m_owner\000"
 2134      6E657200 
 2135              	.LASF25:
 2136 032d 705F6374 		.ascii	"p_ctx\000"
 2136      7800
 2137              	.LASF33:
ARM GAS  /tmp/cc9MDy89.s 			page 41


 2138 0333 705F7761 		.ascii	"p_waiting\000"
 2138      6974696E 
 2138      6700
 2139              	.LASF52:
 2140 033d 6D656D6F 		.ascii	"memory_heap\000"
 2140      72795F68 
 2140      65617000 
 2141              		.ident	"GCC: (GNU Tools for ARM Embedded Processors) 4.6.2 20120613 (release) [ARM/embedded-4_6-br
ARM GAS  /tmp/cc9MDy89.s 			page 42


DEFINED SYMBOLS
                            *ABS*:00000000 chheap.c
     /tmp/cc9MDy89.s:19     .text._heap_init:00000000 $t
     /tmp/cc9MDy89.s:25     .text._heap_init:00000000 _heap_init
     /tmp/cc9MDy89.s:439    .bss.default_heap:00000000 .LANCHOR0
     /tmp/cc9MDy89.s:56     .text.chHeapInit:00000000 $t
     /tmp/cc9MDy89.s:62     .text.chHeapInit:00000000 chHeapInit
     /tmp/cc9MDy89.s:107    .text.chHeapAlloc:00000000 $t
     /tmp/cc9MDy89.s:113    .text.chHeapAlloc:00000000 chHeapAlloc
     /tmp/cc9MDy89.s:233    .text.chHeapAlloc:00000088 $d
     /tmp/cc9MDy89.s:238    .text.chHeapFree:00000000 $t
     /tmp/cc9MDy89.s:244    .text.chHeapFree:00000000 chHeapFree
     /tmp/cc9MDy89.s:359    .text.chHeapStatus:00000000 $t
     /tmp/cc9MDy89.s:365    .text.chHeapStatus:00000000 chHeapStatus
     /tmp/cc9MDy89.s:433    .text.chHeapStatus:0000003c $d
     /tmp/cc9MDy89.s:438    .bss.default_heap:00000000 $d
     /tmp/cc9MDy89.s:442    .bss.default_heap:00000000 default_heap
                     .debug_frame:00000010 $d
     /tmp/cc9MDy89.s:237    .text.chHeapAlloc:0000008c $t

UNDEFINED SYMBOLS
chCoreAlloc
chMtxInit
chMtxLock
chMtxUnlock
