ARM GAS  /tmp/ccJhdHV8.s 			page 1


   1              		.syntax unified
   2              		.cpu cortex-m4
   3              		.fpu softvfp
   4              		.eabi_attribute 20, 1
   5              		.eabi_attribute 21, 1
   6              		.eabi_attribute 23, 3
   7              		.eabi_attribute 24, 1
   8              		.eabi_attribute 25, 1
   9              		.eabi_attribute 26, 1
  10              		.eabi_attribute 30, 2
  11              		.eabi_attribute 34, 1
  12              		.eabi_attribute 18, 4
  13              		.thumb
  14              		.file	"chmemcore.c"
  15              		.text
  16              	.Ltext0:
  17              		.cfi_sections	.debug_frame
  18              		.section	.text._core_init,"ax",%progbits
  19              		.align	2
  20              		.p2align 4,,15
  21              		.global	_core_init
  22              		.thumb
  23              		.thumb_func
  24              		.type	_core_init, %function
  25              	_core_init:
  26              	.LFB7:
  27              		.file 1 "./os/kernel/src/chmemcore.c"
  28              		.loc 1 66 0
  29              		.cfi_startproc
  30              		@ args = 0, pretend = 0, frame = 0
  31              		@ frame_needed = 0, uses_anonymous_args = 0
  32              		@ link register save eliminated.
  33              		.loc 1 70 0
  34 0000 0949     		ldr	r1, .L2
  35 0002 40F20002 		movw	r2, #:lower16:.LANCHOR0
  36              		.loc 1 71 0
  37 0006 40F20003 		movw	r3, #:lower16:.LANCHOR1
  38 000a 40F2000C 		movw	ip, #:lower16:__heap_end__
  39              		.loc 1 70 0
  40 000e C0F20002 		movt	r2, #:upper16:.LANCHOR0
  41              		.loc 1 71 0
  42 0012 C0F20003 		movt	r3, #:upper16:.LANCHOR1
  43 0016 C0F2000C 		movt	ip, #:upper16:__heap_end__
  44              		.loc 1 70 0
  45 001a 21F00700 		bic	r0, r1, #7
  46              		.loc 1 71 0
  47 001e 2CF00701 		bic	r1, ip, #7
  48              		.loc 1 70 0
  49 0022 1060     		str	r0, [r2, #0]
  50              		.loc 1 71 0
  51 0024 1960     		str	r1, [r3, #0]
  52              		.loc 1 77 0
  53 0026 7047     		bx	lr
  54              	.L3:
  55              		.align	2
  56              	.L2:
  57 0028 07000000 		.word	__heap_base__+7
ARM GAS  /tmp/ccJhdHV8.s 			page 2


  58              		.cfi_endproc
  59              	.LFE7:
  60              		.size	_core_init, .-_core_init
  61 002c AFF30080 		.section	.text.chCoreAlloc,"ax",%progbits
  62              		.align	2
  63              		.p2align 4,,15
  64              		.global	chCoreAlloc
  65              		.thumb
  66              		.thumb_func
  67              		.type	chCoreAlloc, %function
  68              	chCoreAlloc:
  69              	.LFB8:
  70              		.loc 1 91 0
  71              		.cfi_startproc
  72              		@ args = 0, pretend = 0, frame = 0
  73              		@ frame_needed = 0, uses_anonymous_args = 0
  74              		@ link register save eliminated.
  75              	.LVL0:
  76              	.LBB6:
  77              		.loc 1 94 0
  78 0000 2023     		movs	r3, #32
  79              	.LVL1:
  80              	@ 94 "./os/kernel/src/chmemcore.c" 1
  81 0002 83F31188 		msr     BASEPRI, r3
  82              	@ 0 "" 2
  83              	.LVL2:
  84              		.thumb
  85              	.LBE6:
  86              	.LBB7:
  87              	.LBB8:
  88              		.loc 1 118 0
  89 0006 094B     		ldr	r3, .L7
  90              	.LVL3:
  91 0008 0949     		ldr	r1, .L7+4
  92 000a 1A68     		ldr	r2, [r3, #0]
  93 000c 0968     		ldr	r1, [r1, #0]
  94              		.loc 1 117 0
  95 000e 0730     		adds	r0, r0, #7
  96              	.LVL4:
  97 0010 20F00700 		bic	r0, r0, #7
  98              	.LVL5:
  99              		.loc 1 118 0
 100 0014 891A     		subs	r1, r1, r2
 101 0016 8842     		cmp	r0, r1
 102              	.LVL6:
 103              		.loc 1 121 0
 104 0018 9ABF     		itte	ls
 105 001a 1018     		addls	r0, r2, r0
 106              	.LVL7:
 107 001c 1860     		strls	r0, [r3, #0]
 108              		.loc 1 119 0
 109 001e 0022     		movhi	r2, #0
 110              	.LBE8:
 111              	.LBE7:
 112              	.LBB9:
 113              		.loc 1 96 0
 114 0020 0023     		movs	r3, #0
ARM GAS  /tmp/ccJhdHV8.s 			page 3


 115              	.LVL8:
 116              	@ 96 "./os/kernel/src/chmemcore.c" 1
 117 0022 83F31188 		msr     BASEPRI, r3
 118              	@ 0 "" 2
 119              	.LVL9:
 120              		.thumb
 121              	.LBE9:
 122              		.loc 1 98 0
 123 0026 1046     		mov	r0, r2
 124 0028 7047     		bx	lr
 125              	.L8:
 126 002a 00BF     		.align	2
 127              	.L7:
 128 002c 00000000 		.word	.LANCHOR0
 129 0030 00000000 		.word	.LANCHOR1
 130              		.cfi_endproc
 131              	.LFE8:
 132              		.size	chCoreAlloc, .-chCoreAlloc
 133 0034 AFF30080 		.section	.text.chCoreAllocI,"ax",%progbits
 133      AFF30080 
 133      AFF30080 
 134              		.align	2
 135              		.p2align 4,,15
 136              		.global	chCoreAllocI
 137              		.thumb
 138              		.thumb_func
 139              		.type	chCoreAllocI, %function
 140              	chCoreAllocI:
 141              	.LFB9:
 142              		.loc 1 112 0
 143              		.cfi_startproc
 144              		@ args = 0, pretend = 0, frame = 0
 145              		@ frame_needed = 0, uses_anonymous_args = 0
 146              		@ link register save eliminated.
 147              	.LVL10:
 148              		.loc 1 118 0
 149 0000 074A     		ldr	r2, .L12
 150 0002 0849     		ldr	r1, .L12+4
 151 0004 1368     		ldr	r3, [r2, #0]
 152 0006 0968     		ldr	r1, [r1, #0]
 153              		.loc 1 117 0
 154 0008 0730     		adds	r0, r0, #7
 155              	.LVL11:
 156 000a 20F00700 		bic	r0, r0, #7
 157              	.LVL12:
 158              		.loc 1 118 0
 159 000e C91A     		subs	r1, r1, r3
 160 0010 8842     		cmp	r0, r1
 161              	.LVL13:
 162              		.loc 1 121 0
 163 0012 9ABF     		itte	ls
 164 0014 1818     		addls	r0, r3, r0
 165              	.LVL14:
 166 0016 1060     		strls	r0, [r2, #0]
 167              		.loc 1 119 0
 168 0018 0023     		movhi	r3, #0
 169              		.loc 1 123 0
ARM GAS  /tmp/ccJhdHV8.s 			page 4


 170 001a 1846     		mov	r0, r3
 171 001c 7047     		bx	lr
 172              	.L13:
 173 001e 00BF     		.align	2
 174              	.L12:
 175 0020 00000000 		.word	.LANCHOR0
 176 0024 00000000 		.word	.LANCHOR1
 177              		.cfi_endproc
 178              	.LFE9:
 179              		.size	chCoreAllocI, .-chCoreAllocI
 180 0028 AFF30080 		.section	.text.chCoreStatus,"ax",%progbits
 180      AFF30080 
 181              		.align	2
 182              		.p2align 4,,15
 183              		.global	chCoreStatus
 184              		.thumb
 185              		.thumb_func
 186              		.type	chCoreStatus, %function
 187              	chCoreStatus:
 188              	.LFB10:
 189              		.loc 1 132 0
 190              		.cfi_startproc
 191              		@ args = 0, pretend = 0, frame = 0
 192              		@ frame_needed = 0, uses_anonymous_args = 0
 193              		@ link register save eliminated.
 194              		.loc 1 134 0
 195 0000 40F20002 		movw	r2, #:lower16:.LANCHOR1
 196 0004 40F20001 		movw	r1, #:lower16:.LANCHOR0
 197 0008 C0F20002 		movt	r2, #:upper16:.LANCHOR1
 198 000c C0F20001 		movt	r1, #:upper16:.LANCHOR0
 199 0010 1068     		ldr	r0, [r2, #0]
 200 0012 0B68     		ldr	r3, [r1, #0]
 201 0014 C01A     		subs	r0, r0, r3
 202              		.loc 1 135 0
 203 0016 7047     		bx	lr
 204              		.cfi_endproc
 205              	.LFE10:
 206              		.size	chCoreStatus, .-chCoreStatus
 207 0018 AFF30080 		.section	.bss.endmem,"aw",%nobits
 207      AFF30080 
 208              		.align	2
 209              		.set	.LANCHOR1,. + 0
 210              		.type	endmem, %object
 211              		.size	endmem, 4
 212              	endmem:
 213 0000 00000000 		.space	4
 214              		.section	.bss.nextmem,"aw",%nobits
 215              		.align	2
 216              		.set	.LANCHOR0,. + 0
 217              		.type	nextmem, %object
 218              		.size	nextmem, 4
 219              	nextmem:
 220 0000 00000000 		.space	4
 221              		.text
 222              	.Letext0:
 223              		.file 2 "/usr/bin/../lib/gcc/arm-none-eabi/4.6.2/include/stddef.h"
 224              		.file 3 "/usr/bin/../lib/gcc/arm-none-eabi/4.6.2/../../../../arm-none-eabi/include/stdint.h"
ARM GAS  /tmp/ccJhdHV8.s 			page 5


 225              		.section	.debug_info,"",%progbits
 226              	.Ldebug_info0:
 227 0000 1D020000 		.4byte	0x21d
 228 0004 0200     		.2byte	0x2
 229 0006 00000000 		.4byte	.Ldebug_abbrev0
 230 000a 04       		.byte	0x4
 231 000b 01       		.uleb128 0x1
 232 000c 5F000000 		.4byte	.LASF17
 233 0010 01       		.byte	0x1
 234 0011 28000000 		.4byte	.LASF18
 235 0015 0A010000 		.4byte	.LASF19
 236 0019 00000000 		.4byte	0
 237 001d 00000000 		.4byte	0
 238 0021 00000000 		.4byte	.Ldebug_ranges0+0
 239 0025 00000000 		.4byte	.Ldebug_line0
 240 0029 02       		.uleb128 0x2
 241 002a 04       		.byte	0x4
 242 002b 05       		.byte	0x5
 243 002c 696E7400 		.ascii	"int\000"
 244 0030 03       		.uleb128 0x3
 245 0031 21000000 		.4byte	.LASF2
 246 0035 02       		.byte	0x2
 247 0036 D4       		.byte	0xd4
 248 0037 3B000000 		.4byte	0x3b
 249 003b 04       		.uleb128 0x4
 250 003c 04       		.byte	0x4
 251 003d 07       		.byte	0x7
 252 003e 83010000 		.4byte	.LASF0
 253 0042 04       		.uleb128 0x4
 254 0043 01       		.byte	0x1
 255 0044 06       		.byte	0x6
 256 0045 55010000 		.4byte	.LASF1
 257 0049 03       		.uleb128 0x3
 258 004a D1000000 		.4byte	.LASF3
 259 004e 03       		.byte	0x3
 260 004f 2A       		.byte	0x2a
 261 0050 54000000 		.4byte	0x54
 262 0054 04       		.uleb128 0x4
 263 0055 01       		.byte	0x1
 264 0056 08       		.byte	0x8
 265 0057 D9000000 		.4byte	.LASF4
 266 005b 04       		.uleb128 0x4
 267 005c 02       		.byte	0x2
 268 005d 05       		.byte	0x5
 269 005e 79010000 		.4byte	.LASF5
 270 0062 04       		.uleb128 0x4
 271 0063 02       		.byte	0x2
 272 0064 07       		.byte	0x7
 273 0065 0E000000 		.4byte	.LASF6
 274 0069 04       		.uleb128 0x4
 275 006a 04       		.byte	0x4
 276 006b 05       		.byte	0x5
 277 006c 01010000 		.4byte	.LASF7
 278 0070 03       		.uleb128 0x3
 279 0071 F8000000 		.4byte	.LASF8
 280 0075 03       		.byte	0x3
 281 0076 50       		.byte	0x50
ARM GAS  /tmp/ccJhdHV8.s 			page 6


 282 0077 7B000000 		.4byte	0x7b
 283 007b 04       		.uleb128 0x4
 284 007c 04       		.byte	0x4
 285 007d 07       		.byte	0x7
 286 007e A8000000 		.4byte	.LASF9
 287 0082 04       		.uleb128 0x4
 288 0083 08       		.byte	0x8
 289 0084 05       		.byte	0x5
 290 0085 00000000 		.4byte	.LASF10
 291 0089 04       		.uleb128 0x4
 292 008a 08       		.byte	0x8
 293 008b 07       		.byte	0x7
 294 008c BA000000 		.4byte	.LASF11
 295 0090 05       		.uleb128 0x5
 296 0091 04       		.byte	0x4
 297 0092 04       		.uleb128 0x4
 298 0093 01       		.byte	0x1
 299 0094 08       		.byte	0x8
 300 0095 E7000000 		.4byte	.LASF12
 301 0099 06       		.uleb128 0x6
 302 009a 04       		.byte	0x4
 303 009b 49000000 		.4byte	0x49
 304 009f 07       		.uleb128 0x7
 305 00a0 01       		.byte	0x1
 306 00a1 48010000 		.4byte	.LASF20
 307 00a5 01       		.byte	0x1
 308 00a6 70       		.byte	0x70
 309 00a7 01       		.byte	0x1
 310 00a8 90000000 		.4byte	0x90
 311 00ac 01       		.byte	0x1
 312 00ad C6000000 		.4byte	0xc6
 313 00b1 08       		.uleb128 0x8
 314 00b2 61010000 		.4byte	.LASF21
 315 00b6 01       		.byte	0x1
 316 00b7 70       		.byte	0x70
 317 00b8 30000000 		.4byte	0x30
 318 00bc 09       		.uleb128 0x9
 319 00bd 7000     		.ascii	"p\000"
 320 00bf 01       		.byte	0x1
 321 00c0 71       		.byte	0x71
 322 00c1 90000000 		.4byte	0x90
 323 00c5 00       		.byte	0
 324 00c6 0A       		.uleb128 0xa
 325 00c7 01       		.byte	0x1
 326 00c8 6E010000 		.4byte	.LASF22
 327 00cc 01       		.byte	0x1
 328 00cd 42       		.byte	0x42
 329 00ce 01       		.byte	0x1
 330 00cf 00000000 		.4byte	.LFB7
 331 00d3 2C000000 		.4byte	.LFE7
 332 00d7 02       		.byte	0x2
 333 00d8 7D       		.byte	0x7d
 334 00d9 00       		.sleb128 0
 335 00da F9000000 		.4byte	0xf9
 336 00de 0B       		.uleb128 0xb
 337 00df 51000000 		.4byte	.LASF13
 338 00e3 01       		.byte	0x1
ARM GAS  /tmp/ccJhdHV8.s 			page 7


 339 00e4 44       		.byte	0x44
 340 00e5 F9000000 		.4byte	0xf9
 341 00e9 01       		.byte	0x1
 342 00ea 01       		.byte	0x1
 343 00eb 0B       		.uleb128 0xb
 344 00ec 44000000 		.4byte	.LASF14
 345 00f0 01       		.byte	0x1
 346 00f1 45       		.byte	0x45
 347 00f2 F9000000 		.4byte	0xf9
 348 00f6 01       		.byte	0x1
 349 00f7 01       		.byte	0x1
 350 00f8 00       		.byte	0
 351 00f9 0C       		.uleb128 0xc
 352 00fa 49000000 		.4byte	0x49
 353 00fe 04010000 		.4byte	0x104
 354 0102 0D       		.uleb128 0xd
 355 0103 00       		.byte	0
 356 0104 0E       		.uleb128 0xe
 357 0105 01       		.byte	0x1
 358 0106 EC000000 		.4byte	.LASF23
 359 010a 01       		.byte	0x1
 360 010b 5B       		.byte	0x5b
 361 010c 01       		.byte	0x1
 362 010d 90000000 		.4byte	0x90
 363 0111 00000000 		.4byte	.LFB8
 364 0115 34000000 		.4byte	.LFE8
 365 0119 02       		.byte	0x2
 366 011a 7D       		.byte	0x7d
 367 011b 00       		.sleb128 0
 368 011c A3010000 		.4byte	0x1a3
 369 0120 0F       		.uleb128 0xf
 370 0121 61010000 		.4byte	.LASF21
 371 0125 01       		.byte	0x1
 372 0126 5B       		.byte	0x5b
 373 0127 30000000 		.4byte	0x30
 374 012b 00000000 		.4byte	.LLST0
 375 012f 10       		.uleb128 0x10
 376 0130 7000     		.ascii	"p\000"
 377 0132 01       		.byte	0x1
 378 0133 5C       		.byte	0x5c
 379 0134 90000000 		.4byte	0x90
 380 0138 01       		.byte	0x1
 381 0139 52       		.byte	0x52
 382 013a 11       		.uleb128 0x11
 383 013b 00000000 		.4byte	.LBB6
 384 013f 06000000 		.4byte	.LBE6
 385 0143 57010000 		.4byte	0x157
 386 0147 12       		.uleb128 0x12
 387 0148 746D7000 		.ascii	"tmp\000"
 388 014c 01       		.byte	0x1
 389 014d 5E       		.byte	0x5e
 390 014e 70000000 		.4byte	0x70
 391 0152 13000000 		.4byte	.LLST1
 392 0156 00       		.byte	0
 393 0157 13       		.uleb128 0x13
 394 0158 9F000000 		.4byte	0x9f
 395 015c 06000000 		.4byte	.LBB7
ARM GAS  /tmp/ccJhdHV8.s 			page 8


 396 0160 20000000 		.4byte	.LBE7
 397 0164 01       		.byte	0x1
 398 0165 5F       		.byte	0x5f
 399 0166 89010000 		.4byte	0x189
 400 016a 14       		.uleb128 0x14
 401 016b B1000000 		.4byte	0xb1
 402 016f 26000000 		.4byte	.LLST2
 403 0173 15       		.uleb128 0x15
 404 0174 06000000 		.4byte	.LBB8
 405 0178 20000000 		.4byte	.LBE8
 406 017c 16       		.uleb128 0x16
 407 017d BC000000 		.4byte	0xbc
 408 0181 05       		.byte	0x5
 409 0182 03       		.byte	0x3
 410 0183 00000000 		.4byte	nextmem
 411 0187 00       		.byte	0
 412 0188 00       		.byte	0
 413 0189 15       		.uleb128 0x15
 414 018a 20000000 		.4byte	.LBB9
 415 018e 26000000 		.4byte	.LBE9
 416 0192 12       		.uleb128 0x12
 417 0193 746D7000 		.ascii	"tmp\000"
 418 0197 01       		.byte	0x1
 419 0198 60       		.byte	0x60
 420 0199 70000000 		.4byte	0x70
 421 019d 51000000 		.4byte	.LLST3
 422 01a1 00       		.byte	0
 423 01a2 00       		.byte	0
 424 01a3 17       		.uleb128 0x17
 425 01a4 9F000000 		.4byte	0x9f
 426 01a8 00000000 		.4byte	.LFB9
 427 01ac 28000000 		.4byte	.LFE9
 428 01b0 02       		.byte	0x2
 429 01b1 7D       		.byte	0x7d
 430 01b2 00       		.sleb128 0
 431 01b3 CC010000 		.4byte	0x1cc
 432 01b7 14       		.uleb128 0x14
 433 01b8 B1000000 		.4byte	0xb1
 434 01bc 64000000 		.4byte	.LLST4
 435 01c0 16       		.uleb128 0x16
 436 01c1 BC000000 		.4byte	0xbc
 437 01c5 05       		.byte	0x5
 438 01c6 03       		.byte	0x3
 439 01c7 00000000 		.4byte	nextmem
 440 01cb 00       		.byte	0
 441 01cc 18       		.uleb128 0x18
 442 01cd 01       		.byte	0x1
 443 01ce 90010000 		.4byte	.LASF24
 444 01d2 01       		.byte	0x1
 445 01d3 84       		.byte	0x84
 446 01d4 01       		.byte	0x1
 447 01d5 30000000 		.4byte	0x30
 448 01d9 00000000 		.4byte	.LFB10
 449 01dd 18000000 		.4byte	.LFE10
 450 01e1 02       		.byte	0x2
 451 01e2 7D       		.byte	0x7d
 452 01e3 00       		.sleb128 0
ARM GAS  /tmp/ccJhdHV8.s 			page 9


 453 01e4 19       		.uleb128 0x19
 454 01e5 66010000 		.4byte	.LASF15
 455 01e9 01       		.byte	0x1
 456 01ea 3A       		.byte	0x3a
 457 01eb 99000000 		.4byte	0x99
 458 01ef 05       		.byte	0x5
 459 01f0 03       		.byte	0x3
 460 01f1 00000000 		.4byte	nextmem
 461 01f5 19       		.uleb128 0x19
 462 01f6 41010000 		.4byte	.LASF16
 463 01fa 01       		.byte	0x1
 464 01fb 3B       		.byte	0x3b
 465 01fc 99000000 		.4byte	0x99
 466 0200 05       		.byte	0x5
 467 0201 03       		.byte	0x3
 468 0202 00000000 		.4byte	endmem
 469 0206 0B       		.uleb128 0xb
 470 0207 51000000 		.4byte	.LASF13
 471 020b 01       		.byte	0x1
 472 020c 44       		.byte	0x44
 473 020d F9000000 		.4byte	0xf9
 474 0211 01       		.byte	0x1
 475 0212 01       		.byte	0x1
 476 0213 0B       		.uleb128 0xb
 477 0214 44000000 		.4byte	.LASF14
 478 0218 01       		.byte	0x1
 479 0219 45       		.byte	0x45
 480 021a F9000000 		.4byte	0xf9
 481 021e 01       		.byte	0x1
 482 021f 01       		.byte	0x1
 483 0220 00       		.byte	0
 484              		.section	.debug_abbrev,"",%progbits
 485              	.Ldebug_abbrev0:
 486 0000 01       		.uleb128 0x1
 487 0001 11       		.uleb128 0x11
 488 0002 01       		.byte	0x1
 489 0003 25       		.uleb128 0x25
 490 0004 0E       		.uleb128 0xe
 491 0005 13       		.uleb128 0x13
 492 0006 0B       		.uleb128 0xb
 493 0007 03       		.uleb128 0x3
 494 0008 0E       		.uleb128 0xe
 495 0009 1B       		.uleb128 0x1b
 496 000a 0E       		.uleb128 0xe
 497 000b 11       		.uleb128 0x11
 498 000c 01       		.uleb128 0x1
 499 000d 52       		.uleb128 0x52
 500 000e 01       		.uleb128 0x1
 501 000f 55       		.uleb128 0x55
 502 0010 06       		.uleb128 0x6
 503 0011 10       		.uleb128 0x10
 504 0012 06       		.uleb128 0x6
 505 0013 00       		.byte	0
 506 0014 00       		.byte	0
 507 0015 02       		.uleb128 0x2
 508 0016 24       		.uleb128 0x24
 509 0017 00       		.byte	0
ARM GAS  /tmp/ccJhdHV8.s 			page 10


 510 0018 0B       		.uleb128 0xb
 511 0019 0B       		.uleb128 0xb
 512 001a 3E       		.uleb128 0x3e
 513 001b 0B       		.uleb128 0xb
 514 001c 03       		.uleb128 0x3
 515 001d 08       		.uleb128 0x8
 516 001e 00       		.byte	0
 517 001f 00       		.byte	0
 518 0020 03       		.uleb128 0x3
 519 0021 16       		.uleb128 0x16
 520 0022 00       		.byte	0
 521 0023 03       		.uleb128 0x3
 522 0024 0E       		.uleb128 0xe
 523 0025 3A       		.uleb128 0x3a
 524 0026 0B       		.uleb128 0xb
 525 0027 3B       		.uleb128 0x3b
 526 0028 0B       		.uleb128 0xb
 527 0029 49       		.uleb128 0x49
 528 002a 13       		.uleb128 0x13
 529 002b 00       		.byte	0
 530 002c 00       		.byte	0
 531 002d 04       		.uleb128 0x4
 532 002e 24       		.uleb128 0x24
 533 002f 00       		.byte	0
 534 0030 0B       		.uleb128 0xb
 535 0031 0B       		.uleb128 0xb
 536 0032 3E       		.uleb128 0x3e
 537 0033 0B       		.uleb128 0xb
 538 0034 03       		.uleb128 0x3
 539 0035 0E       		.uleb128 0xe
 540 0036 00       		.byte	0
 541 0037 00       		.byte	0
 542 0038 05       		.uleb128 0x5
 543 0039 0F       		.uleb128 0xf
 544 003a 00       		.byte	0
 545 003b 0B       		.uleb128 0xb
 546 003c 0B       		.uleb128 0xb
 547 003d 00       		.byte	0
 548 003e 00       		.byte	0
 549 003f 06       		.uleb128 0x6
 550 0040 0F       		.uleb128 0xf
 551 0041 00       		.byte	0
 552 0042 0B       		.uleb128 0xb
 553 0043 0B       		.uleb128 0xb
 554 0044 49       		.uleb128 0x49
 555 0045 13       		.uleb128 0x13
 556 0046 00       		.byte	0
 557 0047 00       		.byte	0
 558 0048 07       		.uleb128 0x7
 559 0049 2E       		.uleb128 0x2e
 560 004a 01       		.byte	0x1
 561 004b 3F       		.uleb128 0x3f
 562 004c 0C       		.uleb128 0xc
 563 004d 03       		.uleb128 0x3
 564 004e 0E       		.uleb128 0xe
 565 004f 3A       		.uleb128 0x3a
 566 0050 0B       		.uleb128 0xb
ARM GAS  /tmp/ccJhdHV8.s 			page 11


 567 0051 3B       		.uleb128 0x3b
 568 0052 0B       		.uleb128 0xb
 569 0053 27       		.uleb128 0x27
 570 0054 0C       		.uleb128 0xc
 571 0055 49       		.uleb128 0x49
 572 0056 13       		.uleb128 0x13
 573 0057 20       		.uleb128 0x20
 574 0058 0B       		.uleb128 0xb
 575 0059 01       		.uleb128 0x1
 576 005a 13       		.uleb128 0x13
 577 005b 00       		.byte	0
 578 005c 00       		.byte	0
 579 005d 08       		.uleb128 0x8
 580 005e 05       		.uleb128 0x5
 581 005f 00       		.byte	0
 582 0060 03       		.uleb128 0x3
 583 0061 0E       		.uleb128 0xe
 584 0062 3A       		.uleb128 0x3a
 585 0063 0B       		.uleb128 0xb
 586 0064 3B       		.uleb128 0x3b
 587 0065 0B       		.uleb128 0xb
 588 0066 49       		.uleb128 0x49
 589 0067 13       		.uleb128 0x13
 590 0068 00       		.byte	0
 591 0069 00       		.byte	0
 592 006a 09       		.uleb128 0x9
 593 006b 34       		.uleb128 0x34
 594 006c 00       		.byte	0
 595 006d 03       		.uleb128 0x3
 596 006e 08       		.uleb128 0x8
 597 006f 3A       		.uleb128 0x3a
 598 0070 0B       		.uleb128 0xb
 599 0071 3B       		.uleb128 0x3b
 600 0072 0B       		.uleb128 0xb
 601 0073 49       		.uleb128 0x49
 602 0074 13       		.uleb128 0x13
 603 0075 00       		.byte	0
 604 0076 00       		.byte	0
 605 0077 0A       		.uleb128 0xa
 606 0078 2E       		.uleb128 0x2e
 607 0079 01       		.byte	0x1
 608 007a 3F       		.uleb128 0x3f
 609 007b 0C       		.uleb128 0xc
 610 007c 03       		.uleb128 0x3
 611 007d 0E       		.uleb128 0xe
 612 007e 3A       		.uleb128 0x3a
 613 007f 0B       		.uleb128 0xb
 614 0080 3B       		.uleb128 0x3b
 615 0081 0B       		.uleb128 0xb
 616 0082 27       		.uleb128 0x27
 617 0083 0C       		.uleb128 0xc
 618 0084 11       		.uleb128 0x11
 619 0085 01       		.uleb128 0x1
 620 0086 12       		.uleb128 0x12
 621 0087 01       		.uleb128 0x1
 622 0088 40       		.uleb128 0x40
 623 0089 0A       		.uleb128 0xa
ARM GAS  /tmp/ccJhdHV8.s 			page 12


 624 008a 01       		.uleb128 0x1
 625 008b 13       		.uleb128 0x13
 626 008c 00       		.byte	0
 627 008d 00       		.byte	0
 628 008e 0B       		.uleb128 0xb
 629 008f 34       		.uleb128 0x34
 630 0090 00       		.byte	0
 631 0091 03       		.uleb128 0x3
 632 0092 0E       		.uleb128 0xe
 633 0093 3A       		.uleb128 0x3a
 634 0094 0B       		.uleb128 0xb
 635 0095 3B       		.uleb128 0x3b
 636 0096 0B       		.uleb128 0xb
 637 0097 49       		.uleb128 0x49
 638 0098 13       		.uleb128 0x13
 639 0099 3F       		.uleb128 0x3f
 640 009a 0C       		.uleb128 0xc
 641 009b 3C       		.uleb128 0x3c
 642 009c 0C       		.uleb128 0xc
 643 009d 00       		.byte	0
 644 009e 00       		.byte	0
 645 009f 0C       		.uleb128 0xc
 646 00a0 01       		.uleb128 0x1
 647 00a1 01       		.byte	0x1
 648 00a2 49       		.uleb128 0x49
 649 00a3 13       		.uleb128 0x13
 650 00a4 01       		.uleb128 0x1
 651 00a5 13       		.uleb128 0x13
 652 00a6 00       		.byte	0
 653 00a7 00       		.byte	0
 654 00a8 0D       		.uleb128 0xd
 655 00a9 21       		.uleb128 0x21
 656 00aa 00       		.byte	0
 657 00ab 00       		.byte	0
 658 00ac 00       		.byte	0
 659 00ad 0E       		.uleb128 0xe
 660 00ae 2E       		.uleb128 0x2e
 661 00af 01       		.byte	0x1
 662 00b0 3F       		.uleb128 0x3f
 663 00b1 0C       		.uleb128 0xc
 664 00b2 03       		.uleb128 0x3
 665 00b3 0E       		.uleb128 0xe
 666 00b4 3A       		.uleb128 0x3a
 667 00b5 0B       		.uleb128 0xb
 668 00b6 3B       		.uleb128 0x3b
 669 00b7 0B       		.uleb128 0xb
 670 00b8 27       		.uleb128 0x27
 671 00b9 0C       		.uleb128 0xc
 672 00ba 49       		.uleb128 0x49
 673 00bb 13       		.uleb128 0x13
 674 00bc 11       		.uleb128 0x11
 675 00bd 01       		.uleb128 0x1
 676 00be 12       		.uleb128 0x12
 677 00bf 01       		.uleb128 0x1
 678 00c0 40       		.uleb128 0x40
 679 00c1 0A       		.uleb128 0xa
 680 00c2 01       		.uleb128 0x1
ARM GAS  /tmp/ccJhdHV8.s 			page 13


 681 00c3 13       		.uleb128 0x13
 682 00c4 00       		.byte	0
 683 00c5 00       		.byte	0
 684 00c6 0F       		.uleb128 0xf
 685 00c7 05       		.uleb128 0x5
 686 00c8 00       		.byte	0
 687 00c9 03       		.uleb128 0x3
 688 00ca 0E       		.uleb128 0xe
 689 00cb 3A       		.uleb128 0x3a
 690 00cc 0B       		.uleb128 0xb
 691 00cd 3B       		.uleb128 0x3b
 692 00ce 0B       		.uleb128 0xb
 693 00cf 49       		.uleb128 0x49
 694 00d0 13       		.uleb128 0x13
 695 00d1 02       		.uleb128 0x2
 696 00d2 06       		.uleb128 0x6
 697 00d3 00       		.byte	0
 698 00d4 00       		.byte	0
 699 00d5 10       		.uleb128 0x10
 700 00d6 34       		.uleb128 0x34
 701 00d7 00       		.byte	0
 702 00d8 03       		.uleb128 0x3
 703 00d9 08       		.uleb128 0x8
 704 00da 3A       		.uleb128 0x3a
 705 00db 0B       		.uleb128 0xb
 706 00dc 3B       		.uleb128 0x3b
 707 00dd 0B       		.uleb128 0xb
 708 00de 49       		.uleb128 0x49
 709 00df 13       		.uleb128 0x13
 710 00e0 02       		.uleb128 0x2
 711 00e1 0A       		.uleb128 0xa
 712 00e2 00       		.byte	0
 713 00e3 00       		.byte	0
 714 00e4 11       		.uleb128 0x11
 715 00e5 0B       		.uleb128 0xb
 716 00e6 01       		.byte	0x1
 717 00e7 11       		.uleb128 0x11
 718 00e8 01       		.uleb128 0x1
 719 00e9 12       		.uleb128 0x12
 720 00ea 01       		.uleb128 0x1
 721 00eb 01       		.uleb128 0x1
 722 00ec 13       		.uleb128 0x13
 723 00ed 00       		.byte	0
 724 00ee 00       		.byte	0
 725 00ef 12       		.uleb128 0x12
 726 00f0 34       		.uleb128 0x34
 727 00f1 00       		.byte	0
 728 00f2 03       		.uleb128 0x3
 729 00f3 08       		.uleb128 0x8
 730 00f4 3A       		.uleb128 0x3a
 731 00f5 0B       		.uleb128 0xb
 732 00f6 3B       		.uleb128 0x3b
 733 00f7 0B       		.uleb128 0xb
 734 00f8 49       		.uleb128 0x49
 735 00f9 13       		.uleb128 0x13
 736 00fa 02       		.uleb128 0x2
 737 00fb 06       		.uleb128 0x6
ARM GAS  /tmp/ccJhdHV8.s 			page 14


 738 00fc 00       		.byte	0
 739 00fd 00       		.byte	0
 740 00fe 13       		.uleb128 0x13
 741 00ff 1D       		.uleb128 0x1d
 742 0100 01       		.byte	0x1
 743 0101 31       		.uleb128 0x31
 744 0102 13       		.uleb128 0x13
 745 0103 11       		.uleb128 0x11
 746 0104 01       		.uleb128 0x1
 747 0105 12       		.uleb128 0x12
 748 0106 01       		.uleb128 0x1
 749 0107 58       		.uleb128 0x58
 750 0108 0B       		.uleb128 0xb
 751 0109 59       		.uleb128 0x59
 752 010a 0B       		.uleb128 0xb
 753 010b 01       		.uleb128 0x1
 754 010c 13       		.uleb128 0x13
 755 010d 00       		.byte	0
 756 010e 00       		.byte	0
 757 010f 14       		.uleb128 0x14
 758 0110 05       		.uleb128 0x5
 759 0111 00       		.byte	0
 760 0112 31       		.uleb128 0x31
 761 0113 13       		.uleb128 0x13
 762 0114 02       		.uleb128 0x2
 763 0115 06       		.uleb128 0x6
 764 0116 00       		.byte	0
 765 0117 00       		.byte	0
 766 0118 15       		.uleb128 0x15
 767 0119 0B       		.uleb128 0xb
 768 011a 01       		.byte	0x1
 769 011b 11       		.uleb128 0x11
 770 011c 01       		.uleb128 0x1
 771 011d 12       		.uleb128 0x12
 772 011e 01       		.uleb128 0x1
 773 011f 00       		.byte	0
 774 0120 00       		.byte	0
 775 0121 16       		.uleb128 0x16
 776 0122 34       		.uleb128 0x34
 777 0123 00       		.byte	0
 778 0124 31       		.uleb128 0x31
 779 0125 13       		.uleb128 0x13
 780 0126 02       		.uleb128 0x2
 781 0127 0A       		.uleb128 0xa
 782 0128 00       		.byte	0
 783 0129 00       		.byte	0
 784 012a 17       		.uleb128 0x17
 785 012b 2E       		.uleb128 0x2e
 786 012c 01       		.byte	0x1
 787 012d 31       		.uleb128 0x31
 788 012e 13       		.uleb128 0x13
 789 012f 11       		.uleb128 0x11
 790 0130 01       		.uleb128 0x1
 791 0131 12       		.uleb128 0x12
 792 0132 01       		.uleb128 0x1
 793 0133 40       		.uleb128 0x40
 794 0134 0A       		.uleb128 0xa
ARM GAS  /tmp/ccJhdHV8.s 			page 15


 795 0135 01       		.uleb128 0x1
 796 0136 13       		.uleb128 0x13
 797 0137 00       		.byte	0
 798 0138 00       		.byte	0
 799 0139 18       		.uleb128 0x18
 800 013a 2E       		.uleb128 0x2e
 801 013b 00       		.byte	0
 802 013c 3F       		.uleb128 0x3f
 803 013d 0C       		.uleb128 0xc
 804 013e 03       		.uleb128 0x3
 805 013f 0E       		.uleb128 0xe
 806 0140 3A       		.uleb128 0x3a
 807 0141 0B       		.uleb128 0xb
 808 0142 3B       		.uleb128 0x3b
 809 0143 0B       		.uleb128 0xb
 810 0144 27       		.uleb128 0x27
 811 0145 0C       		.uleb128 0xc
 812 0146 49       		.uleb128 0x49
 813 0147 13       		.uleb128 0x13
 814 0148 11       		.uleb128 0x11
 815 0149 01       		.uleb128 0x1
 816 014a 12       		.uleb128 0x12
 817 014b 01       		.uleb128 0x1
 818 014c 40       		.uleb128 0x40
 819 014d 0A       		.uleb128 0xa
 820 014e 00       		.byte	0
 821 014f 00       		.byte	0
 822 0150 19       		.uleb128 0x19
 823 0151 34       		.uleb128 0x34
 824 0152 00       		.byte	0
 825 0153 03       		.uleb128 0x3
 826 0154 0E       		.uleb128 0xe
 827 0155 3A       		.uleb128 0x3a
 828 0156 0B       		.uleb128 0xb
 829 0157 3B       		.uleb128 0x3b
 830 0158 0B       		.uleb128 0xb
 831 0159 49       		.uleb128 0x49
 832 015a 13       		.uleb128 0x13
 833 015b 02       		.uleb128 0x2
 834 015c 0A       		.uleb128 0xa
 835 015d 00       		.byte	0
 836 015e 00       		.byte	0
 837 015f 00       		.byte	0
 838              		.section	.debug_loc,"",%progbits
 839              	.Ldebug_loc0:
 840              	.LLST0:
 841 0000 00000000 		.4byte	.LVL0
 842 0004 10000000 		.4byte	.LVL4
 843 0008 0100     		.2byte	0x1
 844 000a 50       		.byte	0x50
 845 000b 00000000 		.4byte	0
 846 000f 00000000 		.4byte	0
 847              	.LLST1:
 848 0013 06000000 		.4byte	.LVL2
 849 0017 08000000 		.4byte	.LVL3
 850 001b 0100     		.2byte	0x1
 851 001d 53       		.byte	0x53
ARM GAS  /tmp/ccJhdHV8.s 			page 16


 852 001e 00000000 		.4byte	0
 853 0022 00000000 		.4byte	0
 854              	.LLST2:
 855 0026 06000000 		.4byte	.LVL2
 856 002a 10000000 		.4byte	.LVL4
 857 002e 0100     		.2byte	0x1
 858 0030 50       		.byte	0x50
 859 0031 10000000 		.4byte	.LVL4
 860 0035 14000000 		.4byte	.LVL5
 861 0039 0300     		.2byte	0x3
 862 003b 70       		.byte	0x70
 863 003c 79       		.sleb128 -7
 864 003d 9F       		.byte	0x9f
 865 003e 14000000 		.4byte	.LVL5
 866 0042 1C000000 		.4byte	.LVL7
 867 0046 0100     		.2byte	0x1
 868 0048 50       		.byte	0x50
 869 0049 00000000 		.4byte	0
 870 004d 00000000 		.4byte	0
 871              	.LLST3:
 872 0051 26000000 		.4byte	.LVL9
 873 0055 34000000 		.4byte	.LFE8
 874 0059 0100     		.2byte	0x1
 875 005b 53       		.byte	0x53
 876 005c 00000000 		.4byte	0
 877 0060 00000000 		.4byte	0
 878              	.LLST4:
 879 0064 00000000 		.4byte	.LVL10
 880 0068 0A000000 		.4byte	.LVL11
 881 006c 0100     		.2byte	0x1
 882 006e 50       		.byte	0x50
 883 006f 0A000000 		.4byte	.LVL11
 884 0073 0E000000 		.4byte	.LVL12
 885 0077 0300     		.2byte	0x3
 886 0079 70       		.byte	0x70
 887 007a 79       		.sleb128 -7
 888 007b 9F       		.byte	0x9f
 889 007c 0E000000 		.4byte	.LVL12
 890 0080 16000000 		.4byte	.LVL14
 891 0084 0100     		.2byte	0x1
 892 0086 50       		.byte	0x50
 893 0087 00000000 		.4byte	0
 894 008b 00000000 		.4byte	0
 895              		.section	.debug_aranges,"",%progbits
 896 0000 34000000 		.4byte	0x34
 897 0004 0200     		.2byte	0x2
 898 0006 00000000 		.4byte	.Ldebug_info0
 899 000a 04       		.byte	0x4
 900 000b 00       		.byte	0
 901 000c 0000     		.2byte	0
 902 000e 0000     		.2byte	0
 903 0010 00000000 		.4byte	.LFB7
 904 0014 2C000000 		.4byte	.LFE7-.LFB7
 905 0018 00000000 		.4byte	.LFB8
 906 001c 34000000 		.4byte	.LFE8-.LFB8
 907 0020 00000000 		.4byte	.LFB9
 908 0024 28000000 		.4byte	.LFE9-.LFB9
ARM GAS  /tmp/ccJhdHV8.s 			page 17


 909 0028 00000000 		.4byte	.LFB10
 910 002c 18000000 		.4byte	.LFE10-.LFB10
 911 0030 00000000 		.4byte	0
 912 0034 00000000 		.4byte	0
 913              		.section	.debug_ranges,"",%progbits
 914              	.Ldebug_ranges0:
 915 0000 00000000 		.4byte	.LFB7
 916 0004 2C000000 		.4byte	.LFE7
 917 0008 00000000 		.4byte	.LFB8
 918 000c 34000000 		.4byte	.LFE8
 919 0010 00000000 		.4byte	.LFB9
 920 0014 28000000 		.4byte	.LFE9
 921 0018 00000000 		.4byte	.LFB10
 922 001c 18000000 		.4byte	.LFE10
 923 0020 00000000 		.4byte	0
 924 0024 00000000 		.4byte	0
 925              		.section	.debug_line,"",%progbits
 926              	.Ldebug_line0:
 927 0000 27010000 		.section	.debug_str,"MS",%progbits,1
 927      0200C400 
 927      00000201 
 927      FB0E0D00 
 927      01010101 
 928              	.LASF10:
 929 0000 6C6F6E67 		.ascii	"long long int\000"
 929      206C6F6E 
 929      6720696E 
 929      7400
 930              	.LASF6:
 931 000e 73686F72 		.ascii	"short unsigned int\000"
 931      7420756E 
 931      7369676E 
 931      65642069 
 931      6E7400
 932              	.LASF2:
 933 0021 73697A65 		.ascii	"size_t\000"
 933      5F7400
 934              	.LASF18:
 935 0028 2E2F6F73 		.ascii	"./os/kernel/src/chmemcore.c\000"
 935      2F6B6572 
 935      6E656C2F 
 935      7372632F 
 935      63686D65 
 936              	.LASF14:
 937 0044 5F5F6865 		.ascii	"__heap_end__\000"
 937      61705F65 
 937      6E645F5F 
 937      00
 938              	.LASF13:
 939 0051 5F5F6865 		.ascii	"__heap_base__\000"
 939      61705F62 
 939      6173655F 
 939      5F00
 940              	.LASF17:
 941 005f 474E5520 		.ascii	"GNU C 4.6.2 20120613 (release) [ARM/embedded-4_6-br"
 941      4320342E 
 941      362E3220 
ARM GAS  /tmp/ccJhdHV8.s 			page 18


 941      32303132 
 941      30363133 
 942 0092 616E6368 		.ascii	"anch revision 188521]\000"
 942      20726576 
 942      6973696F 
 942      6E203138 
 942      38353231 
 943              	.LASF9:
 944 00a8 6C6F6E67 		.ascii	"long unsigned int\000"
 944      20756E73 
 944      69676E65 
 944      6420696E 
 944      7400
 945              	.LASF11:
 946 00ba 6C6F6E67 		.ascii	"long long unsigned int\000"
 946      206C6F6E 
 946      6720756E 
 946      7369676E 
 946      65642069 
 947              	.LASF3:
 948 00d1 75696E74 		.ascii	"uint8_t\000"
 948      385F7400 
 949              	.LASF4:
 950 00d9 756E7369 		.ascii	"unsigned char\000"
 950      676E6564 
 950      20636861 
 950      7200
 951              	.LASF12:
 952 00e7 63686172 		.ascii	"char\000"
 952      00
 953              	.LASF23:
 954 00ec 6368436F 		.ascii	"chCoreAlloc\000"
 954      7265416C 
 954      6C6F6300 
 955              	.LASF8:
 956 00f8 75696E74 		.ascii	"uint32_t\000"
 956      33325F74 
 956      00
 957              	.LASF7:
 958 0101 6C6F6E67 		.ascii	"long int\000"
 958      20696E74 
 958      00
 959              	.LASF19:
 960 010a 2F686F6D 		.ascii	"/home/pacifist/fox1/amsat-fox1/amsat-fox/stm32f4-de"
 960      652F7061 
 960      63696669 
 960      73742F66 
 960      6F78312F 
 961 013d 76656C00 		.ascii	"vel\000"
 962              	.LASF16:
 963 0141 656E646D 		.ascii	"endmem\000"
 963      656D00
 964              	.LASF20:
 965 0148 6368436F 		.ascii	"chCoreAllocI\000"
 965      7265416C 
 965      6C6F6349 
 965      00
ARM GAS  /tmp/ccJhdHV8.s 			page 19


 966              	.LASF1:
 967 0155 7369676E 		.ascii	"signed char\000"
 967      65642063 
 967      68617200 
 968              	.LASF21:
 969 0161 73697A65 		.ascii	"size\000"
 969      00
 970              	.LASF15:
 971 0166 6E657874 		.ascii	"nextmem\000"
 971      6D656D00 
 972              	.LASF22:
 973 016e 5F636F72 		.ascii	"_core_init\000"
 973      655F696E 
 973      697400
 974              	.LASF5:
 975 0179 73686F72 		.ascii	"short int\000"
 975      7420696E 
 975      7400
 976              	.LASF0:
 977 0183 756E7369 		.ascii	"unsigned int\000"
 977      676E6564 
 977      20696E74 
 977      00
 978              	.LASF24:
 979 0190 6368436F 		.ascii	"chCoreStatus\000"
 979      72655374 
 979      61747573 
 979      00
 980              		.ident	"GCC: (GNU Tools for ARM Embedded Processors) 4.6.2 20120613 (release) [ARM/embedded-4_6-br
ARM GAS  /tmp/ccJhdHV8.s 			page 20


DEFINED SYMBOLS
                            *ABS*:00000000 chmemcore.c
     /tmp/ccJhdHV8.s:19     .text._core_init:00000000 $t
     /tmp/ccJhdHV8.s:25     .text._core_init:00000000 _core_init
     /tmp/ccJhdHV8.s:216    .bss.nextmem:00000000 .LANCHOR0
     /tmp/ccJhdHV8.s:209    .bss.endmem:00000000 .LANCHOR1
     /tmp/ccJhdHV8.s:57     .text._core_init:00000028 $d
     /tmp/ccJhdHV8.s:62     .text.chCoreAlloc:00000000 $t
     /tmp/ccJhdHV8.s:68     .text.chCoreAlloc:00000000 chCoreAlloc
     /tmp/ccJhdHV8.s:128    .text.chCoreAlloc:0000002c $d
     /tmp/ccJhdHV8.s:134    .text.chCoreAllocI:00000000 $t
     /tmp/ccJhdHV8.s:140    .text.chCoreAllocI:00000000 chCoreAllocI
     /tmp/ccJhdHV8.s:175    .text.chCoreAllocI:00000020 $d
     /tmp/ccJhdHV8.s:181    .text.chCoreStatus:00000000 $t
     /tmp/ccJhdHV8.s:187    .text.chCoreStatus:00000000 chCoreStatus
     /tmp/ccJhdHV8.s:208    .bss.endmem:00000000 $d
     /tmp/ccJhdHV8.s:212    .bss.endmem:00000000 endmem
     /tmp/ccJhdHV8.s:215    .bss.nextmem:00000000 $d
     /tmp/ccJhdHV8.s:219    .bss.nextmem:00000000 nextmem
                     .debug_frame:00000010 $d
     /tmp/ccJhdHV8.s:61     .text._core_init:0000002c $t
     /tmp/ccJhdHV8.s:133    .text.chCoreAlloc:00000034 $t
     /tmp/ccJhdHV8.s:180    .text.chCoreAllocI:00000028 $t

UNDEFINED SYMBOLS
__heap_end__
__heap_base__
