ARM GAS  /tmp/cc0XQ2RY.s 			page 1


   1              		.syntax unified
   2              		.cpu cortex-m4
   3              		.fpu softvfp
   4              		.eabi_attribute 20, 1
   5              		.eabi_attribute 21, 1
   6              		.eabi_attribute 23, 3
   7              		.eabi_attribute 24, 1
   8              		.eabi_attribute 25, 1
   9              		.eabi_attribute 26, 1
  10              		.eabi_attribute 30, 2
  11              		.eabi_attribute 34, 1
  12              		.eabi_attribute 18, 4
  13              		.thumb
  14              		.file	"chmsg.c"
  15              		.text
  16              	.Ltext0:
  17              		.cfi_sections	.debug_frame
  18              		.section	.text.chMsgSend,"ax",%progbits
  19              		.align	2
  20              		.p2align 4,,15
  21              		.global	chMsgSend
  22              		.thumb
  23              		.thumb_func
  24              		.type	chMsgSend, %function
  25              	chMsgSend:
  26              	.LFB7:
  27              		.file 1 "./os/kernel/src/chmsg.c"
  28              		.loc 1 75 0
  29              		.cfi_startproc
  30              		@ args = 0, pretend = 0, frame = 0
  31              		@ frame_needed = 0, uses_anonymous_args = 0
  32              	.LVL0:
  33 0000 70B5     		push	{r4, r5, r6, lr}
  34              	.LCFI0:
  35              		.cfi_def_cfa_offset 16
  36              		.cfi_offset 4, -16
  37              		.cfi_offset 5, -12
  38              		.cfi_offset 6, -8
  39              		.cfi_offset 14, -4
  40              		.loc 1 76 0
  41 0002 0E4B     		ldr	r3, .L5
  42 0004 DC69     		ldr	r4, [r3, #28]
  43              	.LVL1:
  44              	.LBB10:
  45              		.loc 1 80 0
  46 0006 2023     		movs	r3, #32
  47              	.LVL2:
  48              	@ 80 "./os/kernel/src/chmsg.c" 1
  49 0008 83F31188 		msr     BASEPRI, r3
  50              	@ 0 "" 2
  51              	.LVL3:
  52              		.thumb
  53              	.LBE10:
  54              		.loc 1 82 0
  55 000c 00F12C05 		add	r5, r0, #44
  56 0010 6562     		str	r5, [r4, #36]
  57              	.LVL4:
ARM GAS  /tmp/cc0XQ2RY.s 			page 2


  58              		.loc 1 84 0
  59 0012 067F     		ldrb	r6, [r0, #28]	@ zero_extendqisi2
  60              	.LBB11:
  61              	.LBB12:
  62              		.file 2 "./os/kernel/include/chinline.h"
  63              		.loc 2 55 0
  64 0014 036B     		ldr	r3, [r0, #48]
  65              	.LVL5:
  66              		.loc 2 54 0
  67 0016 2560     		str	r5, [r4, #0]
  68              	.LBE12:
  69              	.LBE11:
  70              		.loc 1 84 0
  71 0018 0C2E     		cmp	r6, #12
  72              		.loc 1 81 0
  73 001a 6163     		str	r1, [r4, #52]
  74              	.LBB14:
  75              	.LBB13:
  76              		.loc 2 55 0
  77 001c 6360     		str	r3, [r4, #4]
  78              		.loc 2 56 0
  79 001e 0463     		str	r4, [r0, #48]
  80 0020 1C60     		str	r4, [r3, #0]
  81              	.LBE13:
  82              	.LBE14:
  83              		.loc 1 84 0
  84 0022 07D0     		beq	.L4
  85              	.LVL6:
  86              	.L2:
  87              		.loc 1 86 0
  88 0024 0A20     		movs	r0, #10
  89 0026 FFF7FEFF 		bl	chSchGoSleepS
  90              	.LVL7:
  91              		.loc 1 87 0
  92 002a 606A     		ldr	r0, [r4, #36]
  93              	.LVL8:
  94              	.LBB15:
  95              		.loc 1 88 0
  96 002c 0023     		movs	r3, #0
  97              	.LVL9:
  98              	@ 88 "./os/kernel/src/chmsg.c" 1
  99 002e 83F31188 		msr     BASEPRI, r3
 100              	@ 0 "" 2
 101              	.LVL10:
 102              		.thumb
 103              	.LBE15:
 104              		.loc 1 90 0
 105 0032 70BD     		pop	{r4, r5, r6, pc}
 106              	.LVL11:
 107              	.L4:
 108              		.loc 1 85 0
 109 0034 FFF7FEFF 		bl	chSchReadyI
 110              	.LVL12:
 111 0038 F4E7     		b	.L2
 112              	.L6:
 113 003a 00BF     		.align	2
 114              	.L5:
ARM GAS  /tmp/cc0XQ2RY.s 			page 3


 115 003c 00000000 		.word	rlist
 116              		.cfi_endproc
 117              	.LFE7:
 118              		.size	chMsgSend, .-chMsgSend
 119              		.section	.text.chMsgWait,"ax",%progbits
 120              		.align	2
 121              		.p2align 4,,15
 122              		.global	chMsgWait
 123              		.thumb
 124              		.thumb_func
 125              		.type	chMsgWait, %function
 126              	chMsgWait:
 127              	.LFB8:
 128              		.loc 1 106 0
 129              		.cfi_startproc
 130              		@ args = 0, pretend = 0, frame = 0
 131              		@ frame_needed = 0, uses_anonymous_args = 0
 132 0000 10B5     		push	{r4, lr}
 133              	.LCFI1:
 134              		.cfi_def_cfa_offset 8
 135              		.cfi_offset 4, -8
 136              		.cfi_offset 14, -4
 137              	.LBB16:
 138              		.loc 1 109 0
 139 0002 2023     		movs	r3, #32
 140              	.LVL13:
 141              	@ 109 "./os/kernel/src/chmsg.c" 1
 142 0004 83F31188 		msr     BASEPRI, r3
 143              	@ 0 "" 2
 144              	.LVL14:
 145              		.thumb
 146              	.LBE16:
 147              		.loc 1 110 0
 148 0008 0B4C     		ldr	r4, .L10
 149 000a E369     		ldr	r3, [r4, #28]
 150              	.LVL15:
 151 000c 1A46     		mov	r2, r3
 152 000e 52F82C0F 		ldr	r0, [r2, #44]!
 153 0012 9042     		cmp	r0, r2
 154 0014 08D0     		beq	.L9
 155              	.L8:
 156              	.LVL16:
 157              	.LBB17:
 158              	.LBB18:
 159              		.loc 2 62 0
 160 0016 0168     		ldr	r1, [r0, #0]
 161 0018 D962     		str	r1, [r3, #44]
 162 001a 4A60     		str	r2, [r1, #4]
 163              	.LBE18:
 164              	.LBE17:
 165              		.loc 1 113 0
 166 001c 0B22     		movs	r2, #11
 167 001e 0277     		strb	r2, [r0, #28]
 168              	.LBB19:
 169              		.loc 1 114 0
 170 0020 0023     		movs	r3, #0
 171              	.LVL17:
ARM GAS  /tmp/cc0XQ2RY.s 			page 4


 172              	@ 114 "./os/kernel/src/chmsg.c" 1
 173 0022 83F31188 		msr     BASEPRI, r3
 174              	@ 0 "" 2
 175              	.LVL18:
 176              		.thumb
 177              	.LBE19:
 178              		.loc 1 116 0
 179 0026 10BD     		pop	{r4, pc}
 180              	.LVL19:
 181              	.L9:
 182              		.loc 1 111 0
 183 0028 0C20     		movs	r0, #12
 184 002a FFF7FEFF 		bl	chSchGoSleepS
 185              	.LVL20:
 186 002e E369     		ldr	r3, [r4, #28]
 187 0030 1A46     		mov	r2, r3
 188 0032 52F82C0F 		ldr	r0, [r2, #44]!
 189 0036 EEE7     		b	.L8
 190              	.L11:
 191              		.align	2
 192              	.L10:
 193 0038 00000000 		.word	rlist
 194              		.cfi_endproc
 195              	.LFE8:
 196              		.size	chMsgWait, .-chMsgWait
 197 003c AFF30080 		.section	.text.chMsgRelease,"ax",%progbits
 198              		.align	2
 199              		.p2align 4,,15
 200              		.global	chMsgRelease
 201              		.thumb
 202              		.thumb_func
 203              		.type	chMsgRelease, %function
 204              	chMsgRelease:
 205              	.LFB9:
 206              		.loc 1 128 0
 207              		.cfi_startproc
 208              		@ args = 0, pretend = 0, frame = 0
 209              		@ frame_needed = 0, uses_anonymous_args = 0
 210              	.LVL21:
 211 0000 08B5     		push	{r3, lr}
 212              	.LCFI2:
 213              		.cfi_def_cfa_offset 8
 214              		.cfi_offset 3, -8
 215              		.cfi_offset 14, -4
 216              	.LBB20:
 217              		.loc 1 130 0
 218 0002 2023     		movs	r3, #32
 219              	.LVL22:
 220              	@ 130 "./os/kernel/src/chmsg.c" 1
 221 0004 83F31188 		msr     BASEPRI, r3
 222              	@ 0 "" 2
 223              	.LVL23:
 224              		.thumb
 225              	.LBE20:
 226              		.loc 1 133 0
 227 0008 FFF7FEFF 		bl	chSchWakeupS
 228              	.LVL24:
ARM GAS  /tmp/cc0XQ2RY.s 			page 5


 229              	.LBB21:
 230              		.loc 1 134 0
 231 000c 0023     		movs	r3, #0
 232              	.LVL25:
 233              	@ 134 "./os/kernel/src/chmsg.c" 1
 234 000e 83F31188 		msr     BASEPRI, r3
 235              	@ 0 "" 2
 236              	.LVL26:
 237              		.thumb
 238 0012 08BD     		pop	{r3, pc}
 239              	.LBE21:
 240              		.cfi_endproc
 241              	.LFE9:
 242              		.size	chMsgRelease, .-chMsgRelease
 243 0014 AFF30080 		.text
 243      AFF30080 
 243      AFF30080 
 244              	.Letext0:
 245              		.file 3 "/home/mitchd/Documents/FOX-1/amsat-fox/x86_64-toolchain/arm/bin/../lib/gcc/arm-none-eabi/
 246              		.file 4 "./os/ports/GCC/ARMCMx/chtypes.h"
 247              		.file 5 "./os/kernel/include/chlists.h"
 248              		.file 6 "./os/kernel/include/chthreads.h"
 249              		.file 7 "./os/ports/GCC/ARMCMx/chcore_v7m.h"
 250              		.file 8 "./os/kernel/include/chschd.h"
 251              		.file 9 "./os/kernel/include/chmtx.h"
 252              		.section	.debug_info,"",%progbits
 253              	.Ldebug_info0:
 254 0000 BE060000 		.4byte	0x6be
 255 0004 0200     		.2byte	0x2
 256 0006 00000000 		.4byte	.Ldebug_abbrev0
 257 000a 04       		.byte	0x4
 258 000b 01       		.uleb128 0x1
 259 000c 48010000 		.4byte	.LASF64
 260 0010 01       		.byte	0x1
 261 0011 A0000000 		.4byte	.LASF65
 262 0015 4A020000 		.4byte	.LASF66
 263 0019 18000000 		.4byte	.Ldebug_ranges0+0x18
 264 001d 00000000 		.4byte	0
 265 0021 00000000 		.4byte	0
 266 0025 00000000 		.4byte	.Ldebug_line0
 267 0029 02       		.uleb128 0x2
 268 002a 04       		.byte	0x4
 269 002b 05       		.byte	0x5
 270 002c 696E7400 		.ascii	"int\000"
 271 0030 03       		.uleb128 0x3
 272 0031 04       		.byte	0x4
 273 0032 07       		.byte	0x7
 274 0033 BE000000 		.4byte	.LASF0
 275 0037 03       		.uleb128 0x3
 276 0038 01       		.byte	0x1
 277 0039 06       		.byte	0x6
 278 003a 4F000000 		.4byte	.LASF1
 279 003e 04       		.uleb128 0x4
 280 003f BF020000 		.4byte	.LASF5
 281 0043 03       		.byte	0x3
 282 0044 2A       		.byte	0x2a
 283 0045 49000000 		.4byte	0x49
ARM GAS  /tmp/cc0XQ2RY.s 			page 6


 284 0049 03       		.uleb128 0x3
 285 004a 01       		.byte	0x1
 286 004b 08       		.byte	0x8
 287 004c 85010000 		.4byte	.LASF2
 288 0050 03       		.uleb128 0x3
 289 0051 02       		.byte	0x2
 290 0052 05       		.byte	0x5
 291 0053 9D010000 		.4byte	.LASF3
 292 0057 03       		.uleb128 0x3
 293 0058 02       		.byte	0x2
 294 0059 07       		.byte	0x7
 295 005a E5000000 		.4byte	.LASF4
 296 005e 04       		.uleb128 0x4
 297 005f 7D010000 		.4byte	.LASF6
 298 0063 03       		.byte	0x3
 299 0064 4F       		.byte	0x4f
 300 0065 69000000 		.4byte	0x69
 301 0069 03       		.uleb128 0x3
 302 006a 04       		.byte	0x4
 303 006b 05       		.byte	0x5
 304 006c 6B000000 		.4byte	.LASF7
 305 0070 04       		.uleb128 0x4
 306 0071 F9010000 		.4byte	.LASF8
 307 0075 03       		.byte	0x3
 308 0076 50       		.byte	0x50
 309 0077 7B000000 		.4byte	0x7b
 310 007b 03       		.uleb128 0x3
 311 007c 04       		.byte	0x4
 312 007d 07       		.byte	0x7
 313 007e CB000000 		.4byte	.LASF9
 314 0082 03       		.uleb128 0x3
 315 0083 08       		.byte	0x8
 316 0084 05       		.byte	0x5
 317 0085 41000000 		.4byte	.LASF10
 318 0089 03       		.uleb128 0x3
 319 008a 08       		.byte	0x8
 320 008b 07       		.byte	0x7
 321 008c 1A000000 		.4byte	.LASF11
 322 0090 04       		.uleb128 0x4
 323 0091 FE000000 		.4byte	.LASF12
 324 0095 04       		.byte	0x4
 325 0096 2F       		.byte	0x2f
 326 0097 3E000000 		.4byte	0x3e
 327 009b 04       		.uleb128 0x4
 328 009c 7E000000 		.4byte	.LASF13
 329 00a0 04       		.byte	0x4
 330 00a1 30       		.byte	0x30
 331 00a2 3E000000 		.4byte	0x3e
 332 00a6 04       		.uleb128 0x4
 333 00a7 66010000 		.4byte	.LASF14
 334 00ab 04       		.byte	0x4
 335 00ac 31       		.byte	0x31
 336 00ad 3E000000 		.4byte	0x3e
 337 00b1 04       		.uleb128 0x4
 338 00b2 75010000 		.4byte	.LASF15
 339 00b6 04       		.byte	0x4
 340 00b7 32       		.byte	0x32
ARM GAS  /tmp/cc0XQ2RY.s 			page 7


 341 00b8 70000000 		.4byte	0x70
 342 00bc 04       		.uleb128 0x4
 343 00bd F8000000 		.4byte	.LASF16
 344 00c1 04       		.byte	0x4
 345 00c2 33       		.byte	0x33
 346 00c3 5E000000 		.4byte	0x5e
 347 00c7 04       		.uleb128 0x4
 348 00c8 12010000 		.4byte	.LASF17
 349 00cc 04       		.byte	0x4
 350 00cd 35       		.byte	0x35
 351 00ce 70000000 		.4byte	0x70
 352 00d2 04       		.uleb128 0x4
 353 00d3 2E020000 		.4byte	.LASF18
 354 00d7 04       		.byte	0x4
 355 00d8 36       		.byte	0x36
 356 00d9 70000000 		.4byte	0x70
 357 00dd 04       		.uleb128 0x4
 358 00de B8000000 		.4byte	.LASF19
 359 00e2 04       		.byte	0x4
 360 00e3 37       		.byte	0x37
 361 00e4 5E000000 		.4byte	0x5e
 362 00e8 04       		.uleb128 0x4
 363 00e9 CC010000 		.4byte	.LASF20
 364 00ed 05       		.byte	0x5
 365 00ee 2A       		.byte	0x2a
 366 00ef F3000000 		.4byte	0xf3
 367 00f3 05       		.uleb128 0x5
 368 00f4 CC010000 		.4byte	.LASF20
 369 00f8 48       		.byte	0x48
 370 00f9 06       		.byte	0x6
 371 00fa 5E       		.byte	0x5e
 372 00fb 0A020000 		.4byte	0x20a
 373 00ff 06       		.uleb128 0x6
 374 0100 BD010000 		.4byte	.LASF21
 375 0104 06       		.byte	0x6
 376 0105 5F       		.byte	0x5f
 377 0106 2F020000 		.4byte	0x22f
 378 010a 02       		.byte	0x2
 379 010b 23       		.byte	0x23
 380 010c 00       		.uleb128 0
 381 010d 06       		.uleb128 0x6
 382 010e 6E010000 		.4byte	.LASF22
 383 0112 06       		.byte	0x6
 384 0113 61       		.byte	0x61
 385 0114 2F020000 		.4byte	0x22f
 386 0118 02       		.byte	0x2
 387 0119 23       		.byte	0x23
 388 011a 04       		.uleb128 0x4
 389 011b 06       		.uleb128 0x6
 390 011c 3A000000 		.4byte	.LASF23
 391 0120 06       		.byte	0x6
 392 0121 63       		.byte	0x63
 393 0122 B1000000 		.4byte	0xb1
 394 0126 02       		.byte	0x2
 395 0127 23       		.byte	0x23
 396 0128 08       		.uleb128 0x8
 397 0129 06       		.uleb128 0x6
ARM GAS  /tmp/cc0XQ2RY.s 			page 8


 398 012a E7020000 		.4byte	.LASF24
 399 012e 06       		.byte	0x6
 400 012f 64       		.byte	0x64
 401 0130 FC020000 		.4byte	0x2fc
 402 0134 02       		.byte	0x2
 403 0135 23       		.byte	0x23
 404 0136 0C       		.uleb128 0xc
 405 0137 06       		.uleb128 0x6
 406 0138 87000000 		.4byte	.LASF25
 407 013c 06       		.byte	0x6
 408 013d 66       		.byte	0x66
 409 013e 2F020000 		.4byte	0x22f
 410 0142 02       		.byte	0x2
 411 0143 23       		.byte	0x23
 412 0144 10       		.uleb128 0x10
 413 0145 06       		.uleb128 0x6
 414 0146 2D010000 		.4byte	.LASF26
 415 014a 06       		.byte	0x6
 416 014b 67       		.byte	0x67
 417 014c 2F020000 		.4byte	0x22f
 418 0150 02       		.byte	0x2
 419 0151 23       		.byte	0x23
 420 0152 14       		.uleb128 0x14
 421 0153 06       		.uleb128 0x6
 422 0154 CE020000 		.4byte	.LASF27
 423 0158 06       		.byte	0x6
 424 0159 6E       		.byte	0x6e
 425 015a 1E040000 		.4byte	0x41e
 426 015e 02       		.byte	0x2
 427 015f 23       		.byte	0x23
 428 0160 18       		.uleb128 0x18
 429 0161 06       		.uleb128 0x6
 430 0162 A7010000 		.4byte	.LASF28
 431 0166 06       		.byte	0x6
 432 0167 79       		.byte	0x79
 433 0168 9B000000 		.4byte	0x9b
 434 016c 02       		.byte	0x2
 435 016d 23       		.byte	0x23
 436 016e 1C       		.uleb128 0x1c
 437 016f 06       		.uleb128 0x6
 438 0170 C4010000 		.4byte	.LASF29
 439 0174 06       		.byte	0x6
 440 0175 7D       		.byte	0x7d
 441 0176 90000000 		.4byte	0x90
 442 017a 02       		.byte	0x2
 443 017b 23       		.byte	0x23
 444 017c 1D       		.uleb128 0x1d
 445 017d 06       		.uleb128 0x6
 446 017e A8020000 		.4byte	.LASF30
 447 0182 06       		.byte	0x6
 448 0183 82       		.byte	0x82
 449 0184 A6000000 		.4byte	0xa6
 450 0188 02       		.byte	0x2
 451 0189 23       		.byte	0x23
 452 018a 1E       		.uleb128 0x1e
 453 018b 06       		.uleb128 0x6
 454 018c 43020000 		.4byte	.LASF31
ARM GAS  /tmp/cc0XQ2RY.s 			page 9


 455 0190 06       		.byte	0x6
 456 0191 89       		.byte	0x89
 457 0192 26030000 		.4byte	0x326
 458 0196 02       		.byte	0x2
 459 0197 23       		.byte	0x23
 460 0198 20       		.uleb128 0x20
 461 0199 07       		.uleb128 0x7
 462 019a 705F7500 		.ascii	"p_u\000"
 463 019e 06       		.byte	0x6
 464 019f AE       		.byte	0xae
 465 01a0 E9030000 		.4byte	0x3e9
 466 01a4 02       		.byte	0x2
 467 01a5 23       		.byte	0x23
 468 01a6 24       		.uleb128 0x24
 469 01a7 06       		.uleb128 0x6
 470 01a8 ED020000 		.4byte	.LASF32
 471 01ac 06       		.byte	0x6
 472 01ad B3       		.byte	0xb3
 473 01ae 57020000 		.4byte	0x257
 474 01b2 02       		.byte	0x2
 475 01b3 23       		.byte	0x23
 476 01b4 28       		.uleb128 0x28
 477 01b5 06       		.uleb128 0x6
 478 01b6 86020000 		.4byte	.LASF33
 479 01ba 06       		.byte	0x6
 480 01bb B9       		.byte	0xb9
 481 01bc 35020000 		.4byte	0x235
 482 01c0 02       		.byte	0x2
 483 01c1 23       		.byte	0x23
 484 01c2 2C       		.uleb128 0x2c
 485 01c3 06       		.uleb128 0x6
 486 01c4 00000000 		.4byte	.LASF34
 487 01c8 06       		.byte	0x6
 488 01c9 BD       		.byte	0xbd
 489 01ca BC000000 		.4byte	0xbc
 490 01ce 02       		.byte	0x2
 491 01cf 23       		.byte	0x23
 492 01d0 34       		.uleb128 0x34
 493 01d1 06       		.uleb128 0x6
 494 01d2 EE010000 		.4byte	.LASF35
 495 01d6 06       		.byte	0x6
 496 01d7 C3       		.byte	0xc3
 497 01d8 C7000000 		.4byte	0xc7
 498 01dc 02       		.byte	0x2
 499 01dd 23       		.byte	0x23
 500 01de 38       		.uleb128 0x38
 501 01df 06       		.uleb128 0x6
 502 01e0 93010000 		.4byte	.LASF36
 503 01e4 06       		.byte	0x6
 504 01e5 CA       		.byte	0xca
 505 01e6 30040000 		.4byte	0x430
 506 01ea 02       		.byte	0x2
 507 01eb 23       		.byte	0x23
 508 01ec 3C       		.uleb128 0x3c
 509 01ed 06       		.uleb128 0x6
 510 01ee 38020000 		.4byte	.LASF37
 511 01f2 06       		.byte	0x6
ARM GAS  /tmp/cc0XQ2RY.s 			page 10


 512 01f3 CE       		.byte	0xce
 513 01f4 B1000000 		.4byte	0xb1
 514 01f8 02       		.byte	0x2
 515 01f9 23       		.byte	0x23
 516 01fa 40       		.uleb128 0x40
 517 01fb 06       		.uleb128 0x6
 518 01fc 5B000000 		.4byte	.LASF38
 519 0200 06       		.byte	0x6
 520 0201 D4       		.byte	0xd4
 521 0202 6D020000 		.4byte	0x26d
 522 0206 02       		.byte	0x2
 523 0207 23       		.byte	0x23
 524 0208 44       		.uleb128 0x44
 525 0209 00       		.byte	0
 526 020a 08       		.uleb128 0x8
 527 020b 08       		.byte	0x8
 528 020c 05       		.byte	0x5
 529 020d 61       		.byte	0x61
 530 020e 2F020000 		.4byte	0x22f
 531 0212 06       		.uleb128 0x6
 532 0213 BD010000 		.4byte	.LASF21
 533 0217 05       		.byte	0x5
 534 0218 62       		.byte	0x62
 535 0219 2F020000 		.4byte	0x22f
 536 021d 02       		.byte	0x2
 537 021e 23       		.byte	0x23
 538 021f 00       		.uleb128 0
 539 0220 06       		.uleb128 0x6
 540 0221 6E010000 		.4byte	.LASF22
 541 0225 05       		.byte	0x5
 542 0226 64       		.byte	0x64
 543 0227 2F020000 		.4byte	0x22f
 544 022b 02       		.byte	0x2
 545 022c 23       		.byte	0x23
 546 022d 04       		.uleb128 0x4
 547 022e 00       		.byte	0
 548 022f 09       		.uleb128 0x9
 549 0230 04       		.byte	0x4
 550 0231 E8000000 		.4byte	0xe8
 551 0235 04       		.uleb128 0x4
 552 0236 3B010000 		.4byte	.LASF39
 553 023a 05       		.byte	0x5
 554 023b 66       		.byte	0x66
 555 023c 0A020000 		.4byte	0x20a
 556 0240 08       		.uleb128 0x8
 557 0241 04       		.byte	0x4
 558 0242 05       		.byte	0x5
 559 0243 6B       		.byte	0x6b
 560 0244 57020000 		.4byte	0x257
 561 0248 06       		.uleb128 0x6
 562 0249 BD010000 		.4byte	.LASF21
 563 024d 05       		.byte	0x5
 564 024e 6D       		.byte	0x6d
 565 024f 2F020000 		.4byte	0x22f
 566 0253 02       		.byte	0x2
 567 0254 23       		.byte	0x23
 568 0255 00       		.uleb128 0
ARM GAS  /tmp/cc0XQ2RY.s 			page 11


 569 0256 00       		.byte	0
 570 0257 04       		.uleb128 0x4
 571 0258 06010000 		.4byte	.LASF40
 572 025c 05       		.byte	0x5
 573 025d 70       		.byte	0x70
 574 025e 40020000 		.4byte	0x240
 575 0262 04       		.uleb128 0x4
 576 0263 97000000 		.4byte	.LASF41
 577 0267 07       		.byte	0x7
 578 0268 D7       		.byte	0xd7
 579 0269 6D020000 		.4byte	0x26d
 580 026d 0A       		.uleb128 0xa
 581 026e 04       		.byte	0x4
 582 026f 05       		.uleb128 0x5
 583 0270 7F020000 		.4byte	.LASF42
 584 0274 24       		.byte	0x24
 585 0275 07       		.byte	0x7
 586 0276 FE       		.byte	0xfe
 587 0277 FC020000 		.4byte	0x2fc
 588 027b 0B       		.uleb128 0xb
 589 027c 723400   		.ascii	"r4\000"
 590 027f 07       		.byte	0x7
 591 0280 1101     		.2byte	0x111
 592 0282 62020000 		.4byte	0x262
 593 0286 02       		.byte	0x2
 594 0287 23       		.byte	0x23
 595 0288 00       		.uleb128 0
 596 0289 0B       		.uleb128 0xb
 597 028a 723500   		.ascii	"r5\000"
 598 028d 07       		.byte	0x7
 599 028e 1201     		.2byte	0x112
 600 0290 62020000 		.4byte	0x262
 601 0294 02       		.byte	0x2
 602 0295 23       		.byte	0x23
 603 0296 04       		.uleb128 0x4
 604 0297 0B       		.uleb128 0xb
 605 0298 723600   		.ascii	"r6\000"
 606 029b 07       		.byte	0x7
 607 029c 1301     		.2byte	0x113
 608 029e 62020000 		.4byte	0x262
 609 02a2 02       		.byte	0x2
 610 02a3 23       		.byte	0x23
 611 02a4 08       		.uleb128 0x8
 612 02a5 0B       		.uleb128 0xb
 613 02a6 723700   		.ascii	"r7\000"
 614 02a9 07       		.byte	0x7
 615 02aa 1401     		.2byte	0x114
 616 02ac 62020000 		.4byte	0x262
 617 02b0 02       		.byte	0x2
 618 02b1 23       		.byte	0x23
 619 02b2 0C       		.uleb128 0xc
 620 02b3 0B       		.uleb128 0xb
 621 02b4 723800   		.ascii	"r8\000"
 622 02b7 07       		.byte	0x7
 623 02b8 1501     		.2byte	0x115
 624 02ba 62020000 		.4byte	0x262
 625 02be 02       		.byte	0x2
ARM GAS  /tmp/cc0XQ2RY.s 			page 12


 626 02bf 23       		.byte	0x23
 627 02c0 10       		.uleb128 0x10
 628 02c1 0B       		.uleb128 0xb
 629 02c2 723900   		.ascii	"r9\000"
 630 02c5 07       		.byte	0x7
 631 02c6 1601     		.2byte	0x116
 632 02c8 62020000 		.4byte	0x262
 633 02cc 02       		.byte	0x2
 634 02cd 23       		.byte	0x23
 635 02ce 14       		.uleb128 0x14
 636 02cf 0B       		.uleb128 0xb
 637 02d0 72313000 		.ascii	"r10\000"
 638 02d4 07       		.byte	0x7
 639 02d5 1701     		.2byte	0x117
 640 02d7 62020000 		.4byte	0x262
 641 02db 02       		.byte	0x2
 642 02dc 23       		.byte	0x23
 643 02dd 18       		.uleb128 0x18
 644 02de 0B       		.uleb128 0xb
 645 02df 72313100 		.ascii	"r11\000"
 646 02e3 07       		.byte	0x7
 647 02e4 1801     		.2byte	0x118
 648 02e6 62020000 		.4byte	0x262
 649 02ea 02       		.byte	0x2
 650 02eb 23       		.byte	0x23
 651 02ec 1C       		.uleb128 0x1c
 652 02ed 0B       		.uleb128 0xb
 653 02ee 6C7200   		.ascii	"lr\000"
 654 02f1 07       		.byte	0x7
 655 02f2 1901     		.2byte	0x119
 656 02f4 62020000 		.4byte	0x262
 657 02f8 02       		.byte	0x2
 658 02f9 23       		.byte	0x23
 659 02fa 20       		.uleb128 0x20
 660 02fb 00       		.byte	0
 661 02fc 0C       		.uleb128 0xc
 662 02fd DD000000 		.4byte	.LASF43
 663 0301 04       		.byte	0x4
 664 0302 07       		.byte	0x7
 665 0303 2301     		.2byte	0x123
 666 0305 19030000 		.4byte	0x319
 667 0309 0B       		.uleb128 0xb
 668 030a 72313300 		.ascii	"r13\000"
 669 030e 07       		.byte	0x7
 670 030f 2401     		.2byte	0x124
 671 0311 19030000 		.4byte	0x319
 672 0315 02       		.byte	0x2
 673 0316 23       		.byte	0x23
 674 0317 00       		.uleb128 0
 675 0318 00       		.byte	0
 676 0319 09       		.uleb128 0x9
 677 031a 04       		.byte	0x4
 678 031b 6F020000 		.4byte	0x26f
 679 031f 03       		.uleb128 0x3
 680 0320 04       		.byte	0x4
 681 0321 07       		.byte	0x7
 682 0322 24010000 		.4byte	.LASF44
ARM GAS  /tmp/cc0XQ2RY.s 			page 13


 683 0326 0D       		.uleb128 0xd
 684 0327 D2000000 		.4byte	0xd2
 685 032b 08       		.uleb128 0x8
 686 032c 20       		.byte	0x20
 687 032d 08       		.byte	0x8
 688 032e 5E       		.byte	0x5e
 689 032f 96030000 		.4byte	0x396
 690 0333 06       		.uleb128 0x6
 691 0334 02020000 		.4byte	.LASF45
 692 0338 08       		.byte	0x8
 693 0339 5F       		.byte	0x5f
 694 033a 35020000 		.4byte	0x235
 695 033e 02       		.byte	0x2
 696 033f 23       		.byte	0x23
 697 0340 00       		.uleb128 0
 698 0341 06       		.uleb128 0x6
 699 0342 AF010000 		.4byte	.LASF46
 700 0346 08       		.byte	0x8
 701 0347 60       		.byte	0x60
 702 0348 B1000000 		.4byte	0xb1
 703 034c 02       		.byte	0x2
 704 034d 23       		.byte	0x23
 705 034e 08       		.uleb128 0x8
 706 034f 06       		.uleb128 0x6
 707 0350 35010000 		.4byte	.LASF47
 708 0354 08       		.byte	0x8
 709 0355 62       		.byte	0x62
 710 0356 FC020000 		.4byte	0x2fc
 711 035a 02       		.byte	0x2
 712 035b 23       		.byte	0x23
 713 035c 0C       		.uleb128 0xc
 714 035d 06       		.uleb128 0x6
 715 035e 8F000000 		.4byte	.LASF48
 716 0362 08       		.byte	0x8
 717 0363 65       		.byte	0x65
 718 0364 2F020000 		.4byte	0x22f
 719 0368 02       		.byte	0x2
 720 0369 23       		.byte	0x23
 721 036a 10       		.uleb128 0x10
 722 036b 06       		.uleb128 0x6
 723 036c 5E010000 		.4byte	.LASF49
 724 0370 08       		.byte	0x8
 725 0371 66       		.byte	0x66
 726 0372 2F020000 		.4byte	0x22f
 727 0376 02       		.byte	0x2
 728 0377 23       		.byte	0x23
 729 0378 14       		.uleb128 0x14
 730 0379 06       		.uleb128 0x6
 731 037a D5020000 		.4byte	.LASF50
 732 037e 08       		.byte	0x8
 733 037f 6A       		.byte	0x6a
 734 0380 DD000000 		.4byte	0xdd
 735 0384 02       		.byte	0x2
 736 0385 23       		.byte	0x23
 737 0386 18       		.uleb128 0x18
 738 0387 06       		.uleb128 0x6
 739 0388 54010000 		.4byte	.LASF51
ARM GAS  /tmp/cc0XQ2RY.s 			page 14


 740 038c 08       		.byte	0x8
 741 038d 6C       		.byte	0x6c
 742 038e 2F020000 		.4byte	0x22f
 743 0392 02       		.byte	0x2
 744 0393 23       		.byte	0x23
 745 0394 1C       		.uleb128 0x1c
 746 0395 00       		.byte	0
 747 0396 04       		.uleb128 0x4
 748 0397 AF020000 		.4byte	.LASF52
 749 039b 08       		.byte	0x8
 750 039c 6E       		.byte	0x6e
 751 039d 2B030000 		.4byte	0x32b
 752 03a1 05       		.uleb128 0x5
 753 03a2 1E010000 		.4byte	.LASF53
 754 03a6 10       		.byte	0x10
 755 03a7 09       		.byte	0x9
 756 03a8 2C       		.byte	0x2c
 757 03a9 D8030000 		.4byte	0x3d8
 758 03ad 06       		.uleb128 0x6
 759 03ae 63000000 		.4byte	.LASF54
 760 03b2 09       		.byte	0x9
 761 03b3 2D       		.byte	0x2d
 762 03b4 35020000 		.4byte	0x235
 763 03b8 02       		.byte	0x2
 764 03b9 23       		.byte	0x23
 765 03ba 00       		.uleb128 0
 766 03bb 06       		.uleb128 0x6
 767 03bc DF020000 		.4byte	.LASF55
 768 03c0 09       		.byte	0x9
 769 03c1 2F       		.byte	0x2f
 770 03c2 2F020000 		.4byte	0x22f
 771 03c6 02       		.byte	0x2
 772 03c7 23       		.byte	0x23
 773 03c8 08       		.uleb128 0x8
 774 03c9 06       		.uleb128 0x6
 775 03ca 27020000 		.4byte	.LASF56
 776 03ce 09       		.byte	0x9
 777 03cf 31       		.byte	0x31
 778 03d0 D8030000 		.4byte	0x3d8
 779 03d4 02       		.byte	0x2
 780 03d5 23       		.byte	0x23
 781 03d6 0C       		.uleb128 0xc
 782 03d7 00       		.byte	0
 783 03d8 09       		.uleb128 0x9
 784 03d9 04       		.byte	0x4
 785 03da A1030000 		.4byte	0x3a1
 786 03de 04       		.uleb128 0x4
 787 03df 1E010000 		.4byte	.LASF53
 788 03e3 09       		.byte	0x9
 789 03e4 33       		.byte	0x33
 790 03e5 A1030000 		.4byte	0x3a1
 791 03e9 0E       		.uleb128 0xe
 792 03ea 04       		.byte	0x4
 793 03eb 06       		.byte	0x6
 794 03ec 90       		.byte	0x90
 795 03ed 1E040000 		.4byte	0x41e
 796 03f1 0F       		.uleb128 0xf
ARM GAS  /tmp/cc0XQ2RY.s 			page 15


 797 03f2 13000000 		.4byte	.LASF57
 798 03f6 06       		.byte	0x6
 799 03f7 97       		.byte	0x97
 800 03f8 BC000000 		.4byte	0xbc
 801 03fc 0F       		.uleb128 0xf
 802 03fd 31000000 		.4byte	.LASF58
 803 0401 06       		.byte	0x6
 804 0402 9E       		.byte	0x9e
 805 0403 BC000000 		.4byte	0xbc
 806 0407 0F       		.uleb128 0xf
 807 0408 C7020000 		.4byte	.LASF59
 808 040c 06       		.byte	0x6
 809 040d A5       		.byte	0xa5
 810 040e 6D020000 		.4byte	0x26d
 811 0412 0F       		.uleb128 0xf
 812 0413 B6010000 		.4byte	.LASF60
 813 0417 06       		.byte	0x6
 814 0418 AC       		.byte	0xac
 815 0419 C7000000 		.4byte	0xc7
 816 041d 00       		.byte	0
 817 041e 09       		.uleb128 0x9
 818 041f 04       		.byte	0x4
 819 0420 24040000 		.4byte	0x424
 820 0424 10       		.uleb128 0x10
 821 0425 29040000 		.4byte	0x429
 822 0429 03       		.uleb128 0x3
 823 042a 01       		.byte	0x1
 824 042b 08       		.byte	0x8
 825 042c 16020000 		.4byte	.LASF61
 826 0430 09       		.uleb128 0x9
 827 0431 04       		.byte	0x4
 828 0432 DE030000 		.4byte	0x3de
 829 0436 11       		.uleb128 0x11
 830 0437 06000000 		.4byte	.LASF67
 831 043b 02       		.byte	0x2
 832 043c 34       		.byte	0x34
 833 043d 01       		.byte	0x1
 834 043e 03       		.byte	0x3
 835 043f 59040000 		.4byte	0x459
 836 0443 12       		.uleb128 0x12
 837 0444 747000   		.ascii	"tp\000"
 838 0447 02       		.byte	0x2
 839 0448 34       		.byte	0x34
 840 0449 2F020000 		.4byte	0x22f
 841 044d 12       		.uleb128 0x12
 842 044e 74717000 		.ascii	"tqp\000"
 843 0452 02       		.byte	0x2
 844 0453 34       		.byte	0x34
 845 0454 59040000 		.4byte	0x459
 846 0458 00       		.byte	0
 847 0459 09       		.uleb128 0x9
 848 045a 04       		.byte	0x4
 849 045b 35020000 		.4byte	0x235
 850 045f 13       		.uleb128 0x13
 851 0460 1B020000 		.4byte	.LASF68
 852 0464 02       		.byte	0x2
 853 0465 3B       		.byte	0x3b
ARM GAS  /tmp/cc0XQ2RY.s 			page 16


 854 0466 01       		.byte	0x1
 855 0467 2F020000 		.4byte	0x22f
 856 046b 03       		.byte	0x3
 857 046c 86040000 		.4byte	0x486
 858 0470 12       		.uleb128 0x12
 859 0471 74717000 		.ascii	"tqp\000"
 860 0475 02       		.byte	0x2
 861 0476 3B       		.byte	0x3b
 862 0477 59040000 		.4byte	0x459
 863 047b 14       		.uleb128 0x14
 864 047c 747000   		.ascii	"tp\000"
 865 047f 02       		.byte	0x2
 866 0480 3C       		.byte	0x3c
 867 0481 2F020000 		.4byte	0x22f
 868 0485 00       		.byte	0
 869 0486 15       		.uleb128 0x15
 870 0487 01       		.byte	0x1
 871 0488 74000000 		.4byte	.LASF62
 872 048c 01       		.byte	0x1
 873 048d 4B       		.byte	0x4b
 874 048e 01       		.byte	0x1
 875 048f BC000000 		.4byte	0xbc
 876 0493 00000000 		.4byte	.LFB7
 877 0497 40000000 		.4byte	.LFE7
 878 049b 00000000 		.4byte	.LLST0
 879 049f 01       		.byte	0x1
 880 04a0 47050000 		.4byte	0x547
 881 04a4 16       		.uleb128 0x16
 882 04a5 747000   		.ascii	"tp\000"
 883 04a8 01       		.byte	0x1
 884 04a9 4B       		.byte	0x4b
 885 04aa 2F020000 		.4byte	0x22f
 886 04ae 20000000 		.4byte	.LLST1
 887 04b2 16       		.uleb128 0x16
 888 04b3 6D736700 		.ascii	"msg\000"
 889 04b7 01       		.byte	0x1
 890 04b8 4B       		.byte	0x4b
 891 04b9 BC000000 		.4byte	0xbc
 892 04bd 58000000 		.4byte	.LLST2
 893 04c1 17       		.uleb128 0x17
 894 04c2 63747000 		.ascii	"ctp\000"
 895 04c6 01       		.byte	0x1
 896 04c7 4C       		.byte	0x4c
 897 04c8 2F020000 		.4byte	0x22f
 898 04cc 01       		.byte	0x1
 899 04cd 54       		.byte	0x54
 900 04ce 18       		.uleb128 0x18
 901 04cf 06000000 		.4byte	.LBB10
 902 04d3 0C000000 		.4byte	.LBE10
 903 04d7 EB040000 		.4byte	0x4eb
 904 04db 19       		.uleb128 0x19
 905 04dc 746D7000 		.ascii	"tmp\000"
 906 04e0 01       		.byte	0x1
 907 04e1 50       		.byte	0x50
 908 04e2 70000000 		.4byte	0x70
 909 04e6 9D000000 		.4byte	.LLST3
 910 04ea 00       		.byte	0
ARM GAS  /tmp/cc0XQ2RY.s 			page 17


 911 04eb 1A       		.uleb128 0x1a
 912 04ec 36040000 		.4byte	0x436
 913 04f0 14000000 		.4byte	.LBB11
 914 04f4 00000000 		.4byte	.Ldebug_ranges0+0
 915 04f8 01       		.byte	0x1
 916 04f9 53       		.byte	0x53
 917 04fa 0D050000 		.4byte	0x50d
 918 04fe 1B       		.uleb128 0x1b
 919 04ff 4D040000 		.4byte	0x44d
 920 0503 01       		.byte	0x1
 921 0504 55       		.byte	0x55
 922 0505 1B       		.uleb128 0x1b
 923 0506 43040000 		.4byte	0x443
 924 050a 01       		.byte	0x1
 925 050b 54       		.byte	0x54
 926 050c 00       		.byte	0
 927 050d 18       		.uleb128 0x18
 928 050e 2C000000 		.4byte	.LBB15
 929 0512 32000000 		.4byte	.LBE15
 930 0516 2A050000 		.4byte	0x52a
 931 051a 19       		.uleb128 0x19
 932 051b 746D7000 		.ascii	"tmp\000"
 933 051f 01       		.byte	0x1
 934 0520 58       		.byte	0x58
 935 0521 70000000 		.4byte	0x70
 936 0525 B0000000 		.4byte	.LLST4
 937 0529 00       		.byte	0
 938 052a 1C       		.uleb128 0x1c
 939 052b 2A000000 		.4byte	.LVL7
 940 052f 80060000 		.4byte	0x680
 941 0533 3D050000 		.4byte	0x53d
 942 0537 1D       		.uleb128 0x1d
 943 0538 01       		.byte	0x1
 944 0539 50       		.byte	0x50
 945 053a 01       		.byte	0x1
 946 053b 3A       		.byte	0x3a
 947 053c 00       		.byte	0
 948 053d 1E       		.uleb128 0x1e
 949 053e 38000000 		.4byte	.LVL12
 950 0542 94060000 		.4byte	0x694
 951 0546 00       		.byte	0
 952 0547 15       		.uleb128 0x15
 953 0548 01       		.byte	0x1
 954 0549 9E020000 		.4byte	.LASF63
 955 054d 01       		.byte	0x1
 956 054e 6A       		.byte	0x6a
 957 054f 01       		.byte	0x1
 958 0550 2F020000 		.4byte	0x22f
 959 0554 00000000 		.4byte	.LFB8
 960 0558 3C000000 		.4byte	.LFE8
 961 055c C3000000 		.4byte	.LLST5
 962 0560 01       		.byte	0x1
 963 0561 E9050000 		.4byte	0x5e9
 964 0565 14       		.uleb128 0x14
 965 0566 747000   		.ascii	"tp\000"
 966 0569 01       		.byte	0x1
 967 056a 6B       		.byte	0x6b
ARM GAS  /tmp/cc0XQ2RY.s 			page 18


 968 056b 2F020000 		.4byte	0x22f
 969 056f 18       		.uleb128 0x18
 970 0570 02000000 		.4byte	.LBB16
 971 0574 08000000 		.4byte	.LBE16
 972 0578 8C050000 		.4byte	0x58c
 973 057c 19       		.uleb128 0x19
 974 057d 746D7000 		.ascii	"tmp\000"
 975 0581 01       		.byte	0x1
 976 0582 6D       		.byte	0x6d
 977 0583 70000000 		.4byte	0x70
 978 0587 E3000000 		.4byte	.LLST6
 979 058b 00       		.byte	0
 980 058c 1F       		.uleb128 0x1f
 981 058d 5F040000 		.4byte	0x45f
 982 0591 16000000 		.4byte	.LBB17
 983 0595 1C000000 		.4byte	.LBE17
 984 0599 01       		.byte	0x1
 985 059a 70       		.byte	0x70
 986 059b BC050000 		.4byte	0x5bc
 987 059f 20       		.uleb128 0x20
 988 05a0 70040000 		.4byte	0x470
 989 05a4 F6000000 		.4byte	.LLST7
 990 05a8 21       		.uleb128 0x21
 991 05a9 16000000 		.4byte	.LBB18
 992 05ad 1C000000 		.4byte	.LBE18
 993 05b1 22       		.uleb128 0x22
 994 05b2 7B040000 		.4byte	0x47b
 995 05b6 0B010000 		.4byte	.LLST8
 996 05ba 00       		.byte	0
 997 05bb 00       		.byte	0
 998 05bc 18       		.uleb128 0x18
 999 05bd 20000000 		.4byte	.LBB19
 1000 05c1 26000000 		.4byte	.LBE19
 1001 05c5 D9050000 		.4byte	0x5d9
 1002 05c9 19       		.uleb128 0x19
 1003 05ca 746D7000 		.ascii	"tmp\000"
 1004 05ce 01       		.byte	0x1
 1005 05cf 72       		.byte	0x72
 1006 05d0 70000000 		.4byte	0x70
 1007 05d4 1E010000 		.4byte	.LLST9
 1008 05d8 00       		.byte	0
 1009 05d9 23       		.uleb128 0x23
 1010 05da 2E000000 		.4byte	.LVL20
 1011 05de 80060000 		.4byte	0x680
 1012 05e2 1D       		.uleb128 0x1d
 1013 05e3 01       		.byte	0x1
 1014 05e4 50       		.byte	0x50
 1015 05e5 01       		.byte	0x1
 1016 05e6 3C       		.byte	0x3c
 1017 05e7 00       		.byte	0
 1018 05e8 00       		.byte	0
 1019 05e9 24       		.uleb128 0x24
 1020 05ea 01       		.byte	0x1
 1021 05eb D3010000 		.4byte	.LASF69
 1022 05ef 01       		.byte	0x1
 1023 05f0 80       		.byte	0x80
 1024 05f1 01       		.byte	0x1
ARM GAS  /tmp/cc0XQ2RY.s 			page 19


 1025 05f2 00000000 		.4byte	.LFB9
 1026 05f6 14000000 		.4byte	.LFE9
 1027 05fa 31010000 		.4byte	.LLST10
 1028 05fe 01       		.byte	0x1
 1029 05ff 73060000 		.4byte	0x673
 1030 0603 16       		.uleb128 0x16
 1031 0604 747000   		.ascii	"tp\000"
 1032 0607 01       		.byte	0x1
 1033 0608 80       		.byte	0x80
 1034 0609 2F020000 		.4byte	0x22f
 1035 060d 51010000 		.4byte	.LLST11
 1036 0611 16       		.uleb128 0x16
 1037 0612 6D736700 		.ascii	"msg\000"
 1038 0616 01       		.byte	0x1
 1039 0617 80       		.byte	0x80
 1040 0618 BC000000 		.4byte	0xbc
 1041 061c 72010000 		.4byte	.LLST12
 1042 0620 18       		.uleb128 0x18
 1043 0621 02000000 		.4byte	.LBB20
 1044 0625 08000000 		.4byte	.LBE20
 1045 0629 3D060000 		.4byte	0x63d
 1046 062d 19       		.uleb128 0x19
 1047 062e 746D7000 		.ascii	"tmp\000"
 1048 0632 01       		.byte	0x1
 1049 0633 82       		.byte	0x82
 1050 0634 70000000 		.4byte	0x70
 1051 0638 93010000 		.4byte	.LLST13
 1052 063c 00       		.byte	0
 1053 063d 18       		.uleb128 0x18
 1054 063e 0C000000 		.4byte	.LBB21
 1055 0642 14000000 		.4byte	.LBE21
 1056 0646 5A060000 		.4byte	0x65a
 1057 064a 19       		.uleb128 0x19
 1058 064b 746D7000 		.ascii	"tmp\000"
 1059 064f 01       		.byte	0x1
 1060 0650 86       		.byte	0x86
 1061 0651 70000000 		.4byte	0x70
 1062 0655 A6010000 		.4byte	.LLST14
 1063 0659 00       		.byte	0
 1064 065a 23       		.uleb128 0x23
 1065 065b 0C000000 		.4byte	.LVL24
 1066 065f AC060000 		.4byte	0x6ac
 1067 0663 1D       		.uleb128 0x1d
 1068 0664 01       		.byte	0x1
 1069 0665 51       		.byte	0x51
 1070 0666 03       		.byte	0x3
 1071 0667 F3       		.byte	0xf3
 1072 0668 01       		.uleb128 0x1
 1073 0669 51       		.byte	0x51
 1074 066a 1D       		.uleb128 0x1d
 1075 066b 01       		.byte	0x1
 1076 066c 50       		.byte	0x50
 1077 066d 03       		.byte	0x3
 1078 066e F3       		.byte	0xf3
 1079 066f 01       		.uleb128 0x1
 1080 0670 50       		.byte	0x50
 1081 0671 00       		.byte	0
ARM GAS  /tmp/cc0XQ2RY.s 			page 20


 1082 0672 00       		.byte	0
 1083 0673 25       		.uleb128 0x25
 1084 0674 B9020000 		.4byte	.LASF70
 1085 0678 08       		.byte	0x8
 1086 0679 72       		.byte	0x72
 1087 067a 96030000 		.4byte	0x396
 1088 067e 01       		.byte	0x1
 1089 067f 01       		.byte	0x1
 1090 0680 26       		.uleb128 0x26
 1091 0681 01       		.byte	0x1
 1092 0682 E0010000 		.4byte	.LASF71
 1093 0686 08       		.byte	0x8
 1094 0687 96       		.byte	0x96
 1095 0688 01       		.byte	0x1
 1096 0689 01       		.byte	0x1
 1097 068a 94060000 		.4byte	0x694
 1098 068e 27       		.uleb128 0x27
 1099 068f 9B000000 		.4byte	0x9b
 1100 0693 00       		.byte	0
 1101 0694 28       		.uleb128 0x28
 1102 0695 01       		.byte	0x1
 1103 0696 0A020000 		.4byte	.LASF72
 1104 069a 08       		.byte	0x8
 1105 069b 93       		.byte	0x93
 1106 069c 01       		.byte	0x1
 1107 069d 2F020000 		.4byte	0x22f
 1108 06a1 01       		.byte	0x1
 1109 06a2 AC060000 		.4byte	0x6ac
 1110 06a6 27       		.uleb128 0x27
 1111 06a7 2F020000 		.4byte	0x22f
 1112 06ab 00       		.byte	0
 1113 06ac 29       		.uleb128 0x29
 1114 06ad 01       		.byte	0x1
 1115 06ae 91020000 		.4byte	.LASF73
 1116 06b2 08       		.byte	0x8
 1117 06b3 9C       		.byte	0x9c
 1118 06b4 01       		.byte	0x1
 1119 06b5 01       		.byte	0x1
 1120 06b6 27       		.uleb128 0x27
 1121 06b7 2F020000 		.4byte	0x22f
 1122 06bb 27       		.uleb128 0x27
 1123 06bc BC000000 		.4byte	0xbc
 1124 06c0 00       		.byte	0
 1125 06c1 00       		.byte	0
 1126              		.section	.debug_abbrev,"",%progbits
 1127              	.Ldebug_abbrev0:
 1128 0000 01       		.uleb128 0x1
 1129 0001 11       		.uleb128 0x11
 1130 0002 01       		.byte	0x1
 1131 0003 25       		.uleb128 0x25
 1132 0004 0E       		.uleb128 0xe
 1133 0005 13       		.uleb128 0x13
 1134 0006 0B       		.uleb128 0xb
 1135 0007 03       		.uleb128 0x3
 1136 0008 0E       		.uleb128 0xe
 1137 0009 1B       		.uleb128 0x1b
 1138 000a 0E       		.uleb128 0xe
ARM GAS  /tmp/cc0XQ2RY.s 			page 21


 1139 000b 55       		.uleb128 0x55
 1140 000c 06       		.uleb128 0x6
 1141 000d 11       		.uleb128 0x11
 1142 000e 01       		.uleb128 0x1
 1143 000f 52       		.uleb128 0x52
 1144 0010 01       		.uleb128 0x1
 1145 0011 10       		.uleb128 0x10
 1146 0012 06       		.uleb128 0x6
 1147 0013 00       		.byte	0
 1148 0014 00       		.byte	0
 1149 0015 02       		.uleb128 0x2
 1150 0016 24       		.uleb128 0x24
 1151 0017 00       		.byte	0
 1152 0018 0B       		.uleb128 0xb
 1153 0019 0B       		.uleb128 0xb
 1154 001a 3E       		.uleb128 0x3e
 1155 001b 0B       		.uleb128 0xb
 1156 001c 03       		.uleb128 0x3
 1157 001d 08       		.uleb128 0x8
 1158 001e 00       		.byte	0
 1159 001f 00       		.byte	0
 1160 0020 03       		.uleb128 0x3
 1161 0021 24       		.uleb128 0x24
 1162 0022 00       		.byte	0
 1163 0023 0B       		.uleb128 0xb
 1164 0024 0B       		.uleb128 0xb
 1165 0025 3E       		.uleb128 0x3e
 1166 0026 0B       		.uleb128 0xb
 1167 0027 03       		.uleb128 0x3
 1168 0028 0E       		.uleb128 0xe
 1169 0029 00       		.byte	0
 1170 002a 00       		.byte	0
 1171 002b 04       		.uleb128 0x4
 1172 002c 16       		.uleb128 0x16
 1173 002d 00       		.byte	0
 1174 002e 03       		.uleb128 0x3
 1175 002f 0E       		.uleb128 0xe
 1176 0030 3A       		.uleb128 0x3a
 1177 0031 0B       		.uleb128 0xb
 1178 0032 3B       		.uleb128 0x3b
 1179 0033 0B       		.uleb128 0xb
 1180 0034 49       		.uleb128 0x49
 1181 0035 13       		.uleb128 0x13
 1182 0036 00       		.byte	0
 1183 0037 00       		.byte	0
 1184 0038 05       		.uleb128 0x5
 1185 0039 13       		.uleb128 0x13
 1186 003a 01       		.byte	0x1
 1187 003b 03       		.uleb128 0x3
 1188 003c 0E       		.uleb128 0xe
 1189 003d 0B       		.uleb128 0xb
 1190 003e 0B       		.uleb128 0xb
 1191 003f 3A       		.uleb128 0x3a
 1192 0040 0B       		.uleb128 0xb
 1193 0041 3B       		.uleb128 0x3b
 1194 0042 0B       		.uleb128 0xb
 1195 0043 01       		.uleb128 0x1
ARM GAS  /tmp/cc0XQ2RY.s 			page 22


 1196 0044 13       		.uleb128 0x13
 1197 0045 00       		.byte	0
 1198 0046 00       		.byte	0
 1199 0047 06       		.uleb128 0x6
 1200 0048 0D       		.uleb128 0xd
 1201 0049 00       		.byte	0
 1202 004a 03       		.uleb128 0x3
 1203 004b 0E       		.uleb128 0xe
 1204 004c 3A       		.uleb128 0x3a
 1205 004d 0B       		.uleb128 0xb
 1206 004e 3B       		.uleb128 0x3b
 1207 004f 0B       		.uleb128 0xb
 1208 0050 49       		.uleb128 0x49
 1209 0051 13       		.uleb128 0x13
 1210 0052 38       		.uleb128 0x38
 1211 0053 0A       		.uleb128 0xa
 1212 0054 00       		.byte	0
 1213 0055 00       		.byte	0
 1214 0056 07       		.uleb128 0x7
 1215 0057 0D       		.uleb128 0xd
 1216 0058 00       		.byte	0
 1217 0059 03       		.uleb128 0x3
 1218 005a 08       		.uleb128 0x8
 1219 005b 3A       		.uleb128 0x3a
 1220 005c 0B       		.uleb128 0xb
 1221 005d 3B       		.uleb128 0x3b
 1222 005e 0B       		.uleb128 0xb
 1223 005f 49       		.uleb128 0x49
 1224 0060 13       		.uleb128 0x13
 1225 0061 38       		.uleb128 0x38
 1226 0062 0A       		.uleb128 0xa
 1227 0063 00       		.byte	0
 1228 0064 00       		.byte	0
 1229 0065 08       		.uleb128 0x8
 1230 0066 13       		.uleb128 0x13
 1231 0067 01       		.byte	0x1
 1232 0068 0B       		.uleb128 0xb
 1233 0069 0B       		.uleb128 0xb
 1234 006a 3A       		.uleb128 0x3a
 1235 006b 0B       		.uleb128 0xb
 1236 006c 3B       		.uleb128 0x3b
 1237 006d 0B       		.uleb128 0xb
 1238 006e 01       		.uleb128 0x1
 1239 006f 13       		.uleb128 0x13
 1240 0070 00       		.byte	0
 1241 0071 00       		.byte	0
 1242 0072 09       		.uleb128 0x9
 1243 0073 0F       		.uleb128 0xf
 1244 0074 00       		.byte	0
 1245 0075 0B       		.uleb128 0xb
 1246 0076 0B       		.uleb128 0xb
 1247 0077 49       		.uleb128 0x49
 1248 0078 13       		.uleb128 0x13
 1249 0079 00       		.byte	0
 1250 007a 00       		.byte	0
 1251 007b 0A       		.uleb128 0xa
 1252 007c 0F       		.uleb128 0xf
ARM GAS  /tmp/cc0XQ2RY.s 			page 23


 1253 007d 00       		.byte	0
 1254 007e 0B       		.uleb128 0xb
 1255 007f 0B       		.uleb128 0xb
 1256 0080 00       		.byte	0
 1257 0081 00       		.byte	0
 1258 0082 0B       		.uleb128 0xb
 1259 0083 0D       		.uleb128 0xd
 1260 0084 00       		.byte	0
 1261 0085 03       		.uleb128 0x3
 1262 0086 08       		.uleb128 0x8
 1263 0087 3A       		.uleb128 0x3a
 1264 0088 0B       		.uleb128 0xb
 1265 0089 3B       		.uleb128 0x3b
 1266 008a 05       		.uleb128 0x5
 1267 008b 49       		.uleb128 0x49
 1268 008c 13       		.uleb128 0x13
 1269 008d 38       		.uleb128 0x38
 1270 008e 0A       		.uleb128 0xa
 1271 008f 00       		.byte	0
 1272 0090 00       		.byte	0
 1273 0091 0C       		.uleb128 0xc
 1274 0092 13       		.uleb128 0x13
 1275 0093 01       		.byte	0x1
 1276 0094 03       		.uleb128 0x3
 1277 0095 0E       		.uleb128 0xe
 1278 0096 0B       		.uleb128 0xb
 1279 0097 0B       		.uleb128 0xb
 1280 0098 3A       		.uleb128 0x3a
 1281 0099 0B       		.uleb128 0xb
 1282 009a 3B       		.uleb128 0x3b
 1283 009b 05       		.uleb128 0x5
 1284 009c 01       		.uleb128 0x1
 1285 009d 13       		.uleb128 0x13
 1286 009e 00       		.byte	0
 1287 009f 00       		.byte	0
 1288 00a0 0D       		.uleb128 0xd
 1289 00a1 35       		.uleb128 0x35
 1290 00a2 00       		.byte	0
 1291 00a3 49       		.uleb128 0x49
 1292 00a4 13       		.uleb128 0x13
 1293 00a5 00       		.byte	0
 1294 00a6 00       		.byte	0
 1295 00a7 0E       		.uleb128 0xe
 1296 00a8 17       		.uleb128 0x17
 1297 00a9 01       		.byte	0x1
 1298 00aa 0B       		.uleb128 0xb
 1299 00ab 0B       		.uleb128 0xb
 1300 00ac 3A       		.uleb128 0x3a
 1301 00ad 0B       		.uleb128 0xb
 1302 00ae 3B       		.uleb128 0x3b
 1303 00af 0B       		.uleb128 0xb
 1304 00b0 01       		.uleb128 0x1
 1305 00b1 13       		.uleb128 0x13
 1306 00b2 00       		.byte	0
 1307 00b3 00       		.byte	0
 1308 00b4 0F       		.uleb128 0xf
 1309 00b5 0D       		.uleb128 0xd
ARM GAS  /tmp/cc0XQ2RY.s 			page 24


 1310 00b6 00       		.byte	0
 1311 00b7 03       		.uleb128 0x3
 1312 00b8 0E       		.uleb128 0xe
 1313 00b9 3A       		.uleb128 0x3a
 1314 00ba 0B       		.uleb128 0xb
 1315 00bb 3B       		.uleb128 0x3b
 1316 00bc 0B       		.uleb128 0xb
 1317 00bd 49       		.uleb128 0x49
 1318 00be 13       		.uleb128 0x13
 1319 00bf 00       		.byte	0
 1320 00c0 00       		.byte	0
 1321 00c1 10       		.uleb128 0x10
 1322 00c2 26       		.uleb128 0x26
 1323 00c3 00       		.byte	0
 1324 00c4 49       		.uleb128 0x49
 1325 00c5 13       		.uleb128 0x13
 1326 00c6 00       		.byte	0
 1327 00c7 00       		.byte	0
 1328 00c8 11       		.uleb128 0x11
 1329 00c9 2E       		.uleb128 0x2e
 1330 00ca 01       		.byte	0x1
 1331 00cb 03       		.uleb128 0x3
 1332 00cc 0E       		.uleb128 0xe
 1333 00cd 3A       		.uleb128 0x3a
 1334 00ce 0B       		.uleb128 0xb
 1335 00cf 3B       		.uleb128 0x3b
 1336 00d0 0B       		.uleb128 0xb
 1337 00d1 27       		.uleb128 0x27
 1338 00d2 0C       		.uleb128 0xc
 1339 00d3 20       		.uleb128 0x20
 1340 00d4 0B       		.uleb128 0xb
 1341 00d5 01       		.uleb128 0x1
 1342 00d6 13       		.uleb128 0x13
 1343 00d7 00       		.byte	0
 1344 00d8 00       		.byte	0
 1345 00d9 12       		.uleb128 0x12
 1346 00da 05       		.uleb128 0x5
 1347 00db 00       		.byte	0
 1348 00dc 03       		.uleb128 0x3
 1349 00dd 08       		.uleb128 0x8
 1350 00de 3A       		.uleb128 0x3a
 1351 00df 0B       		.uleb128 0xb
 1352 00e0 3B       		.uleb128 0x3b
 1353 00e1 0B       		.uleb128 0xb
 1354 00e2 49       		.uleb128 0x49
 1355 00e3 13       		.uleb128 0x13
 1356 00e4 00       		.byte	0
 1357 00e5 00       		.byte	0
 1358 00e6 13       		.uleb128 0x13
 1359 00e7 2E       		.uleb128 0x2e
 1360 00e8 01       		.byte	0x1
 1361 00e9 03       		.uleb128 0x3
 1362 00ea 0E       		.uleb128 0xe
 1363 00eb 3A       		.uleb128 0x3a
 1364 00ec 0B       		.uleb128 0xb
 1365 00ed 3B       		.uleb128 0x3b
 1366 00ee 0B       		.uleb128 0xb
ARM GAS  /tmp/cc0XQ2RY.s 			page 25


 1367 00ef 27       		.uleb128 0x27
 1368 00f0 0C       		.uleb128 0xc
 1369 00f1 49       		.uleb128 0x49
 1370 00f2 13       		.uleb128 0x13
 1371 00f3 20       		.uleb128 0x20
 1372 00f4 0B       		.uleb128 0xb
 1373 00f5 01       		.uleb128 0x1
 1374 00f6 13       		.uleb128 0x13
 1375 00f7 00       		.byte	0
 1376 00f8 00       		.byte	0
 1377 00f9 14       		.uleb128 0x14
 1378 00fa 34       		.uleb128 0x34
 1379 00fb 00       		.byte	0
 1380 00fc 03       		.uleb128 0x3
 1381 00fd 08       		.uleb128 0x8
 1382 00fe 3A       		.uleb128 0x3a
 1383 00ff 0B       		.uleb128 0xb
 1384 0100 3B       		.uleb128 0x3b
 1385 0101 0B       		.uleb128 0xb
 1386 0102 49       		.uleb128 0x49
 1387 0103 13       		.uleb128 0x13
 1388 0104 00       		.byte	0
 1389 0105 00       		.byte	0
 1390 0106 15       		.uleb128 0x15
 1391 0107 2E       		.uleb128 0x2e
 1392 0108 01       		.byte	0x1
 1393 0109 3F       		.uleb128 0x3f
 1394 010a 0C       		.uleb128 0xc
 1395 010b 03       		.uleb128 0x3
 1396 010c 0E       		.uleb128 0xe
 1397 010d 3A       		.uleb128 0x3a
 1398 010e 0B       		.uleb128 0xb
 1399 010f 3B       		.uleb128 0x3b
 1400 0110 0B       		.uleb128 0xb
 1401 0111 27       		.uleb128 0x27
 1402 0112 0C       		.uleb128 0xc
 1403 0113 49       		.uleb128 0x49
 1404 0114 13       		.uleb128 0x13
 1405 0115 11       		.uleb128 0x11
 1406 0116 01       		.uleb128 0x1
 1407 0117 12       		.uleb128 0x12
 1408 0118 01       		.uleb128 0x1
 1409 0119 40       		.uleb128 0x40
 1410 011a 06       		.uleb128 0x6
 1411 011b 9742     		.uleb128 0x2117
 1412 011d 0C       		.uleb128 0xc
 1413 011e 01       		.uleb128 0x1
 1414 011f 13       		.uleb128 0x13
 1415 0120 00       		.byte	0
 1416 0121 00       		.byte	0
 1417 0122 16       		.uleb128 0x16
 1418 0123 05       		.uleb128 0x5
 1419 0124 00       		.byte	0
 1420 0125 03       		.uleb128 0x3
 1421 0126 08       		.uleb128 0x8
 1422 0127 3A       		.uleb128 0x3a
 1423 0128 0B       		.uleb128 0xb
ARM GAS  /tmp/cc0XQ2RY.s 			page 26


 1424 0129 3B       		.uleb128 0x3b
 1425 012a 0B       		.uleb128 0xb
 1426 012b 49       		.uleb128 0x49
 1427 012c 13       		.uleb128 0x13
 1428 012d 02       		.uleb128 0x2
 1429 012e 06       		.uleb128 0x6
 1430 012f 00       		.byte	0
 1431 0130 00       		.byte	0
 1432 0131 17       		.uleb128 0x17
 1433 0132 34       		.uleb128 0x34
 1434 0133 00       		.byte	0
 1435 0134 03       		.uleb128 0x3
 1436 0135 08       		.uleb128 0x8
 1437 0136 3A       		.uleb128 0x3a
 1438 0137 0B       		.uleb128 0xb
 1439 0138 3B       		.uleb128 0x3b
 1440 0139 0B       		.uleb128 0xb
 1441 013a 49       		.uleb128 0x49
 1442 013b 13       		.uleb128 0x13
 1443 013c 02       		.uleb128 0x2
 1444 013d 0A       		.uleb128 0xa
 1445 013e 00       		.byte	0
 1446 013f 00       		.byte	0
 1447 0140 18       		.uleb128 0x18
 1448 0141 0B       		.uleb128 0xb
 1449 0142 01       		.byte	0x1
 1450 0143 11       		.uleb128 0x11
 1451 0144 01       		.uleb128 0x1
 1452 0145 12       		.uleb128 0x12
 1453 0146 01       		.uleb128 0x1
 1454 0147 01       		.uleb128 0x1
 1455 0148 13       		.uleb128 0x13
 1456 0149 00       		.byte	0
 1457 014a 00       		.byte	0
 1458 014b 19       		.uleb128 0x19
 1459 014c 34       		.uleb128 0x34
 1460 014d 00       		.byte	0
 1461 014e 03       		.uleb128 0x3
 1462 014f 08       		.uleb128 0x8
 1463 0150 3A       		.uleb128 0x3a
 1464 0151 0B       		.uleb128 0xb
 1465 0152 3B       		.uleb128 0x3b
 1466 0153 0B       		.uleb128 0xb
 1467 0154 49       		.uleb128 0x49
 1468 0155 13       		.uleb128 0x13
 1469 0156 02       		.uleb128 0x2
 1470 0157 06       		.uleb128 0x6
 1471 0158 00       		.byte	0
 1472 0159 00       		.byte	0
 1473 015a 1A       		.uleb128 0x1a
 1474 015b 1D       		.uleb128 0x1d
 1475 015c 01       		.byte	0x1
 1476 015d 31       		.uleb128 0x31
 1477 015e 13       		.uleb128 0x13
 1478 015f 52       		.uleb128 0x52
 1479 0160 01       		.uleb128 0x1
 1480 0161 55       		.uleb128 0x55
ARM GAS  /tmp/cc0XQ2RY.s 			page 27


 1481 0162 06       		.uleb128 0x6
 1482 0163 58       		.uleb128 0x58
 1483 0164 0B       		.uleb128 0xb
 1484 0165 59       		.uleb128 0x59
 1485 0166 0B       		.uleb128 0xb
 1486 0167 01       		.uleb128 0x1
 1487 0168 13       		.uleb128 0x13
 1488 0169 00       		.byte	0
 1489 016a 00       		.byte	0
 1490 016b 1B       		.uleb128 0x1b
 1491 016c 05       		.uleb128 0x5
 1492 016d 00       		.byte	0
 1493 016e 31       		.uleb128 0x31
 1494 016f 13       		.uleb128 0x13
 1495 0170 02       		.uleb128 0x2
 1496 0171 0A       		.uleb128 0xa
 1497 0172 00       		.byte	0
 1498 0173 00       		.byte	0
 1499 0174 1C       		.uleb128 0x1c
 1500 0175 898201   		.uleb128 0x4109
 1501 0178 01       		.byte	0x1
 1502 0179 11       		.uleb128 0x11
 1503 017a 01       		.uleb128 0x1
 1504 017b 31       		.uleb128 0x31
 1505 017c 13       		.uleb128 0x13
 1506 017d 01       		.uleb128 0x1
 1507 017e 13       		.uleb128 0x13
 1508 017f 00       		.byte	0
 1509 0180 00       		.byte	0
 1510 0181 1D       		.uleb128 0x1d
 1511 0182 8A8201   		.uleb128 0x410a
 1512 0185 00       		.byte	0
 1513 0186 02       		.uleb128 0x2
 1514 0187 0A       		.uleb128 0xa
 1515 0188 9142     		.uleb128 0x2111
 1516 018a 0A       		.uleb128 0xa
 1517 018b 00       		.byte	0
 1518 018c 00       		.byte	0
 1519 018d 1E       		.uleb128 0x1e
 1520 018e 898201   		.uleb128 0x4109
 1521 0191 00       		.byte	0
 1522 0192 11       		.uleb128 0x11
 1523 0193 01       		.uleb128 0x1
 1524 0194 31       		.uleb128 0x31
 1525 0195 13       		.uleb128 0x13
 1526 0196 00       		.byte	0
 1527 0197 00       		.byte	0
 1528 0198 1F       		.uleb128 0x1f
 1529 0199 1D       		.uleb128 0x1d
 1530 019a 01       		.byte	0x1
 1531 019b 31       		.uleb128 0x31
 1532 019c 13       		.uleb128 0x13
 1533 019d 11       		.uleb128 0x11
 1534 019e 01       		.uleb128 0x1
 1535 019f 12       		.uleb128 0x12
 1536 01a0 01       		.uleb128 0x1
 1537 01a1 58       		.uleb128 0x58
ARM GAS  /tmp/cc0XQ2RY.s 			page 28


 1538 01a2 0B       		.uleb128 0xb
 1539 01a3 59       		.uleb128 0x59
 1540 01a4 0B       		.uleb128 0xb
 1541 01a5 01       		.uleb128 0x1
 1542 01a6 13       		.uleb128 0x13
 1543 01a7 00       		.byte	0
 1544 01a8 00       		.byte	0
 1545 01a9 20       		.uleb128 0x20
 1546 01aa 05       		.uleb128 0x5
 1547 01ab 00       		.byte	0
 1548 01ac 31       		.uleb128 0x31
 1549 01ad 13       		.uleb128 0x13
 1550 01ae 02       		.uleb128 0x2
 1551 01af 06       		.uleb128 0x6
 1552 01b0 00       		.byte	0
 1553 01b1 00       		.byte	0
 1554 01b2 21       		.uleb128 0x21
 1555 01b3 0B       		.uleb128 0xb
 1556 01b4 01       		.byte	0x1
 1557 01b5 11       		.uleb128 0x11
 1558 01b6 01       		.uleb128 0x1
 1559 01b7 12       		.uleb128 0x12
 1560 01b8 01       		.uleb128 0x1
 1561 01b9 00       		.byte	0
 1562 01ba 00       		.byte	0
 1563 01bb 22       		.uleb128 0x22
 1564 01bc 34       		.uleb128 0x34
 1565 01bd 00       		.byte	0
 1566 01be 31       		.uleb128 0x31
 1567 01bf 13       		.uleb128 0x13
 1568 01c0 02       		.uleb128 0x2
 1569 01c1 06       		.uleb128 0x6
 1570 01c2 00       		.byte	0
 1571 01c3 00       		.byte	0
 1572 01c4 23       		.uleb128 0x23
 1573 01c5 898201   		.uleb128 0x4109
 1574 01c8 01       		.byte	0x1
 1575 01c9 11       		.uleb128 0x11
 1576 01ca 01       		.uleb128 0x1
 1577 01cb 31       		.uleb128 0x31
 1578 01cc 13       		.uleb128 0x13
 1579 01cd 00       		.byte	0
 1580 01ce 00       		.byte	0
 1581 01cf 24       		.uleb128 0x24
 1582 01d0 2E       		.uleb128 0x2e
 1583 01d1 01       		.byte	0x1
 1584 01d2 3F       		.uleb128 0x3f
 1585 01d3 0C       		.uleb128 0xc
 1586 01d4 03       		.uleb128 0x3
 1587 01d5 0E       		.uleb128 0xe
 1588 01d6 3A       		.uleb128 0x3a
 1589 01d7 0B       		.uleb128 0xb
 1590 01d8 3B       		.uleb128 0x3b
 1591 01d9 0B       		.uleb128 0xb
 1592 01da 27       		.uleb128 0x27
 1593 01db 0C       		.uleb128 0xc
 1594 01dc 11       		.uleb128 0x11
ARM GAS  /tmp/cc0XQ2RY.s 			page 29


 1595 01dd 01       		.uleb128 0x1
 1596 01de 12       		.uleb128 0x12
 1597 01df 01       		.uleb128 0x1
 1598 01e0 40       		.uleb128 0x40
 1599 01e1 06       		.uleb128 0x6
 1600 01e2 9742     		.uleb128 0x2117
 1601 01e4 0C       		.uleb128 0xc
 1602 01e5 01       		.uleb128 0x1
 1603 01e6 13       		.uleb128 0x13
 1604 01e7 00       		.byte	0
 1605 01e8 00       		.byte	0
 1606 01e9 25       		.uleb128 0x25
 1607 01ea 34       		.uleb128 0x34
 1608 01eb 00       		.byte	0
 1609 01ec 03       		.uleb128 0x3
 1610 01ed 0E       		.uleb128 0xe
 1611 01ee 3A       		.uleb128 0x3a
 1612 01ef 0B       		.uleb128 0xb
 1613 01f0 3B       		.uleb128 0x3b
 1614 01f1 0B       		.uleb128 0xb
 1615 01f2 49       		.uleb128 0x49
 1616 01f3 13       		.uleb128 0x13
 1617 01f4 3F       		.uleb128 0x3f
 1618 01f5 0C       		.uleb128 0xc
 1619 01f6 3C       		.uleb128 0x3c
 1620 01f7 0C       		.uleb128 0xc
 1621 01f8 00       		.byte	0
 1622 01f9 00       		.byte	0
 1623 01fa 26       		.uleb128 0x26
 1624 01fb 2E       		.uleb128 0x2e
 1625 01fc 01       		.byte	0x1
 1626 01fd 3F       		.uleb128 0x3f
 1627 01fe 0C       		.uleb128 0xc
 1628 01ff 03       		.uleb128 0x3
 1629 0200 0E       		.uleb128 0xe
 1630 0201 3A       		.uleb128 0x3a
 1631 0202 0B       		.uleb128 0xb
 1632 0203 3B       		.uleb128 0x3b
 1633 0204 0B       		.uleb128 0xb
 1634 0205 27       		.uleb128 0x27
 1635 0206 0C       		.uleb128 0xc
 1636 0207 3C       		.uleb128 0x3c
 1637 0208 0C       		.uleb128 0xc
 1638 0209 01       		.uleb128 0x1
 1639 020a 13       		.uleb128 0x13
 1640 020b 00       		.byte	0
 1641 020c 00       		.byte	0
 1642 020d 27       		.uleb128 0x27
 1643 020e 05       		.uleb128 0x5
 1644 020f 00       		.byte	0
 1645 0210 49       		.uleb128 0x49
 1646 0211 13       		.uleb128 0x13
 1647 0212 00       		.byte	0
 1648 0213 00       		.byte	0
 1649 0214 28       		.uleb128 0x28
 1650 0215 2E       		.uleb128 0x2e
 1651 0216 01       		.byte	0x1
ARM GAS  /tmp/cc0XQ2RY.s 			page 30


 1652 0217 3F       		.uleb128 0x3f
 1653 0218 0C       		.uleb128 0xc
 1654 0219 03       		.uleb128 0x3
 1655 021a 0E       		.uleb128 0xe
 1656 021b 3A       		.uleb128 0x3a
 1657 021c 0B       		.uleb128 0xb
 1658 021d 3B       		.uleb128 0x3b
 1659 021e 0B       		.uleb128 0xb
 1660 021f 27       		.uleb128 0x27
 1661 0220 0C       		.uleb128 0xc
 1662 0221 49       		.uleb128 0x49
 1663 0222 13       		.uleb128 0x13
 1664 0223 3C       		.uleb128 0x3c
 1665 0224 0C       		.uleb128 0xc
 1666 0225 01       		.uleb128 0x1
 1667 0226 13       		.uleb128 0x13
 1668 0227 00       		.byte	0
 1669 0228 00       		.byte	0
 1670 0229 29       		.uleb128 0x29
 1671 022a 2E       		.uleb128 0x2e
 1672 022b 01       		.byte	0x1
 1673 022c 3F       		.uleb128 0x3f
 1674 022d 0C       		.uleb128 0xc
 1675 022e 03       		.uleb128 0x3
 1676 022f 0E       		.uleb128 0xe
 1677 0230 3A       		.uleb128 0x3a
 1678 0231 0B       		.uleb128 0xb
 1679 0232 3B       		.uleb128 0x3b
 1680 0233 0B       		.uleb128 0xb
 1681 0234 27       		.uleb128 0x27
 1682 0235 0C       		.uleb128 0xc
 1683 0236 3C       		.uleb128 0x3c
 1684 0237 0C       		.uleb128 0xc
 1685 0238 00       		.byte	0
 1686 0239 00       		.byte	0
 1687 023a 00       		.byte	0
 1688              		.section	.debug_loc,"",%progbits
 1689              	.Ldebug_loc0:
 1690              	.LLST0:
 1691 0000 00000000 		.4byte	.LFB7
 1692 0004 02000000 		.4byte	.LCFI0
 1693 0008 0200     		.2byte	0x2
 1694 000a 7D       		.byte	0x7d
 1695 000b 00       		.sleb128 0
 1696 000c 02000000 		.4byte	.LCFI0
 1697 0010 40000000 		.4byte	.LFE7
 1698 0014 0200     		.2byte	0x2
 1699 0016 7D       		.byte	0x7d
 1700 0017 10       		.sleb128 16
 1701 0018 00000000 		.4byte	0
 1702 001c 00000000 		.4byte	0
 1703              	.LLST1:
 1704 0020 00000000 		.4byte	.LVL0
 1705 0024 24000000 		.4byte	.LVL6
 1706 0028 0100     		.2byte	0x1
 1707 002a 50       		.byte	0x50
 1708 002b 24000000 		.4byte	.LVL6
ARM GAS  /tmp/cc0XQ2RY.s 			page 31


 1709 002f 34000000 		.4byte	.LVL11
 1710 0033 0300     		.2byte	0x3
 1711 0035 75       		.byte	0x75
 1712 0036 54       		.sleb128 -44
 1713 0037 9F       		.byte	0x9f
 1714 0038 34000000 		.4byte	.LVL11
 1715 003c 37000000 		.4byte	.LVL12-1
 1716 0040 0100     		.2byte	0x1
 1717 0042 50       		.byte	0x50
 1718 0043 37000000 		.4byte	.LVL12-1
 1719 0047 40000000 		.4byte	.LFE7
 1720 004b 0300     		.2byte	0x3
 1721 004d 75       		.byte	0x75
 1722 004e 54       		.sleb128 -44
 1723 004f 9F       		.byte	0x9f
 1724 0050 00000000 		.4byte	0
 1725 0054 00000000 		.4byte	0
 1726              	.LLST2:
 1727 0058 00000000 		.4byte	.LVL0
 1728 005c 24000000 		.4byte	.LVL6
 1729 0060 0100     		.2byte	0x1
 1730 0062 51       		.byte	0x51
 1731 0063 24000000 		.4byte	.LVL6
 1732 0067 2C000000 		.4byte	.LVL8
 1733 006b 0400     		.2byte	0x4
 1734 006d F3       		.byte	0xf3
 1735 006e 01       		.uleb128 0x1
 1736 006f 51       		.byte	0x51
 1737 0070 9F       		.byte	0x9f
 1738 0071 2C000000 		.4byte	.LVL8
 1739 0075 34000000 		.4byte	.LVL11
 1740 0079 0100     		.2byte	0x1
 1741 007b 50       		.byte	0x50
 1742 007c 34000000 		.4byte	.LVL11
 1743 0080 37000000 		.4byte	.LVL12-1
 1744 0084 0100     		.2byte	0x1
 1745 0086 51       		.byte	0x51
 1746 0087 37000000 		.4byte	.LVL12-1
 1747 008b 40000000 		.4byte	.LFE7
 1748 008f 0400     		.2byte	0x4
 1749 0091 F3       		.byte	0xf3
 1750 0092 01       		.uleb128 0x1
 1751 0093 51       		.byte	0x51
 1752 0094 9F       		.byte	0x9f
 1753 0095 00000000 		.4byte	0
 1754 0099 00000000 		.4byte	0
 1755              	.LLST3:
 1756 009d 0C000000 		.4byte	.LVL3
 1757 00a1 16000000 		.4byte	.LVL5
 1758 00a5 0100     		.2byte	0x1
 1759 00a7 53       		.byte	0x53
 1760 00a8 00000000 		.4byte	0
 1761 00ac 00000000 		.4byte	0
 1762              	.LLST4:
 1763 00b0 32000000 		.4byte	.LVL10
 1764 00b4 34000000 		.4byte	.LVL11
 1765 00b8 0100     		.2byte	0x1
ARM GAS  /tmp/cc0XQ2RY.s 			page 32


 1766 00ba 53       		.byte	0x53
 1767 00bb 00000000 		.4byte	0
 1768 00bf 00000000 		.4byte	0
 1769              	.LLST5:
 1770 00c3 00000000 		.4byte	.LFB8
 1771 00c7 02000000 		.4byte	.LCFI1
 1772 00cb 0200     		.2byte	0x2
 1773 00cd 7D       		.byte	0x7d
 1774 00ce 00       		.sleb128 0
 1775 00cf 02000000 		.4byte	.LCFI1
 1776 00d3 3C000000 		.4byte	.LFE8
 1777 00d7 0200     		.2byte	0x2
 1778 00d9 7D       		.byte	0x7d
 1779 00da 08       		.sleb128 8
 1780 00db 00000000 		.4byte	0
 1781 00df 00000000 		.4byte	0
 1782              	.LLST6:
 1783 00e3 08000000 		.4byte	.LVL14
 1784 00e7 0C000000 		.4byte	.LVL15
 1785 00eb 0100     		.2byte	0x1
 1786 00ed 53       		.byte	0x53
 1787 00ee 00000000 		.4byte	0
 1788 00f2 00000000 		.4byte	0
 1789              	.LLST7:
 1790 00f6 16000000 		.4byte	.LVL16
 1791 00fa 22000000 		.4byte	.LVL17
 1792 00fe 0300     		.2byte	0x3
 1793 0100 73       		.byte	0x73
 1794 0101 2C       		.sleb128 44
 1795 0102 9F       		.byte	0x9f
 1796 0103 00000000 		.4byte	0
 1797 0107 00000000 		.4byte	0
 1798              	.LLST8:
 1799 010b 16000000 		.4byte	.LVL16
 1800 010f 28000000 		.4byte	.LVL19
 1801 0113 0100     		.2byte	0x1
 1802 0115 50       		.byte	0x50
 1803 0116 00000000 		.4byte	0
 1804 011a 00000000 		.4byte	0
 1805              	.LLST9:
 1806 011e 26000000 		.4byte	.LVL18
 1807 0122 28000000 		.4byte	.LVL19
 1808 0126 0100     		.2byte	0x1
 1809 0128 53       		.byte	0x53
 1810 0129 00000000 		.4byte	0
 1811 012d 00000000 		.4byte	0
 1812              	.LLST10:
 1813 0131 00000000 		.4byte	.LFB9
 1814 0135 02000000 		.4byte	.LCFI2
 1815 0139 0200     		.2byte	0x2
 1816 013b 7D       		.byte	0x7d
 1817 013c 00       		.sleb128 0
 1818 013d 02000000 		.4byte	.LCFI2
 1819 0141 14000000 		.4byte	.LFE9
 1820 0145 0200     		.2byte	0x2
 1821 0147 7D       		.byte	0x7d
 1822 0148 08       		.sleb128 8
ARM GAS  /tmp/cc0XQ2RY.s 			page 33


 1823 0149 00000000 		.4byte	0
 1824 014d 00000000 		.4byte	0
 1825              	.LLST11:
 1826 0151 00000000 		.4byte	.LVL21
 1827 0155 0B000000 		.4byte	.LVL24-1
 1828 0159 0100     		.2byte	0x1
 1829 015b 50       		.byte	0x50
 1830 015c 0B000000 		.4byte	.LVL24-1
 1831 0160 14000000 		.4byte	.LFE9
 1832 0164 0400     		.2byte	0x4
 1833 0166 F3       		.byte	0xf3
 1834 0167 01       		.uleb128 0x1
 1835 0168 50       		.byte	0x50
 1836 0169 9F       		.byte	0x9f
 1837 016a 00000000 		.4byte	0
 1838 016e 00000000 		.4byte	0
 1839              	.LLST12:
 1840 0172 00000000 		.4byte	.LVL21
 1841 0176 0B000000 		.4byte	.LVL24-1
 1842 017a 0100     		.2byte	0x1
 1843 017c 51       		.byte	0x51
 1844 017d 0B000000 		.4byte	.LVL24-1
 1845 0181 14000000 		.4byte	.LFE9
 1846 0185 0400     		.2byte	0x4
 1847 0187 F3       		.byte	0xf3
 1848 0188 01       		.uleb128 0x1
 1849 0189 51       		.byte	0x51
 1850 018a 9F       		.byte	0x9f
 1851 018b 00000000 		.4byte	0
 1852 018f 00000000 		.4byte	0
 1853              	.LLST13:
 1854 0193 08000000 		.4byte	.LVL23
 1855 0197 0B000000 		.4byte	.LVL24-1
 1856 019b 0100     		.2byte	0x1
 1857 019d 53       		.byte	0x53
 1858 019e 00000000 		.4byte	0
 1859 01a2 00000000 		.4byte	0
 1860              	.LLST14:
 1861 01a6 12000000 		.4byte	.LVL26
 1862 01aa 14000000 		.4byte	.LFE9
 1863 01ae 0100     		.2byte	0x1
 1864 01b0 53       		.byte	0x53
 1865 01b1 00000000 		.4byte	0
 1866 01b5 00000000 		.4byte	0
 1867              		.section	.debug_aranges,"",%progbits
 1868 0000 2C000000 		.4byte	0x2c
 1869 0004 0200     		.2byte	0x2
 1870 0006 00000000 		.4byte	.Ldebug_info0
 1871 000a 04       		.byte	0x4
 1872 000b 00       		.byte	0
 1873 000c 0000     		.2byte	0
 1874 000e 0000     		.2byte	0
 1875 0010 00000000 		.4byte	.LFB7
 1876 0014 40000000 		.4byte	.LFE7-.LFB7
 1877 0018 00000000 		.4byte	.LFB8
 1878 001c 3C000000 		.4byte	.LFE8-.LFB8
 1879 0020 00000000 		.4byte	.LFB9
ARM GAS  /tmp/cc0XQ2RY.s 			page 34


 1880 0024 14000000 		.4byte	.LFE9-.LFB9
 1881 0028 00000000 		.4byte	0
 1882 002c 00000000 		.4byte	0
 1883              		.section	.debug_ranges,"",%progbits
 1884              	.Ldebug_ranges0:
 1885 0000 14000000 		.4byte	.LBB11
 1886 0004 18000000 		.4byte	.LBE11
 1887 0008 1C000000 		.4byte	.LBB14
 1888 000c 22000000 		.4byte	.LBE14
 1889 0010 00000000 		.4byte	0
 1890 0014 00000000 		.4byte	0
 1891 0018 00000000 		.4byte	.LFB7
 1892 001c 40000000 		.4byte	.LFE7
 1893 0020 00000000 		.4byte	.LFB8
 1894 0024 3C000000 		.4byte	.LFE8
 1895 0028 00000000 		.4byte	.LFB9
 1896 002c 14000000 		.4byte	.LFE9
 1897 0030 00000000 		.4byte	0
 1898 0034 00000000 		.4byte	0
 1899              		.section	.debug_line,"",%progbits
 1900              	.Ldebug_line0:
 1901 0000 AF010000 		.section	.debug_str,"MS",%progbits,1
 1901      02004701 
 1901      00000201 
 1901      FB0E0D00 
 1901      01010101 
 1902              	.LASF34:
 1903 0000 705F6D73 		.ascii	"p_msg\000"
 1903      6700
 1904              	.LASF67:
 1905 0006 71756575 		.ascii	"queue_insert\000"
 1905      655F696E 
 1905      73657274 
 1905      00
 1906              	.LASF57:
 1907 0013 7264796D 		.ascii	"rdymsg\000"
 1907      736700
 1908              	.LASF11:
 1909 001a 6C6F6E67 		.ascii	"long long unsigned int\000"
 1909      206C6F6E 
 1909      6720756E 
 1909      7369676E 
 1909      65642069 
 1910              	.LASF58:
 1911 0031 65786974 		.ascii	"exitcode\000"
 1911      636F6465 
 1911      00
 1912              	.LASF23:
 1913 003a 705F7072 		.ascii	"p_prio\000"
 1913      696F00
 1914              	.LASF10:
 1915 0041 6C6F6E67 		.ascii	"long long int\000"
 1915      206C6F6E 
 1915      6720696E 
 1915      7400
 1916              	.LASF1:
 1917 004f 7369676E 		.ascii	"signed char\000"
ARM GAS  /tmp/cc0XQ2RY.s 			page 35


 1917      65642063 
 1917      68617200 
 1918              	.LASF38:
 1919 005b 705F6D70 		.ascii	"p_mpool\000"
 1919      6F6F6C00 
 1920              	.LASF54:
 1921 0063 6D5F7175 		.ascii	"m_queue\000"
 1921      65756500 
 1922              	.LASF7:
 1923 006b 6C6F6E67 		.ascii	"long int\000"
 1923      20696E74 
 1923      00
 1924              	.LASF62:
 1925 0074 63684D73 		.ascii	"chMsgSend\000"
 1925      6753656E 
 1925      6400
 1926              	.LASF13:
 1927 007e 74737461 		.ascii	"tstate_t\000"
 1927      74655F74 
 1927      00
 1928              	.LASF25:
 1929 0087 705F6E65 		.ascii	"p_newer\000"
 1929      77657200 
 1930              	.LASF48:
 1931 008f 725F6E65 		.ascii	"r_newer\000"
 1931      77657200 
 1932              	.LASF41:
 1933 0097 72656761 		.ascii	"regarm_t\000"
 1933      726D5F74 
 1933      00
 1934              	.LASF65:
 1935 00a0 2E2F6F73 		.ascii	"./os/kernel/src/chmsg.c\000"
 1935      2F6B6572 
 1935      6E656C2F 
 1935      7372632F 
 1935      63686D73 
 1936              	.LASF19:
 1937 00b8 636E745F 		.ascii	"cnt_t\000"
 1937      7400
 1938              	.LASF0:
 1939 00be 756E7369 		.ascii	"unsigned int\000"
 1939      676E6564 
 1939      20696E74 
 1939      00
 1940              	.LASF9:
 1941 00cb 6C6F6E67 		.ascii	"long unsigned int\000"
 1941      20756E73 
 1941      69676E65 
 1941      6420696E 
 1941      7400
 1942              	.LASF43:
 1943 00dd 636F6E74 		.ascii	"context\000"
 1943      65787400 
 1944              	.LASF4:
 1945 00e5 73686F72 		.ascii	"short unsigned int\000"
 1945      7420756E 
 1945      7369676E 
ARM GAS  /tmp/cc0XQ2RY.s 			page 36


 1945      65642069 
 1945      6E7400
 1946              	.LASF16:
 1947 00f8 6D73675F 		.ascii	"msg_t\000"
 1947      7400
 1948              	.LASF12:
 1949 00fe 746D6F64 		.ascii	"tmode_t\000"
 1949      655F7400 
 1950              	.LASF40:
 1951 0106 54687265 		.ascii	"ThreadsList\000"
 1951      6164734C 
 1951      69737400 
 1952              	.LASF17:
 1953 0112 6576656E 		.ascii	"eventmask_t\000"
 1953      746D6173 
 1953      6B5F7400 
 1954              	.LASF53:
 1955 011e 4D757465 		.ascii	"Mutex\000"
 1955      7800
 1956              	.LASF44:
 1957 0124 73697A65 		.ascii	"sizetype\000"
 1957      74797065 
 1957      00
 1958              	.LASF26:
 1959 012d 705F6F6C 		.ascii	"p_older\000"
 1959      64657200 
 1960              	.LASF47:
 1961 0135 725F6374 		.ascii	"r_ctx\000"
 1961      7800
 1962              	.LASF39:
 1963 013b 54687265 		.ascii	"ThreadsQueue\000"
 1963      61647351 
 1963      75657565 
 1963      00
 1964              	.LASF64:
 1965 0148 474E5520 		.ascii	"GNU C 4.7.2\000"
 1965      4320342E 
 1965      372E3200 
 1966              	.LASF51:
 1967 0154 725F6375 		.ascii	"r_current\000"
 1967      7272656E 
 1967      7400
 1968              	.LASF49:
 1969 015e 725F6F6C 		.ascii	"r_older\000"
 1969      64657200 
 1970              	.LASF14:
 1971 0166 74726566 		.ascii	"trefs_t\000"
 1971      735F7400 
 1972              	.LASF22:
 1973 016e 705F7072 		.ascii	"p_prev\000"
 1973      657600
 1974              	.LASF15:
 1975 0175 74707269 		.ascii	"tprio_t\000"
 1975      6F5F7400 
 1976              	.LASF6:
 1977 017d 696E7433 		.ascii	"int32_t\000"
 1977      325F7400 
ARM GAS  /tmp/cc0XQ2RY.s 			page 37


 1978              	.LASF2:
 1979 0185 756E7369 		.ascii	"unsigned char\000"
 1979      676E6564 
 1979      20636861 
 1979      7200
 1980              	.LASF36:
 1981 0193 705F6D74 		.ascii	"p_mtxlist\000"
 1981      786C6973 
 1981      7400
 1982              	.LASF3:
 1983 019d 73686F72 		.ascii	"short int\000"
 1983      7420696E 
 1983      7400
 1984              	.LASF28:
 1985 01a7 705F7374 		.ascii	"p_state\000"
 1985      61746500 
 1986              	.LASF46:
 1987 01af 725F7072 		.ascii	"r_prio\000"
 1987      696F00
 1988              	.LASF60:
 1989 01b6 65776D61 		.ascii	"ewmask\000"
 1989      736B00
 1990              	.LASF21:
 1991 01bd 705F6E65 		.ascii	"p_next\000"
 1991      787400
 1992              	.LASF29:
 1993 01c4 705F666C 		.ascii	"p_flags\000"
 1993      61677300 
 1994              	.LASF20:
 1995 01cc 54687265 		.ascii	"Thread\000"
 1995      616400
 1996              	.LASF69:
 1997 01d3 63684D73 		.ascii	"chMsgRelease\000"
 1997      6752656C 
 1997      65617365 
 1997      00
 1998              	.LASF71:
 1999 01e0 63685363 		.ascii	"chSchGoSleepS\000"
 1999      68476F53 
 1999      6C656570 
 1999      5300
 2000              	.LASF35:
 2001 01ee 705F6570 		.ascii	"p_epending\000"
 2001      656E6469 
 2001      6E6700
 2002              	.LASF8:
 2003 01f9 75696E74 		.ascii	"uint32_t\000"
 2003      33325F74 
 2003      00
 2004              	.LASF45:
 2005 0202 725F7175 		.ascii	"r_queue\000"
 2005      65756500 
 2006              	.LASF72:
 2007 020a 63685363 		.ascii	"chSchReadyI\000"
 2007      68526561 
 2007      64794900 
 2008              	.LASF61:
ARM GAS  /tmp/cc0XQ2RY.s 			page 38


 2009 0216 63686172 		.ascii	"char\000"
 2009      00
 2010              	.LASF68:
 2011 021b 6669666F 		.ascii	"fifo_remove\000"
 2011      5F72656D 
 2011      6F766500 
 2012              	.LASF56:
 2013 0227 6D5F6E65 		.ascii	"m_next\000"
 2013      787400
 2014              	.LASF18:
 2015 022e 73797374 		.ascii	"systime_t\000"
 2015      696D655F 
 2015      7400
 2016              	.LASF37:
 2017 0238 705F7265 		.ascii	"p_realprio\000"
 2017      616C7072 
 2017      696F00
 2018              	.LASF31:
 2019 0243 705F7469 		.ascii	"p_time\000"
 2019      6D6500
 2020              	.LASF66:
 2021 024a 2F686F6D 		.ascii	"/home/mitchd/Documents/FOX-1/amsat-fox/stm32f4-deve"
 2021      652F6D69 
 2021      74636864 
 2021      2F446F63 
 2021      756D656E 
 2022 027d 6C00     		.ascii	"l\000"
 2023              	.LASF42:
 2024 027f 696E7463 		.ascii	"intctx\000"
 2024      747800
 2025              	.LASF33:
 2026 0286 705F6D73 		.ascii	"p_msgqueue\000"
 2026      67717565 
 2026      756500
 2027              	.LASF73:
 2028 0291 63685363 		.ascii	"chSchWakeupS\000"
 2028      6857616B 
 2028      65757053 
 2028      00
 2029              	.LASF63:
 2030 029e 63684D73 		.ascii	"chMsgWait\000"
 2030      67576169 
 2030      7400
 2031              	.LASF30:
 2032 02a8 705F7265 		.ascii	"p_refs\000"
 2032      667300
 2033              	.LASF52:
 2034 02af 52656164 		.ascii	"ReadyList\000"
 2034      794C6973 
 2034      7400
 2035              	.LASF70:
 2036 02b9 726C6973 		.ascii	"rlist\000"
 2036      7400
 2037              	.LASF5:
 2038 02bf 75696E74 		.ascii	"uint8_t\000"
 2038      385F7400 
 2039              	.LASF59:
ARM GAS  /tmp/cc0XQ2RY.s 			page 39


 2040 02c7 77746F62 		.ascii	"wtobjp\000"
 2040      6A7000
 2041              	.LASF27:
 2042 02ce 705F6E61 		.ascii	"p_name\000"
 2042      6D6500
 2043              	.LASF50:
 2044 02d5 725F7072 		.ascii	"r_preempt\000"
 2044      65656D70 
 2044      7400
 2045              	.LASF55:
 2046 02df 6D5F6F77 		.ascii	"m_owner\000"
 2046      6E657200 
 2047              	.LASF24:
 2048 02e7 705F6374 		.ascii	"p_ctx\000"
 2048      7800
 2049              	.LASF32:
 2050 02ed 705F7761 		.ascii	"p_waiting\000"
 2050      6974696E 
 2050      6700
 2051              		.ident	"GCC: (GNU) 4.7.2"
ARM GAS  /tmp/cc0XQ2RY.s 			page 40


DEFINED SYMBOLS
                            *ABS*:0000000000000000 chmsg.c
     /tmp/cc0XQ2RY.s:19     .text.chMsgSend:0000000000000000 $t
     /tmp/cc0XQ2RY.s:25     .text.chMsgSend:0000000000000000 chMsgSend
     /tmp/cc0XQ2RY.s:115    .text.chMsgSend:000000000000003c $d
     /tmp/cc0XQ2RY.s:120    .text.chMsgWait:0000000000000000 $t
     /tmp/cc0XQ2RY.s:126    .text.chMsgWait:0000000000000000 chMsgWait
     /tmp/cc0XQ2RY.s:193    .text.chMsgWait:0000000000000038 $d
     /tmp/cc0XQ2RY.s:198    .text.chMsgRelease:0000000000000000 $t
     /tmp/cc0XQ2RY.s:204    .text.chMsgRelease:0000000000000000 chMsgRelease
                     .debug_frame:0000000000000010 $d
     /tmp/cc0XQ2RY.s:197    .text.chMsgWait:000000000000003c $t

UNDEFINED SYMBOLS
chSchGoSleepS
chSchReadyI
rlist
chSchWakeupS
