ARM GAS  /tmp/ccGF079j.s 			page 1


   1              		.syntax unified
   2              		.cpu cortex-m4
   3              		.fpu softvfp
   4              		.eabi_attribute 20, 1
   5              		.eabi_attribute 21, 1
   6              		.eabi_attribute 23, 3
   7              		.eabi_attribute 24, 1
   8              		.eabi_attribute 25, 1
   9              		.eabi_attribute 26, 1
  10              		.eabi_attribute 30, 2
  11              		.eabi_attribute 34, 1
  12              		.eabi_attribute 18, 4
  13              		.thumb
  14              		.file	"chregistry.c"
  15              		.text
  16              	.Ltext0:
  17              		.cfi_sections	.debug_frame
  18              		.section	.text.chRegFirstThread,"ax",%progbits
  19              		.align	2
  20              		.p2align 4,,15
  21              		.global	chRegFirstThread
  22              		.thumb
  23              		.thumb_func
  24              		.type	chRegFirstThread, %function
  25              	chRegFirstThread:
  26              	.LFB7:
  27              		.file 1 "./os/kernel/src/chregistry.c"
  28              		.loc 1 113 0
  29              		.cfi_startproc
  30              		@ args = 0, pretend = 0, frame = 0
  31              		@ frame_needed = 0, uses_anonymous_args = 0
  32              		@ link register save eliminated.
  33              	.LBB2:
  34              		.loc 1 116 0
  35 0000 2023     		movs	r3, #32
  36              	.LVL0:
  37              	@ 116 "./os/kernel/src/chregistry.c" 1
  38 0002 83F31188 		msr     BASEPRI, r3
  39              	@ 0 "" 2
  40              	.LVL1:
  41              		.thumb
  42              	.LBE2:
  43              		.loc 1 117 0
  44 0006 40F20000 		movw	r0, #:lower16:rlist
  45 000a C0F20000 		movt	r0, #:upper16:rlist
  46              	.LBB3:
  47              		.loc 1 121 0
  48 000e 0023     		movs	r3, #0
  49              	.LVL2:
  50              	.LBE3:
  51              		.loc 1 117 0
  52 0010 0069     		ldr	r0, [r0, #16]
  53              	.LVL3:
  54              		.loc 1 119 0
  55 0012 817F     		ldrb	r1, [r0, #30]	@ zero_extendqisi2
  56 0014 4A1C     		adds	r2, r1, #1
  57 0016 8277     		strb	r2, [r0, #30]
ARM GAS  /tmp/ccGF079j.s 			page 2


  58              	.LBB4:
  59              		.loc 1 121 0
  60              	@ 121 "./os/kernel/src/chregistry.c" 1
  61 0018 83F31188 		msr     BASEPRI, r3
  62              	@ 0 "" 2
  63              	.LVL4:
  64              		.thumb
  65              	.LBE4:
  66              		.loc 1 123 0
  67 001c 7047     		bx	lr
  68              		.cfi_endproc
  69              	.LFE7:
  70              		.size	chRegFirstThread, .-chRegFirstThread
  71 001e 00BF     		.section	.text.chRegNextThread,"ax",%progbits
  72              		.align	2
  73              		.p2align 4,,15
  74              		.global	chRegNextThread
  75              		.thumb
  76              		.thumb_func
  77              		.type	chRegNextThread, %function
  78              	chRegNextThread:
  79              	.LFB8:
  80              		.loc 1 136 0
  81              		.cfi_startproc
  82              		@ args = 0, pretend = 0, frame = 0
  83              		@ frame_needed = 0, uses_anonymous_args = 0
  84              	.LVL5:
  85 0000 10B5     		push	{r4, lr}
  86              	.LCFI0:
  87              		.cfi_def_cfa_offset 8
  88              		.cfi_offset 14, -4
  89              		.cfi_offset 4, -8
  90              	.LBB5:
  91              		.loc 1 139 0
  92 0002 2023     		movs	r3, #32
  93              	.LVL6:
  94              	@ 139 "./os/kernel/src/chregistry.c" 1
  95 0004 83F31188 		msr     BASEPRI, r3
  96              	@ 0 "" 2
  97              	.LVL7:
  98              		.thumb
  99              	.LBE5:
 100              		.loc 1 141 0
 101 0008 074B     		ldr	r3, .L6
 102              	.LVL8:
 103              		.loc 1 140 0
 104 000a 0469     		ldr	r4, [r0, #16]
 105              	.LVL9:
 106              		.loc 1 141 0
 107 000c 9C42     		cmp	r4, r3
 108 000e 09D0     		beq	.L4
 109              	.LVL10:
 110              		.loc 1 147 0
 111 0010 A27F     		ldrb	r2, [r4, #30]	@ zero_extendqisi2
 112 0012 511C     		adds	r1, r2, #1
 113 0014 A177     		strb	r1, [r4, #30]
 114              	.LVL11:
ARM GAS  /tmp/ccGF079j.s 			page 3


 115              	.L3:
 116              	.LBB6:
 117              		.loc 1 150 0
 118 0016 0023     		movs	r3, #0
 119              	.LVL12:
 120              	@ 150 "./os/kernel/src/chregistry.c" 1
 121 0018 83F31188 		msr     BASEPRI, r3
 122              	@ 0 "" 2
 123              	.LVL13:
 124              		.thumb
 125              	.LBE6:
 126              		.loc 1 152 0
 127 001c FFF7FEFF 		bl	chThdRelease
 128              	.LVL14:
 129              		.loc 1 155 0
 130 0020 2046     		mov	r0, r4
 131 0022 10BD     		pop	{r4, pc}
 132              	.LVL15:
 133              	.L4:
 134              		.loc 1 142 0
 135 0024 0024     		movs	r4, #0
 136              	.LVL16:
 137 0026 F6E7     		b	.L3
 138              	.L7:
 139              		.align	2
 140              	.L6:
 141 0028 00000000 		.word	rlist
 142              		.cfi_endproc
 143              	.LFE8:
 144              		.size	chRegNextThread, .-chRegNextThread
 145              		.global	ch_debug
 146 002c AFF30080 		.section	.rodata.ch_debug,"a",%progbits
 147              		.align	2
 148              		.type	ch_debug, %object
 149              		.size	ch_debug, 22
 150              	ch_debug:
 151 0000 6D61696E 		.ascii	"main"
 152 0004 00       		.byte	0
 153 0005 16       		.byte	22
 154 0006 0311     		.short	4355
 155 0008 04       		.byte	4
 156 0009 04       		.byte	4
 157 000a 48       		.byte	72
 158 000b 08       		.byte	8
 159 000c 0C       		.byte	12
 160 000d 10       		.byte	16
 161 000e 14       		.byte	20
 162 000f 18       		.byte	24
 163 0010 00       		.byte	0
 164 0011 1C       		.byte	28
 165 0012 1D       		.byte	29
 166 0013 1E       		.byte	30
 167 0014 00       		.byte	0
 168 0015 20       		.byte	32
 169 0016 0000     		.text
 170              	.Letext0:
 171              		.file 2 "/usr/bin/../lib/gcc/arm-none-eabi/4.6.2/include/stddef.h"
ARM GAS  /tmp/ccGF079j.s 			page 4


 172              		.file 3 "/usr/bin/../lib/gcc/arm-none-eabi/4.6.2/../../../../arm-none-eabi/include/stdint.h"
 173              		.file 4 "./os/ports/GCC/ARMCMx/chtypes.h"
 174              		.file 5 "./os/kernel/include/chlists.h"
 175              		.file 6 "./os/kernel/include/chthreads.h"
 176              		.file 7 "./os/ports/GCC/ARMCMx/chcore_v7m.h"
 177              		.file 8 "./os/kernel/include/chschd.h"
 178              		.file 9 "./os/kernel/include/chmtx.h"
 179              		.file 10 "./os/kernel/include/chregistry.h"
 180              		.section	.debug_info,"",%progbits
 181              	.Ldebug_info0:
 182 0000 5D060000 		.4byte	0x65d
 183 0004 0200     		.2byte	0x2
 184 0006 00000000 		.4byte	.Ldebug_abbrev0
 185 000a 04       		.byte	0x4
 186 000b 01       		.uleb128 0x1
 187 000c D2000000 		.4byte	.LASF86
 188 0010 01       		.byte	0x1
 189 0011 52020000 		.4byte	.LASF87
 190 0015 7E010000 		.4byte	.LASF88
 191 0019 00000000 		.4byte	0
 192 001d 00000000 		.4byte	0
 193 0021 18000000 		.4byte	.Ldebug_ranges0+0x18
 194 0025 00000000 		.4byte	.Ldebug_line0
 195 0029 02       		.uleb128 0x2
 196 002a 04       		.byte	0x4
 197 002b 05       		.byte	0x5
 198 002c 696E7400 		.ascii	"int\000"
 199 0030 03       		.uleb128 0x3
 200 0031 13000000 		.4byte	.LASF2
 201 0035 02       		.byte	0x2
 202 0036 D4       		.byte	0xd4
 203 0037 3B000000 		.4byte	0x3b
 204 003b 04       		.uleb128 0x4
 205 003c 04       		.byte	0x4
 206 003d 07       		.byte	0x7
 207 003e 56010000 		.4byte	.LASF0
 208 0042 04       		.uleb128 0x4
 209 0043 01       		.byte	0x1
 210 0044 06       		.byte	0x6
 211 0045 82000000 		.4byte	.LASF1
 212 0049 03       		.uleb128 0x3
 213 004a A3030000 		.4byte	.LASF3
 214 004e 03       		.byte	0x3
 215 004f 2A       		.byte	0x2a
 216 0050 54000000 		.4byte	0x54
 217 0054 04       		.uleb128 0x4
 218 0055 01       		.byte	0x1
 219 0056 08       		.byte	0x8
 220 0057 99020000 		.4byte	.LASF4
 221 005b 04       		.uleb128 0x4
 222 005c 02       		.byte	0x2
 223 005d 05       		.byte	0x5
 224 005e B1020000 		.4byte	.LASF5
 225 0062 03       		.uleb128 0x3
 226 0063 24010000 		.4byte	.LASF6
 227 0067 03       		.byte	0x3
 228 0068 36       		.byte	0x36
ARM GAS  /tmp/ccGF079j.s 			page 5


 229 0069 6D000000 		.4byte	0x6d
 230 006d 04       		.uleb128 0x4
 231 006e 02       		.byte	0x2
 232 006f 07       		.byte	0x7
 233 0070 B2010000 		.4byte	.LASF7
 234 0074 03       		.uleb128 0x3
 235 0075 91020000 		.4byte	.LASF8
 236 0079 03       		.byte	0x3
 237 007a 4F       		.byte	0x4f
 238 007b 7F000000 		.4byte	0x7f
 239 007f 04       		.uleb128 0x4
 240 0080 04       		.byte	0x4
 241 0081 05       		.byte	0x5
 242 0082 C9000000 		.4byte	.LASF9
 243 0086 03       		.uleb128 0x3
 244 0087 1A030000 		.4byte	.LASF10
 245 008b 03       		.byte	0x3
 246 008c 50       		.byte	0x50
 247 008d 91000000 		.4byte	0x91
 248 0091 04       		.uleb128 0x4
 249 0092 04       		.byte	0x4
 250 0093 07       		.byte	0x7
 251 0094 63010000 		.4byte	.LASF11
 252 0098 04       		.uleb128 0x4
 253 0099 08       		.byte	0x8
 254 009a 05       		.byte	0x5
 255 009b 74000000 		.4byte	.LASF12
 256 009f 04       		.uleb128 0x4
 257 00a0 08       		.byte	0x8
 258 00a1 07       		.byte	0x7
 259 00a2 21000000 		.4byte	.LASF13
 260 00a6 03       		.uleb128 0x3
 261 00a7 CB010000 		.4byte	.LASF14
 262 00ab 04       		.byte	0x4
 263 00ac 2F       		.byte	0x2f
 264 00ad 49000000 		.4byte	0x49
 265 00b1 03       		.uleb128 0x3
 266 00b2 1B010000 		.4byte	.LASF15
 267 00b6 04       		.byte	0x4
 268 00b7 30       		.byte	0x30
 269 00b8 49000000 		.4byte	0x49
 270 00bc 03       		.uleb128 0x3
 271 00bd 6F020000 		.4byte	.LASF16
 272 00c1 04       		.byte	0x4
 273 00c2 31       		.byte	0x31
 274 00c3 49000000 		.4byte	0x49
 275 00c7 03       		.uleb128 0x3
 276 00c8 89020000 		.4byte	.LASF17
 277 00cc 04       		.byte	0x4
 278 00cd 32       		.byte	0x32
 279 00ce 86000000 		.4byte	0x86
 280 00d2 03       		.uleb128 0x3
 281 00d3 C5010000 		.4byte	.LASF18
 282 00d7 04       		.byte	0x4
 283 00d8 33       		.byte	0x33
 284 00d9 74000000 		.4byte	0x74
 285 00dd 03       		.uleb128 0x3
ARM GAS  /tmp/ccGF079j.s 			page 6


 286 00de DF010000 		.4byte	.LASF19
 287 00e2 04       		.byte	0x4
 288 00e3 35       		.byte	0x35
 289 00e4 86000000 		.4byte	0x86
 290 00e8 03       		.uleb128 0x3
 291 00e9 53030000 		.4byte	.LASF20
 292 00ed 04       		.byte	0x4
 293 00ee 36       		.byte	0x36
 294 00ef 86000000 		.4byte	0x86
 295 00f3 03       		.uleb128 0x3
 296 00f4 50010000 		.4byte	.LASF21
 297 00f8 04       		.byte	0x4
 298 00f9 37       		.byte	0x37
 299 00fa 74000000 		.4byte	0x74
 300 00fe 03       		.uleb128 0x3
 301 00ff FB020000 		.4byte	.LASF22
 302 0103 05       		.byte	0x5
 303 0104 2A       		.byte	0x2a
 304 0105 09010000 		.4byte	0x109
 305 0109 05       		.uleb128 0x5
 306 010a FB020000 		.4byte	.LASF22
 307 010e 48       		.byte	0x48
 308 010f 06       		.byte	0x6
 309 0110 5E       		.byte	0x5e
 310 0111 20020000 		.4byte	0x220
 311 0115 06       		.uleb128 0x6
 312 0116 DD020000 		.4byte	.LASF23
 313 011a 06       		.byte	0x6
 314 011b 5F       		.byte	0x5f
 315 011c 45020000 		.4byte	0x245
 316 0120 02       		.byte	0x2
 317 0121 23       		.byte	0x23
 318 0122 00       		.uleb128 0
 319 0123 06       		.uleb128 0x6
 320 0124 82020000 		.4byte	.LASF24
 321 0128 06       		.byte	0x6
 322 0129 61       		.byte	0x61
 323 012a 45020000 		.4byte	0x245
 324 012e 02       		.byte	0x2
 325 012f 23       		.byte	0x23
 326 0130 04       		.uleb128 0x4
 327 0131 06       		.uleb128 0x6
 328 0132 60000000 		.4byte	.LASF25
 329 0136 06       		.byte	0x6
 330 0137 63       		.byte	0x63
 331 0138 C7000000 		.4byte	0xc7
 332 013c 02       		.byte	0x2
 333 013d 23       		.byte	0x23
 334 013e 08       		.uleb128 0x8
 335 013f 06       		.uleb128 0x6
 336 0140 D6030000 		.4byte	.LASF26
 337 0144 06       		.byte	0x6
 338 0145 64       		.byte	0x64
 339 0146 12030000 		.4byte	0x312
 340 014a 02       		.byte	0x2
 341 014b 23       		.byte	0x23
 342 014c 0C       		.uleb128 0xc
ARM GAS  /tmp/ccGF079j.s 			page 7


 343 014d 06       		.uleb128 0x6
 344 014e 37010000 		.4byte	.LASF27
 345 0152 06       		.byte	0x6
 346 0153 66       		.byte	0x66
 347 0154 45020000 		.4byte	0x245
 348 0158 02       		.byte	0x2
 349 0159 23       		.byte	0x23
 350 015a 10       		.uleb128 0x10
 351 015b 06       		.uleb128 0x6
 352 015c 1D020000 		.4byte	.LASF28
 353 0160 06       		.byte	0x6
 354 0161 67       		.byte	0x67
 355 0162 45020000 		.4byte	0x245
 356 0166 02       		.byte	0x2
 357 0167 23       		.byte	0x23
 358 0168 14       		.uleb128 0x14
 359 0169 06       		.uleb128 0x6
 360 016a B2030000 		.4byte	.LASF29
 361 016e 06       		.byte	0x6
 362 016f 6E       		.byte	0x6e
 363 0170 2D040000 		.4byte	0x42d
 364 0174 02       		.byte	0x2
 365 0175 23       		.byte	0x23
 366 0176 18       		.uleb128 0x18
 367 0177 06       		.uleb128 0x6
 368 0178 BB020000 		.4byte	.LASF30
 369 017c 06       		.byte	0x6
 370 017d 79       		.byte	0x79
 371 017e B1000000 		.4byte	0xb1
 372 0182 02       		.byte	0x2
 373 0183 23       		.byte	0x23
 374 0184 1C       		.uleb128 0x1c
 375 0185 06       		.uleb128 0x6
 376 0186 F3020000 		.4byte	.LASF31
 377 018a 06       		.byte	0x6
 378 018b 7D       		.byte	0x7d
 379 018c A6000000 		.4byte	0xa6
 380 0190 02       		.byte	0x2
 381 0191 23       		.byte	0x23
 382 0192 1D       		.uleb128 0x1d
 383 0193 06       		.uleb128 0x6
 384 0194 8C030000 		.4byte	.LASF32
 385 0198 06       		.byte	0x6
 386 0199 82       		.byte	0x82
 387 019a BC000000 		.4byte	0xbc
 388 019e 02       		.byte	0x2
 389 019f 23       		.byte	0x23
 390 01a0 1E       		.uleb128 0x1e
 391 01a1 06       		.uleb128 0x6
 392 01a2 68030000 		.4byte	.LASF33
 393 01a6 06       		.byte	0x6
 394 01a7 89       		.byte	0x89
 395 01a8 35030000 		.4byte	0x335
 396 01ac 02       		.byte	0x2
 397 01ad 23       		.byte	0x23
 398 01ae 20       		.uleb128 0x20
 399 01af 07       		.uleb128 0x7
ARM GAS  /tmp/ccGF079j.s 			page 8


 400 01b0 705F7500 		.ascii	"p_u\000"
 401 01b4 06       		.byte	0x6
 402 01b5 AE       		.byte	0xae
 403 01b6 F8030000 		.4byte	0x3f8
 404 01ba 02       		.byte	0x2
 405 01bb 23       		.byte	0x23
 406 01bc 24       		.uleb128 0x24
 407 01bd 06       		.uleb128 0x6
 408 01be DC030000 		.4byte	.LASF34
 409 01c2 06       		.byte	0x6
 410 01c3 B3       		.byte	0xb3
 411 01c4 6D020000 		.4byte	0x26d
 412 01c8 02       		.byte	0x2
 413 01c9 23       		.byte	0x23
 414 01ca 28       		.uleb128 0x28
 415 01cb 06       		.uleb128 0x6
 416 01cc 76030000 		.4byte	.LASF35
 417 01d0 06       		.byte	0x6
 418 01d1 B9       		.byte	0xb9
 419 01d2 4B020000 		.4byte	0x24b
 420 01d6 02       		.byte	0x2
 421 01d7 23       		.byte	0x23
 422 01d8 2C       		.uleb128 0x2c
 423 01d9 06       		.uleb128 0x6
 424 01da 0D000000 		.4byte	.LASF36
 425 01de 06       		.byte	0x6
 426 01df BD       		.byte	0xbd
 427 01e0 D2000000 		.4byte	0xd2
 428 01e4 02       		.byte	0x2
 429 01e5 23       		.byte	0x23
 430 01e6 34       		.uleb128 0x34
 431 01e7 06       		.uleb128 0x6
 432 01e8 0F030000 		.4byte	.LASF37
 433 01ec 06       		.byte	0x6
 434 01ed C3       		.byte	0xc3
 435 01ee DD000000 		.4byte	0xdd
 436 01f2 02       		.byte	0x2
 437 01f3 23       		.byte	0x23
 438 01f4 38       		.uleb128 0x38
 439 01f5 06       		.uleb128 0x6
 440 01f6 A7020000 		.4byte	.LASF38
 441 01fa 06       		.byte	0x6
 442 01fb CA       		.byte	0xca
 443 01fc 3F040000 		.4byte	0x43f
 444 0200 02       		.byte	0x2
 445 0201 23       		.byte	0x23
 446 0202 3C       		.uleb128 0x3c
 447 0203 06       		.uleb128 0x6
 448 0204 5D030000 		.4byte	.LASF39
 449 0208 06       		.byte	0x6
 450 0209 CE       		.byte	0xce
 451 020a C7000000 		.4byte	0xc7
 452 020e 02       		.byte	0x2
 453 020f 23       		.byte	0x23
 454 0210 40       		.uleb128 0x40
 455 0211 06       		.uleb128 0x6
 456 0212 AB000000 		.4byte	.LASF40
ARM GAS  /tmp/ccGF079j.s 			page 9


 457 0216 06       		.byte	0x6
 458 0217 D4       		.byte	0xd4
 459 0218 83020000 		.4byte	0x283
 460 021c 02       		.byte	0x2
 461 021d 23       		.byte	0x23
 462 021e 44       		.uleb128 0x44
 463 021f 00       		.byte	0
 464 0220 08       		.uleb128 0x8
 465 0221 08       		.byte	0x8
 466 0222 05       		.byte	0x5
 467 0223 61       		.byte	0x61
 468 0224 45020000 		.4byte	0x245
 469 0228 06       		.uleb128 0x6
 470 0229 DD020000 		.4byte	.LASF23
 471 022d 05       		.byte	0x5
 472 022e 62       		.byte	0x62
 473 022f 45020000 		.4byte	0x245
 474 0233 02       		.byte	0x2
 475 0234 23       		.byte	0x23
 476 0235 00       		.uleb128 0
 477 0236 06       		.uleb128 0x6
 478 0237 82020000 		.4byte	.LASF24
 479 023b 05       		.byte	0x5
 480 023c 64       		.byte	0x64
 481 023d 45020000 		.4byte	0x245
 482 0241 02       		.byte	0x2
 483 0242 23       		.byte	0x23
 484 0243 04       		.uleb128 0x4
 485 0244 00       		.byte	0
 486 0245 09       		.uleb128 0x9
 487 0246 04       		.byte	0x4
 488 0247 FE000000 		.4byte	0xfe
 489 024b 03       		.uleb128 0x3
 490 024c 2B020000 		.4byte	.LASF41
 491 0250 05       		.byte	0x5
 492 0251 66       		.byte	0x66
 493 0252 20020000 		.4byte	0x220
 494 0256 08       		.uleb128 0x8
 495 0257 04       		.byte	0x4
 496 0258 05       		.byte	0x5
 497 0259 6B       		.byte	0x6b
 498 025a 6D020000 		.4byte	0x26d
 499 025e 06       		.uleb128 0x6
 500 025f DD020000 		.4byte	.LASF23
 501 0263 05       		.byte	0x5
 502 0264 6D       		.byte	0x6d
 503 0265 45020000 		.4byte	0x245
 504 0269 02       		.byte	0x2
 505 026a 23       		.byte	0x23
 506 026b 00       		.uleb128 0
 507 026c 00       		.byte	0
 508 026d 03       		.uleb128 0x3
 509 026e D3010000 		.4byte	.LASF42
 510 0272 05       		.byte	0x5
 511 0273 70       		.byte	0x70
 512 0274 56020000 		.4byte	0x256
 513 0278 03       		.uleb128 0x3
ARM GAS  /tmp/ccGF079j.s 			page 10


 514 0279 47010000 		.4byte	.LASF43
 515 027d 07       		.byte	0x7
 516 027e D7       		.byte	0xd7
 517 027f 83020000 		.4byte	0x283
 518 0283 0A       		.uleb128 0xa
 519 0284 04       		.byte	0x4
 520 0285 05       		.uleb128 0x5
 521 0286 6F030000 		.4byte	.LASF44
 522 028a 24       		.byte	0x24
 523 028b 07       		.byte	0x7
 524 028c FE       		.byte	0xfe
 525 028d 12030000 		.4byte	0x312
 526 0291 0B       		.uleb128 0xb
 527 0292 723400   		.ascii	"r4\000"
 528 0295 07       		.byte	0x7
 529 0296 1101     		.2byte	0x111
 530 0298 78020000 		.4byte	0x278
 531 029c 02       		.byte	0x2
 532 029d 23       		.byte	0x23
 533 029e 00       		.uleb128 0
 534 029f 0B       		.uleb128 0xb
 535 02a0 723500   		.ascii	"r5\000"
 536 02a3 07       		.byte	0x7
 537 02a4 1201     		.2byte	0x112
 538 02a6 78020000 		.4byte	0x278
 539 02aa 02       		.byte	0x2
 540 02ab 23       		.byte	0x23
 541 02ac 04       		.uleb128 0x4
 542 02ad 0B       		.uleb128 0xb
 543 02ae 723600   		.ascii	"r6\000"
 544 02b1 07       		.byte	0x7
 545 02b2 1301     		.2byte	0x113
 546 02b4 78020000 		.4byte	0x278
 547 02b8 02       		.byte	0x2
 548 02b9 23       		.byte	0x23
 549 02ba 08       		.uleb128 0x8
 550 02bb 0B       		.uleb128 0xb
 551 02bc 723700   		.ascii	"r7\000"
 552 02bf 07       		.byte	0x7
 553 02c0 1401     		.2byte	0x114
 554 02c2 78020000 		.4byte	0x278
 555 02c6 02       		.byte	0x2
 556 02c7 23       		.byte	0x23
 557 02c8 0C       		.uleb128 0xc
 558 02c9 0B       		.uleb128 0xb
 559 02ca 723800   		.ascii	"r8\000"
 560 02cd 07       		.byte	0x7
 561 02ce 1501     		.2byte	0x115
 562 02d0 78020000 		.4byte	0x278
 563 02d4 02       		.byte	0x2
 564 02d5 23       		.byte	0x23
 565 02d6 10       		.uleb128 0x10
 566 02d7 0B       		.uleb128 0xb
 567 02d8 723900   		.ascii	"r9\000"
 568 02db 07       		.byte	0x7
 569 02dc 1601     		.2byte	0x116
 570 02de 78020000 		.4byte	0x278
ARM GAS  /tmp/ccGF079j.s 			page 11


 571 02e2 02       		.byte	0x2
 572 02e3 23       		.byte	0x23
 573 02e4 14       		.uleb128 0x14
 574 02e5 0B       		.uleb128 0xb
 575 02e6 72313000 		.ascii	"r10\000"
 576 02ea 07       		.byte	0x7
 577 02eb 1701     		.2byte	0x117
 578 02ed 78020000 		.4byte	0x278
 579 02f1 02       		.byte	0x2
 580 02f2 23       		.byte	0x23
 581 02f3 18       		.uleb128 0x18
 582 02f4 0B       		.uleb128 0xb
 583 02f5 72313100 		.ascii	"r11\000"
 584 02f9 07       		.byte	0x7
 585 02fa 1801     		.2byte	0x118
 586 02fc 78020000 		.4byte	0x278
 587 0300 02       		.byte	0x2
 588 0301 23       		.byte	0x23
 589 0302 1C       		.uleb128 0x1c
 590 0303 0B       		.uleb128 0xb
 591 0304 6C7200   		.ascii	"lr\000"
 592 0307 07       		.byte	0x7
 593 0308 1901     		.2byte	0x119
 594 030a 78020000 		.4byte	0x278
 595 030e 02       		.byte	0x2
 596 030f 23       		.byte	0x23
 597 0310 20       		.uleb128 0x20
 598 0311 00       		.byte	0
 599 0312 0C       		.uleb128 0xc
 600 0313 AA010000 		.4byte	.LASF45
 601 0317 04       		.byte	0x4
 602 0318 07       		.byte	0x7
 603 0319 2301     		.2byte	0x123
 604 031b 2F030000 		.4byte	0x32f
 605 031f 0B       		.uleb128 0xb
 606 0320 72313300 		.ascii	"r13\000"
 607 0324 07       		.byte	0x7
 608 0325 2401     		.2byte	0x124
 609 0327 2F030000 		.4byte	0x32f
 610 032b 02       		.byte	0x2
 611 032c 23       		.byte	0x23
 612 032d 00       		.uleb128 0
 613 032e 00       		.byte	0
 614 032f 09       		.uleb128 0x9
 615 0330 04       		.byte	0x4
 616 0331 85020000 		.4byte	0x285
 617 0335 0D       		.uleb128 0xd
 618 0336 E8000000 		.4byte	0xe8
 619 033a 08       		.uleb128 0x8
 620 033b 20       		.byte	0x20
 621 033c 08       		.byte	0x8
 622 033d 5E       		.byte	0x5e
 623 033e A5030000 		.4byte	0x3a5
 624 0342 06       		.uleb128 0x6
 625 0343 2F030000 		.4byte	.LASF46
 626 0347 08       		.byte	0x8
 627 0348 5F       		.byte	0x5f
ARM GAS  /tmp/ccGF079j.s 			page 12


 628 0349 4B020000 		.4byte	0x24b
 629 034d 02       		.byte	0x2
 630 034e 23       		.byte	0x23
 631 034f 00       		.uleb128 0
 632 0350 06       		.uleb128 0x6
 633 0351 CF020000 		.4byte	.LASF47
 634 0355 08       		.byte	0x8
 635 0356 60       		.byte	0x60
 636 0357 C7000000 		.4byte	0xc7
 637 035b 02       		.byte	0x2
 638 035c 23       		.byte	0x23
 639 035d 08       		.uleb128 0x8
 640 035e 06       		.uleb128 0x6
 641 035f 25020000 		.4byte	.LASF48
 642 0363 08       		.byte	0x8
 643 0364 62       		.byte	0x62
 644 0365 12030000 		.4byte	0x312
 645 0369 02       		.byte	0x2
 646 036a 23       		.byte	0x23
 647 036b 0C       		.uleb128 0xc
 648 036c 06       		.uleb128 0x6
 649 036d 3F010000 		.4byte	.LASF49
 650 0371 08       		.byte	0x8
 651 0372 65       		.byte	0x65
 652 0373 45020000 		.4byte	0x245
 653 0377 02       		.byte	0x2
 654 0378 23       		.byte	0x23
 655 0379 10       		.uleb128 0x10
 656 037a 06       		.uleb128 0x6
 657 037b 4A020000 		.4byte	.LASF50
 658 037f 08       		.byte	0x8
 659 0380 66       		.byte	0x66
 660 0381 45020000 		.4byte	0x245
 661 0385 02       		.byte	0x2
 662 0386 23       		.byte	0x23
 663 0387 14       		.uleb128 0x14
 664 0388 06       		.uleb128 0x6
 665 0389 C4030000 		.4byte	.LASF51
 666 038d 08       		.byte	0x8
 667 038e 6A       		.byte	0x6a
 668 038f F3000000 		.4byte	0xf3
 669 0393 02       		.byte	0x2
 670 0394 23       		.byte	0x23
 671 0395 18       		.uleb128 0x18
 672 0396 06       		.uleb128 0x6
 673 0397 40020000 		.4byte	.LASF52
 674 039b 08       		.byte	0x8
 675 039c 6C       		.byte	0x6c
 676 039d 45020000 		.4byte	0x245
 677 03a1 02       		.byte	0x2
 678 03a2 23       		.byte	0x23
 679 03a3 1C       		.uleb128 0x1c
 680 03a4 00       		.byte	0
 681 03a5 03       		.uleb128 0x3
 682 03a6 93030000 		.4byte	.LASF53
 683 03aa 08       		.byte	0x8
 684 03ab 6E       		.byte	0x6e
ARM GAS  /tmp/ccGF079j.s 			page 13


 685 03ac 3A030000 		.4byte	0x33a
 686 03b0 05       		.uleb128 0x5
 687 03b1 EB010000 		.4byte	.LASF54
 688 03b5 10       		.byte	0x10
 689 03b6 09       		.byte	0x9
 690 03b7 2C       		.byte	0x2c
 691 03b8 E7030000 		.4byte	0x3e7
 692 03bc 06       		.uleb128 0x6
 693 03bd B3000000 		.4byte	.LASF55
 694 03c1 09       		.byte	0x9
 695 03c2 2D       		.byte	0x2d
 696 03c3 4B020000 		.4byte	0x24b
 697 03c7 02       		.byte	0x2
 698 03c8 23       		.byte	0x23
 699 03c9 00       		.uleb128 0
 700 03ca 06       		.uleb128 0x6
 701 03cb CE030000 		.4byte	.LASF56
 702 03cf 09       		.byte	0x9
 703 03d0 2F       		.byte	0x2f
 704 03d1 45020000 		.4byte	0x245
 705 03d5 02       		.byte	0x2
 706 03d6 23       		.byte	0x23
 707 03d7 08       		.uleb128 0x8
 708 03d8 06       		.uleb128 0x6
 709 03d9 4C030000 		.4byte	.LASF57
 710 03dd 09       		.byte	0x9
 711 03de 31       		.byte	0x31
 712 03df E7030000 		.4byte	0x3e7
 713 03e3 02       		.byte	0x2
 714 03e4 23       		.byte	0x23
 715 03e5 0C       		.uleb128 0xc
 716 03e6 00       		.byte	0
 717 03e7 09       		.uleb128 0x9
 718 03e8 04       		.byte	0x4
 719 03e9 B0030000 		.4byte	0x3b0
 720 03ed 03       		.uleb128 0x3
 721 03ee EB010000 		.4byte	.LASF54
 722 03f2 09       		.byte	0x9
 723 03f3 33       		.byte	0x33
 724 03f4 B0030000 		.4byte	0x3b0
 725 03f8 0E       		.uleb128 0xe
 726 03f9 04       		.byte	0x4
 727 03fa 06       		.byte	0x6
 728 03fb 90       		.byte	0x90
 729 03fc 2D040000 		.4byte	0x42d
 730 0400 0F       		.uleb128 0xf
 731 0401 1A000000 		.4byte	.LASF58
 732 0405 06       		.byte	0x6
 733 0406 97       		.byte	0x97
 734 0407 D2000000 		.4byte	0xd2
 735 040b 0F       		.uleb128 0xf
 736 040c 46000000 		.4byte	.LASF59
 737 0410 06       		.byte	0x6
 738 0411 9E       		.byte	0x9e
 739 0412 D2000000 		.4byte	0xd2
 740 0416 0F       		.uleb128 0xf
 741 0417 AB030000 		.4byte	.LASF60
ARM GAS  /tmp/ccGF079j.s 			page 14


 742 041b 06       		.byte	0x6
 743 041c A5       		.byte	0xa5
 744 041d 83020000 		.4byte	0x283
 745 0421 0F       		.uleb128 0xf
 746 0422 D6020000 		.4byte	.LASF61
 747 0426 06       		.byte	0x6
 748 0427 AC       		.byte	0xac
 749 0428 DD000000 		.4byte	0xdd
 750 042c 00       		.byte	0
 751 042d 09       		.uleb128 0x9
 752 042e 04       		.byte	0x4
 753 042f 33040000 		.4byte	0x433
 754 0433 10       		.uleb128 0x10
 755 0434 38040000 		.4byte	0x438
 756 0438 04       		.uleb128 0x4
 757 0439 01       		.byte	0x1
 758 043a 08       		.byte	0x8
 759 043b 37030000 		.4byte	.LASF62
 760 043f 09       		.uleb128 0x9
 761 0440 04       		.byte	0x4
 762 0441 ED030000 		.4byte	0x3ed
 763 0445 08       		.uleb128 0x8
 764 0446 16       		.byte	0x16
 765 0447 0A       		.byte	0xa
 766 0448 2C       		.byte	0x2c
 767 0449 4A050000 		.4byte	0x54a
 768 044d 06       		.uleb128 0x6
 769 044e BB000000 		.4byte	.LASF63
 770 0452 0A       		.byte	0xa
 771 0453 2D       		.byte	0x2d
 772 0454 4A050000 		.4byte	0x54a
 773 0458 02       		.byte	0x2
 774 0459 23       		.byte	0x23
 775 045a 00       		.uleb128 0
 776 045b 06       		.uleb128 0x6
 777 045c F1010000 		.4byte	.LASF64
 778 0460 0A       		.byte	0xa
 779 0461 2E       		.byte	0x2e
 780 0462 49000000 		.4byte	0x49
 781 0466 02       		.byte	0x2
 782 0467 23       		.byte	0x23
 783 0468 04       		.uleb128 0x4
 784 0469 06       		.uleb128 0x6
 785 046a 38020000 		.4byte	.LASF65
 786 046e 0A       		.byte	0xa
 787 046f 2F       		.byte	0x2f
 788 0470 49000000 		.4byte	0x49
 789 0474 02       		.byte	0x2
 790 0475 23       		.byte	0x23
 791 0476 05       		.uleb128 0x5
 792 0477 06       		.uleb128 0x6
 793 0478 B9030000 		.4byte	.LASF66
 794 047c 0A       		.byte	0xa
 795 047d 30       		.byte	0x30
 796 047e 62000000 		.4byte	0x62
 797 0482 02       		.byte	0x2
 798 0483 23       		.byte	0x23
ARM GAS  /tmp/ccGF079j.s 			page 15


 799 0484 06       		.uleb128 0x6
 800 0485 06       		.uleb128 0x6
 801 0486 77020000 		.4byte	.LASF67
 802 048a 0A       		.byte	0xa
 803 048b 31       		.byte	0x31
 804 048c 49000000 		.4byte	0x49
 805 0490 02       		.byte	0x2
 806 0491 23       		.byte	0x23
 807 0492 08       		.uleb128 0x8
 808 0493 06       		.uleb128 0x6
 809 0494 05020000 		.4byte	.LASF68
 810 0498 0A       		.byte	0xa
 811 0499 32       		.byte	0x32
 812 049a 49000000 		.4byte	0x49
 813 049e 02       		.byte	0x2
 814 049f 23       		.byte	0x23
 815 04a0 09       		.uleb128 0x9
 816 04a1 06       		.uleb128 0x6
 817 04a2 38000000 		.4byte	.LASF69
 818 04a6 0A       		.byte	0xa
 819 04a7 33       		.byte	0x33
 820 04a8 49000000 		.4byte	0x49
 821 04ac 02       		.byte	0x2
 822 04ad 23       		.byte	0x23
 823 04ae 0A       		.uleb128 0xa
 824 04af 06       		.uleb128 0x6
 825 04b0 23030000 		.4byte	.LASF70
 826 04b4 0A       		.byte	0xa
 827 04b5 34       		.byte	0x34
 828 04b6 49000000 		.4byte	0x49
 829 04ba 02       		.byte	0x2
 830 04bb 23       		.byte	0x23
 831 04bc 0B       		.uleb128 0xb
 832 04bd 06       		.uleb128 0x6
 833 04be 81030000 		.4byte	.LASF71
 834 04c2 0A       		.byte	0xa
 835 04c3 35       		.byte	0x35
 836 04c4 49000000 		.4byte	0x49
 837 04c8 02       		.byte	0x2
 838 04c9 23       		.byte	0x23
 839 04ca 0C       		.uleb128 0xc
 840 04cb 06       		.uleb128 0x6
 841 04cc 02030000 		.4byte	.LASF72
 842 04d0 0A       		.byte	0xa
 843 04d1 36       		.byte	0x36
 844 04d2 49000000 		.4byte	0x49
 845 04d6 02       		.byte	0x2
 846 04d7 23       		.byte	0x23
 847 04d8 0D       		.uleb128 0xd
 848 04d9 06       		.uleb128 0x6
 849 04da 00000000 		.4byte	.LASF73
 850 04de 0A       		.byte	0xa
 851 04df 37       		.byte	0x37
 852 04e0 49000000 		.4byte	0x49
 853 04e4 02       		.byte	0x2
 854 04e5 23       		.byte	0x23
 855 04e6 0E       		.uleb128 0xe
ARM GAS  /tmp/ccGF079j.s 			page 16


 856 04e7 06       		.uleb128 0x6
 857 04e8 11020000 		.4byte	.LASF74
 858 04ec 0A       		.byte	0xa
 859 04ed 38       		.byte	0x38
 860 04ee 49000000 		.4byte	0x49
 861 04f2 02       		.byte	0x2
 862 04f3 23       		.byte	0x23
 863 04f4 0F       		.uleb128 0xf
 864 04f5 06       		.uleb128 0x6
 865 04f6 8E000000 		.4byte	.LASF75
 866 04fa 0A       		.byte	0xa
 867 04fb 39       		.byte	0x39
 868 04fc 49000000 		.4byte	0x49
 869 0500 02       		.byte	0x2
 870 0501 23       		.byte	0x23
 871 0502 10       		.uleb128 0x10
 872 0503 06       		.uleb128 0x6
 873 0504 67000000 		.4byte	.LASF76
 874 0508 0A       		.byte	0xa
 875 0509 3B       		.byte	0x3b
 876 050a 49000000 		.4byte	0x49
 877 050e 02       		.byte	0x2
 878 050f 23       		.byte	0x23
 879 0510 11       		.uleb128 0x11
 880 0511 06       		.uleb128 0x6
 881 0512 9E000000 		.4byte	.LASF77
 882 0516 0A       		.byte	0xa
 883 0517 3C       		.byte	0x3c
 884 0518 49000000 		.4byte	0x49
 885 051c 02       		.byte	0x2
 886 051d 23       		.byte	0x23
 887 051e 12       		.uleb128 0x12
 888 051f 06       		.uleb128 0x6
 889 0520 F9010000 		.4byte	.LASF78
 890 0524 0A       		.byte	0xa
 891 0525 3D       		.byte	0x3d
 892 0526 49000000 		.4byte	0x49
 893 052a 02       		.byte	0x2
 894 052b 23       		.byte	0x23
 895 052c 13       		.uleb128 0x13
 896 052d 06       		.uleb128 0x6
 897 052e E4020000 		.4byte	.LASF79
 898 0532 0A       		.byte	0xa
 899 0533 3E       		.byte	0x3e
 900 0534 49000000 		.4byte	0x49
 901 0538 02       		.byte	0x2
 902 0539 23       		.byte	0x23
 903 053a 14       		.uleb128 0x14
 904 053b 06       		.uleb128 0x6
 905 053c C3020000 		.4byte	.LASF80
 906 0540 0A       		.byte	0xa
 907 0541 40       		.byte	0x40
 908 0542 49000000 		.4byte	0x49
 909 0546 02       		.byte	0x2
 910 0547 23       		.byte	0x23
 911 0548 15       		.uleb128 0x15
 912 0549 00       		.byte	0
ARM GAS  /tmp/ccGF079j.s 			page 17


 913 054a 11       		.uleb128 0x11
 914 054b 38040000 		.4byte	0x438
 915 054f 5A050000 		.4byte	0x55a
 916 0553 12       		.uleb128 0x12
 917 0554 3B000000 		.4byte	0x3b
 918 0558 03       		.byte	0x3
 919 0559 00       		.byte	0
 920 055a 03       		.uleb128 0x3
 921 055b 2D010000 		.4byte	.LASF81
 922 055f 0A       		.byte	0xa
 923 0560 41       		.byte	0x41
 924 0561 45040000 		.4byte	0x445
 925 0565 13       		.uleb128 0x13
 926 0566 01       		.byte	0x1
 927 0567 4F000000 		.4byte	.LASF82
 928 056b 01       		.byte	0x1
 929 056c 71       		.byte	0x71
 930 056d 01       		.byte	0x1
 931 056e 45020000 		.4byte	0x245
 932 0572 00000000 		.4byte	.LFB7
 933 0576 1E000000 		.4byte	.LFE7
 934 057a 02       		.byte	0x2
 935 057b 7D       		.byte	0x7d
 936 057c 00       		.sleb128 0
 937 057d BE050000 		.4byte	0x5be
 938 0581 14       		.uleb128 0x14
 939 0582 747000   		.ascii	"tp\000"
 940 0585 01       		.byte	0x1
 941 0586 72       		.byte	0x72
 942 0587 45020000 		.4byte	0x245
 943 058b 15       		.uleb128 0x15
 944 058c 00000000 		.4byte	.LBB2
 945 0590 06000000 		.4byte	.LBE2
 946 0594 A8050000 		.4byte	0x5a8
 947 0598 16       		.uleb128 0x16
 948 0599 746D7000 		.ascii	"tmp\000"
 949 059d 01       		.byte	0x1
 950 059e 74       		.byte	0x74
 951 059f 86000000 		.4byte	0x86
 952 05a3 00000000 		.4byte	.LLST0
 953 05a7 00       		.byte	0
 954 05a8 17       		.uleb128 0x17
 955 05a9 00000000 		.4byte	.Ldebug_ranges0+0
 956 05ad 16       		.uleb128 0x16
 957 05ae 746D7000 		.ascii	"tmp\000"
 958 05b2 01       		.byte	0x1
 959 05b3 79       		.byte	0x79
 960 05b4 86000000 		.4byte	0x86
 961 05b8 13000000 		.4byte	.LLST1
 962 05bc 00       		.byte	0
 963 05bd 00       		.byte	0
 964 05be 18       		.uleb128 0x18
 965 05bf 01       		.byte	0x1
 966 05c0 3C030000 		.4byte	.LASF83
 967 05c4 01       		.byte	0x1
 968 05c5 88       		.byte	0x88
 969 05c6 01       		.byte	0x1
ARM GAS  /tmp/ccGF079j.s 			page 18


 970 05c7 45020000 		.4byte	0x245
 971 05cb 00000000 		.4byte	.LFB8
 972 05cf 2C000000 		.4byte	.LFE8
 973 05d3 26000000 		.4byte	.LLST2
 974 05d7 2F060000 		.4byte	0x62f
 975 05db 19       		.uleb128 0x19
 976 05dc 747000   		.ascii	"tp\000"
 977 05df 01       		.byte	0x1
 978 05e0 88       		.byte	0x88
 979 05e1 45020000 		.4byte	0x245
 980 05e5 46000000 		.4byte	.LLST3
 981 05e9 16       		.uleb128 0x16
 982 05ea 6E747000 		.ascii	"ntp\000"
 983 05ee 01       		.byte	0x1
 984 05ef 89       		.byte	0x89
 985 05f0 45020000 		.4byte	0x245
 986 05f4 6F000000 		.4byte	.LLST4
 987 05f8 15       		.uleb128 0x15
 988 05f9 02000000 		.4byte	.LBB5
 989 05fd 08000000 		.4byte	.LBE5
 990 0601 15060000 		.4byte	0x615
 991 0605 16       		.uleb128 0x16
 992 0606 746D7000 		.ascii	"tmp\000"
 993 060a 01       		.byte	0x1
 994 060b 8B       		.byte	0x8b
 995 060c 86000000 		.4byte	0x86
 996 0610 9A000000 		.4byte	.LLST5
 997 0614 00       		.byte	0
 998 0615 1A       		.uleb128 0x1a
 999 0616 16000000 		.4byte	.LBB6
 1000 061a 1C000000 		.4byte	.LBE6
 1001 061e 16       		.uleb128 0x16
 1002 061f 746D7000 		.ascii	"tmp\000"
 1003 0623 01       		.byte	0x1
 1004 0624 96       		.byte	0x96
 1005 0625 86000000 		.4byte	0x86
 1006 0629 AD000000 		.4byte	.LLST6
 1007 062d 00       		.byte	0
 1008 062e 00       		.byte	0
 1009 062f 1B       		.uleb128 0x1b
 1010 0630 9D030000 		.4byte	.LASF84
 1011 0634 08       		.byte	0x8
 1012 0635 72       		.byte	0x72
 1013 0636 A5030000 		.4byte	0x3a5
 1014 063a 01       		.byte	0x1
 1015 063b 01       		.byte	0x1
 1016 063c 1B       		.uleb128 0x1b
 1017 063d 9D030000 		.4byte	.LASF84
 1018 0641 08       		.byte	0x8
 1019 0642 72       		.byte	0x72
 1020 0643 A5030000 		.4byte	0x3a5
 1021 0647 01       		.byte	0x1
 1022 0648 01       		.byte	0x1
 1023 0649 1C       		.uleb128 0x1c
 1024 064a 75010000 		.4byte	.LASF85
 1025 064e 01       		.byte	0x1
 1026 064f 42       		.byte	0x42
ARM GAS  /tmp/ccGF079j.s 			page 19


 1027 0650 5B060000 		.4byte	0x65b
 1028 0654 01       		.byte	0x1
 1029 0655 05       		.byte	0x5
 1030 0656 03       		.byte	0x3
 1031 0657 00000000 		.4byte	ch_debug
 1032 065b 10       		.uleb128 0x10
 1033 065c 5A050000 		.4byte	0x55a
 1034 0660 00       		.byte	0
 1035              		.section	.debug_abbrev,"",%progbits
 1036              	.Ldebug_abbrev0:
 1037 0000 01       		.uleb128 0x1
 1038 0001 11       		.uleb128 0x11
 1039 0002 01       		.byte	0x1
 1040 0003 25       		.uleb128 0x25
 1041 0004 0E       		.uleb128 0xe
 1042 0005 13       		.uleb128 0x13
 1043 0006 0B       		.uleb128 0xb
 1044 0007 03       		.uleb128 0x3
 1045 0008 0E       		.uleb128 0xe
 1046 0009 1B       		.uleb128 0x1b
 1047 000a 0E       		.uleb128 0xe
 1048 000b 11       		.uleb128 0x11
 1049 000c 01       		.uleb128 0x1
 1050 000d 52       		.uleb128 0x52
 1051 000e 01       		.uleb128 0x1
 1052 000f 55       		.uleb128 0x55
 1053 0010 06       		.uleb128 0x6
 1054 0011 10       		.uleb128 0x10
 1055 0012 06       		.uleb128 0x6
 1056 0013 00       		.byte	0
 1057 0014 00       		.byte	0
 1058 0015 02       		.uleb128 0x2
 1059 0016 24       		.uleb128 0x24
 1060 0017 00       		.byte	0
 1061 0018 0B       		.uleb128 0xb
 1062 0019 0B       		.uleb128 0xb
 1063 001a 3E       		.uleb128 0x3e
 1064 001b 0B       		.uleb128 0xb
 1065 001c 03       		.uleb128 0x3
 1066 001d 08       		.uleb128 0x8
 1067 001e 00       		.byte	0
 1068 001f 00       		.byte	0
 1069 0020 03       		.uleb128 0x3
 1070 0021 16       		.uleb128 0x16
 1071 0022 00       		.byte	0
 1072 0023 03       		.uleb128 0x3
 1073 0024 0E       		.uleb128 0xe
 1074 0025 3A       		.uleb128 0x3a
 1075 0026 0B       		.uleb128 0xb
 1076 0027 3B       		.uleb128 0x3b
 1077 0028 0B       		.uleb128 0xb
 1078 0029 49       		.uleb128 0x49
 1079 002a 13       		.uleb128 0x13
 1080 002b 00       		.byte	0
 1081 002c 00       		.byte	0
 1082 002d 04       		.uleb128 0x4
 1083 002e 24       		.uleb128 0x24
ARM GAS  /tmp/ccGF079j.s 			page 20


 1084 002f 00       		.byte	0
 1085 0030 0B       		.uleb128 0xb
 1086 0031 0B       		.uleb128 0xb
 1087 0032 3E       		.uleb128 0x3e
 1088 0033 0B       		.uleb128 0xb
 1089 0034 03       		.uleb128 0x3
 1090 0035 0E       		.uleb128 0xe
 1091 0036 00       		.byte	0
 1092 0037 00       		.byte	0
 1093 0038 05       		.uleb128 0x5
 1094 0039 13       		.uleb128 0x13
 1095 003a 01       		.byte	0x1
 1096 003b 03       		.uleb128 0x3
 1097 003c 0E       		.uleb128 0xe
 1098 003d 0B       		.uleb128 0xb
 1099 003e 0B       		.uleb128 0xb
 1100 003f 3A       		.uleb128 0x3a
 1101 0040 0B       		.uleb128 0xb
 1102 0041 3B       		.uleb128 0x3b
 1103 0042 0B       		.uleb128 0xb
 1104 0043 01       		.uleb128 0x1
 1105 0044 13       		.uleb128 0x13
 1106 0045 00       		.byte	0
 1107 0046 00       		.byte	0
 1108 0047 06       		.uleb128 0x6
 1109 0048 0D       		.uleb128 0xd
 1110 0049 00       		.byte	0
 1111 004a 03       		.uleb128 0x3
 1112 004b 0E       		.uleb128 0xe
 1113 004c 3A       		.uleb128 0x3a
 1114 004d 0B       		.uleb128 0xb
 1115 004e 3B       		.uleb128 0x3b
 1116 004f 0B       		.uleb128 0xb
 1117 0050 49       		.uleb128 0x49
 1118 0051 13       		.uleb128 0x13
 1119 0052 38       		.uleb128 0x38
 1120 0053 0A       		.uleb128 0xa
 1121 0054 00       		.byte	0
 1122 0055 00       		.byte	0
 1123 0056 07       		.uleb128 0x7
 1124 0057 0D       		.uleb128 0xd
 1125 0058 00       		.byte	0
 1126 0059 03       		.uleb128 0x3
 1127 005a 08       		.uleb128 0x8
 1128 005b 3A       		.uleb128 0x3a
 1129 005c 0B       		.uleb128 0xb
 1130 005d 3B       		.uleb128 0x3b
 1131 005e 0B       		.uleb128 0xb
 1132 005f 49       		.uleb128 0x49
 1133 0060 13       		.uleb128 0x13
 1134 0061 38       		.uleb128 0x38
 1135 0062 0A       		.uleb128 0xa
 1136 0063 00       		.byte	0
 1137 0064 00       		.byte	0
 1138 0065 08       		.uleb128 0x8
 1139 0066 13       		.uleb128 0x13
 1140 0067 01       		.byte	0x1
ARM GAS  /tmp/ccGF079j.s 			page 21


 1141 0068 0B       		.uleb128 0xb
 1142 0069 0B       		.uleb128 0xb
 1143 006a 3A       		.uleb128 0x3a
 1144 006b 0B       		.uleb128 0xb
 1145 006c 3B       		.uleb128 0x3b
 1146 006d 0B       		.uleb128 0xb
 1147 006e 01       		.uleb128 0x1
 1148 006f 13       		.uleb128 0x13
 1149 0070 00       		.byte	0
 1150 0071 00       		.byte	0
 1151 0072 09       		.uleb128 0x9
 1152 0073 0F       		.uleb128 0xf
 1153 0074 00       		.byte	0
 1154 0075 0B       		.uleb128 0xb
 1155 0076 0B       		.uleb128 0xb
 1156 0077 49       		.uleb128 0x49
 1157 0078 13       		.uleb128 0x13
 1158 0079 00       		.byte	0
 1159 007a 00       		.byte	0
 1160 007b 0A       		.uleb128 0xa
 1161 007c 0F       		.uleb128 0xf
 1162 007d 00       		.byte	0
 1163 007e 0B       		.uleb128 0xb
 1164 007f 0B       		.uleb128 0xb
 1165 0080 00       		.byte	0
 1166 0081 00       		.byte	0
 1167 0082 0B       		.uleb128 0xb
 1168 0083 0D       		.uleb128 0xd
 1169 0084 00       		.byte	0
 1170 0085 03       		.uleb128 0x3
 1171 0086 08       		.uleb128 0x8
 1172 0087 3A       		.uleb128 0x3a
 1173 0088 0B       		.uleb128 0xb
 1174 0089 3B       		.uleb128 0x3b
 1175 008a 05       		.uleb128 0x5
 1176 008b 49       		.uleb128 0x49
 1177 008c 13       		.uleb128 0x13
 1178 008d 38       		.uleb128 0x38
 1179 008e 0A       		.uleb128 0xa
 1180 008f 00       		.byte	0
 1181 0090 00       		.byte	0
 1182 0091 0C       		.uleb128 0xc
 1183 0092 13       		.uleb128 0x13
 1184 0093 01       		.byte	0x1
 1185 0094 03       		.uleb128 0x3
 1186 0095 0E       		.uleb128 0xe
 1187 0096 0B       		.uleb128 0xb
 1188 0097 0B       		.uleb128 0xb
 1189 0098 3A       		.uleb128 0x3a
 1190 0099 0B       		.uleb128 0xb
 1191 009a 3B       		.uleb128 0x3b
 1192 009b 05       		.uleb128 0x5
 1193 009c 01       		.uleb128 0x1
 1194 009d 13       		.uleb128 0x13
 1195 009e 00       		.byte	0
 1196 009f 00       		.byte	0
 1197 00a0 0D       		.uleb128 0xd
ARM GAS  /tmp/ccGF079j.s 			page 22


 1198 00a1 35       		.uleb128 0x35
 1199 00a2 00       		.byte	0
 1200 00a3 49       		.uleb128 0x49
 1201 00a4 13       		.uleb128 0x13
 1202 00a5 00       		.byte	0
 1203 00a6 00       		.byte	0
 1204 00a7 0E       		.uleb128 0xe
 1205 00a8 17       		.uleb128 0x17
 1206 00a9 01       		.byte	0x1
 1207 00aa 0B       		.uleb128 0xb
 1208 00ab 0B       		.uleb128 0xb
 1209 00ac 3A       		.uleb128 0x3a
 1210 00ad 0B       		.uleb128 0xb
 1211 00ae 3B       		.uleb128 0x3b
 1212 00af 0B       		.uleb128 0xb
 1213 00b0 01       		.uleb128 0x1
 1214 00b1 13       		.uleb128 0x13
 1215 00b2 00       		.byte	0
 1216 00b3 00       		.byte	0
 1217 00b4 0F       		.uleb128 0xf
 1218 00b5 0D       		.uleb128 0xd
 1219 00b6 00       		.byte	0
 1220 00b7 03       		.uleb128 0x3
 1221 00b8 0E       		.uleb128 0xe
 1222 00b9 3A       		.uleb128 0x3a
 1223 00ba 0B       		.uleb128 0xb
 1224 00bb 3B       		.uleb128 0x3b
 1225 00bc 0B       		.uleb128 0xb
 1226 00bd 49       		.uleb128 0x49
 1227 00be 13       		.uleb128 0x13
 1228 00bf 00       		.byte	0
 1229 00c0 00       		.byte	0
 1230 00c1 10       		.uleb128 0x10
 1231 00c2 26       		.uleb128 0x26
 1232 00c3 00       		.byte	0
 1233 00c4 49       		.uleb128 0x49
 1234 00c5 13       		.uleb128 0x13
 1235 00c6 00       		.byte	0
 1236 00c7 00       		.byte	0
 1237 00c8 11       		.uleb128 0x11
 1238 00c9 01       		.uleb128 0x1
 1239 00ca 01       		.byte	0x1
 1240 00cb 49       		.uleb128 0x49
 1241 00cc 13       		.uleb128 0x13
 1242 00cd 01       		.uleb128 0x1
 1243 00ce 13       		.uleb128 0x13
 1244 00cf 00       		.byte	0
 1245 00d0 00       		.byte	0
 1246 00d1 12       		.uleb128 0x12
 1247 00d2 21       		.uleb128 0x21
 1248 00d3 00       		.byte	0
 1249 00d4 49       		.uleb128 0x49
 1250 00d5 13       		.uleb128 0x13
 1251 00d6 2F       		.uleb128 0x2f
 1252 00d7 0B       		.uleb128 0xb
 1253 00d8 00       		.byte	0
 1254 00d9 00       		.byte	0
ARM GAS  /tmp/ccGF079j.s 			page 23


 1255 00da 13       		.uleb128 0x13
 1256 00db 2E       		.uleb128 0x2e
 1257 00dc 01       		.byte	0x1
 1258 00dd 3F       		.uleb128 0x3f
 1259 00de 0C       		.uleb128 0xc
 1260 00df 03       		.uleb128 0x3
 1261 00e0 0E       		.uleb128 0xe
 1262 00e1 3A       		.uleb128 0x3a
 1263 00e2 0B       		.uleb128 0xb
 1264 00e3 3B       		.uleb128 0x3b
 1265 00e4 0B       		.uleb128 0xb
 1266 00e5 27       		.uleb128 0x27
 1267 00e6 0C       		.uleb128 0xc
 1268 00e7 49       		.uleb128 0x49
 1269 00e8 13       		.uleb128 0x13
 1270 00e9 11       		.uleb128 0x11
 1271 00ea 01       		.uleb128 0x1
 1272 00eb 12       		.uleb128 0x12
 1273 00ec 01       		.uleb128 0x1
 1274 00ed 40       		.uleb128 0x40
 1275 00ee 0A       		.uleb128 0xa
 1276 00ef 01       		.uleb128 0x1
 1277 00f0 13       		.uleb128 0x13
 1278 00f1 00       		.byte	0
 1279 00f2 00       		.byte	0
 1280 00f3 14       		.uleb128 0x14
 1281 00f4 34       		.uleb128 0x34
 1282 00f5 00       		.byte	0
 1283 00f6 03       		.uleb128 0x3
 1284 00f7 08       		.uleb128 0x8
 1285 00f8 3A       		.uleb128 0x3a
 1286 00f9 0B       		.uleb128 0xb
 1287 00fa 3B       		.uleb128 0x3b
 1288 00fb 0B       		.uleb128 0xb
 1289 00fc 49       		.uleb128 0x49
 1290 00fd 13       		.uleb128 0x13
 1291 00fe 00       		.byte	0
 1292 00ff 00       		.byte	0
 1293 0100 15       		.uleb128 0x15
 1294 0101 0B       		.uleb128 0xb
 1295 0102 01       		.byte	0x1
 1296 0103 11       		.uleb128 0x11
 1297 0104 01       		.uleb128 0x1
 1298 0105 12       		.uleb128 0x12
 1299 0106 01       		.uleb128 0x1
 1300 0107 01       		.uleb128 0x1
 1301 0108 13       		.uleb128 0x13
 1302 0109 00       		.byte	0
 1303 010a 00       		.byte	0
 1304 010b 16       		.uleb128 0x16
 1305 010c 34       		.uleb128 0x34
 1306 010d 00       		.byte	0
 1307 010e 03       		.uleb128 0x3
 1308 010f 08       		.uleb128 0x8
 1309 0110 3A       		.uleb128 0x3a
 1310 0111 0B       		.uleb128 0xb
 1311 0112 3B       		.uleb128 0x3b
ARM GAS  /tmp/ccGF079j.s 			page 24


 1312 0113 0B       		.uleb128 0xb
 1313 0114 49       		.uleb128 0x49
 1314 0115 13       		.uleb128 0x13
 1315 0116 02       		.uleb128 0x2
 1316 0117 06       		.uleb128 0x6
 1317 0118 00       		.byte	0
 1318 0119 00       		.byte	0
 1319 011a 17       		.uleb128 0x17
 1320 011b 0B       		.uleb128 0xb
 1321 011c 01       		.byte	0x1
 1322 011d 55       		.uleb128 0x55
 1323 011e 06       		.uleb128 0x6
 1324 011f 00       		.byte	0
 1325 0120 00       		.byte	0
 1326 0121 18       		.uleb128 0x18
 1327 0122 2E       		.uleb128 0x2e
 1328 0123 01       		.byte	0x1
 1329 0124 3F       		.uleb128 0x3f
 1330 0125 0C       		.uleb128 0xc
 1331 0126 03       		.uleb128 0x3
 1332 0127 0E       		.uleb128 0xe
 1333 0128 3A       		.uleb128 0x3a
 1334 0129 0B       		.uleb128 0xb
 1335 012a 3B       		.uleb128 0x3b
 1336 012b 0B       		.uleb128 0xb
 1337 012c 27       		.uleb128 0x27
 1338 012d 0C       		.uleb128 0xc
 1339 012e 49       		.uleb128 0x49
 1340 012f 13       		.uleb128 0x13
 1341 0130 11       		.uleb128 0x11
 1342 0131 01       		.uleb128 0x1
 1343 0132 12       		.uleb128 0x12
 1344 0133 01       		.uleb128 0x1
 1345 0134 40       		.uleb128 0x40
 1346 0135 06       		.uleb128 0x6
 1347 0136 01       		.uleb128 0x1
 1348 0137 13       		.uleb128 0x13
 1349 0138 00       		.byte	0
 1350 0139 00       		.byte	0
 1351 013a 19       		.uleb128 0x19
 1352 013b 05       		.uleb128 0x5
 1353 013c 00       		.byte	0
 1354 013d 03       		.uleb128 0x3
 1355 013e 08       		.uleb128 0x8
 1356 013f 3A       		.uleb128 0x3a
 1357 0140 0B       		.uleb128 0xb
 1358 0141 3B       		.uleb128 0x3b
 1359 0142 0B       		.uleb128 0xb
 1360 0143 49       		.uleb128 0x49
 1361 0144 13       		.uleb128 0x13
 1362 0145 02       		.uleb128 0x2
 1363 0146 06       		.uleb128 0x6
 1364 0147 00       		.byte	0
 1365 0148 00       		.byte	0
 1366 0149 1A       		.uleb128 0x1a
 1367 014a 0B       		.uleb128 0xb
 1368 014b 01       		.byte	0x1
ARM GAS  /tmp/ccGF079j.s 			page 25


 1369 014c 11       		.uleb128 0x11
 1370 014d 01       		.uleb128 0x1
 1371 014e 12       		.uleb128 0x12
 1372 014f 01       		.uleb128 0x1
 1373 0150 00       		.byte	0
 1374 0151 00       		.byte	0
 1375 0152 1B       		.uleb128 0x1b
 1376 0153 34       		.uleb128 0x34
 1377 0154 00       		.byte	0
 1378 0155 03       		.uleb128 0x3
 1379 0156 0E       		.uleb128 0xe
 1380 0157 3A       		.uleb128 0x3a
 1381 0158 0B       		.uleb128 0xb
 1382 0159 3B       		.uleb128 0x3b
 1383 015a 0B       		.uleb128 0xb
 1384 015b 49       		.uleb128 0x49
 1385 015c 13       		.uleb128 0x13
 1386 015d 3F       		.uleb128 0x3f
 1387 015e 0C       		.uleb128 0xc
 1388 015f 3C       		.uleb128 0x3c
 1389 0160 0C       		.uleb128 0xc
 1390 0161 00       		.byte	0
 1391 0162 00       		.byte	0
 1392 0163 1C       		.uleb128 0x1c
 1393 0164 34       		.uleb128 0x34
 1394 0165 00       		.byte	0
 1395 0166 03       		.uleb128 0x3
 1396 0167 0E       		.uleb128 0xe
 1397 0168 3A       		.uleb128 0x3a
 1398 0169 0B       		.uleb128 0xb
 1399 016a 3B       		.uleb128 0x3b
 1400 016b 0B       		.uleb128 0xb
 1401 016c 49       		.uleb128 0x49
 1402 016d 13       		.uleb128 0x13
 1403 016e 3F       		.uleb128 0x3f
 1404 016f 0C       		.uleb128 0xc
 1405 0170 02       		.uleb128 0x2
 1406 0171 0A       		.uleb128 0xa
 1407 0172 00       		.byte	0
 1408 0173 00       		.byte	0
 1409 0174 00       		.byte	0
 1410              		.section	.debug_loc,"",%progbits
 1411              	.Ldebug_loc0:
 1412              	.LLST0:
 1413 0000 06000000 		.4byte	.LVL1
 1414 0004 10000000 		.4byte	.LVL2
 1415 0008 0100     		.2byte	0x1
 1416 000a 53       		.byte	0x53
 1417 000b 00000000 		.4byte	0
 1418 000f 00000000 		.4byte	0
 1419              	.LLST1:
 1420 0013 1C000000 		.4byte	.LVL4
 1421 0017 1E000000 		.4byte	.LFE7
 1422 001b 0100     		.2byte	0x1
 1423 001d 53       		.byte	0x53
 1424 001e 00000000 		.4byte	0
 1425 0022 00000000 		.4byte	0
ARM GAS  /tmp/ccGF079j.s 			page 26


 1426              	.LLST2:
 1427 0026 00000000 		.4byte	.LFB8
 1428 002a 02000000 		.4byte	.LCFI0
 1429 002e 0200     		.2byte	0x2
 1430 0030 7D       		.byte	0x7d
 1431 0031 00       		.sleb128 0
 1432 0032 02000000 		.4byte	.LCFI0
 1433 0036 2C000000 		.4byte	.LFE8
 1434 003a 0200     		.2byte	0x2
 1435 003c 7D       		.byte	0x7d
 1436 003d 08       		.sleb128 8
 1437 003e 00000000 		.4byte	0
 1438 0042 00000000 		.4byte	0
 1439              	.LLST3:
 1440 0046 00000000 		.4byte	.LVL5
 1441 004a 10000000 		.4byte	.LVL10
 1442 004e 0100     		.2byte	0x1
 1443 0050 50       		.byte	0x50
 1444 0051 16000000 		.4byte	.LVL11
 1445 0055 1F000000 		.4byte	.LVL14-1
 1446 0059 0100     		.2byte	0x1
 1447 005b 50       		.byte	0x50
 1448 005c 24000000 		.4byte	.LVL15
 1449 0060 2C000000 		.4byte	.LFE8
 1450 0064 0100     		.2byte	0x1
 1451 0066 50       		.byte	0x50
 1452 0067 00000000 		.4byte	0
 1453 006b 00000000 		.4byte	0
 1454              	.LLST4:
 1455 006f 0C000000 		.4byte	.LVL9
 1456 0073 16000000 		.4byte	.LVL11
 1457 0077 0200     		.2byte	0x2
 1458 0079 70       		.byte	0x70
 1459 007a 10       		.sleb128 16
 1460 007b 16000000 		.4byte	.LVL11
 1461 007f 26000000 		.4byte	.LVL16
 1462 0083 0100     		.2byte	0x1
 1463 0085 54       		.byte	0x54
 1464 0086 26000000 		.4byte	.LVL16
 1465 008a 2C000000 		.4byte	.LFE8
 1466 008e 0200     		.2byte	0x2
 1467 0090 70       		.byte	0x70
 1468 0091 10       		.sleb128 16
 1469 0092 00000000 		.4byte	0
 1470 0096 00000000 		.4byte	0
 1471              	.LLST5:
 1472 009a 08000000 		.4byte	.LVL7
 1473 009e 0A000000 		.4byte	.LVL8
 1474 00a2 0100     		.2byte	0x1
 1475 00a4 53       		.byte	0x53
 1476 00a5 00000000 		.4byte	0
 1477 00a9 00000000 		.4byte	0
 1478              	.LLST6:
 1479 00ad 1C000000 		.4byte	.LVL13
 1480 00b1 1F000000 		.4byte	.LVL14-1
 1481 00b5 0100     		.2byte	0x1
 1482 00b7 53       		.byte	0x53
ARM GAS  /tmp/ccGF079j.s 			page 27


 1483 00b8 00000000 		.4byte	0
 1484 00bc 00000000 		.4byte	0
 1485              		.section	.debug_aranges,"",%progbits
 1486 0000 24000000 		.4byte	0x24
 1487 0004 0200     		.2byte	0x2
 1488 0006 00000000 		.4byte	.Ldebug_info0
 1489 000a 04       		.byte	0x4
 1490 000b 00       		.byte	0
 1491 000c 0000     		.2byte	0
 1492 000e 0000     		.2byte	0
 1493 0010 00000000 		.4byte	.LFB7
 1494 0014 1E000000 		.4byte	.LFE7-.LFB7
 1495 0018 00000000 		.4byte	.LFB8
 1496 001c 2C000000 		.4byte	.LFE8-.LFB8
 1497 0020 00000000 		.4byte	0
 1498 0024 00000000 		.4byte	0
 1499              		.section	.debug_ranges,"",%progbits
 1500              	.Ldebug_ranges0:
 1501 0000 0E000000 		.4byte	.LBB3
 1502 0004 10000000 		.4byte	.LBE3
 1503 0008 18000000 		.4byte	.LBB4
 1504 000c 1C000000 		.4byte	.LBE4
 1505 0010 00000000 		.4byte	0
 1506 0014 00000000 		.4byte	0
 1507 0018 00000000 		.4byte	.LFB7
 1508 001c 1E000000 		.4byte	.LFE7
 1509 0020 00000000 		.4byte	.LFB8
 1510 0024 2C000000 		.4byte	.LFE8
 1511 0028 00000000 		.4byte	0
 1512 002c 00000000 		.4byte	0
 1513              		.section	.debug_line,"",%progbits
 1514              	.Ldebug_line0:
 1515 0000 87010000 		.section	.debug_str,"MS",%progbits,1
 1515      02004F01 
 1515      00000201 
 1515      FB0E0D00 
 1515      01010101 
 1516              	.LASF73:
 1517 0000 63665F6F 		.ascii	"cf_off_older\000"
 1517      66665F6F 
 1517      6C646572 
 1517      00
 1518              	.LASF36:
 1519 000d 705F6D73 		.ascii	"p_msg\000"
 1519      6700
 1520              	.LASF2:
 1521 0013 73697A65 		.ascii	"size_t\000"
 1521      5F7400
 1522              	.LASF58:
 1523 001a 7264796D 		.ascii	"rdymsg\000"
 1523      736700
 1524              	.LASF13:
 1525 0021 6C6F6E67 		.ascii	"long long unsigned int\000"
 1525      206C6F6E 
 1525      6720756E 
 1525      7369676E 
 1525      65642069 
ARM GAS  /tmp/ccGF079j.s 			page 28


 1526              	.LASF69:
 1527 0038 63685F74 		.ascii	"ch_threadsize\000"
 1527      68726561 
 1527      6473697A 
 1527      6500
 1528              	.LASF59:
 1529 0046 65786974 		.ascii	"exitcode\000"
 1529      636F6465 
 1529      00
 1530              	.LASF82:
 1531 004f 63685265 		.ascii	"chRegFirstThread\000"
 1531      67466972 
 1531      73745468 
 1531      72656164 
 1531      00
 1532              	.LASF25:
 1533 0060 705F7072 		.ascii	"p_prio\000"
 1533      696F00
 1534              	.LASF76:
 1535 0067 63665F6F 		.ascii	"cf_off_state\000"
 1535      66665F73 
 1535      74617465 
 1535      00
 1536              	.LASF12:
 1537 0074 6C6F6E67 		.ascii	"long long int\000"
 1537      206C6F6E 
 1537      6720696E 
 1537      7400
 1538              	.LASF1:
 1539 0082 7369676E 		.ascii	"signed char\000"
 1539      65642063 
 1539      68617200 
 1540              	.LASF75:
 1541 008e 63665F6F 		.ascii	"cf_off_stklimit\000"
 1541      66665F73 
 1541      746B6C69 
 1541      6D697400 
 1542              	.LASF77:
 1543 009e 63665F6F 		.ascii	"cf_off_flags\000"
 1543      66665F66 
 1543      6C616773 
 1543      00
 1544              	.LASF40:
 1545 00ab 705F6D70 		.ascii	"p_mpool\000"
 1545      6F6F6C00 
 1546              	.LASF55:
 1547 00b3 6D5F7175 		.ascii	"m_queue\000"
 1547      65756500 
 1548              	.LASF63:
 1549 00bb 63685F69 		.ascii	"ch_identifier\000"
 1549      64656E74 
 1549      69666965 
 1549      7200
 1550              	.LASF9:
 1551 00c9 6C6F6E67 		.ascii	"long int\000"
 1551      20696E74 
 1551      00
ARM GAS  /tmp/ccGF079j.s 			page 29


 1552              	.LASF86:
 1553 00d2 474E5520 		.ascii	"GNU C 4.6.2 20120613 (release) [ARM/embedded-4_6-br"
 1553      4320342E 
 1553      362E3220 
 1553      32303132 
 1553      30363133 
 1554 0105 616E6368 		.ascii	"anch revision 188521]\000"
 1554      20726576 
 1554      6973696F 
 1554      6E203138 
 1554      38353231 
 1555              	.LASF15:
 1556 011b 74737461 		.ascii	"tstate_t\000"
 1556      74655F74 
 1556      00
 1557              	.LASF6:
 1558 0124 75696E74 		.ascii	"uint16_t\000"
 1558      31365F74 
 1558      00
 1559              	.LASF81:
 1560 012d 63686465 		.ascii	"chdebug_t\000"
 1560      6275675F 
 1560      7400
 1561              	.LASF27:
 1562 0137 705F6E65 		.ascii	"p_newer\000"
 1562      77657200 
 1563              	.LASF49:
 1564 013f 725F6E65 		.ascii	"r_newer\000"
 1564      77657200 
 1565              	.LASF43:
 1566 0147 72656761 		.ascii	"regarm_t\000"
 1566      726D5F74 
 1566      00
 1567              	.LASF21:
 1568 0150 636E745F 		.ascii	"cnt_t\000"
 1568      7400
 1569              	.LASF0:
 1570 0156 756E7369 		.ascii	"unsigned int\000"
 1570      676E6564 
 1570      20696E74 
 1570      00
 1571              	.LASF11:
 1572 0163 6C6F6E67 		.ascii	"long unsigned int\000"
 1572      20756E73 
 1572      69676E65 
 1572      6420696E 
 1572      7400
 1573              	.LASF85:
 1574 0175 63685F64 		.ascii	"ch_debug\000"
 1574      65627567 
 1574      00
 1575              	.LASF88:
 1576 017e 2F686F6D 		.ascii	"/home/pacifist/fox1/amsat-fox/stm32f4-devel\000"
 1576      652F7061 
 1576      63696669 
 1576      73742F66 
 1576      6F78312F 
ARM GAS  /tmp/ccGF079j.s 			page 30


 1577              	.LASF45:
 1578 01aa 636F6E74 		.ascii	"context\000"
 1578      65787400 
 1579              	.LASF7:
 1580 01b2 73686F72 		.ascii	"short unsigned int\000"
 1580      7420756E 
 1580      7369676E 
 1580      65642069 
 1580      6E7400
 1581              	.LASF18:
 1582 01c5 6D73675F 		.ascii	"msg_t\000"
 1582      7400
 1583              	.LASF14:
 1584 01cb 746D6F64 		.ascii	"tmode_t\000"
 1584      655F7400 
 1585              	.LASF42:
 1586 01d3 54687265 		.ascii	"ThreadsList\000"
 1586      6164734C 
 1586      69737400 
 1587              	.LASF19:
 1588 01df 6576656E 		.ascii	"eventmask_t\000"
 1588      746D6173 
 1588      6B5F7400 
 1589              	.LASF54:
 1590 01eb 4D757465 		.ascii	"Mutex\000"
 1590      7800
 1591              	.LASF64:
 1592 01f1 63685F7A 		.ascii	"ch_zero\000"
 1592      65726F00 
 1593              	.LASF78:
 1594 01f9 63665F6F 		.ascii	"cf_off_refs\000"
 1594      66665F72 
 1594      65667300 
 1595              	.LASF68:
 1596 0205 63685F74 		.ascii	"ch_timesize\000"
 1596      696D6573 
 1596      697A6500 
 1597              	.LASF74:
 1598 0211 63665F6F 		.ascii	"cf_off_name\000"
 1598      66665F6E 
 1598      616D6500 
 1599              	.LASF28:
 1600 021d 705F6F6C 		.ascii	"p_older\000"
 1600      64657200 
 1601              	.LASF48:
 1602 0225 725F6374 		.ascii	"r_ctx\000"
 1602      7800
 1603              	.LASF41:
 1604 022b 54687265 		.ascii	"ThreadsQueue\000"
 1604      61647351 
 1604      75657565 
 1604      00
 1605              	.LASF65:
 1606 0238 63685F73 		.ascii	"ch_size\000"
 1606      697A6500 
 1607              	.LASF52:
 1608 0240 725F6375 		.ascii	"r_current\000"
ARM GAS  /tmp/ccGF079j.s 			page 31


 1608      7272656E 
 1608      7400
 1609              	.LASF50:
 1610 024a 725F6F6C 		.ascii	"r_older\000"
 1610      64657200 
 1611              	.LASF87:
 1612 0252 2E2F6F73 		.ascii	"./os/kernel/src/chregistry.c\000"
 1612      2F6B6572 
 1612      6E656C2F 
 1612      7372632F 
 1612      63687265 
 1613              	.LASF16:
 1614 026f 74726566 		.ascii	"trefs_t\000"
 1614      735F7400 
 1615              	.LASF67:
 1616 0277 63685F70 		.ascii	"ch_ptrsize\000"
 1616      74727369 
 1616      7A6500
 1617              	.LASF24:
 1618 0282 705F7072 		.ascii	"p_prev\000"
 1618      657600
 1619              	.LASF17:
 1620 0289 74707269 		.ascii	"tprio_t\000"
 1620      6F5F7400 
 1621              	.LASF8:
 1622 0291 696E7433 		.ascii	"int32_t\000"
 1622      325F7400 
 1623              	.LASF4:
 1624 0299 756E7369 		.ascii	"unsigned char\000"
 1624      676E6564 
 1624      20636861 
 1624      7200
 1625              	.LASF38:
 1626 02a7 705F6D74 		.ascii	"p_mtxlist\000"
 1626      786C6973 
 1626      7400
 1627              	.LASF5:
 1628 02b1 73686F72 		.ascii	"short int\000"
 1628      7420696E 
 1628      7400
 1629              	.LASF30:
 1630 02bb 705F7374 		.ascii	"p_state\000"
 1630      61746500 
 1631              	.LASF80:
 1632 02c3 63665F6F 		.ascii	"cf_off_time\000"
 1632      66665F74 
 1632      696D6500 
 1633              	.LASF47:
 1634 02cf 725F7072 		.ascii	"r_prio\000"
 1634      696F00
 1635              	.LASF61:
 1636 02d6 65776D61 		.ascii	"ewmask\000"
 1636      736B00
 1637              	.LASF23:
 1638 02dd 705F6E65 		.ascii	"p_next\000"
 1638      787400
 1639              	.LASF79:
ARM GAS  /tmp/ccGF079j.s 			page 32


 1640 02e4 63665F6F 		.ascii	"cf_off_preempt\000"
 1640      66665F70 
 1640      7265656D 
 1640      707400
 1641              	.LASF31:
 1642 02f3 705F666C 		.ascii	"p_flags\000"
 1642      61677300 
 1643              	.LASF22:
 1644 02fb 54687265 		.ascii	"Thread\000"
 1644      616400
 1645              	.LASF72:
 1646 0302 63665F6F 		.ascii	"cf_off_newer\000"
 1646      66665F6E 
 1646      65776572 
 1646      00
 1647              	.LASF37:
 1648 030f 705F6570 		.ascii	"p_epending\000"
 1648      656E6469 
 1648      6E6700
 1649              	.LASF10:
 1650 031a 75696E74 		.ascii	"uint32_t\000"
 1650      33325F74 
 1650      00
 1651              	.LASF70:
 1652 0323 63665F6F 		.ascii	"cf_off_prio\000"
 1652      66665F70 
 1652      72696F00 
 1653              	.LASF46:
 1654 032f 725F7175 		.ascii	"r_queue\000"
 1654      65756500 
 1655              	.LASF62:
 1656 0337 63686172 		.ascii	"char\000"
 1656      00
 1657              	.LASF83:
 1658 033c 63685265 		.ascii	"chRegNextThread\000"
 1658      674E6578 
 1658      74546872 
 1658      65616400 
 1659              	.LASF57:
 1660 034c 6D5F6E65 		.ascii	"m_next\000"
 1660      787400
 1661              	.LASF20:
 1662 0353 73797374 		.ascii	"systime_t\000"
 1662      696D655F 
 1662      7400
 1663              	.LASF39:
 1664 035d 705F7265 		.ascii	"p_realprio\000"
 1664      616C7072 
 1664      696F00
 1665              	.LASF33:
 1666 0368 705F7469 		.ascii	"p_time\000"
 1666      6D6500
 1667              	.LASF44:
 1668 036f 696E7463 		.ascii	"intctx\000"
 1668      747800
 1669              	.LASF35:
 1670 0376 705F6D73 		.ascii	"p_msgqueue\000"
ARM GAS  /tmp/ccGF079j.s 			page 33


 1670      67717565 
 1670      756500
 1671              	.LASF71:
 1672 0381 63665F6F 		.ascii	"cf_off_ctx\000"
 1672      66665F63 
 1672      747800
 1673              	.LASF32:
 1674 038c 705F7265 		.ascii	"p_refs\000"
 1674      667300
 1675              	.LASF53:
 1676 0393 52656164 		.ascii	"ReadyList\000"
 1676      794C6973 
 1676      7400
 1677              	.LASF84:
 1678 039d 726C6973 		.ascii	"rlist\000"
 1678      7400
 1679              	.LASF3:
 1680 03a3 75696E74 		.ascii	"uint8_t\000"
 1680      385F7400 
 1681              	.LASF60:
 1682 03ab 77746F62 		.ascii	"wtobjp\000"
 1682      6A7000
 1683              	.LASF29:
 1684 03b2 705F6E61 		.ascii	"p_name\000"
 1684      6D6500
 1685              	.LASF66:
 1686 03b9 63685F76 		.ascii	"ch_version\000"
 1686      65727369 
 1686      6F6E00
 1687              	.LASF51:
 1688 03c4 725F7072 		.ascii	"r_preempt\000"
 1688      65656D70 
 1688      7400
 1689              	.LASF56:
 1690 03ce 6D5F6F77 		.ascii	"m_owner\000"
 1690      6E657200 
 1691              	.LASF26:
 1692 03d6 705F6374 		.ascii	"p_ctx\000"
 1692      7800
 1693              	.LASF34:
 1694 03dc 705F7761 		.ascii	"p_waiting\000"
 1694      6974696E 
 1694      6700
 1695              		.ident	"GCC: (GNU Tools for ARM Embedded Processors) 4.6.2 20120613 (release) [ARM/embedded-4_6-br
ARM GAS  /tmp/ccGF079j.s 			page 34


DEFINED SYMBOLS
                            *ABS*:00000000 chregistry.c
     /tmp/ccGF079j.s:19     .text.chRegFirstThread:00000000 $t
     /tmp/ccGF079j.s:25     .text.chRegFirstThread:00000000 chRegFirstThread
     /tmp/ccGF079j.s:72     .text.chRegNextThread:00000000 $t
     /tmp/ccGF079j.s:78     .text.chRegNextThread:00000000 chRegNextThread
     /tmp/ccGF079j.s:141    .text.chRegNextThread:00000028 $d
     /tmp/ccGF079j.s:150    .rodata.ch_debug:00000000 ch_debug
     /tmp/ccGF079j.s:147    .rodata.ch_debug:00000000 $d
                     .debug_frame:00000010 $d
     /tmp/ccGF079j.s:146    .text.chRegNextThread:0000002c $t

UNDEFINED SYMBOLS
rlist
chThdRelease
