ARM GAS  /tmp/ccSSzS2d.s 			page 1


   1              		.syntax unified
   2              		.cpu cortex-m4
   3              		.fpu softvfp
   4              		.eabi_attribute 20, 1
   5              		.eabi_attribute 21, 1
   6              		.eabi_attribute 23, 3
   7              		.eabi_attribute 24, 1
   8              		.eabi_attribute 25, 1
   9              		.eabi_attribute 26, 1
  10              		.eabi_attribute 30, 2
  11              		.eabi_attribute 34, 1
  12              		.eabi_attribute 18, 4
  13              		.thumb
  14              		.file	"chvt.c"
  15              		.text
  16              	.Ltext0:
  17              		.cfi_sections	.debug_frame
  18              		.section	.text._vt_init,"ax",%progbits
  19              		.align	2
  20              		.p2align 4,,15
  21              		.global	_vt_init
  22              		.thumb
  23              		.thumb_func
  24              		.type	_vt_init, %function
  25              	_vt_init:
  26              	.LFB7:
  27              		.file 1 "./os/kernel/src/chvt.c"
  28              		.loc 1 50 0
  29              		.cfi_startproc
  30              		@ args = 0, pretend = 0, frame = 0
  31              		@ frame_needed = 0, uses_anonymous_args = 0
  32              		@ link register save eliminated.
  33              		.loc 1 52 0
  34 0000 40F20003 		movw	r3, #:lower16:.LANCHOR0
  35 0004 C0F20003 		movt	r3, #:upper16:.LANCHOR0
  36              		.loc 1 53 0
  37 0008 4FF0FF30 		mov	r0, #-1
  38              		.loc 1 54 0
  39 000c 0022     		movs	r2, #0
  40              		.loc 1 52 0
  41 000e 5B60     		str	r3, [r3, #4]
  42 0010 1B60     		str	r3, [r3, #0]
  43              		.loc 1 53 0
  44 0012 9860     		str	r0, [r3, #8]
  45              		.loc 1 54 0
  46 0014 DA60     		str	r2, [r3, #12]
  47              		.loc 1 55 0
  48 0016 7047     		bx	lr
  49              		.cfi_endproc
  50              	.LFE7:
  51              		.size	_vt_init, .-_vt_init
  52 0018 AFF30080 		.section	.text.chVTSetI,"ax",%progbits
  52      AFF30080 
  53              		.align	2
  54              		.p2align 4,,15
  55              		.global	chVTSetI
  56              		.thumb
ARM GAS  /tmp/ccSSzS2d.s 			page 2


  57              		.thumb_func
  58              		.type	chVTSetI, %function
  59              	chVTSetI:
  60              	.LFB8:
  61              		.loc 1 77 0
  62              		.cfi_startproc
  63              		@ args = 0, pretend = 0, frame = 0
  64              		@ frame_needed = 0, uses_anonymous_args = 0
  65              		@ link register save eliminated.
  66              	.LVL0:
  67 0000 70B4     		push	{r4, r5, r6}
  68              	.LCFI0:
  69              		.cfi_def_cfa_offset 12
  70              		.cfi_offset 6, -4
  71              		.cfi_offset 5, -8
  72              		.cfi_offset 4, -12
  73              		.loc 1 86 0
  74 0002 0C4D     		ldr	r5, .L9
  75              		.loc 1 84 0
  76 0004 0361     		str	r3, [r0, #16]
  77              		.loc 1 86 0
  78 0006 2C68     		ldr	r4, [r5, #0]
  79              	.LVL1:
  80              		.loc 1 85 0
  81 0008 C260     		str	r2, [r0, #12]
  82              		.loc 1 87 0
  83 000a A668     		ldr	r6, [r4, #8]
  84 000c B142     		cmp	r1, r6
  85 000e 04D9     		bls	.L3
  86              	.LVL2:
  87              	.L6:
  88              		.loc 1 89 0
  89 0010 2468     		ldr	r4, [r4, #0]
  90              	.LVL3:
  91              		.loc 1 88 0
  92 0012 891B     		subs	r1, r1, r6
  93              	.LVL4:
  94              		.loc 1 87 0
  95 0014 A668     		ldr	r6, [r4, #8]
  96 0016 8E42     		cmp	r6, r1
  97 0018 FAD3     		bcc	.L6
  98              	.L3:
  99              		.loc 1 92 0
 100 001a 6368     		ldr	r3, [r4, #4]
 101              	.LVL5:
 102 001c 0460     		str	r4, [r0, #0]
 103              		.loc 1 95 0
 104 001e AC42     		cmp	r4, r5
 105              		.loc 1 92 0
 106 0020 4360     		str	r3, [r0, #4]
 107              		.loc 1 93 0
 108 0022 1860     		str	r0, [r3, #0]
 109 0024 6060     		str	r0, [r4, #4]
 110              		.loc 1 94 0
 111 0026 8160     		str	r1, [r0, #8]
 112              		.loc 1 95 0
 113 0028 02D0     		beq	.L2
ARM GAS  /tmp/ccSSzS2d.s 			page 3


 114              		.loc 1 96 0
 115 002a A068     		ldr	r0, [r4, #8]
 116              	.LVL6:
 117 002c 411A     		subs	r1, r0, r1
 118              	.LVL7:
 119 002e A160     		str	r1, [r4, #8]
 120              	.L2:
 121              		.loc 1 97 0
 122 0030 70BC     		pop	{r4, r5, r6}
 123 0032 7047     		bx	lr
 124              	.L10:
 125              		.align	2
 126              	.L9:
 127 0034 00000000 		.word	.LANCHOR0
 128              		.cfi_endproc
 129              	.LFE8:
 130              		.size	chVTSetI, .-chVTSetI
 131 0038 AFF30080 		.section	.text.chVTResetI,"ax",%progbits
 131      AFF30080 
 132              		.align	2
 133              		.p2align 4,,15
 134              		.global	chVTResetI
 135              		.thumb
 136              		.thumb_func
 137              		.type	chVTResetI, %function
 138              	chVTResetI:
 139              	.LFB9:
 140              		.loc 1 107 0
 141              		.cfi_startproc
 142              		@ args = 0, pretend = 0, frame = 0
 143              		@ frame_needed = 0, uses_anonymous_args = 0
 144              		@ link register save eliminated.
 145              	.LVL8:
 146              		.loc 1 115 0
 147 0000 0368     		ldr	r3, [r0, #0]
 148 0002 074A     		ldr	r2, .L13
 149 0004 9342     		cmp	r3, r2
 150 0006 03D0     		beq	.L12
 151              		.loc 1 116 0
 152 0008 9968     		ldr	r1, [r3, #8]
 153 000a 8268     		ldr	r2, [r0, #8]
 154 000c 8918     		adds	r1, r1, r2
 155 000e 9960     		str	r1, [r3, #8]
 156              	.L12:
 157              		.loc 1 117 0
 158 0010 4268     		ldr	r2, [r0, #4]
 159 0012 1360     		str	r3, [r2, #0]
 160              		.loc 1 118 0
 161 0014 0168     		ldr	r1, [r0, #0]
 162              		.loc 1 119 0
 163 0016 0023     		movs	r3, #0
 164              		.loc 1 118 0
 165 0018 4A60     		str	r2, [r1, #4]
 166              		.loc 1 119 0
 167 001a C360     		str	r3, [r0, #12]
 168              		.loc 1 120 0
 169 001c 7047     		bx	lr
ARM GAS  /tmp/ccSSzS2d.s 			page 4


 170              	.L14:
 171 001e 00BF     		.align	2
 172              	.L13:
 173 0020 00000000 		.word	.LANCHOR0
 174              		.cfi_endproc
 175              	.LFE9:
 176              		.size	chVTResetI, .-chVTResetI
 177 0024 AFF30080 		.section	.text.chTimeIsWithin,"ax",%progbits
 177      AFF30080 
 177      AFF30080 
 178              		.align	2
 179              		.p2align 4,,15
 180              		.global	chTimeIsWithin
 181              		.thumb
 182              		.thumb_func
 183              		.type	chTimeIsWithin, %function
 184              	chTimeIsWithin:
 185              	.LFB10:
 186              		.loc 1 135 0
 187              		.cfi_startproc
 188              		@ args = 0, pretend = 0, frame = 0
 189              		@ frame_needed = 0, uses_anonymous_args = 0
 190              		@ link register save eliminated.
 191              	.LVL9:
 192              		.loc 1 137 0
 193 0000 084B     		ldr	r3, .L21
 194              		.loc 1 138 0
 195 0002 8142     		cmp	r1, r0
 196              		.loc 1 137 0
 197 0004 DB68     		ldr	r3, [r3, #12]
 198              	.LVL10:
 199              		.loc 1 138 0
 200 0006 06D9     		bls	.L16
 201              		.loc 1 138 0 is_stmt 0 discriminator 1
 202 0008 8342     		cmp	r3, r0
 203 000a 08D3     		bcc	.L18
 204              	.L20:
 205              		.loc 1 138 0
 206 000c 8B42     		cmp	r3, r1
 207 000e 2CBF     		ite	cs
 208 0010 0020     		movcs	r0, #0
 209              	.LVL11:
 210 0012 0120     		movcc	r0, #1
 211 0014 7047     		bx	lr
 212              	.LVL12:
 213              	.L16:
 214              		.loc 1 138 0 discriminator 2
 215 0016 8342     		cmp	r3, r0
 216 0018 F8D3     		bcc	.L20
 217              		.loc 1 138 0
 218 001a 0120     		movs	r0, #1
 219              	.LVL13:
 220              		.loc 1 140 0 is_stmt 1
 221 001c 7047     		bx	lr
 222              	.LVL14:
 223              	.L18:
 224              		.loc 1 138 0
ARM GAS  /tmp/ccSSzS2d.s 			page 5


 225 001e 0020     		movs	r0, #0
 226              	.LVL15:
 227 0020 7047     		bx	lr
 228              	.L22:
 229 0022 00BF     		.align	2
 230              	.L21:
 231 0024 00000000 		.word	.LANCHOR0
 232              		.cfi_endproc
 233              	.LFE10:
 234              		.size	chTimeIsWithin, .-chTimeIsWithin
 235              		.global	vtlist
 236 0028 AFF30080 		.section	.bss.vtlist,"aw",%nobits
 236      AFF30080 
 237              		.align	2
 238              		.set	.LANCHOR0,. + 0
 239              		.type	vtlist, %object
 240              		.size	vtlist, 16
 241              	vtlist:
 242 0000 00000000 		.space	16
 242      00000000 
 242      00000000 
 242      00000000 
 243              		.text
 244              	.Letext0:
 245              		.file 2 "/usr/bin/../lib/gcc/arm-none-eabi/4.6.2/../../../../arm-none-eabi/include/stdint.h"
 246              		.file 3 "./os/ports/GCC/ARMCMx/chtypes.h"
 247              		.file 4 "./os/kernel/include/chvt.h"
 248              		.section	.debug_info,"",%progbits
 249              	.Ldebug_info0:
 250 0000 73020000 		.4byte	0x273
 251 0004 0200     		.2byte	0x2
 252 0006 00000000 		.4byte	.Ldebug_abbrev0
 253 000a 04       		.byte	0x4
 254 000b 01       		.uleb128 0x1
 255 000c 20000000 		.4byte	.LASF29
 256 0010 01       		.byte	0x1
 257 0011 06010000 		.4byte	.LASF30
 258 0015 9F010000 		.4byte	.LASF31
 259 0019 00000000 		.4byte	0
 260 001d 00000000 		.4byte	0
 261 0021 00000000 		.4byte	.Ldebug_ranges0+0
 262 0025 00000000 		.4byte	.Ldebug_line0
 263 0029 02       		.uleb128 0x2
 264 002a 04       		.byte	0x4
 265 002b 05       		.byte	0x5
 266 002c 696E7400 		.ascii	"int\000"
 267 0030 03       		.uleb128 0x3
 268 0031 04       		.byte	0x4
 269 0032 07       		.byte	0x7
 270 0033 C6000000 		.4byte	.LASF0
 271 0037 03       		.uleb128 0x3
 272 0038 01       		.byte	0x1
 273 0039 06       		.byte	0x6
 274 003a 79010000 		.4byte	.LASF1
 275 003e 03       		.uleb128 0x3
 276 003f 01       		.byte	0x1
 277 0040 08       		.byte	0x8
ARM GAS  /tmp/ccSSzS2d.s 			page 6


 278 0041 A4000000 		.4byte	.LASF2
 279 0045 03       		.uleb128 0x3
 280 0046 02       		.byte	0x2
 281 0047 05       		.byte	0x5
 282 0048 46010000 		.4byte	.LASF3
 283 004c 03       		.uleb128 0x3
 284 004d 02       		.byte	0x2
 285 004e 07       		.byte	0x7
 286 004f 84000000 		.4byte	.LASF4
 287 0053 04       		.uleb128 0x4
 288 0054 FE000000 		.4byte	.LASF6
 289 0058 02       		.byte	0x2
 290 0059 4F       		.byte	0x4f
 291 005a 5E000000 		.4byte	0x5e
 292 005e 03       		.uleb128 0x3
 293 005f 04       		.byte	0x4
 294 0060 05       		.byte	0x5
 295 0061 70010000 		.4byte	.LASF5
 296 0065 04       		.uleb128 0x4
 297 0066 67010000 		.4byte	.LASF7
 298 006a 02       		.byte	0x2
 299 006b 50       		.byte	0x50
 300 006c 70000000 		.4byte	0x70
 301 0070 03       		.uleb128 0x3
 302 0071 04       		.byte	0x4
 303 0072 07       		.byte	0x7
 304 0073 72000000 		.4byte	.LASF8
 305 0077 03       		.uleb128 0x3
 306 0078 08       		.byte	0x8
 307 0079 05       		.byte	0x5
 308 007a 1D010000 		.4byte	.LASF9
 309 007e 03       		.uleb128 0x3
 310 007f 08       		.byte	0x8
 311 0080 07       		.byte	0x7
 312 0081 D3000000 		.4byte	.LASF10
 313 0085 04       		.uleb128 0x4
 314 0086 19000000 		.4byte	.LASF11
 315 008a 03       		.byte	0x3
 316 008b 2E       		.byte	0x2e
 317 008c 53000000 		.4byte	0x53
 318 0090 04       		.uleb128 0x4
 319 0091 09000000 		.4byte	.LASF12
 320 0095 03       		.byte	0x3
 321 0096 36       		.byte	0x36
 322 0097 65000000 		.4byte	0x65
 323 009b 05       		.uleb128 0x5
 324 009c 04       		.byte	0x4
 325 009d 04       		.uleb128 0x4
 326 009e 69000000 		.4byte	.LASF13
 327 00a2 04       		.byte	0x4
 328 00a3 53       		.byte	0x53
 329 00a4 A8000000 		.4byte	0xa8
 330 00a8 06       		.uleb128 0x6
 331 00a9 04       		.byte	0x4
 332 00aa AE000000 		.4byte	0xae
 333 00ae 07       		.uleb128 0x7
 334 00af 01       		.byte	0x1
ARM GAS  /tmp/ccSSzS2d.s 			page 7


 335 00b0 BA000000 		.4byte	0xba
 336 00b4 08       		.uleb128 0x8
 337 00b5 9B000000 		.4byte	0x9b
 338 00b9 00       		.byte	0
 339 00ba 04       		.uleb128 0x4
 340 00bb 97000000 		.4byte	.LASF14
 341 00bf 04       		.byte	0x4
 342 00c0 58       		.byte	0x58
 343 00c1 C5000000 		.4byte	0xc5
 344 00c5 09       		.uleb128 0x9
 345 00c6 97000000 		.4byte	.LASF14
 346 00ca 14       		.byte	0x14
 347 00cb 04       		.byte	0x4
 348 00cc 5F       		.byte	0x5f
 349 00cd 18010000 		.4byte	0x118
 350 00d1 0A       		.uleb128 0xa
 351 00d2 8C010000 		.4byte	.LASF15
 352 00d6 04       		.byte	0x4
 353 00d7 60       		.byte	0x60
 354 00d8 18010000 		.4byte	0x118
 355 00dc 02       		.byte	0x2
 356 00dd 23       		.byte	0x23
 357 00de 00       		.uleb128 0
 358 00df 0A       		.uleb128 0xa
 359 00e0 5F010000 		.4byte	.LASF16
 360 00e4 04       		.byte	0x4
 361 00e5 62       		.byte	0x62
 362 00e6 18010000 		.4byte	0x118
 363 00ea 02       		.byte	0x2
 364 00eb 23       		.byte	0x23
 365 00ec 04       		.uleb128 0x4
 366 00ed 0A       		.uleb128 0xa
 367 00ee F6000000 		.4byte	.LASF17
 368 00f2 04       		.byte	0x4
 369 00f3 64       		.byte	0x64
 370 00f4 90000000 		.4byte	0x90
 371 00f8 02       		.byte	0x2
 372 00f9 23       		.byte	0x23
 373 00fa 08       		.uleb128 0x8
 374 00fb 0A       		.uleb128 0xa
 375 00fc 2B010000 		.4byte	.LASF18
 376 0100 04       		.byte	0x4
 377 0101 65       		.byte	0x65
 378 0102 9D000000 		.4byte	0x9d
 379 0106 02       		.byte	0x2
 380 0107 23       		.byte	0x23
 381 0108 0C       		.uleb128 0xc
 382 0109 0A       		.uleb128 0xa
 383 010a 3F010000 		.4byte	.LASF19
 384 010e 04       		.byte	0x4
 385 010f 67       		.byte	0x67
 386 0110 9B000000 		.4byte	0x9b
 387 0114 02       		.byte	0x2
 388 0115 23       		.byte	0x23
 389 0116 10       		.uleb128 0x10
 390 0117 00       		.byte	0
 391 0118 06       		.uleb128 0x6
ARM GAS  /tmp/ccSSzS2d.s 			page 8


 392 0119 04       		.byte	0x4
 393 011a BA000000 		.4byte	0xba
 394 011e 0B       		.uleb128 0xb
 395 011f 10       		.byte	0x10
 396 0120 04       		.byte	0x4
 397 0121 71       		.byte	0x71
 398 0122 5F010000 		.4byte	0x15f
 399 0126 0A       		.uleb128 0xa
 400 0127 8C010000 		.4byte	.LASF15
 401 012b 04       		.byte	0x4
 402 012c 72       		.byte	0x72
 403 012d 18010000 		.4byte	0x118
 404 0131 02       		.byte	0x2
 405 0132 23       		.byte	0x23
 406 0133 00       		.uleb128 0
 407 0134 0A       		.uleb128 0xa
 408 0135 5F010000 		.4byte	.LASF16
 409 0139 04       		.byte	0x4
 410 013a 74       		.byte	0x74
 411 013b 18010000 		.4byte	0x118
 412 013f 02       		.byte	0x2
 413 0140 23       		.byte	0x23
 414 0141 04       		.uleb128 0x4
 415 0142 0A       		.uleb128 0xa
 416 0143 F6000000 		.4byte	.LASF17
 417 0147 04       		.byte	0x4
 418 0148 76       		.byte	0x76
 419 0149 90000000 		.4byte	0x90
 420 014d 02       		.byte	0x2
 421 014e 23       		.byte	0x23
 422 014f 08       		.uleb128 0x8
 423 0150 0A       		.uleb128 0xa
 424 0151 B2000000 		.4byte	.LASF20
 425 0155 04       		.byte	0x4
 426 0156 77       		.byte	0x77
 427 0157 5F010000 		.4byte	0x15f
 428 015b 02       		.byte	0x2
 429 015c 23       		.byte	0x23
 430 015d 0C       		.uleb128 0xc
 431 015e 00       		.byte	0
 432 015f 0C       		.uleb128 0xc
 433 0160 90000000 		.4byte	0x90
 434 0164 04       		.uleb128 0x4
 435 0165 85010000 		.4byte	.LASF21
 436 0169 04       		.byte	0x4
 437 016a 78       		.byte	0x78
 438 016b 1E010000 		.4byte	0x11e
 439 016f 03       		.uleb128 0x3
 440 0170 01       		.byte	0x1
 441 0171 08       		.byte	0x8
 442 0172 3A010000 		.4byte	.LASF22
 443 0176 0D       		.uleb128 0xd
 444 0177 01       		.byte	0x1
 445 0178 BD000000 		.4byte	.LASF32
 446 017c 01       		.byte	0x1
 447 017d 32       		.byte	0x32
 448 017e 01       		.byte	0x1
ARM GAS  /tmp/ccSSzS2d.s 			page 9


 449 017f 00000000 		.4byte	.LFB7
 450 0183 18000000 		.4byte	.LFE7
 451 0187 02       		.byte	0x2
 452 0188 7D       		.byte	0x7d
 453 0189 00       		.sleb128 0
 454 018a 0E       		.uleb128 0xe
 455 018b 01       		.byte	0x1
 456 018c 00000000 		.4byte	.LASF25
 457 0190 01       		.byte	0x1
 458 0191 4D       		.byte	0x4d
 459 0192 01       		.byte	0x1
 460 0193 00000000 		.4byte	.LFB8
 461 0197 38000000 		.4byte	.LFE8
 462 019b 00000000 		.4byte	.LLST0
 463 019f EB010000 		.4byte	0x1eb
 464 01a3 0F       		.uleb128 0xf
 465 01a4 76747000 		.ascii	"vtp\000"
 466 01a8 01       		.byte	0x1
 467 01a9 4D       		.byte	0x4d
 468 01aa 18010000 		.4byte	0x118
 469 01ae 20000000 		.4byte	.LLST1
 470 01b2 10       		.uleb128 0x10
 471 01b3 F1000000 		.4byte	.LASF23
 472 01b7 01       		.byte	0x1
 473 01b8 4D       		.byte	0x4d
 474 01b9 90000000 		.4byte	0x90
 475 01bd 3F000000 		.4byte	.LLST2
 476 01c1 11       		.uleb128 0x11
 477 01c2 33010000 		.4byte	.LASF24
 478 01c6 01       		.byte	0x1
 479 01c7 4D       		.byte	0x4d
 480 01c8 9D000000 		.4byte	0x9d
 481 01cc 01       		.byte	0x1
 482 01cd 52       		.byte	0x52
 483 01ce 0F       		.uleb128 0xf
 484 01cf 70617200 		.ascii	"par\000"
 485 01d3 01       		.byte	0x1
 486 01d4 4D       		.byte	0x4d
 487 01d5 9B000000 		.4byte	0x9b
 488 01d9 61000000 		.4byte	.LLST3
 489 01dd 12       		.uleb128 0x12
 490 01de 7000     		.ascii	"p\000"
 491 01e0 01       		.byte	0x1
 492 01e1 4E       		.byte	0x4e
 493 01e2 18010000 		.4byte	0x118
 494 01e6 8F000000 		.4byte	.LLST4
 495 01ea 00       		.byte	0
 496 01eb 13       		.uleb128 0x13
 497 01ec 01       		.byte	0x1
 498 01ed 94010000 		.4byte	.LASF26
 499 01f1 01       		.byte	0x1
 500 01f2 6B       		.byte	0x6b
 501 01f3 01       		.byte	0x1
 502 01f4 00000000 		.4byte	.LFB9
 503 01f8 24000000 		.4byte	.LFE9
 504 01fc 02       		.byte	0x2
 505 01fd 7D       		.byte	0x7d
ARM GAS  /tmp/ccSSzS2d.s 			page 10


 506 01fe 00       		.sleb128 0
 507 01ff 11020000 		.4byte	0x211
 508 0203 14       		.uleb128 0x14
 509 0204 76747000 		.ascii	"vtp\000"
 510 0208 01       		.byte	0x1
 511 0209 6B       		.byte	0x6b
 512 020a 18010000 		.4byte	0x118
 513 020e 01       		.byte	0x1
 514 020f 50       		.byte	0x50
 515 0210 00       		.byte	0
 516 0211 15       		.uleb128 0x15
 517 0212 01       		.byte	0x1
 518 0213 50010000 		.4byte	.LASF33
 519 0217 01       		.byte	0x1
 520 0218 87       		.byte	0x87
 521 0219 01       		.byte	0x1
 522 021a 85000000 		.4byte	0x85
 523 021e 00000000 		.4byte	.LFB10
 524 0222 28000000 		.4byte	.LFE10
 525 0226 02       		.byte	0x2
 526 0227 7D       		.byte	0x7d
 527 0228 00       		.sleb128 0
 528 0229 57020000 		.4byte	0x257
 529 022d 10       		.uleb128 0x10
 530 022e 13000000 		.4byte	.LASF27
 531 0232 01       		.byte	0x1
 532 0233 87       		.byte	0x87
 533 0234 90000000 		.4byte	0x90
 534 0238 BC000000 		.4byte	.LLST5
 535 023c 14       		.uleb128 0x14
 536 023d 656E6400 		.ascii	"end\000"
 537 0241 01       		.byte	0x1
 538 0242 87       		.byte	0x87
 539 0243 90000000 		.4byte	0x90
 540 0247 01       		.byte	0x1
 541 0248 51       		.byte	0x51
 542 0249 16       		.uleb128 0x16
 543 024a F1000000 		.4byte	.LASF23
 544 024e 01       		.byte	0x1
 545 024f 89       		.byte	0x89
 546 0250 90000000 		.4byte	0x90
 547 0254 01       		.byte	0x1
 548 0255 53       		.byte	0x53
 549 0256 00       		.byte	0
 550 0257 17       		.uleb128 0x17
 551 0258 EA000000 		.4byte	.LASF28
 552 025c 04       		.byte	0x4
 553 025d 7A       		.byte	0x7a
 554 025e 64010000 		.4byte	0x164
 555 0262 01       		.byte	0x1
 556 0263 01       		.byte	0x1
 557 0264 18       		.uleb128 0x18
 558 0265 EA000000 		.4byte	.LASF28
 559 0269 01       		.byte	0x1
 560 026a 2A       		.byte	0x2a
 561 026b 64010000 		.4byte	0x164
 562 026f 01       		.byte	0x1
ARM GAS  /tmp/ccSSzS2d.s 			page 11


 563 0270 05       		.byte	0x5
 564 0271 03       		.byte	0x3
 565 0272 00000000 		.4byte	vtlist
 566 0276 00       		.byte	0
 567              		.section	.debug_abbrev,"",%progbits
 568              	.Ldebug_abbrev0:
 569 0000 01       		.uleb128 0x1
 570 0001 11       		.uleb128 0x11
 571 0002 01       		.byte	0x1
 572 0003 25       		.uleb128 0x25
 573 0004 0E       		.uleb128 0xe
 574 0005 13       		.uleb128 0x13
 575 0006 0B       		.uleb128 0xb
 576 0007 03       		.uleb128 0x3
 577 0008 0E       		.uleb128 0xe
 578 0009 1B       		.uleb128 0x1b
 579 000a 0E       		.uleb128 0xe
 580 000b 11       		.uleb128 0x11
 581 000c 01       		.uleb128 0x1
 582 000d 52       		.uleb128 0x52
 583 000e 01       		.uleb128 0x1
 584 000f 55       		.uleb128 0x55
 585 0010 06       		.uleb128 0x6
 586 0011 10       		.uleb128 0x10
 587 0012 06       		.uleb128 0x6
 588 0013 00       		.byte	0
 589 0014 00       		.byte	0
 590 0015 02       		.uleb128 0x2
 591 0016 24       		.uleb128 0x24
 592 0017 00       		.byte	0
 593 0018 0B       		.uleb128 0xb
 594 0019 0B       		.uleb128 0xb
 595 001a 3E       		.uleb128 0x3e
 596 001b 0B       		.uleb128 0xb
 597 001c 03       		.uleb128 0x3
 598 001d 08       		.uleb128 0x8
 599 001e 00       		.byte	0
 600 001f 00       		.byte	0
 601 0020 03       		.uleb128 0x3
 602 0021 24       		.uleb128 0x24
 603 0022 00       		.byte	0
 604 0023 0B       		.uleb128 0xb
 605 0024 0B       		.uleb128 0xb
 606 0025 3E       		.uleb128 0x3e
 607 0026 0B       		.uleb128 0xb
 608 0027 03       		.uleb128 0x3
 609 0028 0E       		.uleb128 0xe
 610 0029 00       		.byte	0
 611 002a 00       		.byte	0
 612 002b 04       		.uleb128 0x4
 613 002c 16       		.uleb128 0x16
 614 002d 00       		.byte	0
 615 002e 03       		.uleb128 0x3
 616 002f 0E       		.uleb128 0xe
 617 0030 3A       		.uleb128 0x3a
 618 0031 0B       		.uleb128 0xb
 619 0032 3B       		.uleb128 0x3b
ARM GAS  /tmp/ccSSzS2d.s 			page 12


 620 0033 0B       		.uleb128 0xb
 621 0034 49       		.uleb128 0x49
 622 0035 13       		.uleb128 0x13
 623 0036 00       		.byte	0
 624 0037 00       		.byte	0
 625 0038 05       		.uleb128 0x5
 626 0039 0F       		.uleb128 0xf
 627 003a 00       		.byte	0
 628 003b 0B       		.uleb128 0xb
 629 003c 0B       		.uleb128 0xb
 630 003d 00       		.byte	0
 631 003e 00       		.byte	0
 632 003f 06       		.uleb128 0x6
 633 0040 0F       		.uleb128 0xf
 634 0041 00       		.byte	0
 635 0042 0B       		.uleb128 0xb
 636 0043 0B       		.uleb128 0xb
 637 0044 49       		.uleb128 0x49
 638 0045 13       		.uleb128 0x13
 639 0046 00       		.byte	0
 640 0047 00       		.byte	0
 641 0048 07       		.uleb128 0x7
 642 0049 15       		.uleb128 0x15
 643 004a 01       		.byte	0x1
 644 004b 27       		.uleb128 0x27
 645 004c 0C       		.uleb128 0xc
 646 004d 01       		.uleb128 0x1
 647 004e 13       		.uleb128 0x13
 648 004f 00       		.byte	0
 649 0050 00       		.byte	0
 650 0051 08       		.uleb128 0x8
 651 0052 05       		.uleb128 0x5
 652 0053 00       		.byte	0
 653 0054 49       		.uleb128 0x49
 654 0055 13       		.uleb128 0x13
 655 0056 00       		.byte	0
 656 0057 00       		.byte	0
 657 0058 09       		.uleb128 0x9
 658 0059 13       		.uleb128 0x13
 659 005a 01       		.byte	0x1
 660 005b 03       		.uleb128 0x3
 661 005c 0E       		.uleb128 0xe
 662 005d 0B       		.uleb128 0xb
 663 005e 0B       		.uleb128 0xb
 664 005f 3A       		.uleb128 0x3a
 665 0060 0B       		.uleb128 0xb
 666 0061 3B       		.uleb128 0x3b
 667 0062 0B       		.uleb128 0xb
 668 0063 01       		.uleb128 0x1
 669 0064 13       		.uleb128 0x13
 670 0065 00       		.byte	0
 671 0066 00       		.byte	0
 672 0067 0A       		.uleb128 0xa
 673 0068 0D       		.uleb128 0xd
 674 0069 00       		.byte	0
 675 006a 03       		.uleb128 0x3
 676 006b 0E       		.uleb128 0xe
ARM GAS  /tmp/ccSSzS2d.s 			page 13


 677 006c 3A       		.uleb128 0x3a
 678 006d 0B       		.uleb128 0xb
 679 006e 3B       		.uleb128 0x3b
 680 006f 0B       		.uleb128 0xb
 681 0070 49       		.uleb128 0x49
 682 0071 13       		.uleb128 0x13
 683 0072 38       		.uleb128 0x38
 684 0073 0A       		.uleb128 0xa
 685 0074 00       		.byte	0
 686 0075 00       		.byte	0
 687 0076 0B       		.uleb128 0xb
 688 0077 13       		.uleb128 0x13
 689 0078 01       		.byte	0x1
 690 0079 0B       		.uleb128 0xb
 691 007a 0B       		.uleb128 0xb
 692 007b 3A       		.uleb128 0x3a
 693 007c 0B       		.uleb128 0xb
 694 007d 3B       		.uleb128 0x3b
 695 007e 0B       		.uleb128 0xb
 696 007f 01       		.uleb128 0x1
 697 0080 13       		.uleb128 0x13
 698 0081 00       		.byte	0
 699 0082 00       		.byte	0
 700 0083 0C       		.uleb128 0xc
 701 0084 35       		.uleb128 0x35
 702 0085 00       		.byte	0
 703 0086 49       		.uleb128 0x49
 704 0087 13       		.uleb128 0x13
 705 0088 00       		.byte	0
 706 0089 00       		.byte	0
 707 008a 0D       		.uleb128 0xd
 708 008b 2E       		.uleb128 0x2e
 709 008c 00       		.byte	0
 710 008d 3F       		.uleb128 0x3f
 711 008e 0C       		.uleb128 0xc
 712 008f 03       		.uleb128 0x3
 713 0090 0E       		.uleb128 0xe
 714 0091 3A       		.uleb128 0x3a
 715 0092 0B       		.uleb128 0xb
 716 0093 3B       		.uleb128 0x3b
 717 0094 0B       		.uleb128 0xb
 718 0095 27       		.uleb128 0x27
 719 0096 0C       		.uleb128 0xc
 720 0097 11       		.uleb128 0x11
 721 0098 01       		.uleb128 0x1
 722 0099 12       		.uleb128 0x12
 723 009a 01       		.uleb128 0x1
 724 009b 40       		.uleb128 0x40
 725 009c 0A       		.uleb128 0xa
 726 009d 00       		.byte	0
 727 009e 00       		.byte	0
 728 009f 0E       		.uleb128 0xe
 729 00a0 2E       		.uleb128 0x2e
 730 00a1 01       		.byte	0x1
 731 00a2 3F       		.uleb128 0x3f
 732 00a3 0C       		.uleb128 0xc
 733 00a4 03       		.uleb128 0x3
ARM GAS  /tmp/ccSSzS2d.s 			page 14


 734 00a5 0E       		.uleb128 0xe
 735 00a6 3A       		.uleb128 0x3a
 736 00a7 0B       		.uleb128 0xb
 737 00a8 3B       		.uleb128 0x3b
 738 00a9 0B       		.uleb128 0xb
 739 00aa 27       		.uleb128 0x27
 740 00ab 0C       		.uleb128 0xc
 741 00ac 11       		.uleb128 0x11
 742 00ad 01       		.uleb128 0x1
 743 00ae 12       		.uleb128 0x12
 744 00af 01       		.uleb128 0x1
 745 00b0 40       		.uleb128 0x40
 746 00b1 06       		.uleb128 0x6
 747 00b2 01       		.uleb128 0x1
 748 00b3 13       		.uleb128 0x13
 749 00b4 00       		.byte	0
 750 00b5 00       		.byte	0
 751 00b6 0F       		.uleb128 0xf
 752 00b7 05       		.uleb128 0x5
 753 00b8 00       		.byte	0
 754 00b9 03       		.uleb128 0x3
 755 00ba 08       		.uleb128 0x8
 756 00bb 3A       		.uleb128 0x3a
 757 00bc 0B       		.uleb128 0xb
 758 00bd 3B       		.uleb128 0x3b
 759 00be 0B       		.uleb128 0xb
 760 00bf 49       		.uleb128 0x49
 761 00c0 13       		.uleb128 0x13
 762 00c1 02       		.uleb128 0x2
 763 00c2 06       		.uleb128 0x6
 764 00c3 00       		.byte	0
 765 00c4 00       		.byte	0
 766 00c5 10       		.uleb128 0x10
 767 00c6 05       		.uleb128 0x5
 768 00c7 00       		.byte	0
 769 00c8 03       		.uleb128 0x3
 770 00c9 0E       		.uleb128 0xe
 771 00ca 3A       		.uleb128 0x3a
 772 00cb 0B       		.uleb128 0xb
 773 00cc 3B       		.uleb128 0x3b
 774 00cd 0B       		.uleb128 0xb
 775 00ce 49       		.uleb128 0x49
 776 00cf 13       		.uleb128 0x13
 777 00d0 02       		.uleb128 0x2
 778 00d1 06       		.uleb128 0x6
 779 00d2 00       		.byte	0
 780 00d3 00       		.byte	0
 781 00d4 11       		.uleb128 0x11
 782 00d5 05       		.uleb128 0x5
 783 00d6 00       		.byte	0
 784 00d7 03       		.uleb128 0x3
 785 00d8 0E       		.uleb128 0xe
 786 00d9 3A       		.uleb128 0x3a
 787 00da 0B       		.uleb128 0xb
 788 00db 3B       		.uleb128 0x3b
 789 00dc 0B       		.uleb128 0xb
 790 00dd 49       		.uleb128 0x49
ARM GAS  /tmp/ccSSzS2d.s 			page 15


 791 00de 13       		.uleb128 0x13
 792 00df 02       		.uleb128 0x2
 793 00e0 0A       		.uleb128 0xa
 794 00e1 00       		.byte	0
 795 00e2 00       		.byte	0
 796 00e3 12       		.uleb128 0x12
 797 00e4 34       		.uleb128 0x34
 798 00e5 00       		.byte	0
 799 00e6 03       		.uleb128 0x3
 800 00e7 08       		.uleb128 0x8
 801 00e8 3A       		.uleb128 0x3a
 802 00e9 0B       		.uleb128 0xb
 803 00ea 3B       		.uleb128 0x3b
 804 00eb 0B       		.uleb128 0xb
 805 00ec 49       		.uleb128 0x49
 806 00ed 13       		.uleb128 0x13
 807 00ee 02       		.uleb128 0x2
 808 00ef 06       		.uleb128 0x6
 809 00f0 00       		.byte	0
 810 00f1 00       		.byte	0
 811 00f2 13       		.uleb128 0x13
 812 00f3 2E       		.uleb128 0x2e
 813 00f4 01       		.byte	0x1
 814 00f5 3F       		.uleb128 0x3f
 815 00f6 0C       		.uleb128 0xc
 816 00f7 03       		.uleb128 0x3
 817 00f8 0E       		.uleb128 0xe
 818 00f9 3A       		.uleb128 0x3a
 819 00fa 0B       		.uleb128 0xb
 820 00fb 3B       		.uleb128 0x3b
 821 00fc 0B       		.uleb128 0xb
 822 00fd 27       		.uleb128 0x27
 823 00fe 0C       		.uleb128 0xc
 824 00ff 11       		.uleb128 0x11
 825 0100 01       		.uleb128 0x1
 826 0101 12       		.uleb128 0x12
 827 0102 01       		.uleb128 0x1
 828 0103 40       		.uleb128 0x40
 829 0104 0A       		.uleb128 0xa
 830 0105 01       		.uleb128 0x1
 831 0106 13       		.uleb128 0x13
 832 0107 00       		.byte	0
 833 0108 00       		.byte	0
 834 0109 14       		.uleb128 0x14
 835 010a 05       		.uleb128 0x5
 836 010b 00       		.byte	0
 837 010c 03       		.uleb128 0x3
 838 010d 08       		.uleb128 0x8
 839 010e 3A       		.uleb128 0x3a
 840 010f 0B       		.uleb128 0xb
 841 0110 3B       		.uleb128 0x3b
 842 0111 0B       		.uleb128 0xb
 843 0112 49       		.uleb128 0x49
 844 0113 13       		.uleb128 0x13
 845 0114 02       		.uleb128 0x2
 846 0115 0A       		.uleb128 0xa
 847 0116 00       		.byte	0
ARM GAS  /tmp/ccSSzS2d.s 			page 16


 848 0117 00       		.byte	0
 849 0118 15       		.uleb128 0x15
 850 0119 2E       		.uleb128 0x2e
 851 011a 01       		.byte	0x1
 852 011b 3F       		.uleb128 0x3f
 853 011c 0C       		.uleb128 0xc
 854 011d 03       		.uleb128 0x3
 855 011e 0E       		.uleb128 0xe
 856 011f 3A       		.uleb128 0x3a
 857 0120 0B       		.uleb128 0xb
 858 0121 3B       		.uleb128 0x3b
 859 0122 0B       		.uleb128 0xb
 860 0123 27       		.uleb128 0x27
 861 0124 0C       		.uleb128 0xc
 862 0125 49       		.uleb128 0x49
 863 0126 13       		.uleb128 0x13
 864 0127 11       		.uleb128 0x11
 865 0128 01       		.uleb128 0x1
 866 0129 12       		.uleb128 0x12
 867 012a 01       		.uleb128 0x1
 868 012b 40       		.uleb128 0x40
 869 012c 0A       		.uleb128 0xa
 870 012d 01       		.uleb128 0x1
 871 012e 13       		.uleb128 0x13
 872 012f 00       		.byte	0
 873 0130 00       		.byte	0
 874 0131 16       		.uleb128 0x16
 875 0132 34       		.uleb128 0x34
 876 0133 00       		.byte	0
 877 0134 03       		.uleb128 0x3
 878 0135 0E       		.uleb128 0xe
 879 0136 3A       		.uleb128 0x3a
 880 0137 0B       		.uleb128 0xb
 881 0138 3B       		.uleb128 0x3b
 882 0139 0B       		.uleb128 0xb
 883 013a 49       		.uleb128 0x49
 884 013b 13       		.uleb128 0x13
 885 013c 02       		.uleb128 0x2
 886 013d 0A       		.uleb128 0xa
 887 013e 00       		.byte	0
 888 013f 00       		.byte	0
 889 0140 17       		.uleb128 0x17
 890 0141 34       		.uleb128 0x34
 891 0142 00       		.byte	0
 892 0143 03       		.uleb128 0x3
 893 0144 0E       		.uleb128 0xe
 894 0145 3A       		.uleb128 0x3a
 895 0146 0B       		.uleb128 0xb
 896 0147 3B       		.uleb128 0x3b
 897 0148 0B       		.uleb128 0xb
 898 0149 49       		.uleb128 0x49
 899 014a 13       		.uleb128 0x13
 900 014b 3F       		.uleb128 0x3f
 901 014c 0C       		.uleb128 0xc
 902 014d 3C       		.uleb128 0x3c
 903 014e 0C       		.uleb128 0xc
 904 014f 00       		.byte	0
ARM GAS  /tmp/ccSSzS2d.s 			page 17


 905 0150 00       		.byte	0
 906 0151 18       		.uleb128 0x18
 907 0152 34       		.uleb128 0x34
 908 0153 00       		.byte	0
 909 0154 03       		.uleb128 0x3
 910 0155 0E       		.uleb128 0xe
 911 0156 3A       		.uleb128 0x3a
 912 0157 0B       		.uleb128 0xb
 913 0158 3B       		.uleb128 0x3b
 914 0159 0B       		.uleb128 0xb
 915 015a 49       		.uleb128 0x49
 916 015b 13       		.uleb128 0x13
 917 015c 3F       		.uleb128 0x3f
 918 015d 0C       		.uleb128 0xc
 919 015e 02       		.uleb128 0x2
 920 015f 0A       		.uleb128 0xa
 921 0160 00       		.byte	0
 922 0161 00       		.byte	0
 923 0162 00       		.byte	0
 924              		.section	.debug_loc,"",%progbits
 925              	.Ldebug_loc0:
 926              	.LLST0:
 927 0000 00000000 		.4byte	.LFB8
 928 0004 02000000 		.4byte	.LCFI0
 929 0008 0200     		.2byte	0x2
 930 000a 7D       		.byte	0x7d
 931 000b 00       		.sleb128 0
 932 000c 02000000 		.4byte	.LCFI0
 933 0010 38000000 		.4byte	.LFE8
 934 0014 0200     		.2byte	0x2
 935 0016 7D       		.byte	0x7d
 936 0017 0C       		.sleb128 12
 937 0018 00000000 		.4byte	0
 938 001c 00000000 		.4byte	0
 939              	.LLST1:
 940 0020 00000000 		.4byte	.LVL0
 941 0024 2C000000 		.4byte	.LVL6
 942 0028 0100     		.2byte	0x1
 943 002a 50       		.byte	0x50
 944 002b 2C000000 		.4byte	.LVL6
 945 002f 38000000 		.4byte	.LFE8
 946 0033 0200     		.2byte	0x2
 947 0035 74       		.byte	0x74
 948 0036 04       		.sleb128 4
 949 0037 00000000 		.4byte	0
 950 003b 00000000 		.4byte	0
 951              	.LLST2:
 952 003f 00000000 		.4byte	.LVL0
 953 0043 2E000000 		.4byte	.LVL7
 954 0047 0100     		.2byte	0x1
 955 0049 51       		.byte	0x51
 956 004a 2E000000 		.4byte	.LVL7
 957 004e 38000000 		.4byte	.LFE8
 958 0052 0500     		.2byte	0x5
 959 0054 74       		.byte	0x74
 960 0055 04       		.sleb128 4
 961 0056 06       		.byte	0x6
ARM GAS  /tmp/ccSSzS2d.s 			page 18


 962 0057 23       		.byte	0x23
 963 0058 08       		.uleb128 0x8
 964 0059 00000000 		.4byte	0
 965 005d 00000000 		.4byte	0
 966              	.LLST3:
 967 0061 00000000 		.4byte	.LVL0
 968 0065 1C000000 		.4byte	.LVL5
 969 0069 0100     		.2byte	0x1
 970 006b 53       		.byte	0x53
 971 006c 1C000000 		.4byte	.LVL5
 972 0070 2C000000 		.4byte	.LVL6
 973 0074 0200     		.2byte	0x2
 974 0076 70       		.byte	0x70
 975 0077 10       		.sleb128 16
 976 0078 2C000000 		.4byte	.LVL6
 977 007c 38000000 		.4byte	.LFE8
 978 0080 0500     		.2byte	0x5
 979 0082 74       		.byte	0x74
 980 0083 04       		.sleb128 4
 981 0084 06       		.byte	0x6
 982 0085 23       		.byte	0x23
 983 0086 10       		.uleb128 0x10
 984 0087 00000000 		.4byte	0
 985 008b 00000000 		.4byte	0
 986              	.LLST4:
 987 008f 08000000 		.4byte	.LVL1
 988 0093 10000000 		.4byte	.LVL2
 989 0097 0500     		.2byte	0x5
 990 0099 03       		.byte	0x3
 991 009a 00000000 		.4byte	vtlist
 992 009e 10000000 		.4byte	.LVL2
 993 00a2 12000000 		.4byte	.LVL3
 994 00a6 0100     		.2byte	0x1
 995 00a8 54       		.byte	0x54
 996 00a9 14000000 		.4byte	.LVL4
 997 00ad 38000000 		.4byte	.LFE8
 998 00b1 0100     		.2byte	0x1
 999 00b3 54       		.byte	0x54
 1000 00b4 00000000 		.4byte	0
 1001 00b8 00000000 		.4byte	0
 1002              	.LLST5:
 1003 00bc 00000000 		.4byte	.LVL9
 1004 00c0 12000000 		.4byte	.LVL11
 1005 00c4 0100     		.2byte	0x1
 1006 00c6 50       		.byte	0x50
 1007 00c7 16000000 		.4byte	.LVL12
 1008 00cb 1C000000 		.4byte	.LVL13
 1009 00cf 0100     		.2byte	0x1
 1010 00d1 50       		.byte	0x50
 1011 00d2 1E000000 		.4byte	.LVL14
 1012 00d6 20000000 		.4byte	.LVL15
 1013 00da 0100     		.2byte	0x1
 1014 00dc 50       		.byte	0x50
 1015 00dd 00000000 		.4byte	0
 1016 00e1 00000000 		.4byte	0
 1017              		.section	.debug_aranges,"",%progbits
 1018 0000 34000000 		.4byte	0x34
ARM GAS  /tmp/ccSSzS2d.s 			page 19


 1019 0004 0200     		.2byte	0x2
 1020 0006 00000000 		.4byte	.Ldebug_info0
 1021 000a 04       		.byte	0x4
 1022 000b 00       		.byte	0
 1023 000c 0000     		.2byte	0
 1024 000e 0000     		.2byte	0
 1025 0010 00000000 		.4byte	.LFB7
 1026 0014 18000000 		.4byte	.LFE7-.LFB7
 1027 0018 00000000 		.4byte	.LFB8
 1028 001c 38000000 		.4byte	.LFE8-.LFB8
 1029 0020 00000000 		.4byte	.LFB9
 1030 0024 24000000 		.4byte	.LFE9-.LFB9
 1031 0028 00000000 		.4byte	.LFB10
 1032 002c 28000000 		.4byte	.LFE10-.LFB10
 1033 0030 00000000 		.4byte	0
 1034 0034 00000000 		.4byte	0
 1035              		.section	.debug_ranges,"",%progbits
 1036              	.Ldebug_ranges0:
 1037 0000 00000000 		.4byte	.LFB7
 1038 0004 18000000 		.4byte	.LFE7
 1039 0008 00000000 		.4byte	.LFB8
 1040 000c 38000000 		.4byte	.LFE8
 1041 0010 00000000 		.4byte	.LFB9
 1042 0014 24000000 		.4byte	.LFE9
 1043 0018 00000000 		.4byte	.LFB10
 1044 001c 28000000 		.4byte	.LFE10
 1045 0020 00000000 		.4byte	0
 1046 0024 00000000 		.4byte	0
 1047              		.section	.debug_line,"",%progbits
 1048              	.Ldebug_line0:
 1049 0000 3E010000 		.section	.debug_str,"MS",%progbits,1
 1049      0200C400 
 1049      00000201 
 1049      FB0E0D00 
 1049      01010101 
 1050              	.LASF25:
 1051 0000 63685654 		.ascii	"chVTSetI\000"
 1051      53657449 
 1051      00
 1052              	.LASF12:
 1053 0009 73797374 		.ascii	"systime_t\000"
 1053      696D655F 
 1053      7400
 1054              	.LASF27:
 1055 0013 73746172 		.ascii	"start\000"
 1055      7400
 1056              	.LASF11:
 1057 0019 626F6F6C 		.ascii	"bool_t\000"
 1057      5F7400
 1058              	.LASF29:
 1059 0020 474E5520 		.ascii	"GNU C 4.6.2 20120613 (release) [ARM/embedded-4_6-br"
 1059      4320342E 
 1059      362E3220 
 1059      32303132 
 1059      30363133 
 1060 0053 616E6368 		.ascii	"anch revision 188521]\000"
 1060      20726576 
ARM GAS  /tmp/ccSSzS2d.s 			page 20


 1060      6973696F 
 1060      6E203138 
 1060      38353231 
 1061              	.LASF13:
 1062 0069 76746675 		.ascii	"vtfunc_t\000"
 1062      6E635F74 
 1062      00
 1063              	.LASF8:
 1064 0072 6C6F6E67 		.ascii	"long unsigned int\000"
 1064      20756E73 
 1064      69676E65 
 1064      6420696E 
 1064      7400
 1065              	.LASF4:
 1066 0084 73686F72 		.ascii	"short unsigned int\000"
 1066      7420756E 
 1066      7369676E 
 1066      65642069 
 1066      6E7400
 1067              	.LASF14:
 1068 0097 56697274 		.ascii	"VirtualTimer\000"
 1068      75616C54 
 1068      696D6572 
 1068      00
 1069              	.LASF2:
 1070 00a4 756E7369 		.ascii	"unsigned char\000"
 1070      676E6564 
 1070      20636861 
 1070      7200
 1071              	.LASF20:
 1072 00b2 76745F73 		.ascii	"vt_systime\000"
 1072      79737469 
 1072      6D6500
 1073              	.LASF32:
 1074 00bd 5F76745F 		.ascii	"_vt_init\000"
 1074      696E6974 
 1074      00
 1075              	.LASF0:
 1076 00c6 756E7369 		.ascii	"unsigned int\000"
 1076      676E6564 
 1076      20696E74 
 1076      00
 1077              	.LASF10:
 1078 00d3 6C6F6E67 		.ascii	"long long unsigned int\000"
 1078      206C6F6E 
 1078      6720756E 
 1078      7369676E 
 1078      65642069 
 1079              	.LASF28:
 1080 00ea 76746C69 		.ascii	"vtlist\000"
 1080      737400
 1081              	.LASF23:
 1082 00f1 74696D65 		.ascii	"time\000"
 1082      00
 1083              	.LASF17:
 1084 00f6 76745F74 		.ascii	"vt_time\000"
 1084      696D6500 
ARM GAS  /tmp/ccSSzS2d.s 			page 21


 1085              	.LASF6:
 1086 00fe 696E7433 		.ascii	"int32_t\000"
 1086      325F7400 
 1087              	.LASF30:
 1088 0106 2E2F6F73 		.ascii	"./os/kernel/src/chvt.c\000"
 1088      2F6B6572 
 1088      6E656C2F 
 1088      7372632F 
 1088      63687674 
 1089              	.LASF9:
 1090 011d 6C6F6E67 		.ascii	"long long int\000"
 1090      206C6F6E 
 1090      6720696E 
 1090      7400
 1091              	.LASF18:
 1092 012b 76745F66 		.ascii	"vt_func\000"
 1092      756E6300 
 1093              	.LASF24:
 1094 0133 76746675 		.ascii	"vtfunc\000"
 1094      6E6300
 1095              	.LASF22:
 1096 013a 63686172 		.ascii	"char\000"
 1096      00
 1097              	.LASF19:
 1098 013f 76745F70 		.ascii	"vt_par\000"
 1098      617200
 1099              	.LASF3:
 1100 0146 73686F72 		.ascii	"short int\000"
 1100      7420696E 
 1100      7400
 1101              	.LASF33:
 1102 0150 63685469 		.ascii	"chTimeIsWithin\000"
 1102      6D654973 
 1102      57697468 
 1102      696E00
 1103              	.LASF16:
 1104 015f 76745F70 		.ascii	"vt_prev\000"
 1104      72657600 
 1105              	.LASF7:
 1106 0167 75696E74 		.ascii	"uint32_t\000"
 1106      33325F74 
 1106      00
 1107              	.LASF5:
 1108 0170 6C6F6E67 		.ascii	"long int\000"
 1108      20696E74 
 1108      00
 1109              	.LASF1:
 1110 0179 7369676E 		.ascii	"signed char\000"
 1110      65642063 
 1110      68617200 
 1111              	.LASF21:
 1112 0185 56544C69 		.ascii	"VTList\000"
 1112      737400
 1113              	.LASF15:
 1114 018c 76745F6E 		.ascii	"vt_next\000"
 1114      65787400 
 1115              	.LASF26:
ARM GAS  /tmp/ccSSzS2d.s 			page 22


 1116 0194 63685654 		.ascii	"chVTResetI\000"
 1116      52657365 
 1116      744900
 1117              	.LASF31:
 1118 019f 2F686F6D 		.ascii	"/home/pacifist/fox1/amsat-fox1/amsat-fox/stm32f4-de"
 1118      652F7061 
 1118      63696669 
 1118      73742F66 
 1118      6F78312F 
 1119 01d2 76656C00 		.ascii	"vel\000"
 1120              		.ident	"GCC: (GNU Tools for ARM Embedded Processors) 4.6.2 20120613 (release) [ARM/embedded-4_6-br
ARM GAS  /tmp/ccSSzS2d.s 			page 23


DEFINED SYMBOLS
                            *ABS*:00000000 chvt.c
     /tmp/ccSSzS2d.s:19     .text._vt_init:00000000 $t
     /tmp/ccSSzS2d.s:25     .text._vt_init:00000000 _vt_init
     /tmp/ccSSzS2d.s:238    .bss.vtlist:00000000 .LANCHOR0
     /tmp/ccSSzS2d.s:53     .text.chVTSetI:00000000 $t
     /tmp/ccSSzS2d.s:59     .text.chVTSetI:00000000 chVTSetI
     /tmp/ccSSzS2d.s:127    .text.chVTSetI:00000034 $d
     /tmp/ccSSzS2d.s:132    .text.chVTResetI:00000000 $t
     /tmp/ccSSzS2d.s:138    .text.chVTResetI:00000000 chVTResetI
     /tmp/ccSSzS2d.s:173    .text.chVTResetI:00000020 $d
     /tmp/ccSSzS2d.s:178    .text.chTimeIsWithin:00000000 $t
     /tmp/ccSSzS2d.s:184    .text.chTimeIsWithin:00000000 chTimeIsWithin
     /tmp/ccSSzS2d.s:231    .text.chTimeIsWithin:00000024 $d
     /tmp/ccSSzS2d.s:241    .bss.vtlist:00000000 vtlist
     /tmp/ccSSzS2d.s:237    .bss.vtlist:00000000 $d
                     .debug_frame:00000010 $d
     /tmp/ccSSzS2d.s:131    .text.chVTSetI:00000038 $t
     /tmp/ccSSzS2d.s:177    .text.chVTResetI:00000024 $t
     /tmp/ccSSzS2d.s:236    .text.chTimeIsWithin:00000028 $t

NO UNDEFINED SYMBOLS
