ARM GAS  /tmp/ccxMwFl5.s 			page 1


   1              		.syntax unified
   2              		.cpu cortex-m4
   3              		.fpu softvfp
   4              		.eabi_attribute 20, 1
   5              		.eabi_attribute 21, 1
   6              		.eabi_attribute 23, 3
   7              		.eabi_attribute 24, 1
   8              		.eabi_attribute 25, 1
   9              		.eabi_attribute 26, 1
  10              		.eabi_attribute 30, 2
  11              		.eabi_attribute 34, 1
  12              		.eabi_attribute 18, 4
  13              		.thumb
  14              		.file	"hal_lld.c"
  15              		.text
  16              	.Ltext0:
  17              		.cfi_sections	.debug_frame
  18              		.section	.text.hal_lld_init,"ax",%progbits
  19              		.align	2
  20              		.p2align 4,,15
  21              		.global	hal_lld_init
  22              		.thumb
  23              		.thumb_func
  24              		.type	hal_lld_init, %function
  25              	hal_lld_init:
  26              	.LFB118:
  27              		.file 1 "./os/hal/platforms/STM32F4xx/hal_lld.c"
  28              		.loc 1 99 0
  29              		.cfi_startproc
  30              		@ args = 0, pretend = 0, frame = 0
  31              		@ frame_needed = 0, uses_anonymous_args = 0
  32              		@ link register save eliminated.
  33 0000 30B4     		push	{r4, r5}
  34              	.LCFI0:
  35              		.cfi_def_cfa_offset 8
  36              		.cfi_offset 5, -4
  37              		.cfi_offset 4, -8
  38              		.loc 1 103 0
  39 0002 4FF46053 		mov	r3, #14336
  40 0006 C4F20203 		movt	r3, 16386
  41 000a 0022     		movs	r2, #0
  42 000c 1C69     		ldr	r4, [r3, #16]
  43 000e 44F00101 		orr	r1, r4, #1
  44 0012 1961     		str	r1, [r3, #16]
  45 0014 1A61     		str	r2, [r3, #16]
  46              		.loc 1 104 0
  47 0016 5869     		ldr	r0, [r3, #20]
  48 0018 40F00105 		orr	r5, r0, #1
  49 001c 5D61     		str	r5, [r3, #20]
  50 001e 5A61     		str	r2, [r3, #20]
  51              		.loc 1 105 0
  52 0020 9C69     		ldr	r4, [r3, #24]
  53 0022 44F00101 		orr	r1, r4, #1
  54 0026 9961     		str	r1, [r3, #24]
  55 0028 9A61     		str	r2, [r3, #24]
  56              		.loc 1 106 0
  57 002a 186A     		ldr	r0, [r3, #32]
ARM GAS  /tmp/ccxMwFl5.s 			page 2


  58 002c 1862     		str	r0, [r3, #32]
  59 002e 1A62     		str	r2, [r3, #32]
  60              		.loc 1 107 0
  61 0030 5D6A     		ldr	r5, [r3, #36]
  62              		.loc 1 110 0
  63 0032 4EF2100C 		movw	ip, #57360
  64 0036 CEF2000C 		movt	ip, 57344
  65 003a 49F23F04 		movw	r4, #36927
  66              		.loc 1 117 0
  67 003e 4EF6F050 		movw	r0, #60912
  68 0042 CEF20000 		movt	r0, 57344
  69              		.loc 1 112 0
  70 0046 0721     		movs	r1, #7
  71              		.loc 1 110 0
  72 0048 C0F20204 		movt	r4, 2
  73              		.loc 1 107 0
  74 004c 45F00105 		orr	r5, r5, #1
  75 0050 5D62     		str	r5, [r3, #36]
  76 0052 5A62     		str	r2, [r3, #36]
  77              		.loc 1 110 0
  78 0054 CCF80440 		str	r4, [ip, #4]
  79              		.loc 1 111 0
  80 0058 CCF80820 		str	r2, [ip, #8]
  81              		.loc 1 112 0
  82 005c CCF80010 		str	r1, [ip, #0]
  83              		.loc 1 117 0
  84 0060 C468     		ldr	r4, [r0, #12]
  85              		.loc 1 118 0
  86 0062 4FF4805C 		mov	ip, #4096
  87 0066 CEF2000C 		movt	ip, 57344
  88              		.loc 1 117 0
  89 006a 44F08074 		orr	r4, r4, #16777216
  90 006e C460     		str	r4, [r0, #12]
  91              		.loc 1 118 0
  92 0070 DCF80010 		ldr	r1, [ip, #0]
  93 0074 41F00100 		orr	r0, r1, #1
  94 0078 CCF80000 		str	r0, [ip, #0]
  95              		.loc 1 121 0
  96 007c 196C     		ldr	r1, [r3, #64]
  97              	.LBB4:
  98              	.LBB5:
  99              		.loc 1 57 0
 100 007e 4FF4E04C 		mov	ip, #28672
 101              	.LBE5:
 102              	.LBE4:
 103              		.loc 1 121 0
 104 0082 41F08050 		orr	r0, r1, #268435456
 105              	.LBB8:
 106              	.LBB6:
 107              		.loc 1 57 0
 108 0086 C4F2000C 		movt	ip, 16384
 109              	.LBE6:
 110              	.LBE8:
 111              		.loc 1 121 0
 112 008a 1864     		str	r0, [r3, #64]
 113              	.LBB9:
 114              	.LBB7:
ARM GAS  /tmp/ccxMwFl5.s 			page 3


 115              		.loc 1 57 0
 116 008c DCF80010 		ldr	r1, [ip, #0]
 117 0090 41F48070 		orr	r0, r1, #256
 118 0094 CCF80000 		str	r0, [ip, #0]
 119              		.loc 1 60 0
 120 0098 186F     		ldr	r0, [r3, #112]
 121 009a 00F44071 		and	r1, r0, #768
 122 009e B1F5007F 		cmp	r1, #512
 123 00a2 03D0     		beq	.L2
 124              		.loc 1 62 0
 125 00a4 4FF48030 		mov	r0, #65536
 126 00a8 1867     		str	r0, [r3, #112]
 127              		.loc 1 63 0
 128 00aa 1A67     		str	r2, [r3, #112]
 129              	.L2:
 130              		.loc 1 76 0
 131 00ac 4FF46053 		mov	r3, #14336
 132 00b0 C4F20203 		movt	r3, 16386
 133 00b4 1A6F     		ldr	r2, [r3, #112]
 134 00b6 1204     		lsls	r2, r2, #16
 135 00b8 07D4     		bmi	.L3
 136              		.loc 1 78 0
 137 00ba 196F     		ldr	r1, [r3, #112]
 138 00bc 41F40072 		orr	r2, r1, #512
 139 00c0 1A67     		str	r2, [r3, #112]
 140              		.loc 1 81 0
 141 00c2 186F     		ldr	r0, [r3, #112]
 142 00c4 40F40041 		orr	r1, r0, #32768
 143 00c8 1967     		str	r1, [r3, #112]
 144              	.L3:
 145              	.LBE7:
 146              	.LBE9:
 147              		.loc 1 134 0
 148 00ca 30BC     		pop	{r4, r5}
 149              		.loc 1 127 0
 150 00cc FFF7FEBF 		b	dmaInit
 151              		.cfi_endproc
 152              	.LFE118:
 153              		.size	hal_lld_init, .-hal_lld_init
 154              		.section	.text.stm32_clock_init,"ax",%progbits
 155              		.align	2
 156              		.p2align 4,,15
 157              		.global	stm32_clock_init
 158              		.thumb
 159              		.thumb_func
 160              		.type	stm32_clock_init, %function
 161              	stm32_clock_init:
 162              	.LFB119:
 163              		.loc 1 143 0
 164              		.cfi_startproc
 165              		@ args = 0, pretend = 0, frame = 0
 166              		@ frame_needed = 0, uses_anonymous_args = 0
 167              		@ link register save eliminated.
 168              		.loc 1 147 0
 169 0000 4FF46052 		mov	r2, #14336
 170              		.loc 1 150 0
 171 0004 4FF4E043 		mov	r3, #28672
ARM GAS  /tmp/ccxMwFl5.s 			page 4


 172 0008 C4F20003 		movt	r3, 16384
 173              		.loc 1 147 0
 174 000c C4F20202 		movt	r2, 16386
 175 0010 4FF08050 		mov	r0, #268435456
 176              		.loc 1 150 0
 177 0014 4FF48041 		mov	r1, #16384
 178              		.loc 1 147 0
 179 0018 1064     		str	r0, [r2, #64]
 180              		.loc 1 151 0
 181 001a 1A46     		mov	r2, r3
 182              		.loc 1 150 0
 183 001c 1960     		str	r1, [r3, #0]
 184              	.L6:
 185              		.loc 1 151 0 discriminator 1
 186 001e 5168     		ldr	r1, [r2, #4]
 187 0020 4904     		lsls	r1, r1, #17
 188 0022 FCD5     		bpl	.L6
 189              		.loc 1 156 0
 190 0024 4FF4605C 		mov	ip, #14336
 191 0028 C4F2020C 		movt	ip, 16386
 192              		.loc 1 157 0
 193 002c 6146     		mov	r1, ip
 194              		.loc 1 156 0
 195 002e DCF80030 		ldr	r3, [ip, #0]
 196 0032 43F00100 		orr	r0, r3, #1
 197 0036 CCF80000 		str	r0, [ip, #0]
 198              	.L7:
 199              		.loc 1 157 0 discriminator 1
 200 003a 0A68     		ldr	r2, [r1, #0]
 201 003c 4FF46053 		mov	r3, #14336
 202 0040 9207     		lsls	r2, r2, #30
 203 0042 C4F20203 		movt	r3, 16386
 204 0046 F8D5     		bpl	.L7
 205              		.loc 1 162 0
 206 0048 1868     		ldr	r0, [r3, #0]
 207 004a 40F48031 		orr	r1, r0, #65536
 208 004e 1960     		str	r1, [r3, #0]
 209              		.loc 1 163 0
 210 0050 1946     		mov	r1, r3
 211              	.L8:
 212              		.loc 1 163 0 is_stmt 0 discriminator 1
 213 0052 0A68     		ldr	r2, [r1, #0]
 214 0054 4FF46053 		mov	r3, #14336
 215 0058 9003     		lsls	r0, r2, #14
 216 005a C4F20203 		movt	r3, 16386
 217 005e F8D5     		bpl	.L8
 218              		.loc 1 169 0 is_stmt 1
 219 0060 586F     		ldr	r0, [r3, #116]
 220 0062 40F00101 		orr	r1, r0, #1
 221 0066 5967     		str	r1, [r3, #116]
 222              		.loc 1 170 0
 223 0068 1946     		mov	r1, r3
 224              	.L9:
 225              		.loc 1 170 0 is_stmt 0 discriminator 1
 226 006a 4A6F     		ldr	r2, [r1, #116]
 227 006c 4FF46053 		mov	r3, #14336
 228 0070 9207     		lsls	r2, r2, #30
ARM GAS  /tmp/ccxMwFl5.s 			page 5


 229 0072 C4F20203 		movt	r3, 16386
 230 0076 F8D5     		bpl	.L9
 231              		.loc 1 187 0 is_stmt 1
 232 0078 45F20842 		movw	r2, #21512
 233 007c C0F24072 		movt	r2, 1856
 234 0080 5A60     		str	r2, [r3, #4]
 235              		.loc 1 188 0
 236 0082 1868     		ldr	r0, [r3, #0]
 237 0084 40F08071 		orr	r1, r0, #16777216
 238 0088 1960     		str	r1, [r3, #0]
 239              		.loc 1 189 0
 240 008a 1946     		mov	r1, r3
 241              	.L10:
 242              		.loc 1 189 0 is_stmt 0 discriminator 1
 243 008c 0868     		ldr	r0, [r1, #0]
 244 008e 4FF46053 		mov	r3, #14336
 245 0092 8001     		lsls	r0, r0, #6
 246 0094 C4F20203 		movt	r3, 16386
 247 0098 F8D5     		bpl	.L10
 248              		.loc 1 202 0 is_stmt 1
 249 009a 9868     		ldr	r0, [r3, #8]
 250 009c 4FF41442 		mov	r2, #37888
 251              		.loc 1 215 0
 252 00a0 4FF4705C 		mov	ip, #15360
 253              		.loc 1 202 0
 254 00a4 C3F60802 		movt	r2, 14344
 255              		.loc 1 215 0
 256 00a8 C4F2020C 		movt	ip, 16386
 257              		.loc 1 202 0
 258 00ac 40EA0201 		orr	r1, r0, r2
 259              		.loc 1 215 0
 260 00b0 40F20570 		movw	r0, #1797
 261              		.loc 1 202 0
 262 00b4 9960     		str	r1, [r3, #8]
 263              		.loc 1 215 0
 264 00b6 CCF80000 		str	r0, [ip, #0]
 265              		.loc 1 221 0
 266 00ba 9A68     		ldr	r2, [r3, #8]
 267 00bc 42F00201 		orr	r1, r2, #2
 268 00c0 9960     		str	r1, [r3, #8]
 269              	.L11:
 270              		.loc 1 222 0 discriminator 1
 271 00c2 9968     		ldr	r1, [r3, #8]
 272 00c4 01F00C0C 		and	ip, r1, #12
 273 00c8 4FF46052 		mov	r2, #14336
 274 00cc BCF1080F 		cmp	ip, #8
 275 00d0 C4F20202 		movt	r2, 16386
 276 00d4 F5D1     		bne	.L11
 277              		.loc 1 229 0
 278 00d6 536C     		ldr	r3, [r2, #68]
 279 00d8 43F48041 		orr	r1, r3, #16384
 280 00dc 5164     		str	r1, [r2, #68]
 281 00de 506E     		ldr	r0, [r2, #100]
 282 00e0 40F48043 		orr	r3, r0, #16384
 283 00e4 5366     		str	r3, [r2, #100]
 284              		.loc 1 230 0
 285 00e6 7047     		bx	lr
ARM GAS  /tmp/ccxMwFl5.s 			page 6


 286              		.cfi_endproc
 287              	.LFE119:
 288              		.size	stm32_clock_init, .-stm32_clock_init
 289 00e8 AFF30080 		.text
 289      AFF30080 
 290              	.Letext0:
 291              		.file 2 "/usr/bin/../lib/gcc/arm-none-eabi/4.6.2/../../../../arm-none-eabi/include/stdint.h"
 292              		.file 3 "./os/ports/common/ARMCMx/nvic.h"
 293              		.file 4 "./os/ports/common/ARMCMx/CMSIS/include/core_cm4.h"
 294              		.file 5 "./os/hal/platforms/STM32F4xx/stm32f4xx.h"
 295              		.section	.debug_info,"",%progbits
 296              	.Ldebug_info0:
 297 0000 C0040000 		.4byte	0x4c0
 298 0004 0200     		.2byte	0x2
 299 0006 00000000 		.4byte	.Ldebug_abbrev0
 300 000a 04       		.byte	0x4
 301 000b 01       		.uleb128 0x1
 302 000c B2000000 		.4byte	.LASF64
 303 0010 01       		.byte	0x1
 304 0011 1B000000 		.4byte	.LASF65
 305 0015 59020000 		.4byte	.LASF66
 306 0019 00000000 		.4byte	0
 307 001d 00000000 		.4byte	0
 308 0021 20000000 		.4byte	.Ldebug_ranges0+0x20
 309 0025 00000000 		.4byte	.Ldebug_line0
 310 0029 02       		.uleb128 0x2
 311 002a 04       		.byte	0x4
 312 002b 05       		.byte	0x5
 313 002c 696E7400 		.ascii	"int\000"
 314 0030 03       		.uleb128 0x3
 315 0031 04       		.byte	0x4
 316 0032 07       		.byte	0x7
 317 0033 D4010000 		.4byte	.LASF0
 318 0037 03       		.uleb128 0x3
 319 0038 01       		.byte	0x1
 320 0039 06       		.byte	0x6
 321 003a A7010000 		.4byte	.LASF1
 322 003e 03       		.uleb128 0x3
 323 003f 01       		.byte	0x1
 324 0040 08       		.byte	0x8
 325 0041 91010000 		.4byte	.LASF2
 326 0045 03       		.uleb128 0x3
 327 0046 02       		.byte	0x2
 328 0047 05       		.byte	0x5
 329 0048 48000000 		.4byte	.LASF3
 330 004c 04       		.uleb128 0x4
 331 004d EA010000 		.4byte	.LASF5
 332 0051 02       		.byte	0x2
 333 0052 36       		.byte	0x36
 334 0053 57000000 		.4byte	0x57
 335 0057 03       		.uleb128 0x3
 336 0058 02       		.byte	0x2
 337 0059 07       		.byte	0x7
 338 005a 27020000 		.4byte	.LASF4
 339 005e 04       		.uleb128 0x4
 340 005f 51020000 		.4byte	.LASF6
 341 0063 02       		.byte	0x2
ARM GAS  /tmp/ccxMwFl5.s 			page 7


 342 0064 4F       		.byte	0x4f
 343 0065 69000000 		.4byte	0x69
 344 0069 03       		.uleb128 0x3
 345 006a 04       		.byte	0x4
 346 006b 05       		.byte	0x5
 347 006c 56010000 		.4byte	.LASF7
 348 0070 04       		.uleb128 0x4
 349 0071 FB000000 		.4byte	.LASF8
 350 0075 02       		.byte	0x2
 351 0076 50       		.byte	0x50
 352 0077 7B000000 		.4byte	0x7b
 353 007b 03       		.uleb128 0x3
 354 007c 04       		.byte	0x4
 355 007d 07       		.byte	0x7
 356 007e F3010000 		.4byte	.LASF9
 357 0082 03       		.uleb128 0x3
 358 0083 08       		.byte	0x8
 359 0084 05       		.byte	0x5
 360 0085 35010000 		.4byte	.LASF10
 361 0089 03       		.uleb128 0x3
 362 008a 08       		.byte	0x8
 363 008b 07       		.byte	0x7
 364 008c B3010000 		.4byte	.LASF11
 365 0090 05       		.uleb128 0x5
 366 0091 70000000 		.4byte	0x70
 367 0095 05       		.uleb128 0x5
 368 0096 7B000000 		.4byte	0x7b
 369 009a 06       		.uleb128 0x6
 370 009b 10       		.byte	0x10
 371 009c 03       		.byte	0x3
 372 009d F1       		.byte	0xf1
 373 009e DB000000 		.4byte	0xdb
 374 00a2 07       		.uleb128 0x7
 375 00a3 50010000 		.4byte	.LASF12
 376 00a7 03       		.byte	0x3
 377 00a8 F2       		.byte	0xf2
 378 00a9 95000000 		.4byte	0x95
 379 00ad 02       		.byte	0x2
 380 00ae 23       		.byte	0x23
 381 00af 00       		.uleb128 0
 382 00b0 07       		.uleb128 0x7
 383 00b1 AC000000 		.4byte	.LASF13
 384 00b5 03       		.byte	0x3
 385 00b6 F3       		.byte	0xf3
 386 00b7 95000000 		.4byte	0x95
 387 00bb 02       		.byte	0x2
 388 00bc 23       		.byte	0x23
 389 00bd 04       		.uleb128 0x4
 390 00be 07       		.uleb128 0x7
 391 00bf 1F010000 		.4byte	.LASF14
 392 00c3 03       		.byte	0x3
 393 00c4 F4       		.byte	0xf4
 394 00c5 95000000 		.4byte	0x95
 395 00c9 02       		.byte	0x2
 396 00ca 23       		.byte	0x23
 397 00cb 08       		.uleb128 0x8
 398 00cc 07       		.uleb128 0x7
ARM GAS  /tmp/ccxMwFl5.s 			page 8


 399 00cd 42000000 		.4byte	.LASF15
 400 00d1 03       		.byte	0x3
 401 00d2 F5       		.byte	0xf5
 402 00d3 95000000 		.4byte	0x95
 403 00d7 02       		.byte	0x2
 404 00d8 23       		.byte	0x23
 405 00d9 0C       		.uleb128 0xc
 406 00da 00       		.byte	0
 407 00db 04       		.uleb128 0x4
 408 00dc 49020000 		.4byte	.LASF16
 409 00e0 03       		.byte	0x3
 410 00e1 F6       		.byte	0xf6
 411 00e2 9A000000 		.4byte	0x9a
 412 00e6 08       		.uleb128 0x8
 413 00e7 20       		.byte	0x20
 414 00e8 03       		.byte	0x3
 415 00e9 0601     		.2byte	0x106
 416 00eb 68010000 		.4byte	0x168
 417 00ef 09       		.uleb128 0x9
 418 00f0 89000000 		.4byte	.LASF17
 419 00f4 03       		.byte	0x3
 420 00f5 0701     		.2byte	0x107
 421 00f7 95000000 		.4byte	0x95
 422 00fb 02       		.byte	0x2
 423 00fc 23       		.byte	0x23
 424 00fd 00       		.uleb128 0
 425 00fe 09       		.uleb128 0x9
 426 00ff 43010000 		.4byte	.LASF18
 427 0103 03       		.byte	0x3
 428 0104 0801     		.2byte	0x108
 429 0106 95000000 		.4byte	0x95
 430 010a 02       		.byte	0x2
 431 010b 23       		.byte	0x23
 432 010c 04       		.uleb128 0x4
 433 010d 09       		.uleb128 0x9
 434 010e 9D000000 		.4byte	.LASF19
 435 0112 03       		.byte	0x3
 436 0113 0901     		.2byte	0x109
 437 0115 95000000 		.4byte	0x95
 438 0119 02       		.byte	0x2
 439 011a 23       		.byte	0x23
 440 011b 08       		.uleb128 0x8
 441 011c 09       		.uleb128 0x9
 442 011d 8A010000 		.4byte	.LASF20
 443 0121 03       		.byte	0x3
 444 0122 0A01     		.2byte	0x10a
 445 0124 95000000 		.4byte	0x95
 446 0128 02       		.byte	0x2
 447 0129 23       		.byte	0x23
 448 012a 0C       		.uleb128 0xc
 449 012b 09       		.uleb128 0x9
 450 012c DE020000 		.4byte	.LASF21
 451 0130 03       		.byte	0x3
 452 0131 0B01     		.2byte	0x10b
 453 0133 95000000 		.4byte	0x95
 454 0137 02       		.byte	0x2
 455 0138 23       		.byte	0x23
ARM GAS  /tmp/ccxMwFl5.s 			page 9


 456 0139 10       		.uleb128 0x10
 457 013a 09       		.uleb128 0x9
 458 013b E7020000 		.4byte	.LASF22
 459 013f 03       		.byte	0x3
 460 0140 0C01     		.2byte	0x10c
 461 0142 95000000 		.4byte	0x95
 462 0146 02       		.byte	0x2
 463 0147 23       		.byte	0x23
 464 0148 14       		.uleb128 0x14
 465 0149 09       		.uleb128 0x9
 466 014a 5C000000 		.4byte	.LASF23
 467 014e 03       		.byte	0x3
 468 014f 0D01     		.2byte	0x10d
 469 0151 95000000 		.4byte	0x95
 470 0155 02       		.byte	0x2
 471 0156 23       		.byte	0x23
 472 0157 18       		.uleb128 0x18
 473 0158 09       		.uleb128 0x9
 474 0159 57000000 		.4byte	.LASF24
 475 015d 03       		.byte	0x3
 476 015e 0E01     		.2byte	0x10e
 477 0160 95000000 		.4byte	0x95
 478 0164 02       		.byte	0x2
 479 0165 23       		.byte	0x23
 480 0166 1C       		.uleb128 0x1c
 481 0167 00       		.byte	0
 482 0168 0A       		.uleb128 0xa
 483 0169 90020000 		.4byte	.LASF25
 484 016d 03       		.byte	0x3
 485 016e 0F01     		.2byte	0x10f
 486 0170 E6000000 		.4byte	0xe6
 487 0174 03       		.uleb128 0x3
 488 0175 01       		.byte	0x1
 489 0176 08       		.byte	0x8
 490 0177 44020000 		.4byte	.LASF26
 491 017b 0B       		.uleb128 0xb
 492 017c 90000000 		.4byte	0x90
 493 0180 0C       		.uleb128 0xc
 494 0181 70000000 		.4byte	0x70
 495 0185 90010000 		.4byte	0x190
 496 0189 0D       		.uleb128 0xd
 497 018a 30000000 		.4byte	0x30
 498 018e 01       		.byte	0x1
 499 018f 00       		.byte	0
 500 0190 08       		.uleb128 0x8
 501 0191 10       		.byte	0x10
 502 0192 04       		.byte	0x4
 503 0193 4E02     		.2byte	0x24e
 504 0195 D6010000 		.4byte	0x1d6
 505 0199 09       		.uleb128 0x9
 506 019a 89000000 		.4byte	.LASF17
 507 019e 04       		.byte	0x4
 508 019f 5002     		.2byte	0x250
 509 01a1 90000000 		.4byte	0x90
 510 01a5 02       		.byte	0x2
 511 01a6 23       		.byte	0x23
 512 01a7 00       		.uleb128 0
ARM GAS  /tmp/ccxMwFl5.s 			page 10


 513 01a8 09       		.uleb128 0x9
 514 01a9 EE020000 		.4byte	.LASF27
 515 01ad 04       		.byte	0x4
 516 01ae 5102     		.2byte	0x251
 517 01b0 90000000 		.4byte	0x90
 518 01b4 02       		.byte	0x2
 519 01b5 23       		.byte	0x23
 520 01b6 04       		.uleb128 0x4
 521 01b7 0E       		.uleb128 0xe
 522 01b8 56414C00 		.ascii	"VAL\000"
 523 01bc 04       		.byte	0x4
 524 01bd 5202     		.2byte	0x252
 525 01bf 90000000 		.4byte	0x90
 526 01c3 02       		.byte	0x2
 527 01c4 23       		.byte	0x23
 528 01c5 08       		.uleb128 0x8
 529 01c6 09       		.uleb128 0x9
 530 01c7 4A010000 		.4byte	.LASF28
 531 01cb 04       		.byte	0x4
 532 01cc 5302     		.2byte	0x253
 533 01ce 7B010000 		.4byte	0x17b
 534 01d2 02       		.byte	0x2
 535 01d3 23       		.byte	0x23
 536 01d4 0C       		.uleb128 0xc
 537 01d5 00       		.byte	0
 538 01d6 0A       		.uleb128 0xa
 539 01d7 1A020000 		.4byte	.LASF29
 540 01db 04       		.byte	0x4
 541 01dc 5402     		.2byte	0x254
 542 01de 90010000 		.4byte	0x190
 543 01e2 05       		.uleb128 0x5
 544 01e3 5E000000 		.4byte	0x5e
 545 01e7 08       		.uleb128 0x8
 546 01e8 18       		.byte	0x18
 547 01e9 05       		.byte	0x5
 548 01ea 4102     		.2byte	0x241
 549 01ec 49020000 		.4byte	0x249
 550 01f0 0E       		.uleb128 0xe
 551 01f1 41435200 		.ascii	"ACR\000"
 552 01f5 05       		.byte	0x5
 553 01f6 4302     		.2byte	0x243
 554 01f8 90000000 		.4byte	0x90
 555 01fc 02       		.byte	0x2
 556 01fd 23       		.byte	0x23
 557 01fe 00       		.uleb128 0
 558 01ff 09       		.uleb128 0x9
 559 0200 85010000 		.4byte	.LASF30
 560 0204 05       		.byte	0x5
 561 0205 4402     		.2byte	0x244
 562 0207 90000000 		.4byte	0x90
 563 020b 02       		.byte	0x2
 564 020c 23       		.byte	0x23
 565 020d 04       		.uleb128 0x4
 566 020e 09       		.uleb128 0x9
 567 020f 2D010000 		.4byte	.LASF31
 568 0213 05       		.byte	0x5
 569 0214 4502     		.2byte	0x245
ARM GAS  /tmp/ccxMwFl5.s 			page 11


 570 0216 90000000 		.4byte	0x90
 571 021a 02       		.byte	0x2
 572 021b 23       		.byte	0x23
 573 021c 08       		.uleb128 0x8
 574 021d 0E       		.uleb128 0xe
 575 021e 535200   		.ascii	"SR\000"
 576 0221 05       		.byte	0x5
 577 0222 4602     		.2byte	0x246
 578 0224 90000000 		.4byte	0x90
 579 0228 02       		.byte	0x2
 580 0229 23       		.byte	0x23
 581 022a 0C       		.uleb128 0xc
 582 022b 0E       		.uleb128 0xe
 583 022c 435200   		.ascii	"CR\000"
 584 022f 05       		.byte	0x5
 585 0230 4702     		.2byte	0x247
 586 0232 90000000 		.4byte	0x90
 587 0236 02       		.byte	0x2
 588 0237 23       		.byte	0x23
 589 0238 10       		.uleb128 0x10
 590 0239 09       		.uleb128 0x9
 591 023a 2A030000 		.4byte	.LASF32
 592 023e 05       		.byte	0x5
 593 023f 4802     		.2byte	0x248
 594 0241 90000000 		.4byte	0x90
 595 0245 02       		.byte	0x2
 596 0246 23       		.byte	0x23
 597 0247 14       		.uleb128 0x14
 598 0248 00       		.byte	0
 599 0249 0A       		.uleb128 0xa
 600 024a 05030000 		.4byte	.LASF33
 601 024e 05       		.byte	0x5
 602 024f 4902     		.2byte	0x249
 603 0251 E7010000 		.4byte	0x1e7
 604 0255 08       		.uleb128 0x8
 605 0256 08       		.byte	0x8
 606 0257 05       		.byte	0x5
 607 0258 D102     		.2byte	0x2d1
 608 025a 7C020000 		.4byte	0x27c
 609 025e 0E       		.uleb128 0xe
 610 025f 435200   		.ascii	"CR\000"
 611 0262 05       		.byte	0x5
 612 0263 D302     		.2byte	0x2d3
 613 0265 90000000 		.4byte	0x90
 614 0269 02       		.byte	0x2
 615 026a 23       		.byte	0x23
 616 026b 00       		.uleb128 0
 617 026c 0E       		.uleb128 0xe
 618 026d 43535200 		.ascii	"CSR\000"
 619 0271 05       		.byte	0x5
 620 0272 D402     		.2byte	0x2d4
 621 0274 90000000 		.4byte	0x90
 622 0278 02       		.byte	0x2
 623 0279 23       		.byte	0x23
 624 027a 04       		.uleb128 0x4
 625 027b 00       		.byte	0
 626 027c 0A       		.uleb128 0xa
ARM GAS  /tmp/ccxMwFl5.s 			page 12


 627 027d 6F000000 		.4byte	.LASF34
 628 0281 05       		.byte	0x5
 629 0282 D502     		.2byte	0x2d5
 630 0284 55020000 		.4byte	0x255
 631 0288 08       		.uleb128 0x8
 632 0289 88       		.byte	0x88
 633 028a 05       		.byte	0x5
 634 028b DB02     		.2byte	0x2db
 635 028d 55040000 		.4byte	0x455
 636 0291 0E       		.uleb128 0xe
 637 0292 435200   		.ascii	"CR\000"
 638 0295 05       		.byte	0x5
 639 0296 DD02     		.2byte	0x2dd
 640 0298 90000000 		.4byte	0x90
 641 029c 02       		.byte	0x2
 642 029d 23       		.byte	0x23
 643 029e 00       		.uleb128 0
 644 029f 09       		.uleb128 0x9
 645 02a0 12020000 		.4byte	.LASF35
 646 02a4 05       		.byte	0x5
 647 02a5 DE02     		.2byte	0x2de
 648 02a7 90000000 		.4byte	0x90
 649 02ab 02       		.byte	0x2
 650 02ac 23       		.byte	0x23
 651 02ad 04       		.uleb128 0x4
 652 02ae 09       		.uleb128 0x9
 653 02af 98000000 		.4byte	.LASF36
 654 02b3 05       		.byte	0x5
 655 02b4 DF02     		.2byte	0x2df
 656 02b6 90000000 		.4byte	0x90
 657 02ba 02       		.byte	0x2
 658 02bb 23       		.byte	0x23
 659 02bc 08       		.uleb128 0x8
 660 02bd 0E       		.uleb128 0xe
 661 02be 43495200 		.ascii	"CIR\000"
 662 02c2 05       		.byte	0x5
 663 02c3 E002     		.2byte	0x2e0
 664 02c5 90000000 		.4byte	0x90
 665 02c9 02       		.byte	0x2
 666 02ca 23       		.byte	0x23
 667 02cb 0C       		.uleb128 0xc
 668 02cc 09       		.uleb128 0x9
 669 02cd F3020000 		.4byte	.LASF37
 670 02d1 05       		.byte	0x5
 671 02d2 E102     		.2byte	0x2e1
 672 02d4 90000000 		.4byte	0x90
 673 02d8 02       		.byte	0x2
 674 02d9 23       		.byte	0x23
 675 02da 10       		.uleb128 0x10
 676 02db 09       		.uleb128 0x9
 677 02dc E1010000 		.4byte	.LASF38
 678 02e0 05       		.byte	0x5
 679 02e1 E202     		.2byte	0x2e2
 680 02e3 90000000 		.4byte	0x90
 681 02e7 02       		.byte	0x2
 682 02e8 23       		.byte	0x23
 683 02e9 14       		.uleb128 0x14
ARM GAS  /tmp/ccxMwFl5.s 			page 13


 684 02ea 09       		.uleb128 0x9
 685 02eb FC020000 		.4byte	.LASF39
 686 02ef 05       		.byte	0x5
 687 02f0 E302     		.2byte	0x2e3
 688 02f2 90000000 		.4byte	0x90
 689 02f6 02       		.byte	0x2
 690 02f7 23       		.byte	0x23
 691 02f8 18       		.uleb128 0x18
 692 02f9 09       		.uleb128 0x9
 693 02fa 98020000 		.4byte	.LASF40
 694 02fe 05       		.byte	0x5
 695 02ff E402     		.2byte	0x2e4
 696 0301 70000000 		.4byte	0x70
 697 0305 02       		.byte	0x2
 698 0306 23       		.byte	0x23
 699 0307 1C       		.uleb128 0x1c
 700 0308 09       		.uleb128 0x9
 701 0309 0A000000 		.4byte	.LASF41
 702 030d 05       		.byte	0x5
 703 030e E502     		.2byte	0x2e5
 704 0310 90000000 		.4byte	0x90
 705 0314 02       		.byte	0x2
 706 0315 23       		.byte	0x23
 707 0316 20       		.uleb128 0x20
 708 0317 09       		.uleb128 0x9
 709 0318 6B010000 		.4byte	.LASF42
 710 031c 05       		.byte	0x5
 711 031d E602     		.2byte	0x2e6
 712 031f 90000000 		.4byte	0x90
 713 0323 02       		.byte	0x2
 714 0324 23       		.byte	0x23
 715 0325 24       		.uleb128 0x24
 716 0326 09       		.uleb128 0x9
 717 0327 A2020000 		.4byte	.LASF43
 718 032b 05       		.byte	0x5
 719 032c E702     		.2byte	0x2e7
 720 032e 80010000 		.4byte	0x180
 721 0332 02       		.byte	0x2
 722 0333 23       		.byte	0x23
 723 0334 28       		.uleb128 0x28
 724 0335 09       		.uleb128 0x9
 725 0336 7B000000 		.4byte	.LASF44
 726 033a 05       		.byte	0x5
 727 033b E802     		.2byte	0x2e8
 728 033d 90000000 		.4byte	0x90
 729 0341 02       		.byte	0x2
 730 0342 23       		.byte	0x23
 731 0343 30       		.uleb128 0x30
 732 0344 09       		.uleb128 0x9
 733 0345 13000000 		.4byte	.LASF45
 734 0349 05       		.byte	0x5
 735 034a E902     		.2byte	0x2e9
 736 034c 90000000 		.4byte	0x90
 737 0350 02       		.byte	0x2
 738 0351 23       		.byte	0x23
 739 0352 34       		.uleb128 0x34
 740 0353 09       		.uleb128 0x9
ARM GAS  /tmp/ccxMwFl5.s 			page 14


 741 0354 25010000 		.4byte	.LASF46
 742 0358 05       		.byte	0x5
 743 0359 EA02     		.2byte	0x2ea
 744 035b 90000000 		.4byte	0x90
 745 035f 02       		.byte	0x2
 746 0360 23       		.byte	0x23
 747 0361 38       		.uleb128 0x38
 748 0362 09       		.uleb128 0x9
 749 0363 AC020000 		.4byte	.LASF47
 750 0367 05       		.byte	0x5
 751 0368 EB02     		.2byte	0x2eb
 752 036a 70000000 		.4byte	0x70
 753 036e 02       		.byte	0x2
 754 036f 23       		.byte	0x23
 755 0370 3C       		.uleb128 0x3c
 756 0371 09       		.uleb128 0x9
 757 0372 A4000000 		.4byte	.LASF48
 758 0376 05       		.byte	0x5
 759 0377 EC02     		.2byte	0x2ec
 760 0379 90000000 		.4byte	0x90
 761 037d 02       		.byte	0x2
 762 037e 23       		.byte	0x23
 763 037f 40       		.uleb128 0x40
 764 0380 09       		.uleb128 0x9
 765 0381 9F010000 		.4byte	.LASF49
 766 0385 05       		.byte	0x5
 767 0386 ED02     		.2byte	0x2ed
 768 0388 90000000 		.4byte	0x90
 769 038c 02       		.byte	0x2
 770 038d 23       		.byte	0x23
 771 038e 44       		.uleb128 0x44
 772 038f 09       		.uleb128 0x9
 773 0390 B6020000 		.4byte	.LASF50
 774 0394 05       		.byte	0x5
 775 0395 EE02     		.2byte	0x2ee
 776 0397 80010000 		.4byte	0x180
 777 039b 02       		.byte	0x2
 778 039c 23       		.byte	0x23
 779 039d 48       		.uleb128 0x48
 780 039e 09       		.uleb128 0x9
 781 039f 00000000 		.4byte	.LASF51
 782 03a3 05       		.byte	0x5
 783 03a4 EF02     		.2byte	0x2ef
 784 03a6 90000000 		.4byte	0x90
 785 03aa 02       		.byte	0x2
 786 03ab 23       		.byte	0x23
 787 03ac 50       		.uleb128 0x50
 788 03ad 09       		.uleb128 0x9
 789 03ae CA010000 		.4byte	.LASF52
 790 03b2 05       		.byte	0x5
 791 03b3 F002     		.2byte	0x2f0
 792 03b5 90000000 		.4byte	0x90
 793 03b9 02       		.byte	0x2
 794 03ba 23       		.byte	0x23
 795 03bb 54       		.uleb128 0x54
 796 03bc 09       		.uleb128 0x9
 797 03bd 8E000000 		.4byte	.LASF53
ARM GAS  /tmp/ccxMwFl5.s 			page 15


 798 03c1 05       		.byte	0x5
 799 03c2 F102     		.2byte	0x2f1
 800 03c4 90000000 		.4byte	0x90
 801 03c8 02       		.byte	0x2
 802 03c9 23       		.byte	0x23
 803 03ca 58       		.uleb128 0x58
 804 03cb 09       		.uleb128 0x9
 805 03cc C0020000 		.4byte	.LASF54
 806 03d0 05       		.byte	0x5
 807 03d1 F202     		.2byte	0x2f2
 808 03d3 70000000 		.4byte	0x70
 809 03d7 02       		.byte	0x2
 810 03d8 23       		.byte	0x23
 811 03d9 5C       		.uleb128 0x5c
 812 03da 09       		.uleb128 0x9
 813 03db 3A020000 		.4byte	.LASF55
 814 03df 05       		.byte	0x5
 815 03e0 F302     		.2byte	0x2f3
 816 03e2 90000000 		.4byte	0x90
 817 03e6 02       		.byte	0x2
 818 03e7 23       		.byte	0x23
 819 03e8 60       		.uleb128 0x60
 820 03e9 09       		.uleb128 0x9
 821 03ea 20030000 		.4byte	.LASF56
 822 03ee 05       		.byte	0x5
 823 03ef F402     		.2byte	0x2f4
 824 03f1 90000000 		.4byte	0x90
 825 03f5 02       		.byte	0x2
 826 03f6 23       		.byte	0x23
 827 03f7 64       		.uleb128 0x64
 828 03f8 09       		.uleb128 0x9
 829 03f9 CA020000 		.4byte	.LASF57
 830 03fd 05       		.byte	0x5
 831 03fe F502     		.2byte	0x2f5
 832 0400 80010000 		.4byte	0x180
 833 0404 02       		.byte	0x2
 834 0405 23       		.byte	0x23
 835 0406 68       		.uleb128 0x68
 836 0407 09       		.uleb128 0x9
 837 0408 52000000 		.4byte	.LASF58
 838 040c 05       		.byte	0x5
 839 040d F602     		.2byte	0x2f6
 840 040f 90000000 		.4byte	0x90
 841 0413 02       		.byte	0x2
 842 0414 23       		.byte	0x23
 843 0415 70       		.uleb128 0x70
 844 0416 0E       		.uleb128 0xe
 845 0417 43535200 		.ascii	"CSR\000"
 846 041b 05       		.byte	0x5
 847 041c F702     		.2byte	0x2f7
 848 041e 90000000 		.4byte	0x90
 849 0422 02       		.byte	0x2
 850 0423 23       		.byte	0x23
 851 0424 74       		.uleb128 0x74
 852 0425 09       		.uleb128 0x9
 853 0426 D4020000 		.4byte	.LASF59
 854 042a 05       		.byte	0x5
ARM GAS  /tmp/ccxMwFl5.s 			page 16


 855 042b F802     		.2byte	0x2f8
 856 042d 80010000 		.4byte	0x180
 857 0431 02       		.byte	0x2
 858 0432 23       		.byte	0x23
 859 0433 78       		.uleb128 0x78
 860 0434 09       		.uleb128 0x9
 861 0435 83000000 		.4byte	.LASF60
 862 0439 05       		.byte	0x5
 863 043a F902     		.2byte	0x2f9
 864 043c 90000000 		.4byte	0x90
 865 0440 03       		.byte	0x3
 866 0441 23       		.byte	0x23
 867 0442 8001     		.uleb128 0x80
 868 0444 09       		.uleb128 0x9
 869 0445 64000000 		.4byte	.LASF61
 870 0449 05       		.byte	0x5
 871 044a FA02     		.2byte	0x2fa
 872 044c 90000000 		.4byte	0x90
 873 0450 03       		.byte	0x3
 874 0451 23       		.byte	0x23
 875 0452 8401     		.uleb128 0x84
 876 0454 00       		.byte	0
 877 0455 0A       		.uleb128 0xa
 878 0456 5F010000 		.4byte	.LASF62
 879 045a 05       		.byte	0x5
 880 045b FB02     		.2byte	0x2fb
 881 045d 88020000 		.4byte	0x288
 882 0461 0F       		.uleb128 0xf
 883 0462 04010000 		.4byte	.LASF67
 884 0466 01       		.byte	0x1
 885 0467 36       		.byte	0x36
 886 0468 01       		.byte	0x1
 887 0469 01       		.byte	0x1
 888 046a 10       		.uleb128 0x10
 889 046b 01       		.byte	0x1
 890 046c 05020000 		.4byte	.LASF68
 891 0470 01       		.byte	0x1
 892 0471 63       		.byte	0x63
 893 0472 01       		.byte	0x1
 894 0473 00000000 		.4byte	.LFB118
 895 0477 D0000000 		.4byte	.LFE118
 896 047b 00000000 		.4byte	.LLST0
 897 047f 93040000 		.4byte	0x493
 898 0483 11       		.uleb128 0x11
 899 0484 61040000 		.4byte	0x461
 900 0488 7E000000 		.4byte	.LBB4
 901 048c 00000000 		.4byte	.Ldebug_ranges0+0
 902 0490 01       		.byte	0x1
 903 0491 7C       		.byte	0x7c
 904 0492 00       		.byte	0
 905 0493 12       		.uleb128 0x12
 906 0494 01       		.byte	0x1
 907 0495 74010000 		.4byte	.LASF69
 908 0499 01       		.byte	0x1
 909 049a 8F       		.byte	0x8f
 910 049b 01       		.byte	0x1
 911 049c 00000000 		.4byte	.LFB119
ARM GAS  /tmp/ccxMwFl5.s 			page 17


 912 04a0 E8000000 		.4byte	.LFE119
 913 04a4 02       		.byte	0x2
 914 04a5 7D       		.byte	0x7d
 915 04a6 00       		.sleb128 0
 916 04a7 13       		.uleb128 0x13
 917 04a8 13030000 		.4byte	.LASF63
 918 04ac 04       		.byte	0x4
 919 04ad 1A05     		.2byte	0x51a
 920 04af E2010000 		.4byte	0x1e2
 921 04b3 01       		.byte	0x1
 922 04b4 01       		.byte	0x1
 923 04b5 13       		.uleb128 0x13
 924 04b6 13030000 		.4byte	.LASF63
 925 04ba 04       		.byte	0x4
 926 04bb 1A05     		.2byte	0x51a
 927 04bd E2010000 		.4byte	0x1e2
 928 04c1 01       		.byte	0x1
 929 04c2 01       		.byte	0x1
 930 04c3 00       		.byte	0
 931              		.section	.debug_abbrev,"",%progbits
 932              	.Ldebug_abbrev0:
 933 0000 01       		.uleb128 0x1
 934 0001 11       		.uleb128 0x11
 935 0002 01       		.byte	0x1
 936 0003 25       		.uleb128 0x25
 937 0004 0E       		.uleb128 0xe
 938 0005 13       		.uleb128 0x13
 939 0006 0B       		.uleb128 0xb
 940 0007 03       		.uleb128 0x3
 941 0008 0E       		.uleb128 0xe
 942 0009 1B       		.uleb128 0x1b
 943 000a 0E       		.uleb128 0xe
 944 000b 11       		.uleb128 0x11
 945 000c 01       		.uleb128 0x1
 946 000d 52       		.uleb128 0x52
 947 000e 01       		.uleb128 0x1
 948 000f 55       		.uleb128 0x55
 949 0010 06       		.uleb128 0x6
 950 0011 10       		.uleb128 0x10
 951 0012 06       		.uleb128 0x6
 952 0013 00       		.byte	0
 953 0014 00       		.byte	0
 954 0015 02       		.uleb128 0x2
 955 0016 24       		.uleb128 0x24
 956 0017 00       		.byte	0
 957 0018 0B       		.uleb128 0xb
 958 0019 0B       		.uleb128 0xb
 959 001a 3E       		.uleb128 0x3e
 960 001b 0B       		.uleb128 0xb
 961 001c 03       		.uleb128 0x3
 962 001d 08       		.uleb128 0x8
 963 001e 00       		.byte	0
 964 001f 00       		.byte	0
 965 0020 03       		.uleb128 0x3
 966 0021 24       		.uleb128 0x24
 967 0022 00       		.byte	0
 968 0023 0B       		.uleb128 0xb
ARM GAS  /tmp/ccxMwFl5.s 			page 18


 969 0024 0B       		.uleb128 0xb
 970 0025 3E       		.uleb128 0x3e
 971 0026 0B       		.uleb128 0xb
 972 0027 03       		.uleb128 0x3
 973 0028 0E       		.uleb128 0xe
 974 0029 00       		.byte	0
 975 002a 00       		.byte	0
 976 002b 04       		.uleb128 0x4
 977 002c 16       		.uleb128 0x16
 978 002d 00       		.byte	0
 979 002e 03       		.uleb128 0x3
 980 002f 0E       		.uleb128 0xe
 981 0030 3A       		.uleb128 0x3a
 982 0031 0B       		.uleb128 0xb
 983 0032 3B       		.uleb128 0x3b
 984 0033 0B       		.uleb128 0xb
 985 0034 49       		.uleb128 0x49
 986 0035 13       		.uleb128 0x13
 987 0036 00       		.byte	0
 988 0037 00       		.byte	0
 989 0038 05       		.uleb128 0x5
 990 0039 35       		.uleb128 0x35
 991 003a 00       		.byte	0
 992 003b 49       		.uleb128 0x49
 993 003c 13       		.uleb128 0x13
 994 003d 00       		.byte	0
 995 003e 00       		.byte	0
 996 003f 06       		.uleb128 0x6
 997 0040 13       		.uleb128 0x13
 998 0041 01       		.byte	0x1
 999 0042 0B       		.uleb128 0xb
 1000 0043 0B       		.uleb128 0xb
 1001 0044 3A       		.uleb128 0x3a
 1002 0045 0B       		.uleb128 0xb
 1003 0046 3B       		.uleb128 0x3b
 1004 0047 0B       		.uleb128 0xb
 1005 0048 01       		.uleb128 0x1
 1006 0049 13       		.uleb128 0x13
 1007 004a 00       		.byte	0
 1008 004b 00       		.byte	0
 1009 004c 07       		.uleb128 0x7
 1010 004d 0D       		.uleb128 0xd
 1011 004e 00       		.byte	0
 1012 004f 03       		.uleb128 0x3
 1013 0050 0E       		.uleb128 0xe
 1014 0051 3A       		.uleb128 0x3a
 1015 0052 0B       		.uleb128 0xb
 1016 0053 3B       		.uleb128 0x3b
 1017 0054 0B       		.uleb128 0xb
 1018 0055 49       		.uleb128 0x49
 1019 0056 13       		.uleb128 0x13
 1020 0057 38       		.uleb128 0x38
 1021 0058 0A       		.uleb128 0xa
 1022 0059 00       		.byte	0
 1023 005a 00       		.byte	0
 1024 005b 08       		.uleb128 0x8
 1025 005c 13       		.uleb128 0x13
ARM GAS  /tmp/ccxMwFl5.s 			page 19


 1026 005d 01       		.byte	0x1
 1027 005e 0B       		.uleb128 0xb
 1028 005f 0B       		.uleb128 0xb
 1029 0060 3A       		.uleb128 0x3a
 1030 0061 0B       		.uleb128 0xb
 1031 0062 3B       		.uleb128 0x3b
 1032 0063 05       		.uleb128 0x5
 1033 0064 01       		.uleb128 0x1
 1034 0065 13       		.uleb128 0x13
 1035 0066 00       		.byte	0
 1036 0067 00       		.byte	0
 1037 0068 09       		.uleb128 0x9
 1038 0069 0D       		.uleb128 0xd
 1039 006a 00       		.byte	0
 1040 006b 03       		.uleb128 0x3
 1041 006c 0E       		.uleb128 0xe
 1042 006d 3A       		.uleb128 0x3a
 1043 006e 0B       		.uleb128 0xb
 1044 006f 3B       		.uleb128 0x3b
 1045 0070 05       		.uleb128 0x5
 1046 0071 49       		.uleb128 0x49
 1047 0072 13       		.uleb128 0x13
 1048 0073 38       		.uleb128 0x38
 1049 0074 0A       		.uleb128 0xa
 1050 0075 00       		.byte	0
 1051 0076 00       		.byte	0
 1052 0077 0A       		.uleb128 0xa
 1053 0078 16       		.uleb128 0x16
 1054 0079 00       		.byte	0
 1055 007a 03       		.uleb128 0x3
 1056 007b 0E       		.uleb128 0xe
 1057 007c 3A       		.uleb128 0x3a
 1058 007d 0B       		.uleb128 0xb
 1059 007e 3B       		.uleb128 0x3b
 1060 007f 05       		.uleb128 0x5
 1061 0080 49       		.uleb128 0x49
 1062 0081 13       		.uleb128 0x13
 1063 0082 00       		.byte	0
 1064 0083 00       		.byte	0
 1065 0084 0B       		.uleb128 0xb
 1066 0085 26       		.uleb128 0x26
 1067 0086 00       		.byte	0
 1068 0087 49       		.uleb128 0x49
 1069 0088 13       		.uleb128 0x13
 1070 0089 00       		.byte	0
 1071 008a 00       		.byte	0
 1072 008b 0C       		.uleb128 0xc
 1073 008c 01       		.uleb128 0x1
 1074 008d 01       		.byte	0x1
 1075 008e 49       		.uleb128 0x49
 1076 008f 13       		.uleb128 0x13
 1077 0090 01       		.uleb128 0x1
 1078 0091 13       		.uleb128 0x13
 1079 0092 00       		.byte	0
 1080 0093 00       		.byte	0
 1081 0094 0D       		.uleb128 0xd
 1082 0095 21       		.uleb128 0x21
ARM GAS  /tmp/ccxMwFl5.s 			page 20


 1083 0096 00       		.byte	0
 1084 0097 49       		.uleb128 0x49
 1085 0098 13       		.uleb128 0x13
 1086 0099 2F       		.uleb128 0x2f
 1087 009a 0B       		.uleb128 0xb
 1088 009b 00       		.byte	0
 1089 009c 00       		.byte	0
 1090 009d 0E       		.uleb128 0xe
 1091 009e 0D       		.uleb128 0xd
 1092 009f 00       		.byte	0
 1093 00a0 03       		.uleb128 0x3
 1094 00a1 08       		.uleb128 0x8
 1095 00a2 3A       		.uleb128 0x3a
 1096 00a3 0B       		.uleb128 0xb
 1097 00a4 3B       		.uleb128 0x3b
 1098 00a5 05       		.uleb128 0x5
 1099 00a6 49       		.uleb128 0x49
 1100 00a7 13       		.uleb128 0x13
 1101 00a8 38       		.uleb128 0x38
 1102 00a9 0A       		.uleb128 0xa
 1103 00aa 00       		.byte	0
 1104 00ab 00       		.byte	0
 1105 00ac 0F       		.uleb128 0xf
 1106 00ad 2E       		.uleb128 0x2e
 1107 00ae 00       		.byte	0
 1108 00af 03       		.uleb128 0x3
 1109 00b0 0E       		.uleb128 0xe
 1110 00b1 3A       		.uleb128 0x3a
 1111 00b2 0B       		.uleb128 0xb
 1112 00b3 3B       		.uleb128 0x3b
 1113 00b4 0B       		.uleb128 0xb
 1114 00b5 27       		.uleb128 0x27
 1115 00b6 0C       		.uleb128 0xc
 1116 00b7 20       		.uleb128 0x20
 1117 00b8 0B       		.uleb128 0xb
 1118 00b9 00       		.byte	0
 1119 00ba 00       		.byte	0
 1120 00bb 10       		.uleb128 0x10
 1121 00bc 2E       		.uleb128 0x2e
 1122 00bd 01       		.byte	0x1
 1123 00be 3F       		.uleb128 0x3f
 1124 00bf 0C       		.uleb128 0xc
 1125 00c0 03       		.uleb128 0x3
 1126 00c1 0E       		.uleb128 0xe
 1127 00c2 3A       		.uleb128 0x3a
 1128 00c3 0B       		.uleb128 0xb
 1129 00c4 3B       		.uleb128 0x3b
 1130 00c5 0B       		.uleb128 0xb
 1131 00c6 27       		.uleb128 0x27
 1132 00c7 0C       		.uleb128 0xc
 1133 00c8 11       		.uleb128 0x11
 1134 00c9 01       		.uleb128 0x1
 1135 00ca 12       		.uleb128 0x12
 1136 00cb 01       		.uleb128 0x1
 1137 00cc 40       		.uleb128 0x40
 1138 00cd 06       		.uleb128 0x6
 1139 00ce 01       		.uleb128 0x1
ARM GAS  /tmp/ccxMwFl5.s 			page 21


 1140 00cf 13       		.uleb128 0x13
 1141 00d0 00       		.byte	0
 1142 00d1 00       		.byte	0
 1143 00d2 11       		.uleb128 0x11
 1144 00d3 1D       		.uleb128 0x1d
 1145 00d4 00       		.byte	0
 1146 00d5 31       		.uleb128 0x31
 1147 00d6 13       		.uleb128 0x13
 1148 00d7 52       		.uleb128 0x52
 1149 00d8 01       		.uleb128 0x1
 1150 00d9 55       		.uleb128 0x55
 1151 00da 06       		.uleb128 0x6
 1152 00db 58       		.uleb128 0x58
 1153 00dc 0B       		.uleb128 0xb
 1154 00dd 59       		.uleb128 0x59
 1155 00de 0B       		.uleb128 0xb
 1156 00df 00       		.byte	0
 1157 00e0 00       		.byte	0
 1158 00e1 12       		.uleb128 0x12
 1159 00e2 2E       		.uleb128 0x2e
 1160 00e3 00       		.byte	0
 1161 00e4 3F       		.uleb128 0x3f
 1162 00e5 0C       		.uleb128 0xc
 1163 00e6 03       		.uleb128 0x3
 1164 00e7 0E       		.uleb128 0xe
 1165 00e8 3A       		.uleb128 0x3a
 1166 00e9 0B       		.uleb128 0xb
 1167 00ea 3B       		.uleb128 0x3b
 1168 00eb 0B       		.uleb128 0xb
 1169 00ec 27       		.uleb128 0x27
 1170 00ed 0C       		.uleb128 0xc
 1171 00ee 11       		.uleb128 0x11
 1172 00ef 01       		.uleb128 0x1
 1173 00f0 12       		.uleb128 0x12
 1174 00f1 01       		.uleb128 0x1
 1175 00f2 40       		.uleb128 0x40
 1176 00f3 0A       		.uleb128 0xa
 1177 00f4 00       		.byte	0
 1178 00f5 00       		.byte	0
 1179 00f6 13       		.uleb128 0x13
 1180 00f7 34       		.uleb128 0x34
 1181 00f8 00       		.byte	0
 1182 00f9 03       		.uleb128 0x3
 1183 00fa 0E       		.uleb128 0xe
 1184 00fb 3A       		.uleb128 0x3a
 1185 00fc 0B       		.uleb128 0xb
 1186 00fd 3B       		.uleb128 0x3b
 1187 00fe 05       		.uleb128 0x5
 1188 00ff 49       		.uleb128 0x49
 1189 0100 13       		.uleb128 0x13
 1190 0101 3F       		.uleb128 0x3f
 1191 0102 0C       		.uleb128 0xc
 1192 0103 3C       		.uleb128 0x3c
 1193 0104 0C       		.uleb128 0xc
 1194 0105 00       		.byte	0
 1195 0106 00       		.byte	0
 1196 0107 00       		.byte	0
ARM GAS  /tmp/ccxMwFl5.s 			page 22


 1197              		.section	.debug_loc,"",%progbits
 1198              	.Ldebug_loc0:
 1199              	.LLST0:
 1200 0000 00000000 		.4byte	.LFB118
 1201 0004 02000000 		.4byte	.LCFI0
 1202 0008 0200     		.2byte	0x2
 1203 000a 7D       		.byte	0x7d
 1204 000b 00       		.sleb128 0
 1205 000c 02000000 		.4byte	.LCFI0
 1206 0010 D0000000 		.4byte	.LFE118
 1207 0014 0200     		.2byte	0x2
 1208 0016 7D       		.byte	0x7d
 1209 0017 08       		.sleb128 8
 1210 0018 00000000 		.4byte	0
 1211 001c 00000000 		.4byte	0
 1212              		.section	.debug_aranges,"",%progbits
 1213 0000 24000000 		.4byte	0x24
 1214 0004 0200     		.2byte	0x2
 1215 0006 00000000 		.4byte	.Ldebug_info0
 1216 000a 04       		.byte	0x4
 1217 000b 00       		.byte	0
 1218 000c 0000     		.2byte	0
 1219 000e 0000     		.2byte	0
 1220 0010 00000000 		.4byte	.LFB118
 1221 0014 D0000000 		.4byte	.LFE118-.LFB118
 1222 0018 00000000 		.4byte	.LFB119
 1223 001c E8000000 		.4byte	.LFE119-.LFB119
 1224 0020 00000000 		.4byte	0
 1225 0024 00000000 		.4byte	0
 1226              		.section	.debug_ranges,"",%progbits
 1227              	.Ldebug_ranges0:
 1228 0000 7E000000 		.4byte	.LBB4
 1229 0004 82000000 		.4byte	.LBE4
 1230 0008 86000000 		.4byte	.LBB8
 1231 000c 8A000000 		.4byte	.LBE8
 1232 0010 8C000000 		.4byte	.LBB9
 1233 0014 CA000000 		.4byte	.LBE9
 1234 0018 00000000 		.4byte	0
 1235 001c 00000000 		.4byte	0
 1236 0020 00000000 		.4byte	.LFB118
 1237 0024 D0000000 		.4byte	.LFE118
 1238 0028 00000000 		.4byte	.LFB119
 1239 002c E8000000 		.4byte	.LFE119
 1240 0030 00000000 		.4byte	0
 1241 0034 00000000 		.4byte	0
 1242              		.section	.debug_line,"",%progbits
 1243              	.Ldebug_line0:
 1244 0000 A3010000 		.section	.debug_str,"MS",%progbits,1
 1244      0200FA00 
 1244      00000201 
 1244      FB0E0D00 
 1244      01010101 
 1245              	.LASF51:
 1246 0000 41484231 		.ascii	"AHB1LPENR\000"
 1246      4C50454E 
 1246      5200
 1247              	.LASF41:
ARM GAS  /tmp/ccxMwFl5.s 			page 23


 1248 000a 41504231 		.ascii	"APB1RSTR\000"
 1248      52535452 
 1248      00
 1249              	.LASF45:
 1250 0013 41484232 		.ascii	"AHB2ENR\000"
 1250      454E5200 
 1251              	.LASF65:
 1252 001b 2E2F6F73 		.ascii	"./os/hal/platforms/STM32F4xx/hal_lld.c\000"
 1252      2F68616C 
 1252      2F706C61 
 1252      74666F72 
 1252      6D732F53 
 1253              	.LASF15:
 1254 0042 44454D43 		.ascii	"DEMCR\000"
 1254      5200
 1255              	.LASF3:
 1256 0048 73686F72 		.ascii	"short int\000"
 1256      7420696E 
 1256      7400
 1257              	.LASF58:
 1258 0052 42444352 		.ascii	"BDCR\000"
 1258      00
 1259              	.LASF24:
 1260 0057 50435352 		.ascii	"PCSR\000"
 1260      00
 1261              	.LASF23:
 1262 005c 464F4C44 		.ascii	"FOLDCNT\000"
 1262      434E5400 
 1263              	.LASF61:
 1264 0064 504C4C49 		.ascii	"PLLI2SCFGR\000"
 1264      32534346 
 1264      475200
 1265              	.LASF34:
 1266 006f 5057525F 		.ascii	"PWR_TypeDef\000"
 1266      54797065 
 1266      44656600 
 1267              	.LASF44:
 1268 007b 41484231 		.ascii	"AHB1ENR\000"
 1268      454E5200 
 1269              	.LASF60:
 1270 0083 53534347 		.ascii	"SSCGR\000"
 1270      5200
 1271              	.LASF17:
 1272 0089 4354524C 		.ascii	"CTRL\000"
 1272      00
 1273              	.LASF53:
 1274 008e 41484233 		.ascii	"AHB3LPENR\000"
 1274      4C50454E 
 1274      5200
 1275              	.LASF36:
 1276 0098 43464752 		.ascii	"CFGR\000"
 1276      00
 1277              	.LASF19:
 1278 009d 43504943 		.ascii	"CPICNT\000"
 1278      4E5400
 1279              	.LASF48:
 1280 00a4 41504231 		.ascii	"APB1ENR\000"
ARM GAS  /tmp/ccxMwFl5.s 			page 24


 1280      454E5200 
 1281              	.LASF13:
 1282 00ac 44435253 		.ascii	"DCRSR\000"
 1282      5200
 1283              	.LASF64:
 1284 00b2 474E5520 		.ascii	"GNU C 4.6.2 20120613 (release) [ARM/embedded-4_6-br"
 1284      4320342E 
 1284      362E3220 
 1284      32303132 
 1284      30363133 
 1285 00e5 616E6368 		.ascii	"anch revision 188521]\000"
 1285      20726576 
 1285      6973696F 
 1285      6E203138 
 1285      38353231 
 1286              	.LASF8:
 1287 00fb 75696E74 		.ascii	"uint32_t\000"
 1287      33325F74 
 1287      00
 1288              	.LASF67:
 1289 0104 68616C5F 		.ascii	"hal_lld_backup_domain_init\000"
 1289      6C6C645F 
 1289      6261636B 
 1289      75705F64 
 1289      6F6D6169 
 1290              	.LASF14:
 1291 011f 44435244 		.ascii	"DCRDR\000"
 1291      5200
 1292              	.LASF46:
 1293 0125 41484233 		.ascii	"AHB3ENR\000"
 1293      454E5200 
 1294              	.LASF31:
 1295 012d 4F50544B 		.ascii	"OPTKEYR\000"
 1295      45595200 
 1296              	.LASF10:
 1297 0135 6C6F6E67 		.ascii	"long long int\000"
 1297      206C6F6E 
 1297      6720696E 
 1297      7400
 1298              	.LASF18:
 1299 0143 43594343 		.ascii	"CYCCNT\000"
 1299      4E5400
 1300              	.LASF28:
 1301 014a 43414C49 		.ascii	"CALIB\000"
 1301      4200
 1302              	.LASF12:
 1303 0150 44484353 		.ascii	"DHCSR\000"
 1303      5200
 1304              	.LASF7:
 1305 0156 6C6F6E67 		.ascii	"long int\000"
 1305      20696E74 
 1305      00
 1306              	.LASF62:
 1307 015f 5243435F 		.ascii	"RCC_TypeDef\000"
 1307      54797065 
 1307      44656600 
 1308              	.LASF42:
ARM GAS  /tmp/ccxMwFl5.s 			page 25


 1309 016b 41504232 		.ascii	"APB2RSTR\000"
 1309      52535452 
 1309      00
 1310              	.LASF69:
 1311 0174 73746D33 		.ascii	"stm32_clock_init\000"
 1311      325F636C 
 1311      6F636B5F 
 1311      696E6974 
 1311      00
 1312              	.LASF30:
 1313 0185 4B455952 		.ascii	"KEYR\000"
 1313      00
 1314              	.LASF20:
 1315 018a 45584343 		.ascii	"EXCCNT\000"
 1315      4E5400
 1316              	.LASF2:
 1317 0191 756E7369 		.ascii	"unsigned char\000"
 1317      676E6564 
 1317      20636861 
 1317      7200
 1318              	.LASF49:
 1319 019f 41504232 		.ascii	"APB2ENR\000"
 1319      454E5200 
 1320              	.LASF1:
 1321 01a7 7369676E 		.ascii	"signed char\000"
 1321      65642063 
 1321      68617200 
 1322              	.LASF11:
 1323 01b3 6C6F6E67 		.ascii	"long long unsigned int\000"
 1323      206C6F6E 
 1323      6720756E 
 1323      7369676E 
 1323      65642069 
 1324              	.LASF52:
 1325 01ca 41484232 		.ascii	"AHB2LPENR\000"
 1325      4C50454E 
 1325      5200
 1326              	.LASF0:
 1327 01d4 756E7369 		.ascii	"unsigned int\000"
 1327      676E6564 
 1327      20696E74 
 1327      00
 1328              	.LASF38:
 1329 01e1 41484232 		.ascii	"AHB2RSTR\000"
 1329      52535452 
 1329      00
 1330              	.LASF5:
 1331 01ea 75696E74 		.ascii	"uint16_t\000"
 1331      31365F74 
 1331      00
 1332              	.LASF9:
 1333 01f3 6C6F6E67 		.ascii	"long unsigned int\000"
 1333      20756E73 
 1333      69676E65 
 1333      6420696E 
 1333      7400
 1334              	.LASF68:
ARM GAS  /tmp/ccxMwFl5.s 			page 26


 1335 0205 68616C5F 		.ascii	"hal_lld_init\000"
 1335      6C6C645F 
 1335      696E6974 
 1335      00
 1336              	.LASF35:
 1337 0212 504C4C43 		.ascii	"PLLCFGR\000"
 1337      46475200 
 1338              	.LASF29:
 1339 021a 53797354 		.ascii	"SysTick_Type\000"
 1339      69636B5F 
 1339      54797065 
 1339      00
 1340              	.LASF4:
 1341 0227 73686F72 		.ascii	"short unsigned int\000"
 1341      7420756E 
 1341      7369676E 
 1341      65642069 
 1341      6E7400
 1342              	.LASF55:
 1343 023a 41504231 		.ascii	"APB1LPENR\000"
 1343      4C50454E 
 1343      5200
 1344              	.LASF26:
 1345 0244 63686172 		.ascii	"char\000"
 1345      00
 1346              	.LASF16:
 1347 0249 434D785F 		.ascii	"CMx_SCS\000"
 1347      53435300 
 1348              	.LASF6:
 1349 0251 696E7433 		.ascii	"int32_t\000"
 1349      325F7400 
 1350              	.LASF66:
 1351 0259 2F686F6D 		.ascii	"/home/pacifist/fox1/amsat-fox1/amsat-fox/stm32f4-de"
 1351      652F7061 
 1351      63696669 
 1351      73742F66 
 1351      6F78312F 
 1352 028c 76656C00 		.ascii	"vel\000"
 1353              	.LASF25:
 1354 0290 434D785F 		.ascii	"CMx_DWT\000"
 1354      44575400 
 1355              	.LASF40:
 1356 0298 52455345 		.ascii	"RESERVED0\000"
 1356      52564544 
 1356      3000
 1357              	.LASF43:
 1358 02a2 52455345 		.ascii	"RESERVED1\000"
 1358      52564544 
 1358      3100
 1359              	.LASF47:
 1360 02ac 52455345 		.ascii	"RESERVED2\000"
 1360      52564544 
 1360      3200
 1361              	.LASF50:
 1362 02b6 52455345 		.ascii	"RESERVED3\000"
 1362      52564544 
 1362      3300
ARM GAS  /tmp/ccxMwFl5.s 			page 27


 1363              	.LASF54:
 1364 02c0 52455345 		.ascii	"RESERVED4\000"
 1364      52564544 
 1364      3400
 1365              	.LASF57:
 1366 02ca 52455345 		.ascii	"RESERVED5\000"
 1366      52564544 
 1366      3500
 1367              	.LASF59:
 1368 02d4 52455345 		.ascii	"RESERVED6\000"
 1368      52564544 
 1368      3600
 1369              	.LASF21:
 1370 02de 534C4545 		.ascii	"SLEEPCNT\000"
 1370      50434E54 
 1370      00
 1371              	.LASF22:
 1372 02e7 4C535543 		.ascii	"LSUCNT\000"
 1372      4E5400
 1373              	.LASF27:
 1374 02ee 4C4F4144 		.ascii	"LOAD\000"
 1374      00
 1375              	.LASF37:
 1376 02f3 41484231 		.ascii	"AHB1RSTR\000"
 1376      52535452 
 1376      00
 1377              	.LASF39:
 1378 02fc 41484233 		.ascii	"AHB3RSTR\000"
 1378      52535452 
 1378      00
 1379              	.LASF33:
 1380 0305 464C4153 		.ascii	"FLASH_TypeDef\000"
 1380      485F5479 
 1380      70654465 
 1380      6600
 1381              	.LASF63:
 1382 0313 49544D5F 		.ascii	"ITM_RxBuffer\000"
 1382      52784275 
 1382      66666572 
 1382      00
 1383              	.LASF56:
 1384 0320 41504232 		.ascii	"APB2LPENR\000"
 1384      4C50454E 
 1384      5200
 1385              	.LASF32:
 1386 032a 4F505443 		.ascii	"OPTCR\000"
 1386      5200
 1387              		.ident	"GCC: (GNU Tools for ARM Embedded Processors) 4.6.2 20120613 (release) [ARM/embedded-4_6-br
ARM GAS  /tmp/ccxMwFl5.s 			page 28


DEFINED SYMBOLS
                            *ABS*:00000000 hal_lld.c
     /tmp/ccxMwFl5.s:19     .text.hal_lld_init:00000000 $t
     /tmp/ccxMwFl5.s:25     .text.hal_lld_init:00000000 hal_lld_init
     /tmp/ccxMwFl5.s:155    .text.stm32_clock_init:00000000 $t
     /tmp/ccxMwFl5.s:161    .text.stm32_clock_init:00000000 stm32_clock_init
                     .debug_frame:00000010 $d

UNDEFINED SYMBOLS
dmaInit
