ARM GAS  /tmp/ccNEWf0e.s 			page 1


   1              		.syntax unified
   2              		.cpu cortex-m4
   3              		.fpu softvfp
   4              		.eabi_attribute 20, 1
   5              		.eabi_attribute 21, 1
   6              		.eabi_attribute 23, 3
   7              		.eabi_attribute 24, 1
   8              		.eabi_attribute 25, 1
   9              		.eabi_attribute 26, 1
  10              		.eabi_attribute 30, 2
  11              		.eabi_attribute 34, 1
  12              		.eabi_attribute 18, 4
  13              		.thumb
  14              		.file	"lis302dl.c"
  15              		.text
  16              	.Ltext0:
  17              		.cfi_sections	.debug_frame
  18              		.section	.text.lis302dlReadRegister,"ax",%progbits
  19              		.align	2
  20              		.p2align 4,,15
  21              		.global	lis302dlReadRegister
  22              		.thumb
  23              		.thumb_func
  24              		.type	lis302dlReadRegister, %function
  25              	lis302dlReadRegister:
  26              	.LFB117:
  27              		.file 1 "./os/various/lis302dl.c"
  28              		.loc 1 51 0
  29              		.cfi_startproc
  30              		@ args = 0, pretend = 0, frame = 0
  31              		@ frame_needed = 0, uses_anonymous_args = 0
  32              	.LVL0:
  33 0000 F8B5     		push	{r3, r4, r5, r6, r7, lr}
  34              	.LCFI0:
  35              		.cfi_def_cfa_offset 24
  36              		.cfi_offset 3, -24
  37              		.cfi_offset 4, -20
  38              		.cfi_offset 5, -16
  39              		.cfi_offset 6, -12
  40              		.cfi_offset 7, -8
  41              		.cfi_offset 14, -4
  42              		.loc 1 54 0
  43 0002 40F20004 		movw	r4, #:lower16:.LANCHOR0
  44 0006 C0F20004 		movt	r4, #:upper16:.LANCHOR0
  45              		.loc 1 51 0
  46 000a 0F46     		mov	r7, r1
  47              		.loc 1 56 0
  48 000c 40F20005 		movw	r5, #:lower16:.LANCHOR1
  49              		.loc 1 51 0
  50 0010 0646     		mov	r6, r0
  51              		.loc 1 56 0
  52 0012 C0F20005 		movt	r5, #:upper16:.LANCHOR1
  53              		.loc 1 54 0
  54 0016 67F07F07 		orn	r7, r7, #127
  55              		.loc 1 53 0
  56 001a FFF7FEFF 		bl	spiSelect
  57              	.LVL1:
ARM GAS  /tmp/ccNEWf0e.s 			page 2


  58              		.loc 1 56 0
  59 001e 0221     		movs	r1, #2
  60 0020 2246     		mov	r2, r4
  61 0022 2B46     		mov	r3, r5
  62 0024 3046     		mov	r0, r6
  63              		.loc 1 54 0
  64 0026 2770     		strb	r7, [r4, #0]
  65              		.loc 1 55 0
  66 0028 FF27     		movs	r7, #255
  67 002a 6770     		strb	r7, [r4, #1]
  68              		.loc 1 56 0
  69 002c FFF7FEFF 		bl	spiExchange
  70              	.LVL2:
  71              		.loc 1 57 0
  72 0030 3046     		mov	r0, r6
  73 0032 FFF7FEFF 		bl	spiUnselect
  74              	.LVL3:
  75              		.loc 1 59 0
  76 0036 6878     		ldrb	r0, [r5, #1]	@ zero_extendqisi2
  77 0038 F8BD     		pop	{r3, r4, r5, r6, r7, pc}
  78              		.cfi_endproc
  79              	.LFE117:
  80              		.size	lis302dlReadRegister, .-lis302dlReadRegister
  81 003a 00BFAFF3 		.section	.text.lis302dlWriteRegister,"ax",%progbits
  81      0080
  82              		.align	2
  83              		.p2align 4,,15
  84              		.global	lis302dlWriteRegister
  85              		.thumb
  86              		.thumb_func
  87              		.type	lis302dlWriteRegister, %function
  88              	lis302dlWriteRegister:
  89              	.LFB118:
  90              		.loc 1 69 0
  91              		.cfi_startproc
  92              		@ args = 0, pretend = 0, frame = 0
  93              		@ frame_needed = 0, uses_anonymous_args = 0
  94              	.LVL4:
  95 0000 F8B5     		push	{r3, r4, r5, r6, r7, lr}
  96              	.LCFI1:
  97              		.cfi_def_cfa_offset 24
  98              		.cfi_offset 3, -24
  99              		.cfi_offset 4, -20
 100              		.cfi_offset 5, -16
 101              		.cfi_offset 6, -12
 102              		.cfi_offset 7, -8
 103              		.cfi_offset 14, -4
 104              		.loc 1 71 0
 105 0002 A1F12003 		sub	r3, r1, #32
 106              		.loc 1 69 0
 107 0006 0D46     		mov	r5, r1
 108              		.loc 1 71 0
 109 0008 D9B2     		uxtb	r1, r3
 110              	.LVL5:
 111 000a 1F29     		cmp	r1, #31
 112              		.loc 1 69 0
 113 000c 0646     		mov	r6, r0
ARM GAS  /tmp/ccNEWf0e.s 			page 3


 114 000e 1746     		mov	r7, r2
 115              		.loc 1 71 0
 116 0010 17D8     		bhi	.L2
 117 0012 5BB2     		sxtb	r3, r3
 118 0014 0724     		movs	r4, #7
 119 0016 0122     		movs	r2, #1
 120              	.LVL6:
 121 0018 02FA03F3 		lsl	r3, r2, r3
 122 001c CFF6DD14 		movt	r4, 63965
 123 0020 1C40     		ands	r4, r4, r3
 124 0022 74B1     		cbz	r4, .L2
 125              		.loc 1 102 0
 126 0024 FFF7FEFF 		bl	spiSelect
 127              	.LVL7:
 128              		.loc 1 103 0
 129 0028 064B     		ldr	r3, .L6
 130              		.loc 1 105 0
 131 002a 3046     		mov	r0, r6
 132 002c 0221     		movs	r1, #2
 133 002e 1A46     		mov	r2, r3
 134              		.loc 1 103 0
 135 0030 1D70     		strb	r5, [r3, #0]
 136              		.loc 1 104 0
 137 0032 5F70     		strb	r7, [r3, #1]
 138              		.loc 1 105 0
 139 0034 FFF7FEFF 		bl	spiSend
 140              	.LVL8:
 141              		.loc 1 106 0
 142 0038 3046     		mov	r0, r6
 143              		.loc 1 108 0
 144 003a BDE8F840 		pop	{r3, r4, r5, r6, r7, lr}
 145              		.loc 1 106 0
 146 003e FFF7FEBF 		b	spiUnselect
 147              	.LVL9:
 148              	.L2:
 149 0042 F8BD     		pop	{r3, r4, r5, r6, r7, pc}
 150              	.L7:
 151              		.align	2
 152              	.L6:
 153 0044 00000000 		.word	.LANCHOR0
 154              		.cfi_endproc
 155              	.LFE118:
 156              		.size	lis302dlWriteRegister, .-lis302dlWriteRegister
 157 0048 AFF30080 		.section	.bss.rxbuf,"aw",%nobits
 157      AFF30080 
 158              		.align	2
 159              		.set	.LANCHOR1,. + 0
 160              		.type	rxbuf, %object
 161              		.size	rxbuf, 2
 162              	rxbuf:
 163 0000 0000     		.space	2
 164 0002 0000     		.section	.bss.txbuf,"aw",%nobits
 165              		.align	2
 166              		.set	.LANCHOR0,. + 0
 167              		.type	txbuf, %object
 168              		.size	txbuf, 2
 169              	txbuf:
ARM GAS  /tmp/ccNEWf0e.s 			page 4


 170 0000 0000     		.space	2
 171 0002 0000     		.text
 172              	.Letext0:
 173              		.file 2 "/home/mitchd/Documents/FOX-1/amsat-fox/x86_64-toolchain/arm/bin/../lib/gcc/arm-none-eabi/
 174              		.file 3 "/home/mitchd/Documents/FOX-1/amsat-fox/x86_64-toolchain/arm/bin/../lib/gcc/arm-none-eabi/
 175              		.file 4 "./os/ports/GCC/ARMCMx/chtypes.h"
 176              		.file 5 "./os/kernel/include/chlists.h"
 177              		.file 6 "./os/kernel/include/chthreads.h"
 178              		.file 7 "./os/ports/GCC/ARMCMx/chcore_v7m.h"
 179              		.file 8 "./os/kernel/include/chmtx.h"
 180              		.file 9 "./os/hal/platforms/STM32F4xx/stm32f4xx.h"
 181              		.file 10 "./os/hal/platforms/STM32F4xx/stm32_dma.h"
 182              		.file 11 "./os/hal/platforms/STM32/GPIOv2/pal_lld.h"
 183              		.file 12 "./os/hal/include/spi.h"
 184              		.file 13 "./os/hal/platforms/STM32/spi_lld.h"
 185              		.file 14 "./os/ports/common/ARMCMx/CMSIS/include/core_cm4.h"
 186              		.section	.debug_info,"",%progbits
 187              	.Ldebug_info0:
 188 0000 EE090000 		.4byte	0x9ee
 189 0004 0200     		.2byte	0x2
 190 0006 00000000 		.4byte	.Ldebug_abbrev0
 191 000a 04       		.byte	0x4
 192 000b 01       		.uleb128 0x1
 193 000c 5B020000 		.4byte	.LASF118
 194 0010 01       		.byte	0x1
 195 0011 AF000000 		.4byte	.LASF119
 196 0015 F3030000 		.4byte	.LASF120
 197 0019 00000000 		.4byte	.Ldebug_ranges0+0
 198 001d 00000000 		.4byte	0
 199 0021 00000000 		.4byte	0
 200 0025 00000000 		.4byte	.Ldebug_line0
 201 0029 02       		.uleb128 0x2
 202 002a 04       		.byte	0x4
 203 002b 05       		.byte	0x5
 204 002c 696E7400 		.ascii	"int\000"
 205 0030 03       		.uleb128 0x3
 206 0031 0B000000 		.4byte	.LASF2
 207 0035 02       		.byte	0x2
 208 0036 D5       		.byte	0xd5
 209 0037 3B000000 		.4byte	0x3b
 210 003b 04       		.uleb128 0x4
 211 003c 04       		.byte	0x4
 212 003d 07       		.byte	0x7
 213 003e B2010000 		.4byte	.LASF0
 214 0042 04       		.uleb128 0x4
 215 0043 01       		.byte	0x1
 216 0044 06       		.byte	0x6
 217 0045 E2000000 		.4byte	.LASF1
 218 0049 03       		.uleb128 0x3
 219 004a 6C040000 		.4byte	.LASF3
 220 004e 03       		.byte	0x3
 221 004f 2A       		.byte	0x2a
 222 0050 54000000 		.4byte	0x54
 223 0054 04       		.uleb128 0x4
 224 0055 01       		.byte	0x1
 225 0056 08       		.byte	0x8
 226 0057 E5020000 		.4byte	.LASF4
ARM GAS  /tmp/ccNEWf0e.s 			page 5


 227 005b 04       		.uleb128 0x4
 228 005c 02       		.byte	0x2
 229 005d 05       		.byte	0x5
 230 005e 10030000 		.4byte	.LASF5
 231 0062 03       		.uleb128 0x3
 232 0063 39010000 		.4byte	.LASF6
 233 0067 03       		.byte	0x3
 234 0068 36       		.byte	0x36
 235 0069 6D000000 		.4byte	0x6d
 236 006d 04       		.uleb128 0x4
 237 006e 02       		.byte	0x2
 238 006f 07       		.byte	0x7
 239 0070 DC010000 		.4byte	.LASF7
 240 0074 03       		.uleb128 0x3
 241 0075 DD020000 		.4byte	.LASF8
 242 0079 03       		.byte	0x3
 243 007a 4F       		.byte	0x4f
 244 007b 7F000000 		.4byte	0x7f
 245 007f 04       		.uleb128 0x4
 246 0080 04       		.byte	0x4
 247 0081 05       		.byte	0x5
 248 0082 20010000 		.4byte	.LASF9
 249 0086 03       		.uleb128 0x3
 250 0087 59030000 		.4byte	.LASF10
 251 008b 03       		.byte	0x3
 252 008c 50       		.byte	0x50
 253 008d 91000000 		.4byte	0x91
 254 0091 04       		.uleb128 0x4
 255 0092 04       		.byte	0x4
 256 0093 07       		.byte	0x7
 257 0094 6A030000 		.4byte	.LASF11
 258 0098 04       		.uleb128 0x4
 259 0099 08       		.byte	0x8
 260 009a 05       		.byte	0x5
 261 009b D4000000 		.4byte	.LASF12
 262 009f 04       		.uleb128 0x4
 263 00a0 08       		.byte	0x8
 264 00a1 07       		.byte	0x7
 265 00a2 38000000 		.4byte	.LASF13
 266 00a6 03       		.uleb128 0x3
 267 00a7 F5010000 		.4byte	.LASF14
 268 00ab 04       		.byte	0x4
 269 00ac 2F       		.byte	0x2f
 270 00ad 49000000 		.4byte	0x49
 271 00b1 03       		.uleb128 0x3
 272 00b2 29010000 		.4byte	.LASF15
 273 00b6 04       		.byte	0x4
 274 00b7 30       		.byte	0x30
 275 00b8 49000000 		.4byte	0x49
 276 00bc 03       		.uleb128 0x3
 277 00bd 62030000 		.4byte	.LASF16
 278 00c1 04       		.byte	0x4
 279 00c2 31       		.byte	0x31
 280 00c3 49000000 		.4byte	0x49
 281 00c7 03       		.uleb128 0x3
 282 00c8 CF020000 		.4byte	.LASF17
 283 00cc 04       		.byte	0x4
ARM GAS  /tmp/ccNEWf0e.s 			page 6


 284 00cd 32       		.byte	0x32
 285 00ce 86000000 		.4byte	0x86
 286 00d2 03       		.uleb128 0x3
 287 00d3 EF010000 		.4byte	.LASF18
 288 00d7 04       		.byte	0x4
 289 00d8 33       		.byte	0x33
 290 00d9 74000000 		.4byte	0x74
 291 00dd 03       		.uleb128 0x3
 292 00de 09020000 		.4byte	.LASF19
 293 00e2 04       		.byte	0x4
 294 00e3 35       		.byte	0x35
 295 00e4 86000000 		.4byte	0x86
 296 00e8 03       		.uleb128 0x3
 297 00e9 B3030000 		.4byte	.LASF20
 298 00ed 04       		.byte	0x4
 299 00ee 36       		.byte	0x36
 300 00ef 86000000 		.4byte	0x86
 301 00f3 03       		.uleb128 0x3
 302 00f4 38030000 		.4byte	.LASF21
 303 00f8 05       		.byte	0x5
 304 00f9 2A       		.byte	0x2a
 305 00fa FE000000 		.4byte	0xfe
 306 00fe 05       		.uleb128 0x5
 307 00ff 38030000 		.4byte	.LASF21
 308 0103 48       		.byte	0x48
 309 0104 06       		.byte	0x6
 310 0105 5E       		.byte	0x5e
 311 0106 15020000 		.4byte	0x215
 312 010a 06       		.uleb128 0x6
 313 010b 29030000 		.4byte	.LASF22
 314 010f 06       		.byte	0x6
 315 0110 5F       		.byte	0x5f
 316 0111 3A020000 		.4byte	0x23a
 317 0115 02       		.byte	0x2
 318 0116 23       		.byte	0x23
 319 0117 00       		.uleb128 0
 320 0118 06       		.uleb128 0x6
 321 0119 AA020000 		.4byte	.LASF23
 322 011d 06       		.byte	0x6
 323 011e 61       		.byte	0x61
 324 011f 3A020000 		.4byte	0x23a
 325 0123 02       		.byte	0x2
 326 0124 23       		.byte	0x23
 327 0125 04       		.uleb128 0x4
 328 0126 06       		.uleb128 0x6
 329 0127 C7000000 		.4byte	.LASF24
 330 012b 06       		.byte	0x6
 331 012c 63       		.byte	0x63
 332 012d C7000000 		.4byte	0xc7
 333 0131 02       		.byte	0x2
 334 0132 23       		.byte	0x23
 335 0133 08       		.uleb128 0x8
 336 0134 06       		.uleb128 0x6
 337 0135 9F040000 		.4byte	.LASF25
 338 0139 06       		.byte	0x6
 339 013a 64       		.byte	0x64
 340 013b 07030000 		.4byte	0x307
ARM GAS  /tmp/ccNEWf0e.s 			page 7


 341 013f 02       		.byte	0x2
 342 0140 23       		.byte	0x23
 343 0141 0C       		.uleb128 0xc
 344 0142 06       		.uleb128 0x6
 345 0143 49010000 		.4byte	.LASF26
 346 0147 06       		.byte	0x6
 347 0148 66       		.byte	0x66
 348 0149 3A020000 		.4byte	0x23a
 349 014d 02       		.byte	0x2
 350 014e 23       		.byte	0x23
 351 014f 10       		.uleb128 0x10
 352 0150 06       		.uleb128 0x6
 353 0151 3C020000 		.4byte	.LASF27
 354 0155 06       		.byte	0x6
 355 0156 67       		.byte	0x67
 356 0157 3A020000 		.4byte	0x23a
 357 015b 02       		.byte	0x2
 358 015c 23       		.byte	0x23
 359 015d 14       		.uleb128 0x14
 360 015e 06       		.uleb128 0x6
 361 015f 80040000 		.4byte	.LASF28
 362 0163 06       		.byte	0x6
 363 0164 6E       		.byte	0x6e
 364 0165 B8030000 		.4byte	0x3b8
 365 0169 02       		.byte	0x2
 366 016a 23       		.byte	0x23
 367 016b 18       		.uleb128 0x18
 368 016c 06       		.uleb128 0x6
 369 016d 1A030000 		.4byte	.LASF29
 370 0171 06       		.byte	0x6
 371 0172 79       		.byte	0x79
 372 0173 B1000000 		.4byte	0xb1
 373 0177 02       		.byte	0x2
 374 0178 23       		.byte	0x23
 375 0179 1C       		.uleb128 0x1c
 376 017a 06       		.uleb128 0x6
 377 017b 30030000 		.4byte	.LASF30
 378 017f 06       		.byte	0x6
 379 0180 7D       		.byte	0x7d
 380 0181 A6000000 		.4byte	0xa6
 381 0185 02       		.byte	0x2
 382 0186 23       		.byte	0x23
 383 0187 1D       		.uleb128 0x1d
 384 0188 06       		.uleb128 0x6
 385 0189 5E040000 		.4byte	.LASF31
 386 018d 06       		.byte	0x6
 387 018e 82       		.byte	0x82
 388 018f BC000000 		.4byte	0xbc
 389 0193 02       		.byte	0x2
 390 0194 23       		.byte	0x23
 391 0195 1E       		.uleb128 0x1e
 392 0196 06       		.uleb128 0x6
 393 0197 42010000 		.4byte	.LASF32
 394 019b 06       		.byte	0x6
 395 019c 89       		.byte	0x89
 396 019d 36030000 		.4byte	0x336
 397 01a1 02       		.byte	0x2
ARM GAS  /tmp/ccNEWf0e.s 			page 8


 398 01a2 23       		.byte	0x23
 399 01a3 20       		.uleb128 0x20
 400 01a4 07       		.uleb128 0x7
 401 01a5 705F7500 		.ascii	"p_u\000"
 402 01a9 06       		.byte	0x6
 403 01aa AE       		.byte	0xae
 404 01ab 83030000 		.4byte	0x383
 405 01af 02       		.byte	0x2
 406 01b0 23       		.byte	0x23
 407 01b1 24       		.uleb128 0x24
 408 01b2 06       		.uleb128 0x6
 409 01b3 A5040000 		.4byte	.LASF33
 410 01b7 06       		.byte	0x6
 411 01b8 B3       		.byte	0xb3
 412 01b9 62020000 		.4byte	0x262
 413 01bd 02       		.byte	0x2
 414 01be 23       		.byte	0x23
 415 01bf 28       		.uleb128 0x28
 416 01c0 06       		.uleb128 0x6
 417 01c1 C5010000 		.4byte	.LASF34
 418 01c5 06       		.byte	0x6
 419 01c6 B9       		.byte	0xb9
 420 01c7 40020000 		.4byte	0x240
 421 01cb 02       		.byte	0x2
 422 01cc 23       		.byte	0x23
 423 01cd 2C       		.uleb128 0x2c
 424 01ce 06       		.uleb128 0x6
 425 01cf 91040000 		.4byte	.LASF35
 426 01d3 06       		.byte	0x6
 427 01d4 BD       		.byte	0xbd
 428 01d5 D2000000 		.4byte	0xd2
 429 01d9 02       		.byte	0x2
 430 01da 23       		.byte	0x23
 431 01db 34       		.uleb128 0x34
 432 01dc 06       		.uleb128 0x6
 433 01dd 3F030000 		.4byte	.LASF36
 434 01e1 06       		.byte	0x6
 435 01e2 C3       		.byte	0xc3
 436 01e3 DD000000 		.4byte	0xdd
 437 01e7 02       		.byte	0x2
 438 01e8 23       		.byte	0x23
 439 01e9 38       		.uleb128 0x38
 440 01ea 06       		.uleb128 0x6
 441 01eb 06030000 		.4byte	.LASF37
 442 01ef 06       		.byte	0x6
 443 01f0 CA       		.byte	0xca
 444 01f1 CA030000 		.4byte	0x3ca
 445 01f5 02       		.byte	0x2
 446 01f6 23       		.byte	0x23
 447 01f7 3C       		.uleb128 0x3c
 448 01f8 06       		.uleb128 0x6
 449 01f9 BD030000 		.4byte	.LASF38
 450 01fd 06       		.byte	0x6
 451 01fe CE       		.byte	0xce
 452 01ff C7000000 		.4byte	0xc7
 453 0203 02       		.byte	0x2
 454 0204 23       		.byte	0x23
ARM GAS  /tmp/ccNEWf0e.s 			page 9


 455 0205 40       		.uleb128 0x40
 456 0206 06       		.uleb128 0x6
 457 0207 85010000 		.4byte	.LASF39
 458 020b 06       		.byte	0x6
 459 020c D4       		.byte	0xd4
 460 020d 78020000 		.4byte	0x278
 461 0211 02       		.byte	0x2
 462 0212 23       		.byte	0x23
 463 0213 44       		.uleb128 0x44
 464 0214 00       		.byte	0
 465 0215 08       		.uleb128 0x8
 466 0216 08       		.byte	0x8
 467 0217 05       		.byte	0x5
 468 0218 61       		.byte	0x61
 469 0219 3A020000 		.4byte	0x23a
 470 021d 06       		.uleb128 0x6
 471 021e 29030000 		.4byte	.LASF22
 472 0222 05       		.byte	0x5
 473 0223 62       		.byte	0x62
 474 0224 3A020000 		.4byte	0x23a
 475 0228 02       		.byte	0x2
 476 0229 23       		.byte	0x23
 477 022a 00       		.uleb128 0
 478 022b 06       		.uleb128 0x6
 479 022c AA020000 		.4byte	.LASF23
 480 0230 05       		.byte	0x5
 481 0231 64       		.byte	0x64
 482 0232 3A020000 		.4byte	0x23a
 483 0236 02       		.byte	0x2
 484 0237 23       		.byte	0x23
 485 0238 04       		.uleb128 0x4
 486 0239 00       		.byte	0
 487 023a 09       		.uleb128 0x9
 488 023b 04       		.byte	0x4
 489 023c F3000000 		.4byte	0xf3
 490 0240 03       		.uleb128 0x3
 491 0241 44020000 		.4byte	.LASF40
 492 0245 05       		.byte	0x5
 493 0246 66       		.byte	0x66
 494 0247 15020000 		.4byte	0x215
 495 024b 08       		.uleb128 0x8
 496 024c 04       		.byte	0x4
 497 024d 05       		.byte	0x5
 498 024e 6B       		.byte	0x6b
 499 024f 62020000 		.4byte	0x262
 500 0253 06       		.uleb128 0x6
 501 0254 29030000 		.4byte	.LASF22
 502 0258 05       		.byte	0x5
 503 0259 6D       		.byte	0x6d
 504 025a 3A020000 		.4byte	0x23a
 505 025e 02       		.byte	0x2
 506 025f 23       		.byte	0x23
 507 0260 00       		.uleb128 0
 508 0261 00       		.byte	0
 509 0262 03       		.uleb128 0x3
 510 0263 FD010000 		.4byte	.LASF41
 511 0267 05       		.byte	0x5
ARM GAS  /tmp/ccNEWf0e.s 			page 10


 512 0268 70       		.byte	0x70
 513 0269 4B020000 		.4byte	0x24b
 514 026d 03       		.uleb128 0x3
 515 026e 8D010000 		.4byte	.LASF42
 516 0272 07       		.byte	0x7
 517 0273 D7       		.byte	0xd7
 518 0274 78020000 		.4byte	0x278
 519 0278 0A       		.uleb128 0xa
 520 0279 04       		.byte	0x4
 521 027a 05       		.uleb128 0x5
 522 027b 32040000 		.4byte	.LASF43
 523 027f 24       		.byte	0x24
 524 0280 07       		.byte	0x7
 525 0281 FE       		.byte	0xfe
 526 0282 07030000 		.4byte	0x307
 527 0286 0B       		.uleb128 0xb
 528 0287 723400   		.ascii	"r4\000"
 529 028a 07       		.byte	0x7
 530 028b 1101     		.2byte	0x111
 531 028d 6D020000 		.4byte	0x26d
 532 0291 02       		.byte	0x2
 533 0292 23       		.byte	0x23
 534 0293 00       		.uleb128 0
 535 0294 0B       		.uleb128 0xb
 536 0295 723500   		.ascii	"r5\000"
 537 0298 07       		.byte	0x7
 538 0299 1201     		.2byte	0x112
 539 029b 6D020000 		.4byte	0x26d
 540 029f 02       		.byte	0x2
 541 02a0 23       		.byte	0x23
 542 02a1 04       		.uleb128 0x4
 543 02a2 0B       		.uleb128 0xb
 544 02a3 723600   		.ascii	"r6\000"
 545 02a6 07       		.byte	0x7
 546 02a7 1301     		.2byte	0x113
 547 02a9 6D020000 		.4byte	0x26d
 548 02ad 02       		.byte	0x2
 549 02ae 23       		.byte	0x23
 550 02af 08       		.uleb128 0x8
 551 02b0 0B       		.uleb128 0xb
 552 02b1 723700   		.ascii	"r7\000"
 553 02b4 07       		.byte	0x7
 554 02b5 1401     		.2byte	0x114
 555 02b7 6D020000 		.4byte	0x26d
 556 02bb 02       		.byte	0x2
 557 02bc 23       		.byte	0x23
 558 02bd 0C       		.uleb128 0xc
 559 02be 0B       		.uleb128 0xb
 560 02bf 723800   		.ascii	"r8\000"
 561 02c2 07       		.byte	0x7
 562 02c3 1501     		.2byte	0x115
 563 02c5 6D020000 		.4byte	0x26d
 564 02c9 02       		.byte	0x2
 565 02ca 23       		.byte	0x23
 566 02cb 10       		.uleb128 0x10
 567 02cc 0B       		.uleb128 0xb
 568 02cd 723900   		.ascii	"r9\000"
ARM GAS  /tmp/ccNEWf0e.s 			page 11


 569 02d0 07       		.byte	0x7
 570 02d1 1601     		.2byte	0x116
 571 02d3 6D020000 		.4byte	0x26d
 572 02d7 02       		.byte	0x2
 573 02d8 23       		.byte	0x23
 574 02d9 14       		.uleb128 0x14
 575 02da 0B       		.uleb128 0xb
 576 02db 72313000 		.ascii	"r10\000"
 577 02df 07       		.byte	0x7
 578 02e0 1701     		.2byte	0x117
 579 02e2 6D020000 		.4byte	0x26d
 580 02e6 02       		.byte	0x2
 581 02e7 23       		.byte	0x23
 582 02e8 18       		.uleb128 0x18
 583 02e9 0B       		.uleb128 0xb
 584 02ea 72313100 		.ascii	"r11\000"
 585 02ee 07       		.byte	0x7
 586 02ef 1801     		.2byte	0x118
 587 02f1 6D020000 		.4byte	0x26d
 588 02f5 02       		.byte	0x2
 589 02f6 23       		.byte	0x23
 590 02f7 1C       		.uleb128 0x1c
 591 02f8 0B       		.uleb128 0xb
 592 02f9 6C7200   		.ascii	"lr\000"
 593 02fc 07       		.byte	0x7
 594 02fd 1901     		.2byte	0x119
 595 02ff 6D020000 		.4byte	0x26d
 596 0303 02       		.byte	0x2
 597 0304 23       		.byte	0x23
 598 0305 20       		.uleb128 0x20
 599 0306 00       		.byte	0
 600 0307 0C       		.uleb128 0xc
 601 0308 EB030000 		.4byte	.LASF44
 602 030c 04       		.byte	0x4
 603 030d 07       		.byte	0x7
 604 030e 2301     		.2byte	0x123
 605 0310 24030000 		.4byte	0x324
 606 0314 0B       		.uleb128 0xb
 607 0315 72313300 		.ascii	"r13\000"
 608 0319 07       		.byte	0x7
 609 031a 2401     		.2byte	0x124
 610 031c 24030000 		.4byte	0x324
 611 0320 02       		.byte	0x2
 612 0321 23       		.byte	0x23
 613 0322 00       		.uleb128 0
 614 0323 00       		.byte	0
 615 0324 09       		.uleb128 0x9
 616 0325 04       		.byte	0x4
 617 0326 7A020000 		.4byte	0x27a
 618 032a 0D       		.uleb128 0xd
 619 032b 86000000 		.4byte	0x86
 620 032f 04       		.uleb128 0x4
 621 0330 04       		.byte	0x4
 622 0331 07       		.byte	0x7
 623 0332 27020000 		.4byte	.LASF45
 624 0336 0D       		.uleb128 0xd
 625 0337 E8000000 		.4byte	0xe8
ARM GAS  /tmp/ccNEWf0e.s 			page 12


 626 033b 05       		.uleb128 0x5
 627 033c 36020000 		.4byte	.LASF46
 628 0340 10       		.byte	0x10
 629 0341 08       		.byte	0x8
 630 0342 2C       		.byte	0x2c
 631 0343 72030000 		.4byte	0x372
 632 0347 06       		.uleb128 0x6
 633 0348 04010000 		.4byte	.LASF47
 634 034c 08       		.byte	0x8
 635 034d 2D       		.byte	0x2d
 636 034e 40020000 		.4byte	0x240
 637 0352 02       		.byte	0x2
 638 0353 23       		.byte	0x23
 639 0354 00       		.uleb128 0
 640 0355 06       		.uleb128 0x6
 641 0356 97040000 		.4byte	.LASF48
 642 035a 08       		.byte	0x8
 643 035b 2F       		.byte	0x2f
 644 035c 3A020000 		.4byte	0x23a
 645 0360 02       		.byte	0x2
 646 0361 23       		.byte	0x23
 647 0362 08       		.uleb128 0x8
 648 0363 06       		.uleb128 0x6
 649 0364 AC030000 		.4byte	.LASF49
 650 0368 08       		.byte	0x8
 651 0369 31       		.byte	0x31
 652 036a 72030000 		.4byte	0x372
 653 036e 02       		.byte	0x2
 654 036f 23       		.byte	0x23
 655 0370 0C       		.uleb128 0xc
 656 0371 00       		.byte	0
 657 0372 09       		.uleb128 0x9
 658 0373 04       		.byte	0x4
 659 0374 3B030000 		.4byte	0x33b
 660 0378 03       		.uleb128 0x3
 661 0379 36020000 		.4byte	.LASF46
 662 037d 08       		.byte	0x8
 663 037e 33       		.byte	0x33
 664 037f 3B030000 		.4byte	0x33b
 665 0383 0E       		.uleb128 0xe
 666 0384 04       		.byte	0x4
 667 0385 06       		.byte	0x6
 668 0386 90       		.byte	0x90
 669 0387 B8030000 		.4byte	0x3b8
 670 038b 0F       		.uleb128 0xf
 671 038c 12000000 		.4byte	.LASF50
 672 0390 06       		.byte	0x6
 673 0391 97       		.byte	0x97
 674 0392 D2000000 		.4byte	0xd2
 675 0396 0F       		.uleb128 0xf
 676 0397 65000000 		.4byte	.LASF51
 677 039b 06       		.byte	0x6
 678 039c 9E       		.byte	0x9e
 679 039d D2000000 		.4byte	0xd2
 680 03a1 0F       		.uleb128 0xf
 681 03a2 79040000 		.4byte	.LASF52
 682 03a6 06       		.byte	0x6
ARM GAS  /tmp/ccNEWf0e.s 			page 13


 683 03a7 A5       		.byte	0xa5
 684 03a8 78020000 		.4byte	0x278
 685 03ac 0F       		.uleb128 0xf
 686 03ad 22030000 		.4byte	.LASF53
 687 03b1 06       		.byte	0x6
 688 03b2 AC       		.byte	0xac
 689 03b3 DD000000 		.4byte	0xdd
 690 03b7 00       		.byte	0
 691 03b8 09       		.uleb128 0x9
 692 03b9 04       		.byte	0x4
 693 03ba BE030000 		.4byte	0x3be
 694 03be 10       		.uleb128 0x10
 695 03bf C3030000 		.4byte	0x3c3
 696 03c3 04       		.uleb128 0x4
 697 03c4 01       		.byte	0x1
 698 03c5 08       		.byte	0x8
 699 03c6 88030000 		.4byte	.LASF54
 700 03ca 09       		.uleb128 0x9
 701 03cb 04       		.byte	0x4
 702 03cc 78030000 		.4byte	0x378
 703 03d0 0D       		.uleb128 0xd
 704 03d1 62000000 		.4byte	0x62
 705 03d5 0D       		.uleb128 0xd
 706 03d6 74000000 		.4byte	0x74
 707 03da 11       		.uleb128 0x11
 708 03db 18       		.byte	0x18
 709 03dc 09       		.byte	0x9
 710 03dd D301     		.2byte	0x1d3
 711 03df 3D040000 		.4byte	0x43d
 712 03e3 0B       		.uleb128 0xb
 713 03e4 435200   		.ascii	"CR\000"
 714 03e7 09       		.byte	0x9
 715 03e8 D501     		.2byte	0x1d5
 716 03ea 2A030000 		.4byte	0x32a
 717 03ee 02       		.byte	0x2
 718 03ef 23       		.byte	0x23
 719 03f0 00       		.uleb128 0
 720 03f1 12       		.uleb128 0x12
 721 03f2 C8030000 		.4byte	.LASF55
 722 03f6 09       		.byte	0x9
 723 03f7 D601     		.2byte	0x1d6
 724 03f9 2A030000 		.4byte	0x32a
 725 03fd 02       		.byte	0x2
 726 03fe 23       		.byte	0x23
 727 03ff 04       		.uleb128 0x4
 728 0400 0B       		.uleb128 0xb
 729 0401 50415200 		.ascii	"PAR\000"
 730 0405 09       		.byte	0x9
 731 0406 D701     		.2byte	0x1d7
 732 0408 2A030000 		.4byte	0x32a
 733 040c 02       		.byte	0x2
 734 040d 23       		.byte	0x23
 735 040e 08       		.uleb128 0x8
 736 040f 12       		.uleb128 0x12
 737 0410 06000000 		.4byte	.LASF56
 738 0414 09       		.byte	0x9
 739 0415 D801     		.2byte	0x1d8
ARM GAS  /tmp/ccNEWf0e.s 			page 14


 740 0417 2A030000 		.4byte	0x32a
 741 041b 02       		.byte	0x2
 742 041c 23       		.byte	0x23
 743 041d 0C       		.uleb128 0xc
 744 041e 12       		.uleb128 0x12
 745 041f 39040000 		.4byte	.LASF57
 746 0423 09       		.byte	0x9
 747 0424 D901     		.2byte	0x1d9
 748 0426 2A030000 		.4byte	0x32a
 749 042a 02       		.byte	0x2
 750 042b 23       		.byte	0x23
 751 042c 10       		.uleb128 0x10
 752 042d 0B       		.uleb128 0xb
 753 042e 46435200 		.ascii	"FCR\000"
 754 0432 09       		.byte	0x9
 755 0433 DA01     		.2byte	0x1da
 756 0435 2A030000 		.4byte	0x32a
 757 0439 02       		.byte	0x2
 758 043a 23       		.byte	0x23
 759 043b 14       		.uleb128 0x14
 760 043c 00       		.byte	0
 761 043d 13       		.uleb128 0x13
 762 043e CD030000 		.4byte	.LASF58
 763 0442 09       		.byte	0x9
 764 0443 DB01     		.2byte	0x1db
 765 0445 DA030000 		.4byte	0x3da
 766 0449 11       		.uleb128 0x11
 767 044a 24       		.byte	0x24
 768 044b 09       		.byte	0x9
 769 044c 4D03     		.2byte	0x34d
 770 044e 5F050000 		.4byte	0x55f
 771 0452 0B       		.uleb128 0xb
 772 0453 43523100 		.ascii	"CR1\000"
 773 0457 09       		.byte	0x9
 774 0458 4F03     		.2byte	0x34f
 775 045a D0030000 		.4byte	0x3d0
 776 045e 02       		.byte	0x2
 777 045f 23       		.byte	0x23
 778 0460 00       		.uleb128 0
 779 0461 12       		.uleb128 0x12
 780 0462 78020000 		.4byte	.LASF59
 781 0466 09       		.byte	0x9
 782 0467 5003     		.2byte	0x350
 783 0469 62000000 		.4byte	0x62
 784 046d 02       		.byte	0x2
 785 046e 23       		.byte	0x23
 786 046f 02       		.uleb128 0x2
 787 0470 0B       		.uleb128 0xb
 788 0471 43523200 		.ascii	"CR2\000"
 789 0475 09       		.byte	0x9
 790 0476 5103     		.2byte	0x351
 791 0478 D0030000 		.4byte	0x3d0
 792 047c 02       		.byte	0x2
 793 047d 23       		.byte	0x23
 794 047e 04       		.uleb128 0x4
 795 047f 12       		.uleb128 0x12
 796 0480 82020000 		.4byte	.LASF60
ARM GAS  /tmp/ccNEWf0e.s 			page 15


 797 0484 09       		.byte	0x9
 798 0485 5203     		.2byte	0x352
 799 0487 62000000 		.4byte	0x62
 800 048b 02       		.byte	0x2
 801 048c 23       		.byte	0x23
 802 048d 06       		.uleb128 0x6
 803 048e 0B       		.uleb128 0xb
 804 048f 535200   		.ascii	"SR\000"
 805 0492 09       		.byte	0x9
 806 0493 5303     		.2byte	0x353
 807 0495 D0030000 		.4byte	0x3d0
 808 0499 02       		.byte	0x2
 809 049a 23       		.byte	0x23
 810 049b 08       		.uleb128 0x8
 811 049c 12       		.uleb128 0x12
 812 049d 8C020000 		.4byte	.LASF61
 813 04a1 09       		.byte	0x9
 814 04a2 5403     		.2byte	0x354
 815 04a4 62000000 		.4byte	0x62
 816 04a8 02       		.byte	0x2
 817 04a9 23       		.byte	0x23
 818 04aa 0A       		.uleb128 0xa
 819 04ab 0B       		.uleb128 0xb
 820 04ac 445200   		.ascii	"DR\000"
 821 04af 09       		.byte	0x9
 822 04b0 5503     		.2byte	0x355
 823 04b2 D0030000 		.4byte	0x3d0
 824 04b6 02       		.byte	0x2
 825 04b7 23       		.byte	0x23
 826 04b8 0C       		.uleb128 0xc
 827 04b9 12       		.uleb128 0x12
 828 04ba 96020000 		.4byte	.LASF62
 829 04be 09       		.byte	0x9
 830 04bf 5603     		.2byte	0x356
 831 04c1 62000000 		.4byte	0x62
 832 04c5 02       		.byte	0x2
 833 04c6 23       		.byte	0x23
 834 04c7 0E       		.uleb128 0xe
 835 04c8 12       		.uleb128 0x12
 836 04c9 59000000 		.4byte	.LASF63
 837 04cd 09       		.byte	0x9
 838 04ce 5703     		.2byte	0x357
 839 04d0 D0030000 		.4byte	0x3d0
 840 04d4 02       		.byte	0x2
 841 04d5 23       		.byte	0x23
 842 04d6 10       		.uleb128 0x10
 843 04d7 12       		.uleb128 0x12
 844 04d8 A0020000 		.4byte	.LASF64
 845 04dc 09       		.byte	0x9
 846 04dd 5803     		.2byte	0x358
 847 04df 62000000 		.4byte	0x62
 848 04e3 02       		.byte	0x2
 849 04e4 23       		.byte	0x23
 850 04e5 12       		.uleb128 0x12
 851 04e6 12       		.uleb128 0x12
 852 04e7 65040000 		.4byte	.LASF65
 853 04eb 09       		.byte	0x9
ARM GAS  /tmp/ccNEWf0e.s 			page 16


 854 04ec 5903     		.2byte	0x359
 855 04ee D0030000 		.4byte	0x3d0
 856 04f2 02       		.byte	0x2
 857 04f3 23       		.byte	0x23
 858 04f4 14       		.uleb128 0x14
 859 04f5 12       		.uleb128 0x12
 860 04f6 4F030000 		.4byte	.LASF66
 861 04fa 09       		.byte	0x9
 862 04fb 5A03     		.2byte	0x35a
 863 04fd 62000000 		.4byte	0x62
 864 0501 02       		.byte	0x2
 865 0502 23       		.byte	0x23
 866 0503 16       		.uleb128 0x16
 867 0504 12       		.uleb128 0x12
 868 0505 71020000 		.4byte	.LASF67
 869 0509 09       		.byte	0x9
 870 050a 5B03     		.2byte	0x35b
 871 050c D0030000 		.4byte	0x3d0
 872 0510 02       		.byte	0x2
 873 0511 23       		.byte	0x23
 874 0512 18       		.uleb128 0x18
 875 0513 12       		.uleb128 0x12
 876 0514 B1020000 		.4byte	.LASF68
 877 0518 09       		.byte	0x9
 878 0519 5C03     		.2byte	0x35c
 879 051b 62000000 		.4byte	0x62
 880 051f 02       		.byte	0x2
 881 0520 23       		.byte	0x23
 882 0521 1A       		.uleb128 0x1a
 883 0522 12       		.uleb128 0x12
 884 0523 FC000000 		.4byte	.LASF69
 885 0527 09       		.byte	0x9
 886 0528 5D03     		.2byte	0x35d
 887 052a D0030000 		.4byte	0x3d0
 888 052e 02       		.byte	0x2
 889 052f 23       		.byte	0x23
 890 0530 1C       		.uleb128 0x1c
 891 0531 12       		.uleb128 0x12
 892 0532 BB020000 		.4byte	.LASF70
 893 0536 09       		.byte	0x9
 894 0537 5E03     		.2byte	0x35e
 895 0539 62000000 		.4byte	0x62
 896 053d 02       		.byte	0x2
 897 053e 23       		.byte	0x23
 898 053f 1E       		.uleb128 0x1e
 899 0540 12       		.uleb128 0x12
 900 0541 21020000 		.4byte	.LASF71
 901 0545 09       		.byte	0x9
 902 0546 5F03     		.2byte	0x35f
 903 0548 D0030000 		.4byte	0x3d0
 904 054c 02       		.byte	0x2
 905 054d 23       		.byte	0x23
 906 054e 20       		.uleb128 0x20
 907 054f 12       		.uleb128 0x12
 908 0550 C5020000 		.4byte	.LASF72
 909 0554 09       		.byte	0x9
 910 0555 6003     		.2byte	0x360
ARM GAS  /tmp/ccNEWf0e.s 			page 17


 911 0557 62000000 		.4byte	0x62
 912 055b 02       		.byte	0x2
 913 055c 23       		.byte	0x23
 914 055d 22       		.uleb128 0x22
 915 055e 00       		.byte	0
 916 055f 13       		.uleb128 0x13
 917 0560 7C030000 		.4byte	.LASF73
 918 0564 09       		.byte	0x9
 919 0565 6103     		.2byte	0x361
 920 0567 49040000 		.4byte	0x449
 921 056b 08       		.uleb128 0x8
 922 056c 0C       		.byte	0xc
 923 056d 0A       		.byte	0xa
 924 056e DB       		.byte	0xdb
 925 056f BA050000 		.4byte	0x5ba
 926 0573 06       		.uleb128 0x6
 927 0574 2B000000 		.4byte	.LASF74
 928 0578 0A       		.byte	0xa
 929 0579 DC       		.byte	0xdc
 930 057a BA050000 		.4byte	0x5ba
 931 057e 02       		.byte	0x2
 932 057f 23       		.byte	0x23
 933 0580 00       		.uleb128 0
 934 0581 06       		.uleb128 0x6
 935 0582 4A030000 		.4byte	.LASF75
 936 0586 0A       		.byte	0xa
 937 0587 DD       		.byte	0xdd
 938 0588 C0050000 		.4byte	0x5c0
 939 058c 02       		.byte	0x2
 940 058d 23       		.byte	0x23
 941 058e 04       		.uleb128 0x4
 942 058f 06       		.uleb128 0x6
 943 0590 D5010000 		.4byte	.LASF76
 944 0594 0A       		.byte	0xa
 945 0595 DE       		.byte	0xde
 946 0596 49000000 		.4byte	0x49
 947 059a 02       		.byte	0x2
 948 059b 23       		.byte	0x23
 949 059c 08       		.uleb128 0x8
 950 059d 06       		.uleb128 0x6
 951 059e 96010000 		.4byte	.LASF77
 952 05a2 0A       		.byte	0xa
 953 05a3 E0       		.byte	0xe0
 954 05a4 49000000 		.4byte	0x49
 955 05a8 02       		.byte	0x2
 956 05a9 23       		.byte	0x23
 957 05aa 09       		.uleb128 0x9
 958 05ab 06       		.uleb128 0x6
 959 05ac 6E000000 		.4byte	.LASF78
 960 05b0 0A       		.byte	0xa
 961 05b1 E1       		.byte	0xe1
 962 05b2 49000000 		.4byte	0x49
 963 05b6 02       		.byte	0x2
 964 05b7 23       		.byte	0x23
 965 05b8 0A       		.uleb128 0xa
 966 05b9 00       		.byte	0
 967 05ba 09       		.uleb128 0x9
ARM GAS  /tmp/ccNEWf0e.s 			page 18


 968 05bb 04       		.byte	0x4
 969 05bc 3D040000 		.4byte	0x43d
 970 05c0 09       		.uleb128 0x9
 971 05c1 04       		.byte	0x4
 972 05c2 2A030000 		.4byte	0x32a
 973 05c6 03       		.uleb128 0x3
 974 05c7 F3020000 		.4byte	.LASF79
 975 05cb 0A       		.byte	0xa
 976 05cc E2       		.byte	0xe2
 977 05cd 6B050000 		.4byte	0x56b
 978 05d1 08       		.uleb128 0x8
 979 05d2 04       		.byte	0x4
 980 05d3 0B       		.byte	0xb
 981 05d4 9D       		.byte	0x9d
 982 05d5 F6050000 		.4byte	0x5f6
 983 05d9 07       		.uleb128 0x7
 984 05da 73657400 		.ascii	"set\000"
 985 05de 0B       		.byte	0xb
 986 05df 9E       		.byte	0x9e
 987 05e0 62000000 		.4byte	0x62
 988 05e4 02       		.byte	0x2
 989 05e5 23       		.byte	0x23
 990 05e6 00       		.uleb128 0
 991 05e7 06       		.uleb128 0x6
 992 05e8 30020000 		.4byte	.LASF80
 993 05ec 0B       		.byte	0xb
 994 05ed 9F       		.byte	0x9f
 995 05ee 62000000 		.4byte	0x62
 996 05f2 02       		.byte	0x2
 997 05f3 23       		.byte	0x23
 998 05f4 02       		.uleb128 0x2
 999 05f5 00       		.byte	0
 1000 05f6 0E       		.uleb128 0xe
 1001 05f7 04       		.byte	0x4
 1002 05f8 0B       		.byte	0xb
 1003 05f9 9B       		.byte	0x9b
 1004 05fa 11060000 		.4byte	0x611
 1005 05fe 14       		.uleb128 0x14
 1006 05ff 5700     		.ascii	"W\000"
 1007 0601 0B       		.byte	0xb
 1008 0602 9C       		.byte	0x9c
 1009 0603 86000000 		.4byte	0x86
 1010 0607 14       		.uleb128 0x14
 1011 0608 4800     		.ascii	"H\000"
 1012 060a 0B       		.byte	0xb
 1013 060b A0       		.byte	0xa0
 1014 060c D1050000 		.4byte	0x5d1
 1015 0610 00       		.byte	0
 1016 0611 08       		.uleb128 0x8
 1017 0612 28       		.byte	0x28
 1018 0613 0B       		.byte	0xb
 1019 0614 93       		.byte	0x93
 1020 0615 A6060000 		.4byte	0x6a6
 1021 0619 06       		.uleb128 0x6
 1022 061a 32000000 		.4byte	.LASF81
 1023 061e 0B       		.byte	0xb
 1024 061f 95       		.byte	0x95
ARM GAS  /tmp/ccNEWf0e.s 			page 19


 1025 0620 2A030000 		.4byte	0x32a
 1026 0624 02       		.byte	0x2
 1027 0625 23       		.byte	0x23
 1028 0626 00       		.uleb128 0
 1029 0627 06       		.uleb128 0x6
 1030 0628 19000000 		.4byte	.LASF82
 1031 062c 0B       		.byte	0xb
 1032 062d 96       		.byte	0x96
 1033 062e 2A030000 		.4byte	0x32a
 1034 0632 02       		.byte	0x2
 1035 0633 23       		.byte	0x23
 1036 0634 04       		.uleb128 0x4
 1037 0635 06       		.uleb128 0x6
 1038 0636 75010000 		.4byte	.LASF83
 1039 063a 0B       		.byte	0xb
 1040 063b 97       		.byte	0x97
 1041 063c 2A030000 		.4byte	0x32a
 1042 0640 02       		.byte	0x2
 1043 0641 23       		.byte	0x23
 1044 0642 08       		.uleb128 0x8
 1045 0643 06       		.uleb128 0x6
 1046 0644 5F000000 		.4byte	.LASF84
 1047 0648 0B       		.byte	0xb
 1048 0649 98       		.byte	0x98
 1049 064a 2A030000 		.4byte	0x32a
 1050 064e 02       		.byte	0x2
 1051 064f 23       		.byte	0x23
 1052 0650 0C       		.uleb128 0xc
 1053 0651 07       		.uleb128 0x7
 1054 0652 49445200 		.ascii	"IDR\000"
 1055 0656 0B       		.byte	0xb
 1056 0657 99       		.byte	0x99
 1057 0658 2A030000 		.4byte	0x32a
 1058 065c 02       		.byte	0x2
 1059 065d 23       		.byte	0x23
 1060 065e 10       		.uleb128 0x10
 1061 065f 07       		.uleb128 0x7
 1062 0660 4F445200 		.ascii	"ODR\000"
 1063 0664 0B       		.byte	0xb
 1064 0665 9A       		.byte	0x9a
 1065 0666 2A030000 		.4byte	0x32a
 1066 066a 02       		.byte	0x2
 1067 066b 23       		.byte	0x23
 1068 066c 14       		.uleb128 0x14
 1069 066d 06       		.uleb128 0x6
 1070 066e EE000000 		.4byte	.LASF85
 1071 0672 0B       		.byte	0xb
 1072 0673 A1       		.byte	0xa1
 1073 0674 A6060000 		.4byte	0x6a6
 1074 0678 02       		.byte	0x2
 1075 0679 23       		.byte	0x23
 1076 067a 18       		.uleb128 0x18
 1077 067b 06       		.uleb128 0x6
 1078 067c D0010000 		.4byte	.LASF86
 1079 0680 0B       		.byte	0xb
 1080 0681 A2       		.byte	0xa2
 1081 0682 2A030000 		.4byte	0x32a
ARM GAS  /tmp/ccNEWf0e.s 			page 20


 1082 0686 02       		.byte	0x2
 1083 0687 23       		.byte	0x23
 1084 0688 1C       		.uleb128 0x1c
 1085 0689 06       		.uleb128 0x6
 1086 068a 6C020000 		.4byte	.LASF87
 1087 068e 0B       		.byte	0xb
 1088 068f A3       		.byte	0xa3
 1089 0690 2A030000 		.4byte	0x32a
 1090 0694 02       		.byte	0x2
 1091 0695 23       		.byte	0x23
 1092 0696 20       		.uleb128 0x20
 1093 0697 06       		.uleb128 0x6
 1094 0698 67020000 		.4byte	.LASF88
 1095 069c 0B       		.byte	0xb
 1096 069d A4       		.byte	0xa4
 1097 069e 2A030000 		.4byte	0x32a
 1098 06a2 02       		.byte	0x2
 1099 06a3 23       		.byte	0x23
 1100 06a4 24       		.uleb128 0x24
 1101 06a5 00       		.byte	0
 1102 06a6 0D       		.uleb128 0xd
 1103 06a7 F6050000 		.4byte	0x5f6
 1104 06ab 03       		.uleb128 0x3
 1105 06ac 62010000 		.4byte	.LASF89
 1106 06b0 0B       		.byte	0xb
 1107 06b1 A5       		.byte	0xa5
 1108 06b2 11060000 		.4byte	0x611
 1109 06b6 03       		.uleb128 0x3
 1110 06b7 E0030000 		.4byte	.LASF90
 1111 06bb 0B       		.byte	0xb
 1112 06bc FC       		.byte	0xfc
 1113 06bd C1060000 		.4byte	0x6c1
 1114 06c1 09       		.uleb128 0x9
 1115 06c2 04       		.byte	0x4
 1116 06c3 AB060000 		.4byte	0x6ab
 1117 06c7 09       		.uleb128 0x9
 1118 06c8 04       		.byte	0x4
 1119 06c9 CD060000 		.4byte	0x6cd
 1120 06cd 10       		.uleb128 0x10
 1121 06ce C6050000 		.4byte	0x5c6
 1122 06d2 15       		.uleb128 0x15
 1123 06d3 01       		.byte	0x1
 1124 06d4 0C       		.byte	0xc
 1125 06d5 55       		.byte	0x55
 1126 06d6 F9060000 		.4byte	0x6f9
 1127 06da 16       		.uleb128 0x16
 1128 06db 3E040000 		.4byte	.LASF91
 1129 06df 00       		.sleb128 0
 1130 06e0 16       		.uleb128 0x16
 1131 06e1 F3000000 		.4byte	.LASF92
 1132 06e5 01       		.sleb128 1
 1133 06e6 16       		.uleb128 0x16
 1134 06e7 4F000000 		.4byte	.LASF93
 1135 06eb 02       		.sleb128 2
 1136 06ec 16       		.uleb128 0x16
 1137 06ed 20000000 		.4byte	.LASF94
 1138 06f1 03       		.sleb128 3
ARM GAS  /tmp/ccNEWf0e.s 			page 21


 1139 06f2 16       		.uleb128 0x16
 1140 06f3 8D030000 		.4byte	.LASF95
 1141 06f7 04       		.sleb128 4
 1142 06f8 00       		.byte	0
 1143 06f9 03       		.uleb128 0x3
 1144 06fa A1030000 		.4byte	.LASF96
 1145 06fe 0C       		.byte	0xc
 1146 06ff 5B       		.byte	0x5b
 1147 0700 D2060000 		.4byte	0x6d2
 1148 0704 13       		.uleb128 0x13
 1149 0705 8B000000 		.4byte	.LASF97
 1150 0709 0D       		.byte	0xd
 1151 070a 0701     		.2byte	0x107
 1152 070c 10070000 		.4byte	0x710
 1153 0710 0C       		.uleb128 0xc
 1154 0711 8B000000 		.4byte	.LASF97
 1155 0715 30       		.byte	0x30
 1156 0716 0D       		.byte	0xd
 1157 0717 2B01     		.2byte	0x12b
 1158 0719 A5070000 		.4byte	0x7a5
 1159 071d 12       		.uleb128 0x12
 1160 071e 1A010000 		.4byte	.LASF98
 1161 0722 0D       		.byte	0xd
 1162 0723 2F01     		.2byte	0x12f
 1163 0725 F9060000 		.4byte	0x6f9
 1164 0729 02       		.byte	0x2
 1165 072a 23       		.byte	0x23
 1166 072b 00       		.uleb128 0
 1167 072c 12       		.uleb128 0x12
 1168 072d 9A030000 		.4byte	.LASF99
 1169 0731 0D       		.byte	0xd
 1170 0732 3301     		.2byte	0x133
 1171 0734 1B080000 		.4byte	0x81b
 1172 0738 02       		.byte	0x2
 1173 0739 23       		.byte	0x23
 1174 073a 04       		.uleb128 0x4
 1175 073b 12       		.uleb128 0x12
 1176 073c 32010000 		.4byte	.LASF100
 1177 0740 0D       		.byte	0xd
 1178 0741 3801     		.2byte	0x138
 1179 0743 3A020000 		.4byte	0x23a
 1180 0747 02       		.byte	0x2
 1181 0748 23       		.byte	0x23
 1182 0749 08       		.uleb128 0x8
 1183 074a 12       		.uleb128 0x12
 1184 074b D7020000 		.4byte	.LASF101
 1185 074f 0D       		.byte	0xd
 1186 0750 3F01     		.2byte	0x13f
 1187 0752 78030000 		.4byte	0x378
 1188 0756 02       		.byte	0x2
 1189 0757 23       		.byte	0x23
 1190 0758 0C       		.uleb128 0xc
 1191 0759 0B       		.uleb128 0xb
 1192 075a 73706900 		.ascii	"spi\000"
 1193 075e 0D       		.byte	0xd
 1194 075f 4B01     		.2byte	0x14b
 1195 0761 26080000 		.4byte	0x826
ARM GAS  /tmp/ccNEWf0e.s 			page 22


 1196 0765 02       		.byte	0x2
 1197 0766 23       		.byte	0x23
 1198 0767 1C       		.uleb128 0x1c
 1199 0768 12       		.uleb128 0x12
 1200 0769 00000000 		.4byte	.LASF102
 1201 076d 0D       		.byte	0xd
 1202 076e 4F01     		.2byte	0x14f
 1203 0770 C7060000 		.4byte	0x6c7
 1204 0774 02       		.byte	0x2
 1205 0775 23       		.byte	0x23
 1206 0776 20       		.uleb128 0x20
 1207 0777 12       		.uleb128 0x12
 1208 0778 6F010000 		.4byte	.LASF103
 1209 077c 0D       		.byte	0xd
 1210 077d 5301     		.2byte	0x153
 1211 077f C7060000 		.4byte	0x6c7
 1212 0783 02       		.byte	0x2
 1213 0784 23       		.byte	0x23
 1214 0785 24       		.uleb128 0x24
 1215 0786 12       		.uleb128 0x12
 1216 0787 58010000 		.4byte	.LASF104
 1217 078b 0D       		.byte	0xd
 1218 078c 5701     		.2byte	0x157
 1219 078e 86000000 		.4byte	0x86
 1220 0792 02       		.byte	0x2
 1221 0793 23       		.byte	0x23
 1222 0794 28       		.uleb128 0x28
 1223 0795 12       		.uleb128 0x12
 1224 0796 51020000 		.4byte	.LASF105
 1225 079a 0D       		.byte	0xd
 1226 079b 5B01     		.2byte	0x15b
 1227 079d 86000000 		.4byte	0x86
 1228 07a1 02       		.byte	0x2
 1229 07a2 23       		.byte	0x23
 1230 07a3 2C       		.uleb128 0x2c
 1231 07a4 00       		.byte	0
 1232 07a5 13       		.uleb128 0x13
 1233 07a6 0C010000 		.4byte	.LASF106
 1234 07aa 0D       		.byte	0xd
 1235 07ab 0F01     		.2byte	0x10f
 1236 07ad B1070000 		.4byte	0x7b1
 1237 07b1 09       		.uleb128 0x9
 1238 07b2 04       		.byte	0x4
 1239 07b3 B7070000 		.4byte	0x7b7
 1240 07b7 17       		.uleb128 0x17
 1241 07b8 01       		.byte	0x1
 1242 07b9 C3070000 		.4byte	0x7c3
 1243 07bd 18       		.uleb128 0x18
 1244 07be C3070000 		.4byte	0x7c3
 1245 07c2 00       		.byte	0
 1246 07c3 09       		.uleb128 0x9
 1247 07c4 04       		.byte	0x4
 1248 07c5 04070000 		.4byte	0x704
 1249 07c9 11       		.uleb128 0x11
 1250 07ca 0C       		.byte	0xc
 1251 07cb 0D       		.byte	0xd
 1252 07cc 1401     		.2byte	0x114
ARM GAS  /tmp/ccNEWf0e.s 			page 23


 1253 07ce 0F080000 		.4byte	0x80f
 1254 07d2 12       		.uleb128 0x12
 1255 07d3 51010000 		.4byte	.LASF107
 1256 07d7 0D       		.byte	0xd
 1257 07d8 1801     		.2byte	0x118
 1258 07da A5070000 		.4byte	0x7a5
 1259 07de 02       		.byte	0x2
 1260 07df 23       		.byte	0x23
 1261 07e0 00       		.uleb128 0
 1262 07e1 12       		.uleb128 0x12
 1263 07e2 95000000 		.4byte	.LASF108
 1264 07e6 0D       		.byte	0xd
 1265 07e7 1D01     		.2byte	0x11d
 1266 07e9 B6060000 		.4byte	0x6b6
 1267 07ed 02       		.byte	0x2
 1268 07ee 23       		.byte	0x23
 1269 07ef 04       		.uleb128 0x4
 1270 07f0 12       		.uleb128 0x12
 1271 07f1 CE000000 		.4byte	.LASF109
 1272 07f5 0D       		.byte	0xd
 1273 07f6 2101     		.2byte	0x121
 1274 07f8 62000000 		.4byte	0x62
 1275 07fc 02       		.byte	0x2
 1276 07fd 23       		.byte	0x23
 1277 07fe 08       		.uleb128 0x8
 1278 07ff 0B       		.uleb128 0xb
 1279 0800 63723100 		.ascii	"cr1\000"
 1280 0804 0D       		.byte	0xd
 1281 0805 2501     		.2byte	0x125
 1282 0807 62000000 		.4byte	0x62
 1283 080b 02       		.byte	0x2
 1284 080c 23       		.byte	0x23
 1285 080d 0A       		.uleb128 0xa
 1286 080e 00       		.byte	0
 1287 080f 13       		.uleb128 0x13
 1288 0810 87040000 		.4byte	.LASF110
 1289 0814 0D       		.byte	0xd
 1290 0815 2601     		.2byte	0x126
 1291 0817 C9070000 		.4byte	0x7c9
 1292 081b 09       		.uleb128 0x9
 1293 081c 04       		.byte	0x4
 1294 081d 21080000 		.4byte	0x821
 1295 0821 10       		.uleb128 0x10
 1296 0822 0F080000 		.4byte	0x80f
 1297 0826 09       		.uleb128 0x9
 1298 0827 04       		.byte	0x4
 1299 0828 5F050000 		.4byte	0x55f
 1300 082c 19       		.uleb128 0x19
 1301 082d 01       		.byte	0x1
 1302 082e 49040000 		.4byte	.LASF121
 1303 0832 01       		.byte	0x1
 1304 0833 33       		.byte	0x33
 1305 0834 01       		.byte	0x1
 1306 0835 49000000 		.4byte	0x49
 1307 0839 00000000 		.4byte	.LFB117
 1308 083d 3A000000 		.4byte	.LFE117
 1309 0841 00000000 		.4byte	.LLST0
ARM GAS  /tmp/ccNEWf0e.s 			page 24


 1310 0845 01       		.byte	0x1
 1311 0846 B2080000 		.4byte	0x8b2
 1312 084a 1A       		.uleb128 0x1a
 1313 084b 74040000 		.4byte	.LASF111
 1314 084f 01       		.byte	0x1
 1315 0850 33       		.byte	0x33
 1316 0851 C3070000 		.4byte	0x7c3
 1317 0855 20000000 		.4byte	.LLST1
 1318 0859 1B       		.uleb128 0x1b
 1319 085a 72656700 		.ascii	"reg\000"
 1320 085e 01       		.byte	0x1
 1321 085f 33       		.byte	0x33
 1322 0860 49000000 		.4byte	0x49
 1323 0864 3E000000 		.4byte	.LLST2
 1324 0868 1C       		.uleb128 0x1c
 1325 0869 1E000000 		.4byte	.LVL1
 1326 086d 81090000 		.4byte	0x981
 1327 0871 7C080000 		.4byte	0x87c
 1328 0875 1D       		.uleb128 0x1d
 1329 0876 01       		.byte	0x1
 1330 0877 50       		.byte	0x50
 1331 0878 02       		.byte	0x2
 1332 0879 76       		.byte	0x76
 1333 087a 00       		.sleb128 0
 1334 087b 00       		.byte	0
 1335 087c 1C       		.uleb128 0x1c
 1336 087d 30000000 		.4byte	.LVL2
 1337 0881 96090000 		.4byte	0x996
 1338 0885 A1080000 		.4byte	0x8a1
 1339 0889 1D       		.uleb128 0x1d
 1340 088a 01       		.byte	0x1
 1341 088b 53       		.byte	0x53
 1342 088c 02       		.byte	0x2
 1343 088d 75       		.byte	0x75
 1344 088e 00       		.sleb128 0
 1345 088f 1D       		.uleb128 0x1d
 1346 0890 01       		.byte	0x1
 1347 0891 52       		.byte	0x52
 1348 0892 02       		.byte	0x2
 1349 0893 74       		.byte	0x74
 1350 0894 00       		.sleb128 0
 1351 0895 1D       		.uleb128 0x1d
 1352 0896 01       		.byte	0x1
 1353 0897 51       		.byte	0x51
 1354 0898 01       		.byte	0x1
 1355 0899 32       		.byte	0x32
 1356 089a 1D       		.uleb128 0x1d
 1357 089b 01       		.byte	0x1
 1358 089c 50       		.byte	0x50
 1359 089d 02       		.byte	0x2
 1360 089e 76       		.byte	0x76
 1361 089f 00       		.sleb128 0
 1362 08a0 00       		.byte	0
 1363 08a1 1E       		.uleb128 0x1e
 1364 08a2 36000000 		.4byte	.LVL3
 1365 08a6 C1090000 		.4byte	0x9c1
 1366 08aa 1D       		.uleb128 0x1d
ARM GAS  /tmp/ccNEWf0e.s 			page 25


 1367 08ab 01       		.byte	0x1
 1368 08ac 50       		.byte	0x50
 1369 08ad 02       		.byte	0x2
 1370 08ae 76       		.byte	0x76
 1371 08af 00       		.sleb128 0
 1372 08b0 00       		.byte	0
 1373 08b1 00       		.byte	0
 1374 08b2 1F       		.uleb128 0x1f
 1375 08b3 01       		.byte	0x1
 1376 08b4 75000000 		.4byte	.LASF122
 1377 08b8 01       		.byte	0x1
 1378 08b9 45       		.byte	0x45
 1379 08ba 01       		.byte	0x1
 1380 08bb 00000000 		.4byte	.LFB118
 1381 08bf 48000000 		.4byte	.LFE118
 1382 08c3 5F000000 		.4byte	.LLST3
 1383 08c7 01       		.byte	0x1
 1384 08c8 41090000 		.4byte	0x941
 1385 08cc 1A       		.uleb128 0x1a
 1386 08cd 74040000 		.4byte	.LASF111
 1387 08d1 01       		.byte	0x1
 1388 08d2 45       		.byte	0x45
 1389 08d3 C3070000 		.4byte	0x7c3
 1390 08d7 7F000000 		.4byte	.LLST4
 1391 08db 1B       		.uleb128 0x1b
 1392 08dc 72656700 		.ascii	"reg\000"
 1393 08e0 01       		.byte	0x1
 1394 08e1 45       		.byte	0x45
 1395 08e2 49000000 		.4byte	0x49
 1396 08e6 A8000000 		.4byte	.LLST5
 1397 08ea 1A       		.uleb128 0x1a
 1398 08eb AC010000 		.4byte	.LASF112
 1399 08ef 01       		.byte	0x1
 1400 08f0 45       		.byte	0x45
 1401 08f1 49000000 		.4byte	0x49
 1402 08f5 C9000000 		.4byte	.LLST6
 1403 08f9 1C       		.uleb128 0x1c
 1404 08fa 28000000 		.4byte	.LVL7
 1405 08fe 81090000 		.4byte	0x981
 1406 0902 0D090000 		.4byte	0x90d
 1407 0906 1D       		.uleb128 0x1d
 1408 0907 01       		.byte	0x1
 1409 0908 50       		.byte	0x50
 1410 0909 02       		.byte	0x2
 1411 090a 76       		.byte	0x76
 1412 090b 00       		.sleb128 0
 1413 090c 00       		.byte	0
 1414 090d 1C       		.uleb128 0x1c
 1415 090e 38000000 		.4byte	.LVL8
 1416 0912 D6090000 		.4byte	0x9d6
 1417 0916 2F090000 		.4byte	0x92f
 1418 091a 1D       		.uleb128 0x1d
 1419 091b 01       		.byte	0x1
 1420 091c 52       		.byte	0x52
 1421 091d 05       		.byte	0x5
 1422 091e 03       		.byte	0x3
 1423 091f 00000000 		.4byte	.LANCHOR0
ARM GAS  /tmp/ccNEWf0e.s 			page 26


 1424 0923 1D       		.uleb128 0x1d
 1425 0924 01       		.byte	0x1
 1426 0925 51       		.byte	0x51
 1427 0926 01       		.byte	0x1
 1428 0927 32       		.byte	0x32
 1429 0928 1D       		.uleb128 0x1d
 1430 0929 01       		.byte	0x1
 1431 092a 50       		.byte	0x50
 1432 092b 02       		.byte	0x2
 1433 092c 76       		.byte	0x76
 1434 092d 00       		.sleb128 0
 1435 092e 00       		.byte	0
 1436 092f 20       		.uleb128 0x20
 1437 0930 42000000 		.4byte	.LVL9
 1438 0934 01       		.byte	0x1
 1439 0935 C1090000 		.4byte	0x9c1
 1440 0939 1D       		.uleb128 0x1d
 1441 093a 01       		.byte	0x1
 1442 093b 50       		.byte	0x50
 1443 093c 02       		.byte	0x2
 1444 093d 76       		.byte	0x76
 1445 093e 00       		.sleb128 0
 1446 093f 00       		.byte	0
 1447 0940 00       		.byte	0
 1448 0941 21       		.uleb128 0x21
 1449 0942 49000000 		.4byte	0x49
 1450 0946 51090000 		.4byte	0x951
 1451 094a 22       		.uleb128 0x22
 1452 094b 2F030000 		.4byte	0x32f
 1453 094f 01       		.byte	0x1
 1454 0950 00       		.byte	0
 1455 0951 23       		.uleb128 0x23
 1456 0952 BF010000 		.4byte	.LASF113
 1457 0956 01       		.byte	0x1
 1458 0957 28       		.byte	0x28
 1459 0958 41090000 		.4byte	0x941
 1460 095c 05       		.byte	0x5
 1461 095d 03       		.byte	0x3
 1462 095e 00000000 		.4byte	txbuf
 1463 0962 23       		.uleb128 0x23
 1464 0963 A9000000 		.4byte	.LASF114
 1465 0967 01       		.byte	0x1
 1466 0968 29       		.byte	0x29
 1467 0969 41090000 		.4byte	0x941
 1468 096d 05       		.byte	0x5
 1469 096e 03       		.byte	0x3
 1470 096f 00000000 		.4byte	rxbuf
 1471 0973 24       		.uleb128 0x24
 1472 0974 9C000000 		.4byte	.LASF123
 1473 0978 0E       		.byte	0xe
 1474 0979 1A05     		.2byte	0x51a
 1475 097b D5030000 		.4byte	0x3d5
 1476 097f 01       		.byte	0x1
 1477 0980 01       		.byte	0x1
 1478 0981 25       		.uleb128 0x25
 1479 0982 01       		.byte	0x1
 1480 0983 28040000 		.4byte	.LASF115
ARM GAS  /tmp/ccNEWf0e.s 			page 27


 1481 0987 0C       		.byte	0xc
 1482 0988 3101     		.2byte	0x131
 1483 098a 01       		.byte	0x1
 1484 098b 01       		.byte	0x1
 1485 098c 96090000 		.4byte	0x996
 1486 0990 18       		.uleb128 0x18
 1487 0991 C3070000 		.4byte	0x7c3
 1488 0995 00       		.byte	0
 1489 0996 25       		.uleb128 0x25
 1490 0997 01       		.byte	0x1
 1491 0998 15020000 		.4byte	.LASF116
 1492 099c 0C       		.byte	0xc
 1493 099d 3A01     		.2byte	0x13a
 1494 099f 01       		.byte	0x1
 1495 09a0 01       		.byte	0x1
 1496 09a1 BA090000 		.4byte	0x9ba
 1497 09a5 18       		.uleb128 0x18
 1498 09a6 C3070000 		.4byte	0x7c3
 1499 09aa 18       		.uleb128 0x18
 1500 09ab 30000000 		.4byte	0x30
 1501 09af 18       		.uleb128 0x18
 1502 09b0 BA090000 		.4byte	0x9ba
 1503 09b4 18       		.uleb128 0x18
 1504 09b5 78020000 		.4byte	0x278
 1505 09b9 00       		.byte	0
 1506 09ba 09       		.uleb128 0x9
 1507 09bb 04       		.byte	0x4
 1508 09bc C0090000 		.4byte	0x9c0
 1509 09c0 26       		.uleb128 0x26
 1510 09c1 25       		.uleb128 0x25
 1511 09c2 01       		.byte	0x1
 1512 09c3 A0010000 		.4byte	.LASF117
 1513 09c7 0C       		.byte	0xc
 1514 09c8 3201     		.2byte	0x132
 1515 09ca 01       		.byte	0x1
 1516 09cb 01       		.byte	0x1
 1517 09cc D6090000 		.4byte	0x9d6
 1518 09d0 18       		.uleb128 0x18
 1519 09d1 C3070000 		.4byte	0x7c3
 1520 09d5 00       		.byte	0
 1521 09d6 27       		.uleb128 0x27
 1522 09d7 01       		.byte	0x1
 1523 09d8 7D010000 		.4byte	.LASF124
 1524 09dc 0C       		.byte	0xc
 1525 09dd 3B01     		.2byte	0x13b
 1526 09df 01       		.byte	0x1
 1527 09e0 01       		.byte	0x1
 1528 09e1 18       		.uleb128 0x18
 1529 09e2 C3070000 		.4byte	0x7c3
 1530 09e6 18       		.uleb128 0x18
 1531 09e7 30000000 		.4byte	0x30
 1532 09eb 18       		.uleb128 0x18
 1533 09ec BA090000 		.4byte	0x9ba
 1534 09f0 00       		.byte	0
 1535 09f1 00       		.byte	0
 1536              		.section	.debug_abbrev,"",%progbits
 1537              	.Ldebug_abbrev0:
ARM GAS  /tmp/ccNEWf0e.s 			page 28


 1538 0000 01       		.uleb128 0x1
 1539 0001 11       		.uleb128 0x11
 1540 0002 01       		.byte	0x1
 1541 0003 25       		.uleb128 0x25
 1542 0004 0E       		.uleb128 0xe
 1543 0005 13       		.uleb128 0x13
 1544 0006 0B       		.uleb128 0xb
 1545 0007 03       		.uleb128 0x3
 1546 0008 0E       		.uleb128 0xe
 1547 0009 1B       		.uleb128 0x1b
 1548 000a 0E       		.uleb128 0xe
 1549 000b 55       		.uleb128 0x55
 1550 000c 06       		.uleb128 0x6
 1551 000d 11       		.uleb128 0x11
 1552 000e 01       		.uleb128 0x1
 1553 000f 52       		.uleb128 0x52
 1554 0010 01       		.uleb128 0x1
 1555 0011 10       		.uleb128 0x10
 1556 0012 06       		.uleb128 0x6
 1557 0013 00       		.byte	0
 1558 0014 00       		.byte	0
 1559 0015 02       		.uleb128 0x2
 1560 0016 24       		.uleb128 0x24
 1561 0017 00       		.byte	0
 1562 0018 0B       		.uleb128 0xb
 1563 0019 0B       		.uleb128 0xb
 1564 001a 3E       		.uleb128 0x3e
 1565 001b 0B       		.uleb128 0xb
 1566 001c 03       		.uleb128 0x3
 1567 001d 08       		.uleb128 0x8
 1568 001e 00       		.byte	0
 1569 001f 00       		.byte	0
 1570 0020 03       		.uleb128 0x3
 1571 0021 16       		.uleb128 0x16
 1572 0022 00       		.byte	0
 1573 0023 03       		.uleb128 0x3
 1574 0024 0E       		.uleb128 0xe
 1575 0025 3A       		.uleb128 0x3a
 1576 0026 0B       		.uleb128 0xb
 1577 0027 3B       		.uleb128 0x3b
 1578 0028 0B       		.uleb128 0xb
 1579 0029 49       		.uleb128 0x49
 1580 002a 13       		.uleb128 0x13
 1581 002b 00       		.byte	0
 1582 002c 00       		.byte	0
 1583 002d 04       		.uleb128 0x4
 1584 002e 24       		.uleb128 0x24
 1585 002f 00       		.byte	0
 1586 0030 0B       		.uleb128 0xb
 1587 0031 0B       		.uleb128 0xb
 1588 0032 3E       		.uleb128 0x3e
 1589 0033 0B       		.uleb128 0xb
 1590 0034 03       		.uleb128 0x3
 1591 0035 0E       		.uleb128 0xe
 1592 0036 00       		.byte	0
 1593 0037 00       		.byte	0
 1594 0038 05       		.uleb128 0x5
ARM GAS  /tmp/ccNEWf0e.s 			page 29


 1595 0039 13       		.uleb128 0x13
 1596 003a 01       		.byte	0x1
 1597 003b 03       		.uleb128 0x3
 1598 003c 0E       		.uleb128 0xe
 1599 003d 0B       		.uleb128 0xb
 1600 003e 0B       		.uleb128 0xb
 1601 003f 3A       		.uleb128 0x3a
 1602 0040 0B       		.uleb128 0xb
 1603 0041 3B       		.uleb128 0x3b
 1604 0042 0B       		.uleb128 0xb
 1605 0043 01       		.uleb128 0x1
 1606 0044 13       		.uleb128 0x13
 1607 0045 00       		.byte	0
 1608 0046 00       		.byte	0
 1609 0047 06       		.uleb128 0x6
 1610 0048 0D       		.uleb128 0xd
 1611 0049 00       		.byte	0
 1612 004a 03       		.uleb128 0x3
 1613 004b 0E       		.uleb128 0xe
 1614 004c 3A       		.uleb128 0x3a
 1615 004d 0B       		.uleb128 0xb
 1616 004e 3B       		.uleb128 0x3b
 1617 004f 0B       		.uleb128 0xb
 1618 0050 49       		.uleb128 0x49
 1619 0051 13       		.uleb128 0x13
 1620 0052 38       		.uleb128 0x38
 1621 0053 0A       		.uleb128 0xa
 1622 0054 00       		.byte	0
 1623 0055 00       		.byte	0
 1624 0056 07       		.uleb128 0x7
 1625 0057 0D       		.uleb128 0xd
 1626 0058 00       		.byte	0
 1627 0059 03       		.uleb128 0x3
 1628 005a 08       		.uleb128 0x8
 1629 005b 3A       		.uleb128 0x3a
 1630 005c 0B       		.uleb128 0xb
 1631 005d 3B       		.uleb128 0x3b
 1632 005e 0B       		.uleb128 0xb
 1633 005f 49       		.uleb128 0x49
 1634 0060 13       		.uleb128 0x13
 1635 0061 38       		.uleb128 0x38
 1636 0062 0A       		.uleb128 0xa
 1637 0063 00       		.byte	0
 1638 0064 00       		.byte	0
 1639 0065 08       		.uleb128 0x8
 1640 0066 13       		.uleb128 0x13
 1641 0067 01       		.byte	0x1
 1642 0068 0B       		.uleb128 0xb
 1643 0069 0B       		.uleb128 0xb
 1644 006a 3A       		.uleb128 0x3a
 1645 006b 0B       		.uleb128 0xb
 1646 006c 3B       		.uleb128 0x3b
 1647 006d 0B       		.uleb128 0xb
 1648 006e 01       		.uleb128 0x1
 1649 006f 13       		.uleb128 0x13
 1650 0070 00       		.byte	0
 1651 0071 00       		.byte	0
ARM GAS  /tmp/ccNEWf0e.s 			page 30


 1652 0072 09       		.uleb128 0x9
 1653 0073 0F       		.uleb128 0xf
 1654 0074 00       		.byte	0
 1655 0075 0B       		.uleb128 0xb
 1656 0076 0B       		.uleb128 0xb
 1657 0077 49       		.uleb128 0x49
 1658 0078 13       		.uleb128 0x13
 1659 0079 00       		.byte	0
 1660 007a 00       		.byte	0
 1661 007b 0A       		.uleb128 0xa
 1662 007c 0F       		.uleb128 0xf
 1663 007d 00       		.byte	0
 1664 007e 0B       		.uleb128 0xb
 1665 007f 0B       		.uleb128 0xb
 1666 0080 00       		.byte	0
 1667 0081 00       		.byte	0
 1668 0082 0B       		.uleb128 0xb
 1669 0083 0D       		.uleb128 0xd
 1670 0084 00       		.byte	0
 1671 0085 03       		.uleb128 0x3
 1672 0086 08       		.uleb128 0x8
 1673 0087 3A       		.uleb128 0x3a
 1674 0088 0B       		.uleb128 0xb
 1675 0089 3B       		.uleb128 0x3b
 1676 008a 05       		.uleb128 0x5
 1677 008b 49       		.uleb128 0x49
 1678 008c 13       		.uleb128 0x13
 1679 008d 38       		.uleb128 0x38
 1680 008e 0A       		.uleb128 0xa
 1681 008f 00       		.byte	0
 1682 0090 00       		.byte	0
 1683 0091 0C       		.uleb128 0xc
 1684 0092 13       		.uleb128 0x13
 1685 0093 01       		.byte	0x1
 1686 0094 03       		.uleb128 0x3
 1687 0095 0E       		.uleb128 0xe
 1688 0096 0B       		.uleb128 0xb
 1689 0097 0B       		.uleb128 0xb
 1690 0098 3A       		.uleb128 0x3a
 1691 0099 0B       		.uleb128 0xb
 1692 009a 3B       		.uleb128 0x3b
 1693 009b 05       		.uleb128 0x5
 1694 009c 01       		.uleb128 0x1
 1695 009d 13       		.uleb128 0x13
 1696 009e 00       		.byte	0
 1697 009f 00       		.byte	0
 1698 00a0 0D       		.uleb128 0xd
 1699 00a1 35       		.uleb128 0x35
 1700 00a2 00       		.byte	0
 1701 00a3 49       		.uleb128 0x49
 1702 00a4 13       		.uleb128 0x13
 1703 00a5 00       		.byte	0
 1704 00a6 00       		.byte	0
 1705 00a7 0E       		.uleb128 0xe
 1706 00a8 17       		.uleb128 0x17
 1707 00a9 01       		.byte	0x1
 1708 00aa 0B       		.uleb128 0xb
ARM GAS  /tmp/ccNEWf0e.s 			page 31


 1709 00ab 0B       		.uleb128 0xb
 1710 00ac 3A       		.uleb128 0x3a
 1711 00ad 0B       		.uleb128 0xb
 1712 00ae 3B       		.uleb128 0x3b
 1713 00af 0B       		.uleb128 0xb
 1714 00b0 01       		.uleb128 0x1
 1715 00b1 13       		.uleb128 0x13
 1716 00b2 00       		.byte	0
 1717 00b3 00       		.byte	0
 1718 00b4 0F       		.uleb128 0xf
 1719 00b5 0D       		.uleb128 0xd
 1720 00b6 00       		.byte	0
 1721 00b7 03       		.uleb128 0x3
 1722 00b8 0E       		.uleb128 0xe
 1723 00b9 3A       		.uleb128 0x3a
 1724 00ba 0B       		.uleb128 0xb
 1725 00bb 3B       		.uleb128 0x3b
 1726 00bc 0B       		.uleb128 0xb
 1727 00bd 49       		.uleb128 0x49
 1728 00be 13       		.uleb128 0x13
 1729 00bf 00       		.byte	0
 1730 00c0 00       		.byte	0
 1731 00c1 10       		.uleb128 0x10
 1732 00c2 26       		.uleb128 0x26
 1733 00c3 00       		.byte	0
 1734 00c4 49       		.uleb128 0x49
 1735 00c5 13       		.uleb128 0x13
 1736 00c6 00       		.byte	0
 1737 00c7 00       		.byte	0
 1738 00c8 11       		.uleb128 0x11
 1739 00c9 13       		.uleb128 0x13
 1740 00ca 01       		.byte	0x1
 1741 00cb 0B       		.uleb128 0xb
 1742 00cc 0B       		.uleb128 0xb
 1743 00cd 3A       		.uleb128 0x3a
 1744 00ce 0B       		.uleb128 0xb
 1745 00cf 3B       		.uleb128 0x3b
 1746 00d0 05       		.uleb128 0x5
 1747 00d1 01       		.uleb128 0x1
 1748 00d2 13       		.uleb128 0x13
 1749 00d3 00       		.byte	0
 1750 00d4 00       		.byte	0
 1751 00d5 12       		.uleb128 0x12
 1752 00d6 0D       		.uleb128 0xd
 1753 00d7 00       		.byte	0
 1754 00d8 03       		.uleb128 0x3
 1755 00d9 0E       		.uleb128 0xe
 1756 00da 3A       		.uleb128 0x3a
 1757 00db 0B       		.uleb128 0xb
 1758 00dc 3B       		.uleb128 0x3b
 1759 00dd 05       		.uleb128 0x5
 1760 00de 49       		.uleb128 0x49
 1761 00df 13       		.uleb128 0x13
 1762 00e0 38       		.uleb128 0x38
 1763 00e1 0A       		.uleb128 0xa
 1764 00e2 00       		.byte	0
 1765 00e3 00       		.byte	0
ARM GAS  /tmp/ccNEWf0e.s 			page 32


 1766 00e4 13       		.uleb128 0x13
 1767 00e5 16       		.uleb128 0x16
 1768 00e6 00       		.byte	0
 1769 00e7 03       		.uleb128 0x3
 1770 00e8 0E       		.uleb128 0xe
 1771 00e9 3A       		.uleb128 0x3a
 1772 00ea 0B       		.uleb128 0xb
 1773 00eb 3B       		.uleb128 0x3b
 1774 00ec 05       		.uleb128 0x5
 1775 00ed 49       		.uleb128 0x49
 1776 00ee 13       		.uleb128 0x13
 1777 00ef 00       		.byte	0
 1778 00f0 00       		.byte	0
 1779 00f1 14       		.uleb128 0x14
 1780 00f2 0D       		.uleb128 0xd
 1781 00f3 00       		.byte	0
 1782 00f4 03       		.uleb128 0x3
 1783 00f5 08       		.uleb128 0x8
 1784 00f6 3A       		.uleb128 0x3a
 1785 00f7 0B       		.uleb128 0xb
 1786 00f8 3B       		.uleb128 0x3b
 1787 00f9 0B       		.uleb128 0xb
 1788 00fa 49       		.uleb128 0x49
 1789 00fb 13       		.uleb128 0x13
 1790 00fc 00       		.byte	0
 1791 00fd 00       		.byte	0
 1792 00fe 15       		.uleb128 0x15
 1793 00ff 04       		.uleb128 0x4
 1794 0100 01       		.byte	0x1
 1795 0101 0B       		.uleb128 0xb
 1796 0102 0B       		.uleb128 0xb
 1797 0103 3A       		.uleb128 0x3a
 1798 0104 0B       		.uleb128 0xb
 1799 0105 3B       		.uleb128 0x3b
 1800 0106 0B       		.uleb128 0xb
 1801 0107 01       		.uleb128 0x1
 1802 0108 13       		.uleb128 0x13
 1803 0109 00       		.byte	0
 1804 010a 00       		.byte	0
 1805 010b 16       		.uleb128 0x16
 1806 010c 28       		.uleb128 0x28
 1807 010d 00       		.byte	0
 1808 010e 03       		.uleb128 0x3
 1809 010f 0E       		.uleb128 0xe
 1810 0110 1C       		.uleb128 0x1c
 1811 0111 0D       		.uleb128 0xd
 1812 0112 00       		.byte	0
 1813 0113 00       		.byte	0
 1814 0114 17       		.uleb128 0x17
 1815 0115 15       		.uleb128 0x15
 1816 0116 01       		.byte	0x1
 1817 0117 27       		.uleb128 0x27
 1818 0118 0C       		.uleb128 0xc
 1819 0119 01       		.uleb128 0x1
 1820 011a 13       		.uleb128 0x13
 1821 011b 00       		.byte	0
 1822 011c 00       		.byte	0
ARM GAS  /tmp/ccNEWf0e.s 			page 33


 1823 011d 18       		.uleb128 0x18
 1824 011e 05       		.uleb128 0x5
 1825 011f 00       		.byte	0
 1826 0120 49       		.uleb128 0x49
 1827 0121 13       		.uleb128 0x13
 1828 0122 00       		.byte	0
 1829 0123 00       		.byte	0
 1830 0124 19       		.uleb128 0x19
 1831 0125 2E       		.uleb128 0x2e
 1832 0126 01       		.byte	0x1
 1833 0127 3F       		.uleb128 0x3f
 1834 0128 0C       		.uleb128 0xc
 1835 0129 03       		.uleb128 0x3
 1836 012a 0E       		.uleb128 0xe
 1837 012b 3A       		.uleb128 0x3a
 1838 012c 0B       		.uleb128 0xb
 1839 012d 3B       		.uleb128 0x3b
 1840 012e 0B       		.uleb128 0xb
 1841 012f 27       		.uleb128 0x27
 1842 0130 0C       		.uleb128 0xc
 1843 0131 49       		.uleb128 0x49
 1844 0132 13       		.uleb128 0x13
 1845 0133 11       		.uleb128 0x11
 1846 0134 01       		.uleb128 0x1
 1847 0135 12       		.uleb128 0x12
 1848 0136 01       		.uleb128 0x1
 1849 0137 40       		.uleb128 0x40
 1850 0138 06       		.uleb128 0x6
 1851 0139 9742     		.uleb128 0x2117
 1852 013b 0C       		.uleb128 0xc
 1853 013c 01       		.uleb128 0x1
 1854 013d 13       		.uleb128 0x13
 1855 013e 00       		.byte	0
 1856 013f 00       		.byte	0
 1857 0140 1A       		.uleb128 0x1a
 1858 0141 05       		.uleb128 0x5
 1859 0142 00       		.byte	0
 1860 0143 03       		.uleb128 0x3
 1861 0144 0E       		.uleb128 0xe
 1862 0145 3A       		.uleb128 0x3a
 1863 0146 0B       		.uleb128 0xb
 1864 0147 3B       		.uleb128 0x3b
 1865 0148 0B       		.uleb128 0xb
 1866 0149 49       		.uleb128 0x49
 1867 014a 13       		.uleb128 0x13
 1868 014b 02       		.uleb128 0x2
 1869 014c 06       		.uleb128 0x6
 1870 014d 00       		.byte	0
 1871 014e 00       		.byte	0
 1872 014f 1B       		.uleb128 0x1b
 1873 0150 05       		.uleb128 0x5
 1874 0151 00       		.byte	0
 1875 0152 03       		.uleb128 0x3
 1876 0153 08       		.uleb128 0x8
 1877 0154 3A       		.uleb128 0x3a
 1878 0155 0B       		.uleb128 0xb
 1879 0156 3B       		.uleb128 0x3b
ARM GAS  /tmp/ccNEWf0e.s 			page 34


 1880 0157 0B       		.uleb128 0xb
 1881 0158 49       		.uleb128 0x49
 1882 0159 13       		.uleb128 0x13
 1883 015a 02       		.uleb128 0x2
 1884 015b 06       		.uleb128 0x6
 1885 015c 00       		.byte	0
 1886 015d 00       		.byte	0
 1887 015e 1C       		.uleb128 0x1c
 1888 015f 898201   		.uleb128 0x4109
 1889 0162 01       		.byte	0x1
 1890 0163 11       		.uleb128 0x11
 1891 0164 01       		.uleb128 0x1
 1892 0165 31       		.uleb128 0x31
 1893 0166 13       		.uleb128 0x13
 1894 0167 01       		.uleb128 0x1
 1895 0168 13       		.uleb128 0x13
 1896 0169 00       		.byte	0
 1897 016a 00       		.byte	0
 1898 016b 1D       		.uleb128 0x1d
 1899 016c 8A8201   		.uleb128 0x410a
 1900 016f 00       		.byte	0
 1901 0170 02       		.uleb128 0x2
 1902 0171 0A       		.uleb128 0xa
 1903 0172 9142     		.uleb128 0x2111
 1904 0174 0A       		.uleb128 0xa
 1905 0175 00       		.byte	0
 1906 0176 00       		.byte	0
 1907 0177 1E       		.uleb128 0x1e
 1908 0178 898201   		.uleb128 0x4109
 1909 017b 01       		.byte	0x1
 1910 017c 11       		.uleb128 0x11
 1911 017d 01       		.uleb128 0x1
 1912 017e 31       		.uleb128 0x31
 1913 017f 13       		.uleb128 0x13
 1914 0180 00       		.byte	0
 1915 0181 00       		.byte	0
 1916 0182 1F       		.uleb128 0x1f
 1917 0183 2E       		.uleb128 0x2e
 1918 0184 01       		.byte	0x1
 1919 0185 3F       		.uleb128 0x3f
 1920 0186 0C       		.uleb128 0xc
 1921 0187 03       		.uleb128 0x3
 1922 0188 0E       		.uleb128 0xe
 1923 0189 3A       		.uleb128 0x3a
 1924 018a 0B       		.uleb128 0xb
 1925 018b 3B       		.uleb128 0x3b
 1926 018c 0B       		.uleb128 0xb
 1927 018d 27       		.uleb128 0x27
 1928 018e 0C       		.uleb128 0xc
 1929 018f 11       		.uleb128 0x11
 1930 0190 01       		.uleb128 0x1
 1931 0191 12       		.uleb128 0x12
 1932 0192 01       		.uleb128 0x1
 1933 0193 40       		.uleb128 0x40
 1934 0194 06       		.uleb128 0x6
 1935 0195 9742     		.uleb128 0x2117
 1936 0197 0C       		.uleb128 0xc
ARM GAS  /tmp/ccNEWf0e.s 			page 35


 1937 0198 01       		.uleb128 0x1
 1938 0199 13       		.uleb128 0x13
 1939 019a 00       		.byte	0
 1940 019b 00       		.byte	0
 1941 019c 20       		.uleb128 0x20
 1942 019d 898201   		.uleb128 0x4109
 1943 01a0 01       		.byte	0x1
 1944 01a1 11       		.uleb128 0x11
 1945 01a2 01       		.uleb128 0x1
 1946 01a3 9542     		.uleb128 0x2115
 1947 01a5 0C       		.uleb128 0xc
 1948 01a6 31       		.uleb128 0x31
 1949 01a7 13       		.uleb128 0x13
 1950 01a8 00       		.byte	0
 1951 01a9 00       		.byte	0
 1952 01aa 21       		.uleb128 0x21
 1953 01ab 01       		.uleb128 0x1
 1954 01ac 01       		.byte	0x1
 1955 01ad 49       		.uleb128 0x49
 1956 01ae 13       		.uleb128 0x13
 1957 01af 01       		.uleb128 0x1
 1958 01b0 13       		.uleb128 0x13
 1959 01b1 00       		.byte	0
 1960 01b2 00       		.byte	0
 1961 01b3 22       		.uleb128 0x22
 1962 01b4 21       		.uleb128 0x21
 1963 01b5 00       		.byte	0
 1964 01b6 49       		.uleb128 0x49
 1965 01b7 13       		.uleb128 0x13
 1966 01b8 2F       		.uleb128 0x2f
 1967 01b9 0B       		.uleb128 0xb
 1968 01ba 00       		.byte	0
 1969 01bb 00       		.byte	0
 1970 01bc 23       		.uleb128 0x23
 1971 01bd 34       		.uleb128 0x34
 1972 01be 00       		.byte	0
 1973 01bf 03       		.uleb128 0x3
 1974 01c0 0E       		.uleb128 0xe
 1975 01c1 3A       		.uleb128 0x3a
 1976 01c2 0B       		.uleb128 0xb
 1977 01c3 3B       		.uleb128 0x3b
 1978 01c4 0B       		.uleb128 0xb
 1979 01c5 49       		.uleb128 0x49
 1980 01c6 13       		.uleb128 0x13
 1981 01c7 02       		.uleb128 0x2
 1982 01c8 0A       		.uleb128 0xa
 1983 01c9 00       		.byte	0
 1984 01ca 00       		.byte	0
 1985 01cb 24       		.uleb128 0x24
 1986 01cc 34       		.uleb128 0x34
 1987 01cd 00       		.byte	0
 1988 01ce 03       		.uleb128 0x3
 1989 01cf 0E       		.uleb128 0xe
 1990 01d0 3A       		.uleb128 0x3a
 1991 01d1 0B       		.uleb128 0xb
 1992 01d2 3B       		.uleb128 0x3b
 1993 01d3 05       		.uleb128 0x5
ARM GAS  /tmp/ccNEWf0e.s 			page 36


 1994 01d4 49       		.uleb128 0x49
 1995 01d5 13       		.uleb128 0x13
 1996 01d6 3F       		.uleb128 0x3f
 1997 01d7 0C       		.uleb128 0xc
 1998 01d8 3C       		.uleb128 0x3c
 1999 01d9 0C       		.uleb128 0xc
 2000 01da 00       		.byte	0
 2001 01db 00       		.byte	0
 2002 01dc 25       		.uleb128 0x25
 2003 01dd 2E       		.uleb128 0x2e
 2004 01de 01       		.byte	0x1
 2005 01df 3F       		.uleb128 0x3f
 2006 01e0 0C       		.uleb128 0xc
 2007 01e1 03       		.uleb128 0x3
 2008 01e2 0E       		.uleb128 0xe
 2009 01e3 3A       		.uleb128 0x3a
 2010 01e4 0B       		.uleb128 0xb
 2011 01e5 3B       		.uleb128 0x3b
 2012 01e6 05       		.uleb128 0x5
 2013 01e7 27       		.uleb128 0x27
 2014 01e8 0C       		.uleb128 0xc
 2015 01e9 3C       		.uleb128 0x3c
 2016 01ea 0C       		.uleb128 0xc
 2017 01eb 01       		.uleb128 0x1
 2018 01ec 13       		.uleb128 0x13
 2019 01ed 00       		.byte	0
 2020 01ee 00       		.byte	0
 2021 01ef 26       		.uleb128 0x26
 2022 01f0 26       		.uleb128 0x26
 2023 01f1 00       		.byte	0
 2024 01f2 00       		.byte	0
 2025 01f3 00       		.byte	0
 2026 01f4 27       		.uleb128 0x27
 2027 01f5 2E       		.uleb128 0x2e
 2028 01f6 01       		.byte	0x1
 2029 01f7 3F       		.uleb128 0x3f
 2030 01f8 0C       		.uleb128 0xc
 2031 01f9 03       		.uleb128 0x3
 2032 01fa 0E       		.uleb128 0xe
 2033 01fb 3A       		.uleb128 0x3a
 2034 01fc 0B       		.uleb128 0xb
 2035 01fd 3B       		.uleb128 0x3b
 2036 01fe 05       		.uleb128 0x5
 2037 01ff 27       		.uleb128 0x27
 2038 0200 0C       		.uleb128 0xc
 2039 0201 3C       		.uleb128 0x3c
 2040 0202 0C       		.uleb128 0xc
 2041 0203 00       		.byte	0
 2042 0204 00       		.byte	0
 2043 0205 00       		.byte	0
 2044              		.section	.debug_loc,"",%progbits
 2045              	.Ldebug_loc0:
 2046              	.LLST0:
 2047 0000 00000000 		.4byte	.LFB117
 2048 0004 02000000 		.4byte	.LCFI0
 2049 0008 0200     		.2byte	0x2
 2050 000a 7D       		.byte	0x7d
ARM GAS  /tmp/ccNEWf0e.s 			page 37


 2051 000b 00       		.sleb128 0
 2052 000c 02000000 		.4byte	.LCFI0
 2053 0010 3A000000 		.4byte	.LFE117
 2054 0014 0200     		.2byte	0x2
 2055 0016 7D       		.byte	0x7d
 2056 0017 18       		.sleb128 24
 2057 0018 00000000 		.4byte	0
 2058 001c 00000000 		.4byte	0
 2059              	.LLST1:
 2060 0020 00000000 		.4byte	.LVL0
 2061 0024 1D000000 		.4byte	.LVL1-1
 2062 0028 0100     		.2byte	0x1
 2063 002a 50       		.byte	0x50
 2064 002b 1D000000 		.4byte	.LVL1-1
 2065 002f 3A000000 		.4byte	.LFE117
 2066 0033 0100     		.2byte	0x1
 2067 0035 56       		.byte	0x56
 2068 0036 00000000 		.4byte	0
 2069 003a 00000000 		.4byte	0
 2070              	.LLST2:
 2071 003e 00000000 		.4byte	.LVL0
 2072 0042 1D000000 		.4byte	.LVL1-1
 2073 0046 0100     		.2byte	0x1
 2074 0048 51       		.byte	0x51
 2075 0049 1D000000 		.4byte	.LVL1-1
 2076 004d 3A000000 		.4byte	.LFE117
 2077 0051 0400     		.2byte	0x4
 2078 0053 F3       		.byte	0xf3
 2079 0054 01       		.uleb128 0x1
 2080 0055 51       		.byte	0x51
 2081 0056 9F       		.byte	0x9f
 2082 0057 00000000 		.4byte	0
 2083 005b 00000000 		.4byte	0
 2084              	.LLST3:
 2085 005f 00000000 		.4byte	.LFB118
 2086 0063 02000000 		.4byte	.LCFI1
 2087 0067 0200     		.2byte	0x2
 2088 0069 7D       		.byte	0x7d
 2089 006a 00       		.sleb128 0
 2090 006b 02000000 		.4byte	.LCFI1
 2091 006f 48000000 		.4byte	.LFE118
 2092 0073 0200     		.2byte	0x2
 2093 0075 7D       		.byte	0x7d
 2094 0076 18       		.sleb128 24
 2095 0077 00000000 		.4byte	0
 2096 007b 00000000 		.4byte	0
 2097              	.LLST4:
 2098 007f 00000000 		.4byte	.LVL4
 2099 0083 27000000 		.4byte	.LVL7-1
 2100 0087 0100     		.2byte	0x1
 2101 0089 50       		.byte	0x50
 2102 008a 27000000 		.4byte	.LVL7-1
 2103 008e 42000000 		.4byte	.LVL9
 2104 0092 0100     		.2byte	0x1
 2105 0094 56       		.byte	0x56
 2106 0095 42000000 		.4byte	.LVL9
 2107 0099 48000000 		.4byte	.LFE118
ARM GAS  /tmp/ccNEWf0e.s 			page 38


 2108 009d 0100     		.2byte	0x1
 2109 009f 50       		.byte	0x50
 2110 00a0 00000000 		.4byte	0
 2111 00a4 00000000 		.4byte	0
 2112              	.LLST5:
 2113 00a8 00000000 		.4byte	.LVL4
 2114 00ac 0A000000 		.4byte	.LVL5
 2115 00b0 0100     		.2byte	0x1
 2116 00b2 51       		.byte	0x51
 2117 00b3 0A000000 		.4byte	.LVL5
 2118 00b7 48000000 		.4byte	.LFE118
 2119 00bb 0400     		.2byte	0x4
 2120 00bd F3       		.byte	0xf3
 2121 00be 01       		.uleb128 0x1
 2122 00bf 51       		.byte	0x51
 2123 00c0 9F       		.byte	0x9f
 2124 00c1 00000000 		.4byte	0
 2125 00c5 00000000 		.4byte	0
 2126              	.LLST6:
 2127 00c9 00000000 		.4byte	.LVL4
 2128 00cd 18000000 		.4byte	.LVL6
 2129 00d1 0100     		.2byte	0x1
 2130 00d3 52       		.byte	0x52
 2131 00d4 18000000 		.4byte	.LVL6
 2132 00d8 48000000 		.4byte	.LFE118
 2133 00dc 0400     		.2byte	0x4
 2134 00de F3       		.byte	0xf3
 2135 00df 01       		.uleb128 0x1
 2136 00e0 52       		.byte	0x52
 2137 00e1 9F       		.byte	0x9f
 2138 00e2 00000000 		.4byte	0
 2139 00e6 00000000 		.4byte	0
 2140              		.section	.debug_aranges,"",%progbits
 2141 0000 24000000 		.4byte	0x24
 2142 0004 0200     		.2byte	0x2
 2143 0006 00000000 		.4byte	.Ldebug_info0
 2144 000a 04       		.byte	0x4
 2145 000b 00       		.byte	0
 2146 000c 0000     		.2byte	0
 2147 000e 0000     		.2byte	0
 2148 0010 00000000 		.4byte	.LFB117
 2149 0014 3A000000 		.4byte	.LFE117-.LFB117
 2150 0018 00000000 		.4byte	.LFB118
 2151 001c 48000000 		.4byte	.LFE118-.LFB118
 2152 0020 00000000 		.4byte	0
 2153 0024 00000000 		.4byte	0
 2154              		.section	.debug_ranges,"",%progbits
 2155              	.Ldebug_ranges0:
 2156 0000 00000000 		.4byte	.LFB117
 2157 0004 3A000000 		.4byte	.LFE117
 2158 0008 00000000 		.4byte	.LFB118
 2159 000c 48000000 		.4byte	.LFE118
 2160 0010 00000000 		.4byte	0
 2161 0014 00000000 		.4byte	0
 2162              		.section	.debug_line,"",%progbits
 2163              	.Ldebug_line0:
 2164 0000 BF020000 		.section	.debug_str,"MS",%progbits,1
ARM GAS  /tmp/ccNEWf0e.s 			page 39


 2164      02007D02 
 2164      00000201 
 2164      FB0E0D00 
 2164      01010101 
 2165              	.LASF102:
 2166 0000 646D6172 		.ascii	"dmarx\000"
 2166      7800
 2167              	.LASF56:
 2168 0006 4D304152 		.ascii	"M0AR\000"
 2168      00
 2169              	.LASF2:
 2170 000b 73697A65 		.ascii	"size_t\000"
 2170      5F7400
 2171              	.LASF50:
 2172 0012 7264796D 		.ascii	"rdymsg\000"
 2172      736700
 2173              	.LASF82:
 2174 0019 4F545950 		.ascii	"OTYPER\000"
 2174      455200
 2175              	.LASF94:
 2176 0020 5350495F 		.ascii	"SPI_ACTIVE\000"
 2176      41435449 
 2176      564500
 2177              	.LASF74:
 2178 002b 73747265 		.ascii	"stream\000"
 2178      616D00
 2179              	.LASF81:
 2180 0032 4D4F4445 		.ascii	"MODER\000"
 2180      5200
 2181              	.LASF13:
 2182 0038 6C6F6E67 		.ascii	"long long unsigned int\000"
 2182      206C6F6E 
 2182      6720756E 
 2182      7369676E 
 2182      65642069 
 2183              	.LASF93:
 2184 004f 5350495F 		.ascii	"SPI_READY\000"
 2184      52454144 
 2184      5900
 2185              	.LASF63:
 2186 0059 43524350 		.ascii	"CRCPR\000"
 2186      5200
 2187              	.LASF84:
 2188 005f 50555044 		.ascii	"PUPDR\000"
 2188      5200
 2189              	.LASF51:
 2190 0065 65786974 		.ascii	"exitcode\000"
 2190      636F6465 
 2190      00
 2191              	.LASF78:
 2192 006e 76656374 		.ascii	"vector\000"
 2192      6F7200
 2193              	.LASF122:
 2194 0075 6C697333 		.ascii	"lis302dlWriteRegister\000"
 2194      3032646C 
 2194      57726974 
 2194      65526567 
ARM GAS  /tmp/ccNEWf0e.s 			page 40


 2194      69737465 
 2195              	.LASF97:
 2196 008b 53504944 		.ascii	"SPIDriver\000"
 2196      72697665 
 2196      7200
 2197              	.LASF108:
 2198 0095 7373706F 		.ascii	"ssport\000"
 2198      727400
 2199              	.LASF123:
 2200 009c 49544D5F 		.ascii	"ITM_RxBuffer\000"
 2200      52784275 
 2200      66666572 
 2200      00
 2201              	.LASF114:
 2202 00a9 72786275 		.ascii	"rxbuf\000"
 2202      6600
 2203              	.LASF119:
 2204 00af 2E2F6F73 		.ascii	"./os/various/lis302dl.c\000"
 2204      2F766172 
 2204      696F7573 
 2204      2F6C6973 
 2204      33303264 
 2205              	.LASF24:
 2206 00c7 705F7072 		.ascii	"p_prio\000"
 2206      696F00
 2207              	.LASF109:
 2208 00ce 73737061 		.ascii	"sspad\000"
 2208      6400
 2209              	.LASF12:
 2210 00d4 6C6F6E67 		.ascii	"long long int\000"
 2210      206C6F6E 
 2210      6720696E 
 2210      7400
 2211              	.LASF1:
 2212 00e2 7369676E 		.ascii	"signed char\000"
 2212      65642063 
 2212      68617200 
 2213              	.LASF85:
 2214 00ee 42535252 		.ascii	"BSRR\000"
 2214      00
 2215              	.LASF92:
 2216 00f3 5350495F 		.ascii	"SPI_STOP\000"
 2216      53544F50 
 2216      00
 2217              	.LASF69:
 2218 00fc 49325343 		.ascii	"I2SCFGR\000"
 2218      46475200 
 2219              	.LASF47:
 2220 0104 6D5F7175 		.ascii	"m_queue\000"
 2220      65756500 
 2221              	.LASF106:
 2222 010c 73706963 		.ascii	"spicallback_t\000"
 2222      616C6C62 
 2222      61636B5F 
 2222      7400
 2223              	.LASF98:
 2224 011a 73746174 		.ascii	"state\000"
ARM GAS  /tmp/ccNEWf0e.s 			page 41


 2224      6500
 2225              	.LASF9:
 2226 0120 6C6F6E67 		.ascii	"long int\000"
 2226      20696E74 
 2226      00
 2227              	.LASF15:
 2228 0129 74737461 		.ascii	"tstate_t\000"
 2228      74655F74 
 2228      00
 2229              	.LASF100:
 2230 0132 74687265 		.ascii	"thread\000"
 2230      616400
 2231              	.LASF6:
 2232 0139 75696E74 		.ascii	"uint16_t\000"
 2232      31365F74 
 2232      00
 2233              	.LASF32:
 2234 0142 705F7469 		.ascii	"p_time\000"
 2234      6D6500
 2235              	.LASF26:
 2236 0149 705F6E65 		.ascii	"p_newer\000"
 2236      77657200 
 2237              	.LASF107:
 2238 0151 656E645F 		.ascii	"end_cb\000"
 2238      636200
 2239              	.LASF104:
 2240 0158 7278646D 		.ascii	"rxdmamode\000"
 2240      616D6F64 
 2240      6500
 2241              	.LASF89:
 2242 0162 4750494F 		.ascii	"GPIO_TypeDef\000"
 2242      5F547970 
 2242      65446566 
 2242      00
 2243              	.LASF103:
 2244 016f 646D6174 		.ascii	"dmatx\000"
 2244      7800
 2245              	.LASF83:
 2246 0175 4F535045 		.ascii	"OSPEEDR\000"
 2246      45445200 
 2247              	.LASF124:
 2248 017d 73706953 		.ascii	"spiSend\000"
 2248      656E6400 
 2249              	.LASF39:
 2250 0185 705F6D70 		.ascii	"p_mpool\000"
 2250      6F6F6C00 
 2251              	.LASF42:
 2252 018d 72656761 		.ascii	"regarm_t\000"
 2252      726D5F74 
 2252      00
 2253              	.LASF77:
 2254 0196 73656C66 		.ascii	"selfindex\000"
 2254      696E6465 
 2254      7800
 2255              	.LASF117:
 2256 01a0 73706955 		.ascii	"spiUnselect\000"
 2256      6E73656C 
ARM GAS  /tmp/ccNEWf0e.s 			page 42


 2256      65637400 
 2257              	.LASF112:
 2258 01ac 76616C75 		.ascii	"value\000"
 2258      6500
 2259              	.LASF0:
 2260 01b2 756E7369 		.ascii	"unsigned int\000"
 2260      676E6564 
 2260      20696E74 
 2260      00
 2261              	.LASF113:
 2262 01bf 74786275 		.ascii	"txbuf\000"
 2262      6600
 2263              	.LASF34:
 2264 01c5 705F6D73 		.ascii	"p_msgqueue\000"
 2264      67717565 
 2264      756500
 2265              	.LASF86:
 2266 01d0 4C434B52 		.ascii	"LCKR\000"
 2266      00
 2267              	.LASF76:
 2268 01d5 69736869 		.ascii	"ishift\000"
 2268      667400
 2269              	.LASF7:
 2270 01dc 73686F72 		.ascii	"short unsigned int\000"
 2270      7420756E 
 2270      7369676E 
 2270      65642069 
 2270      6E7400
 2271              	.LASF18:
 2272 01ef 6D73675F 		.ascii	"msg_t\000"
 2272      7400
 2273              	.LASF14:
 2274 01f5 746D6F64 		.ascii	"tmode_t\000"
 2274      655F7400 
 2275              	.LASF41:
 2276 01fd 54687265 		.ascii	"ThreadsList\000"
 2276      6164734C 
 2276      69737400 
 2277              	.LASF19:
 2278 0209 6576656E 		.ascii	"eventmask_t\000"
 2278      746D6173 
 2278      6B5F7400 
 2279              	.LASF116:
 2280 0215 73706945 		.ascii	"spiExchange\000"
 2280      78636861 
 2280      6E676500 
 2281              	.LASF71:
 2282 0221 49325350 		.ascii	"I2SPR\000"
 2282      5200
 2283              	.LASF45:
 2284 0227 73697A65 		.ascii	"sizetype\000"
 2284      74797065 
 2284      00
 2285              	.LASF80:
 2286 0230 636C6561 		.ascii	"clear\000"
 2286      7200
 2287              	.LASF46:
ARM GAS  /tmp/ccNEWf0e.s 			page 43


 2288 0236 4D757465 		.ascii	"Mutex\000"
 2288      7800
 2289              	.LASF27:
 2290 023c 705F6F6C 		.ascii	"p_older\000"
 2290      64657200 
 2291              	.LASF40:
 2292 0244 54687265 		.ascii	"ThreadsQueue\000"
 2292      61647351 
 2292      75657565 
 2292      00
 2293              	.LASF105:
 2294 0251 7478646D 		.ascii	"txdmamode\000"
 2294      616D6F64 
 2294      6500
 2295              	.LASF118:
 2296 025b 474E5520 		.ascii	"GNU C 4.7.2\000"
 2296      4320342E 
 2296      372E3200 
 2297              	.LASF88:
 2298 0267 41465248 		.ascii	"AFRH\000"
 2298      00
 2299              	.LASF87:
 2300 026c 4146524C 		.ascii	"AFRL\000"
 2300      00
 2301              	.LASF67:
 2302 0271 54584352 		.ascii	"TXCRCR\000"
 2302      435200
 2303              	.LASF59:
 2304 0278 52455345 		.ascii	"RESERVED0\000"
 2304      52564544 
 2304      3000
 2305              	.LASF60:
 2306 0282 52455345 		.ascii	"RESERVED1\000"
 2306      52564544 
 2306      3100
 2307              	.LASF61:
 2308 028c 52455345 		.ascii	"RESERVED2\000"
 2308      52564544 
 2308      3200
 2309              	.LASF62:
 2310 0296 52455345 		.ascii	"RESERVED3\000"
 2310      52564544 
 2310      3300
 2311              	.LASF64:
 2312 02a0 52455345 		.ascii	"RESERVED4\000"
 2312      52564544 
 2312      3400
 2313              	.LASF23:
 2314 02aa 705F7072 		.ascii	"p_prev\000"
 2314      657600
 2315              	.LASF68:
 2316 02b1 52455345 		.ascii	"RESERVED6\000"
 2316      52564544 
 2316      3600
 2317              	.LASF70:
 2318 02bb 52455345 		.ascii	"RESERVED7\000"
 2318      52564544 
ARM GAS  /tmp/ccNEWf0e.s 			page 44


 2318      3700
 2319              	.LASF72:
 2320 02c5 52455345 		.ascii	"RESERVED8\000"
 2320      52564544 
 2320      3800
 2321              	.LASF17:
 2322 02cf 74707269 		.ascii	"tprio_t\000"
 2322      6F5F7400 
 2323              	.LASF101:
 2324 02d7 6D757465 		.ascii	"mutex\000"
 2324      7800
 2325              	.LASF8:
 2326 02dd 696E7433 		.ascii	"int32_t\000"
 2326      325F7400 
 2327              	.LASF4:
 2328 02e5 756E7369 		.ascii	"unsigned char\000"
 2328      676E6564 
 2328      20636861 
 2328      7200
 2329              	.LASF79:
 2330 02f3 73746D33 		.ascii	"stm32_dma_stream_t\000"
 2330      325F646D 
 2330      615F7374 
 2330      7265616D 
 2330      5F7400
 2331              	.LASF37:
 2332 0306 705F6D74 		.ascii	"p_mtxlist\000"
 2332      786C6973 
 2332      7400
 2333              	.LASF5:
 2334 0310 73686F72 		.ascii	"short int\000"
 2334      7420696E 
 2334      7400
 2335              	.LASF29:
 2336 031a 705F7374 		.ascii	"p_state\000"
 2336      61746500 
 2337              	.LASF53:
 2338 0322 65776D61 		.ascii	"ewmask\000"
 2338      736B00
 2339              	.LASF22:
 2340 0329 705F6E65 		.ascii	"p_next\000"
 2340      787400
 2341              	.LASF30:
 2342 0330 705F666C 		.ascii	"p_flags\000"
 2342      61677300 
 2343              	.LASF21:
 2344 0338 54687265 		.ascii	"Thread\000"
 2344      616400
 2345              	.LASF36:
 2346 033f 705F6570 		.ascii	"p_epending\000"
 2346      656E6469 
 2346      6E6700
 2347              	.LASF75:
 2348 034a 69666372 		.ascii	"ifcr\000"
 2348      00
 2349              	.LASF66:
 2350 034f 52455345 		.ascii	"RESERVED5\000"
ARM GAS  /tmp/ccNEWf0e.s 			page 45


 2350      52564544 
 2350      3500
 2351              	.LASF10:
 2352 0359 75696E74 		.ascii	"uint32_t\000"
 2352      33325F74 
 2352      00
 2353              	.LASF16:
 2354 0362 74726566 		.ascii	"trefs_t\000"
 2354      735F7400 
 2355              	.LASF11:
 2356 036a 6C6F6E67 		.ascii	"long unsigned int\000"
 2356      20756E73 
 2356      69676E65 
 2356      6420696E 
 2356      7400
 2357              	.LASF73:
 2358 037c 5350495F 		.ascii	"SPI_TypeDef\000"
 2358      54797065 
 2358      44656600 
 2359              	.LASF54:
 2360 0388 63686172 		.ascii	"char\000"
 2360      00
 2361              	.LASF95:
 2362 038d 5350495F 		.ascii	"SPI_COMPLETE\000"
 2362      434F4D50 
 2362      4C455445 
 2362      00
 2363              	.LASF99:
 2364 039a 636F6E66 		.ascii	"config\000"
 2364      696700
 2365              	.LASF96:
 2366 03a1 73706973 		.ascii	"spistate_t\000"
 2366      74617465 
 2366      5F7400
 2367              	.LASF49:
 2368 03ac 6D5F6E65 		.ascii	"m_next\000"
 2368      787400
 2369              	.LASF20:
 2370 03b3 73797374 		.ascii	"systime_t\000"
 2370      696D655F 
 2370      7400
 2371              	.LASF38:
 2372 03bd 705F7265 		.ascii	"p_realprio\000"
 2372      616C7072 
 2372      696F00
 2373              	.LASF55:
 2374 03c8 4E445452 		.ascii	"NDTR\000"
 2374      00
 2375              	.LASF58:
 2376 03cd 444D415F 		.ascii	"DMA_Stream_TypeDef\000"
 2376      53747265 
 2376      616D5F54 
 2376      79706544 
 2376      656600
 2377              	.LASF90:
 2378 03e0 696F706F 		.ascii	"ioportid_t\000"
 2378      72746964 
ARM GAS  /tmp/ccNEWf0e.s 			page 46


 2378      5F7400
 2379              	.LASF44:
 2380 03eb 636F6E74 		.ascii	"context\000"
 2380      65787400 
 2381              	.LASF120:
 2382 03f3 2F686F6D 		.ascii	"/home/mitchd/Documents/FOX-1/amsat-fox/stm32f4-deve"
 2382      652F6D69 
 2382      74636864 
 2382      2F446F63 
 2382      756D656E 
 2383 0426 6C00     		.ascii	"l\000"
 2384              	.LASF115:
 2385 0428 73706953 		.ascii	"spiSelect\000"
 2385      656C6563 
 2385      7400
 2386              	.LASF43:
 2387 0432 696E7463 		.ascii	"intctx\000"
 2387      747800
 2388              	.LASF57:
 2389 0439 4D314152 		.ascii	"M1AR\000"
 2389      00
 2390              	.LASF91:
 2391 043e 5350495F 		.ascii	"SPI_UNINIT\000"
 2391      554E494E 
 2391      495400
 2392              	.LASF121:
 2393 0449 6C697333 		.ascii	"lis302dlReadRegister\000"
 2393      3032646C 
 2393      52656164 
 2393      52656769 
 2393      73746572 
 2394              	.LASF31:
 2395 045e 705F7265 		.ascii	"p_refs\000"
 2395      667300
 2396              	.LASF65:
 2397 0465 52584352 		.ascii	"RXCRCR\000"
 2397      435200
 2398              	.LASF3:
 2399 046c 75696E74 		.ascii	"uint8_t\000"
 2399      385F7400 
 2400              	.LASF111:
 2401 0474 73706970 		.ascii	"spip\000"
 2401      00
 2402              	.LASF52:
 2403 0479 77746F62 		.ascii	"wtobjp\000"
 2403      6A7000
 2404              	.LASF28:
 2405 0480 705F6E61 		.ascii	"p_name\000"
 2405      6D6500
 2406              	.LASF110:
 2407 0487 53504943 		.ascii	"SPIConfig\000"
 2407      6F6E6669 
 2407      6700
 2408              	.LASF35:
 2409 0491 705F6D73 		.ascii	"p_msg\000"
 2409      6700
 2410              	.LASF48:
ARM GAS  /tmp/ccNEWf0e.s 			page 47


 2411 0497 6D5F6F77 		.ascii	"m_owner\000"
 2411      6E657200 
 2412              	.LASF25:
 2413 049f 705F6374 		.ascii	"p_ctx\000"
 2413      7800
 2414              	.LASF33:
 2415 04a5 705F7761 		.ascii	"p_waiting\000"
 2415      6974696E 
 2415      6700
 2416              		.ident	"GCC: (GNU) 4.7.2"
ARM GAS  /tmp/ccNEWf0e.s 			page 48


DEFINED SYMBOLS
                            *ABS*:0000000000000000 lis302dl.c
     /tmp/ccNEWf0e.s:19     .text.lis302dlReadRegister:0000000000000000 $t
     /tmp/ccNEWf0e.s:25     .text.lis302dlReadRegister:0000000000000000 lis302dlReadRegister
     /tmp/ccNEWf0e.s:166    .bss.txbuf:0000000000000000 .LANCHOR0
     /tmp/ccNEWf0e.s:159    .bss.rxbuf:0000000000000000 .LANCHOR1
     /tmp/ccNEWf0e.s:82     .text.lis302dlWriteRegister:0000000000000000 $t
     /tmp/ccNEWf0e.s:88     .text.lis302dlWriteRegister:0000000000000000 lis302dlWriteRegister
     /tmp/ccNEWf0e.s:153    .text.lis302dlWriteRegister:0000000000000044 $d
     /tmp/ccNEWf0e.s:158    .bss.rxbuf:0000000000000000 $d
     /tmp/ccNEWf0e.s:162    .bss.rxbuf:0000000000000000 rxbuf
     /tmp/ccNEWf0e.s:165    .bss.txbuf:0000000000000000 $d
     /tmp/ccNEWf0e.s:169    .bss.txbuf:0000000000000000 txbuf
                     .debug_frame:0000000000000010 $d
     /tmp/ccNEWf0e.s:157    .text.lis302dlWriteRegister:0000000000000048 $t

UNDEFINED SYMBOLS
spiSelect
spiExchange
spiUnselect
spiSend
