ARM GAS  /tmp/ccgBcBq1.s 			page 1


   1              		.syntax unified
   2              		.cpu cortex-m4
   3              		.fpu softvfp
   4              		.eabi_attribute 20, 1
   5              		.eabi_attribute 21, 1
   6              		.eabi_attribute 23, 3
   7              		.eabi_attribute 24, 1
   8              		.eabi_attribute 25, 1
   9              		.eabi_attribute 26, 1
  10              		.eabi_attribute 30, 2
  11              		.eabi_attribute 34, 1
  12              		.eabi_attribute 18, 4
  13              		.thumb
  14              		.file	"mac_lld.c"
  15              		.text
  16              	.Ltext0:
  17              		.cfi_sections	.debug_frame
  18              	.Letext0:
  19              		.file 1 "./os/ports/common/ARMCMx/CMSIS/include/core_cm4.h"
  20              		.file 2 "/usr/bin/../lib/gcc/arm-none-eabi/4.6.2/../../../../arm-none-eabi/include/stdint.h"
  21              		.section	.debug_info,"",%progbits
  22              	.Ldebug_info0:
  23 0000 9B000000 		.4byte	0x9b
  24 0004 0200     		.2byte	0x2
  25 0006 00000000 		.4byte	.Ldebug_abbrev0
  26 000a 04       		.byte	0x4
  27 000b 01       		.uleb128 0x1
  28 000c 51000000 		.4byte	.LASF11
  29 0010 01       		.byte	0x1
  30 0011 2E000000 		.4byte	.LASF12
  31 0015 0A010000 		.4byte	.LASF13
  32 0019 00000000 		.4byte	.Ltext0
  33 001d 00000000 		.4byte	.Letext0
  34 0021 00000000 		.4byte	.Ldebug_line0
  35 0025 02       		.uleb128 0x2
  36 0026 01       		.byte	0x1
  37 0027 06       		.byte	0x6
  38 0028 EC000000 		.4byte	.LASF0
  39 002c 02       		.uleb128 0x2
  40 002d 01       		.byte	0x1
  41 002e 08       		.byte	0x8
  42 002f C3000000 		.4byte	.LASF1
  43 0033 02       		.uleb128 0x2
  44 0034 02       		.byte	0x2
  45 0035 05       		.byte	0x5
  46 0036 F8000000 		.4byte	.LASF2
  47 003a 02       		.uleb128 0x2
  48 003b 02       		.byte	0x2
  49 003c 07       		.byte	0x7
  50 003d 0E000000 		.4byte	.LASF3
  51 0041 03       		.uleb128 0x3
  52 0042 04       		.byte	0x4
  53 0043 05       		.byte	0x5
  54 0044 696E7400 		.ascii	"int\000"
  55 0048 02       		.uleb128 0x2
  56 0049 04       		.byte	0x4
  57 004a 07       		.byte	0x7
ARM GAS  /tmp/ccgBcBq1.s 			page 2


  58 004b 21000000 		.4byte	.LASF4
  59 004f 02       		.uleb128 0x2
  60 0050 08       		.byte	0x8
  61 0051 05       		.byte	0x5
  62 0052 00000000 		.4byte	.LASF5
  63 0056 02       		.uleb128 0x2
  64 0057 08       		.byte	0x8
  65 0058 07       		.byte	0x7
  66 0059 AC000000 		.4byte	.LASF6
  67 005d 02       		.uleb128 0x2
  68 005e 04       		.byte	0x4
  69 005f 05       		.byte	0x5
  70 0060 D6000000 		.4byte	.LASF7
  71 0064 02       		.uleb128 0x2
  72 0065 04       		.byte	0x4
  73 0066 07       		.byte	0x7
  74 0067 9A000000 		.4byte	.LASF8
  75 006b 02       		.uleb128 0x2
  76 006c 01       		.byte	0x1
  77 006d 08       		.byte	0x8
  78 006e D1000000 		.4byte	.LASF9
  79 0072 04       		.uleb128 0x4
  80 0073 02010000 		.4byte	.LASF14
  81 0077 02       		.byte	0x2
  82 0078 4F       		.byte	0x4f
  83 0079 5D000000 		.4byte	0x5d
  84 007d 05       		.uleb128 0x5
  85 007e 72000000 		.4byte	0x72
  86 0082 06       		.uleb128 0x6
  87 0083 DF000000 		.4byte	.LASF10
  88 0087 01       		.byte	0x1
  89 0088 1A05     		.2byte	0x51a
  90 008a 7D000000 		.4byte	0x7d
  91 008e 01       		.byte	0x1
  92 008f 01       		.byte	0x1
  93 0090 06       		.uleb128 0x6
  94 0091 DF000000 		.4byte	.LASF10
  95 0095 01       		.byte	0x1
  96 0096 1A05     		.2byte	0x51a
  97 0098 7D000000 		.4byte	0x7d
  98 009c 01       		.byte	0x1
  99 009d 01       		.byte	0x1
 100 009e 00       		.byte	0
 101              		.section	.debug_abbrev,"",%progbits
 102              	.Ldebug_abbrev0:
 103 0000 01       		.uleb128 0x1
 104 0001 11       		.uleb128 0x11
 105 0002 01       		.byte	0x1
 106 0003 25       		.uleb128 0x25
 107 0004 0E       		.uleb128 0xe
 108 0005 13       		.uleb128 0x13
 109 0006 0B       		.uleb128 0xb
 110 0007 03       		.uleb128 0x3
 111 0008 0E       		.uleb128 0xe
 112 0009 1B       		.uleb128 0x1b
 113 000a 0E       		.uleb128 0xe
 114 000b 11       		.uleb128 0x11
ARM GAS  /tmp/ccgBcBq1.s 			page 3


 115 000c 01       		.uleb128 0x1
 116 000d 12       		.uleb128 0x12
 117 000e 01       		.uleb128 0x1
 118 000f 10       		.uleb128 0x10
 119 0010 06       		.uleb128 0x6
 120 0011 00       		.byte	0
 121 0012 00       		.byte	0
 122 0013 02       		.uleb128 0x2
 123 0014 24       		.uleb128 0x24
 124 0015 00       		.byte	0
 125 0016 0B       		.uleb128 0xb
 126 0017 0B       		.uleb128 0xb
 127 0018 3E       		.uleb128 0x3e
 128 0019 0B       		.uleb128 0xb
 129 001a 03       		.uleb128 0x3
 130 001b 0E       		.uleb128 0xe
 131 001c 00       		.byte	0
 132 001d 00       		.byte	0
 133 001e 03       		.uleb128 0x3
 134 001f 24       		.uleb128 0x24
 135 0020 00       		.byte	0
 136 0021 0B       		.uleb128 0xb
 137 0022 0B       		.uleb128 0xb
 138 0023 3E       		.uleb128 0x3e
 139 0024 0B       		.uleb128 0xb
 140 0025 03       		.uleb128 0x3
 141 0026 08       		.uleb128 0x8
 142 0027 00       		.byte	0
 143 0028 00       		.byte	0
 144 0029 04       		.uleb128 0x4
 145 002a 16       		.uleb128 0x16
 146 002b 00       		.byte	0
 147 002c 03       		.uleb128 0x3
 148 002d 0E       		.uleb128 0xe
 149 002e 3A       		.uleb128 0x3a
 150 002f 0B       		.uleb128 0xb
 151 0030 3B       		.uleb128 0x3b
 152 0031 0B       		.uleb128 0xb
 153 0032 49       		.uleb128 0x49
 154 0033 13       		.uleb128 0x13
 155 0034 00       		.byte	0
 156 0035 00       		.byte	0
 157 0036 05       		.uleb128 0x5
 158 0037 35       		.uleb128 0x35
 159 0038 00       		.byte	0
 160 0039 49       		.uleb128 0x49
 161 003a 13       		.uleb128 0x13
 162 003b 00       		.byte	0
 163 003c 00       		.byte	0
 164 003d 06       		.uleb128 0x6
 165 003e 34       		.uleb128 0x34
 166 003f 00       		.byte	0
 167 0040 03       		.uleb128 0x3
 168 0041 0E       		.uleb128 0xe
 169 0042 3A       		.uleb128 0x3a
 170 0043 0B       		.uleb128 0xb
 171 0044 3B       		.uleb128 0x3b
ARM GAS  /tmp/ccgBcBq1.s 			page 4


 172 0045 05       		.uleb128 0x5
 173 0046 49       		.uleb128 0x49
 174 0047 13       		.uleb128 0x13
 175 0048 3F       		.uleb128 0x3f
 176 0049 0C       		.uleb128 0xc
 177 004a 3C       		.uleb128 0x3c
 178 004b 0C       		.uleb128 0xc
 179 004c 00       		.byte	0
 180 004d 00       		.byte	0
 181 004e 00       		.byte	0
 182              		.section	.debug_line,"",%progbits
 183              	.Ldebug_line0:
 184 0000 A4000000 		.section	.debug_str,"MS",%progbits,1
 184      02009E00 
 184      00000201 
 184      FB0E0D00 
 184      01010101 
 185              	.LASF5:
 186 0000 6C6F6E67 		.ascii	"long long int\000"
 186      206C6F6E 
 186      6720696E 
 186      7400
 187              	.LASF3:
 188 000e 73686F72 		.ascii	"short unsigned int\000"
 188      7420756E 
 188      7369676E 
 188      65642069 
 188      6E7400
 189              	.LASF4:
 190 0021 756E7369 		.ascii	"unsigned int\000"
 190      676E6564 
 190      20696E74 
 190      00
 191              	.LASF12:
 192 002e 2E2F6F73 		.ascii	"./os/hal/platforms/STM32/mac_lld.c\000"
 192      2F68616C 
 192      2F706C61 
 192      74666F72 
 192      6D732F53 
 193              	.LASF11:
 194 0051 474E5520 		.ascii	"GNU C 4.6.2 20120613 (release) [ARM/embedded-4_6-br"
 194      4320342E 
 194      362E3220 
 194      32303132 
 194      30363133 
 195 0084 616E6368 		.ascii	"anch revision 188521]\000"
 195      20726576 
 195      6973696F 
 195      6E203138 
 195      38353231 
 196              	.LASF8:
 197 009a 6C6F6E67 		.ascii	"long unsigned int\000"
 197      20756E73 
 197      69676E65 
 197      6420696E 
 197      7400
 198              	.LASF6:
ARM GAS  /tmp/ccgBcBq1.s 			page 5


 199 00ac 6C6F6E67 		.ascii	"long long unsigned int\000"
 199      206C6F6E 
 199      6720756E 
 199      7369676E 
 199      65642069 
 200              	.LASF1:
 201 00c3 756E7369 		.ascii	"unsigned char\000"
 201      676E6564 
 201      20636861 
 201      7200
 202              	.LASF9:
 203 00d1 63686172 		.ascii	"char\000"
 203      00
 204              	.LASF7:
 205 00d6 6C6F6E67 		.ascii	"long int\000"
 205      20696E74 
 205      00
 206              	.LASF10:
 207 00df 49544D5F 		.ascii	"ITM_RxBuffer\000"
 207      52784275 
 207      66666572 
 207      00
 208              	.LASF0:
 209 00ec 7369676E 		.ascii	"signed char\000"
 209      65642063 
 209      68617200 
 210              	.LASF2:
 211 00f8 73686F72 		.ascii	"short int\000"
 211      7420696E 
 211      7400
 212              	.LASF14:
 213 0102 696E7433 		.ascii	"int32_t\000"
 213      325F7400 
 214              	.LASF13:
 215 010a 2F686F6D 		.ascii	"/home/pacifist/fox1/amsat-fox/stm32f4-devel\000"
 215      652F7061 
 215      63696669 
 215      73742F66 
 215      6F78312F 
 216              		.ident	"GCC: (GNU Tools for ARM Embedded Processors) 4.6.2 20120613 (release) [ARM/embedded-4_6-br
ARM GAS  /tmp/ccgBcBq1.s 			page 6


DEFINED SYMBOLS
                            *ABS*:00000000 mac_lld.c

NO UNDEFINED SYMBOLS
