ARM GAS  /tmp/ccuztrQh.s 			page 1


   1              		.syntax unified
   2              		.cpu cortex-m4
   3              		.fpu softvfp
   4              		.eabi_attribute 20, 1
   5              		.eabi_attribute 21, 1
   6              		.eabi_attribute 23, 3
   7              		.eabi_attribute 24, 1
   8              		.eabi_attribute 25, 1
   9              		.eabi_attribute 26, 1
  10              		.eabi_attribute 30, 2
  11              		.eabi_attribute 34, 1
  12              		.eabi_attribute 18, 4
  13              		.thumb
  14              		.file	"main.c"
  15              		.text
  16              	.Ltext0:
  17              		.cfi_sections	.debug_frame
  18              		.section	.text.Thread1,"ax",%progbits
  19              		.align	2
  20              		.p2align 4,,15
  21              		.thumb
  22              		.thumb_func
  23              		.type	Thread1, %function
  24              	Thread1:
  25              	.LFB117:
  26              		.file 1 "main.c"
  27              		.loc 1 39 0
  28              		.cfi_startproc
  29              		@ args = 0, pretend = 0, frame = 0
  30              		@ frame_needed = 0, uses_anonymous_args = 0
  31              	.LVL0:
  32              		.loc 1 42 0
  33 0000 0B48     		ldr	r0, .L4
  34              	.LVL1:
  35 0002 0C4A     		ldr	r2, .L4+4
  36 0004 C369     		ldr	r3, [r0, #28]
  37              		.loc 1 39 0
  38 0006 70B5     		push	{r4, r5, r6, lr}
  39              	.LCFI0:
  40              		.cfi_def_cfa_offset 16
  41              		.cfi_offset 14, -4
  42              		.cfi_offset 6, -8
  43              		.cfi_offset 5, -12
  44              		.cfi_offset 4, -16
  45              		.loc 1 44 0
  46 0008 4FF44064 		mov	r4, #3072
  47 000c 4FF40055 		mov	r5, #8192
  48              		.loc 1 42 0
  49 0010 9A61     		str	r2, [r3, #24]
  50              		.loc 1 44 0
  51 0012 C4F20204 		movt	r4, 16386
  52 0016 2E46     		mov	r6, r5	@ movhi
  53              	.L2:
  54              		.loc 1 44 0 is_stmt 0 discriminator 1
  55 0018 2683     		strh	r6, [r4, #24]	@ movhi
  56              		.loc 1 45 0 is_stmt 1 discriminator 1
  57 001a 4FF4FA70 		mov	r0, #500
ARM GAS  /tmp/ccuztrQh.s 			page 2


  58 001e FFF7FEFF 		bl	chThdSleep
  59              		.loc 1 46 0 discriminator 1
  60 0022 6583     		strh	r5, [r4, #26]	@ movhi
  61              		.loc 1 47 0 discriminator 1
  62 0024 4FF4FA70 		mov	r0, #500
  63 0028 FFF7FEFF 		bl	chThdSleep
  64 002c F4E7     		b	.L2
  65              	.L5:
  66 002e 00BF     		.align	2
  67              	.L4:
  68 0030 00000000 		.word	rlist
  69 0034 00000000 		.word	.LC0
  70              		.cfi_endproc
  71              	.LFE117:
  72              		.size	Thread1, .-Thread1
  73 0038 AFF30080 		.section	.text.startup.main,"ax",%progbits
  73      AFF30080 
  74              		.align	2
  75              		.p2align 4,,15
  76              		.global	main
  77              		.thumb
  78              		.thumb_func
  79              		.type	main, %function
  80              	main:
  81              	.LFB118:
  82              		.loc 1 58 0
  83              		.cfi_startproc
  84              		@ Volatile: function does not return.
  85              		@ args = 0, pretend = 0, frame = 0
  86              		@ frame_needed = 0, uses_anonymous_args = 0
  87 0000 00B5     		push	{lr}
  88              	.LCFI1:
  89              		.cfi_def_cfa_offset 4
  90              		.cfi_offset 14, -4
  91 0002 83B0     		sub	sp, sp, #12
  92              	.LCFI2:
  93              		.cfi_def_cfa_offset 16
  94              		.loc 1 67 0
  95 0004 FFF7FEFF 		bl	halInit
  96              		.loc 1 68 0
  97 0008 FFF7FEFF 		bl	chSysInit
  98              		.loc 1 74 0
  99 000c 1748     		ldr	r0, .L8
 100 000e 0021     		movs	r1, #0
 101 0010 FFF7FEFF 		bl	sdStart
 102              		.loc 1 75 0
 103 0014 4FF48060 		mov	r0, #1024
 104 0018 C4F20200 		movt	r0, 16386
 105 001c 4FF48061 		mov	r1, #1024
 106 0020 40F28232 		movw	r2, #898
 107 0024 FFF7FEFF 		bl	_pal_lld_setgroupmode
 108              		.loc 1 76 0
 109 0028 4FF48060 		mov	r0, #1024
 110 002c C4F20200 		movt	r0, 16386
 111 0030 4FF40061 		mov	r1, #2048
 112 0034 40F28232 		movw	r2, #898
 113 0038 FFF7FEFF 		bl	_pal_lld_setgroupmode
ARM GAS  /tmp/ccuztrQh.s 			page 3


 114              		.loc 1 81 0
 115 003c 0024     		movs	r4, #0
 116 003e 4FF49871 		mov	r1, #304
 117 0042 4022     		movs	r2, #64
 118 0044 0A4B     		ldr	r3, .L8+4
 119 0046 0B48     		ldr	r0, .L8+8
 120 0048 0094     		str	r4, [sp, #0]
 121 004a FFF7FEFF 		bl	chThdCreateStatic
 122              		.loc 1 86 0
 123 004e 4FF49871 		mov	r1, #304
 124 0052 4022     		movs	r2, #64
 125 0054 084B     		ldr	r3, .L8+12
 126 0056 0948     		ldr	r0, .L8+16
 127 0058 0094     		str	r4, [sp, #0]
 128 005a FFF7FEFF 		bl	chThdCreateStatic
 129              		.loc 1 89 0
 130 005e FFF7FEFF 		bl	configureSPIFlash
 131              	.L7:
 132              		.loc 1 98 0 discriminator 1
 133 0062 4FF4FA70 		mov	r0, #500
 134 0066 FFF7FEFF 		bl	chThdSleep
 135 006a FAE7     		b	.L7
 136              	.L9:
 137              		.align	2
 138              	.L8:
 139 006c 00000000 		.word	SD3
 140 0070 00000000 		.word	Thread1
 141 0074 00000000 		.word	.LANCHOR0
 142 0078 00000000 		.word	UART_Thread
 143 007c 00000000 		.word	.LANCHOR1
 144              		.cfi_endproc
 145              	.LFE118:
 146              		.size	main, .-main
 147              		.global	waUART_Thread
 148              		.section	.bss.waThread1,"aw",%nobits
 149              		.align	3
 150              		.set	.LANCHOR0,. + 0
 151              		.type	waThread1, %object
 152              		.size	waThread1, 304
 153              	waThread1:
 154 0000 00000000 		.space	304
 154      00000000 
 154      00000000 
 154      00000000 
 154      00000000 
 155              		.section	.rodata.str1.4,"aMS",%progbits,1
 156              		.align	2
 157              	.LC0:
 158 0000 626C696E 		.ascii	"blinker\000"
 158      6B657200 
 159              		.section	.bss.waUART_Thread,"aw",%nobits
 160              		.align	3
 161              		.set	.LANCHOR1,. + 0
 162              		.type	waUART_Thread, %object
 163              		.size	waUART_Thread, 304
 164              	waUART_Thread:
 165 0000 00000000 		.space	304
ARM GAS  /tmp/ccuztrQh.s 			page 4


 165      00000000 
 165      00000000 
 165      00000000 
 165      00000000 
 166              		.text
 167              	.Letext0:
 168              		.file 2 "/usr/bin/../lib/gcc/arm-none-eabi/4.6.2/include/stddef.h"
 169              		.file 3 "/usr/bin/../lib/gcc/arm-none-eabi/4.6.2/../../../../arm-none-eabi/include/stdint.h"
 170              		.file 4 "./os/ports/GCC/ARMCMx/chtypes.h"
 171              		.file 5 "./os/kernel/include/chlists.h"
 172              		.file 6 "./os/kernel/include/chthreads.h"
 173              		.file 7 "./os/ports/GCC/ARMCMx/chcore_v7m.h"
 174              		.file 8 "./os/kernel/include/chschd.h"
 175              		.file 9 "./os/kernel/include/chmtx.h"
 176              		.file 10 "./os/kernel/include/chevents.h"
 177              		.file 11 "./os/kernel/include/chqueues.h"
 178              		.file 12 "./os/kernel/include/chioch.h"
 179              		.file 13 "./os/hal/platforms/STM32F4xx/stm32f4xx.h"
 180              		.file 14 "./os/hal/platforms/STM32/GPIOv2/pal_lld.h"
 181              		.file 15 "./os/hal/include/serial.h"
 182              		.file 16 "./os/ports/common/ARMCMx/CMSIS/include/core_cm4.h"
 183              		.file 17 "./uart_iface/uart_iface.h"
 184              		.file 18 "./os/hal/platforms/STM32/serial_lld.h"
 185              		.section	.debug_info,"",%progbits
 186              	.Ldebug_info0:
 187 0000 BF0A0000 		.4byte	0xabf
 188 0004 0200     		.2byte	0x2
 189 0006 00000000 		.4byte	.Ldebug_abbrev0
 190 000a 04       		.byte	0x4
 191 000b 01       		.uleb128 0x1
 192 000c D2000000 		.4byte	.LASF127
 193 0010 01       		.byte	0x1
 194 0011 CA020000 		.4byte	.LASF128
 195 0015 D4010000 		.4byte	.LASF129
 196 0019 00000000 		.4byte	0
 197 001d 00000000 		.4byte	0
 198 0021 00000000 		.4byte	.Ldebug_ranges0+0
 199 0025 00000000 		.4byte	.Ldebug_line0
 200 0029 02       		.uleb128 0x2
 201 002a 04       		.byte	0x4
 202 002b 05       		.byte	0x5
 203 002c 696E7400 		.ascii	"int\000"
 204 0030 03       		.uleb128 0x3
 205 0031 00000000 		.4byte	.LASF2
 206 0035 02       		.byte	0x2
 207 0036 D4       		.byte	0xd4
 208 0037 3B000000 		.4byte	0x3b
 209 003b 04       		.uleb128 0x4
 210 003c 04       		.byte	0x4
 211 003d 07       		.byte	0x7
 212 003e 8A010000 		.4byte	.LASF0
 213 0042 04       		.uleb128 0x4
 214 0043 01       		.byte	0x1
 215 0044 06       		.byte	0x6
 216 0045 96000000 		.4byte	.LASF1
 217 0049 03       		.uleb128 0x3
 218 004a CC040000 		.4byte	.LASF3
ARM GAS  /tmp/ccuztrQh.s 			page 5


 219 004e 03       		.byte	0x3
 220 004f 2A       		.byte	0x2a
 221 0050 54000000 		.4byte	0x54
 222 0054 04       		.uleb128 0x4
 223 0055 01       		.byte	0x1
 224 0056 08       		.byte	0x8
 225 0057 70030000 		.4byte	.LASF4
 226 005b 04       		.uleb128 0x4
 227 005c 02       		.byte	0x2
 228 005d 05       		.byte	0x5
 229 005e 94030000 		.4byte	.LASF5
 230 0062 03       		.uleb128 0x3
 231 0063 97010000 		.4byte	.LASF6
 232 0067 03       		.byte	0x3
 233 0068 36       		.byte	0x36
 234 0069 6D000000 		.4byte	0x6d
 235 006d 04       		.uleb128 0x4
 236 006e 02       		.byte	0x2
 237 006f 07       		.byte	0x7
 238 0070 06020000 		.4byte	.LASF7
 239 0074 03       		.uleb128 0x3
 240 0075 68030000 		.4byte	.LASF8
 241 0079 03       		.byte	0x3
 242 007a 4F       		.byte	0x4f
 243 007b 7F000000 		.4byte	0x7f
 244 007f 04       		.uleb128 0x4
 245 0080 04       		.byte	0x4
 246 0081 05       		.byte	0x5
 247 0082 C9000000 		.4byte	.LASF9
 248 0086 03       		.uleb128 0x3
 249 0087 95040000 		.4byte	.LASF10
 250 008b 03       		.byte	0x3
 251 008c 50       		.byte	0x50
 252 008d 91000000 		.4byte	0x91
 253 0091 04       		.uleb128 0x4
 254 0092 04       		.byte	0x4
 255 0093 07       		.byte	0x7
 256 0094 22040000 		.4byte	.LASF11
 257 0098 04       		.uleb128 0x4
 258 0099 08       		.byte	0x8
 259 009a 05       		.byte	0x5
 260 009b 88000000 		.4byte	.LASF12
 261 009f 03       		.uleb128 0x3
 262 00a0 0E000000 		.4byte	.LASF13
 263 00a4 03       		.byte	0x3
 264 00a5 78       		.byte	0x78
 265 00a6 AA000000 		.4byte	0xaa
 266 00aa 04       		.uleb128 0x4
 267 00ab 08       		.byte	0x8
 268 00ac 07       		.byte	0x7
 269 00ad 3E000000 		.4byte	.LASF14
 270 00b1 03       		.uleb128 0x3
 271 00b2 30000000 		.4byte	.LASF15
 272 00b6 03       		.byte	0x3
 273 00b7 A6       		.byte	0xa6
 274 00b8 3B000000 		.4byte	0x3b
 275 00bc 03       		.uleb128 0x3
ARM GAS  /tmp/ccuztrQh.s 			page 6


 276 00bd B4000000 		.4byte	.LASF16
 277 00c1 04       		.byte	0x4
 278 00c2 2E       		.byte	0x2e
 279 00c3 74000000 		.4byte	0x74
 280 00c7 03       		.uleb128 0x3
 281 00c8 3B020000 		.4byte	.LASF17
 282 00cc 04       		.byte	0x4
 283 00cd 2F       		.byte	0x2f
 284 00ce 49000000 		.4byte	0x49
 285 00d2 03       		.uleb128 0x3
 286 00d3 1B010000 		.4byte	.LASF18
 287 00d7 04       		.byte	0x4
 288 00d8 30       		.byte	0x30
 289 00d9 49000000 		.4byte	0x49
 290 00dd 03       		.uleb128 0x3
 291 00de 03030000 		.4byte	.LASF19
 292 00e2 04       		.byte	0x4
 293 00e3 31       		.byte	0x31
 294 00e4 49000000 		.4byte	0x49
 295 00e8 03       		.uleb128 0x3
 296 00e9 4E030000 		.4byte	.LASF20
 297 00ed 04       		.byte	0x4
 298 00ee 32       		.byte	0x32
 299 00ef 86000000 		.4byte	0x86
 300 00f3 03       		.uleb128 0x3
 301 00f4 19020000 		.4byte	.LASF21
 302 00f8 04       		.byte	0x4
 303 00f9 33       		.byte	0x33
 304 00fa 74000000 		.4byte	0x74
 305 00fe 03       		.uleb128 0x3
 306 00ff 4F020000 		.4byte	.LASF22
 307 0103 04       		.byte	0x4
 308 0104 35       		.byte	0x35
 309 0105 86000000 		.4byte	0x86
 310 0109 03       		.uleb128 0x3
 311 010a 55040000 		.4byte	.LASF23
 312 010e 04       		.byte	0x4
 313 010f 36       		.byte	0x36
 314 0110 86000000 		.4byte	0x86
 315 0114 03       		.uleb128 0x3
 316 0115 7E010000 		.4byte	.LASF24
 317 0119 04       		.byte	0x4
 318 011a 37       		.byte	0x37
 319 011b 74000000 		.4byte	0x74
 320 011f 03       		.uleb128 0x3
 321 0120 D3030000 		.4byte	.LASF25
 322 0124 05       		.byte	0x5
 323 0125 2A       		.byte	0x2a
 324 0126 2A010000 		.4byte	0x12a
 325 012a 05       		.uleb128 0x5
 326 012b D3030000 		.4byte	.LASF25
 327 012f 48       		.byte	0x48
 328 0130 06       		.byte	0x6
 329 0131 5E       		.byte	0x5e
 330 0132 41020000 		.4byte	0x241
 331 0136 06       		.uleb128 0x6
 332 0137 B4030000 		.4byte	.LASF26
ARM GAS  /tmp/ccuztrQh.s 			page 7


 333 013b 06       		.byte	0x6
 334 013c 5F       		.byte	0x5f
 335 013d 66020000 		.4byte	0x266
 336 0141 02       		.byte	0x2
 337 0142 23       		.byte	0x23
 338 0143 00       		.uleb128 0
 339 0144 06       		.uleb128 0x6
 340 0145 3D030000 		.4byte	.LASF27
 341 0149 06       		.byte	0x6
 342 014a 61       		.byte	0x61
 343 014b 66020000 		.4byte	0x266
 344 014f 02       		.byte	0x2
 345 0150 23       		.byte	0x23
 346 0151 04       		.uleb128 0x4
 347 0152 06       		.uleb128 0x6
 348 0153 71000000 		.4byte	.LASF28
 349 0157 06       		.byte	0x6
 350 0158 63       		.byte	0x63
 351 0159 E8000000 		.4byte	0xe8
 352 015d 02       		.byte	0x2
 353 015e 23       		.byte	0x23
 354 015f 08       		.uleb128 0x8
 355 0160 06       		.uleb128 0x6
 356 0161 0A050000 		.4byte	.LASF29
 357 0165 06       		.byte	0x6
 358 0166 64       		.byte	0x64
 359 0167 3E030000 		.4byte	0x33e
 360 016b 02       		.byte	0x2
 361 016c 23       		.byte	0x23
 362 016d 0C       		.uleb128 0xc
 363 016e 06       		.uleb128 0x6
 364 016f 43010000 		.4byte	.LASF30
 365 0173 06       		.byte	0x6
 366 0174 66       		.byte	0x66
 367 0175 66020000 		.4byte	0x266
 368 0179 02       		.byte	0x2
 369 017a 23       		.byte	0x23
 370 017b 10       		.uleb128 0x10
 371 017c 06       		.uleb128 0x6
 372 017d AF020000 		.4byte	.LASF31
 373 0181 06       		.byte	0x6
 374 0182 67       		.byte	0x67
 375 0183 66020000 		.4byte	0x266
 376 0187 02       		.byte	0x2
 377 0188 23       		.byte	0x23
 378 0189 14       		.uleb128 0x14
 379 018a 06       		.uleb128 0x6
 380 018b A4040000 		.4byte	.LASF32
 381 018f 06       		.byte	0x6
 382 0190 6E       		.byte	0x6e
 383 0191 CC040000 		.4byte	0x4cc
 384 0195 02       		.byte	0x2
 385 0196 23       		.byte	0x23
 386 0197 18       		.uleb128 0x18
 387 0198 06       		.uleb128 0x6
 388 0199 9E030000 		.4byte	.LASF33
 389 019d 06       		.byte	0x6
ARM GAS  /tmp/ccuztrQh.s 			page 8


 390 019e 79       		.byte	0x79
 391 019f D2000000 		.4byte	0xd2
 392 01a3 02       		.byte	0x2
 393 01a4 23       		.byte	0x23
 394 01a5 1C       		.uleb128 0x1c
 395 01a6 06       		.uleb128 0x6
 396 01a7 BB030000 		.4byte	.LASF34
 397 01ab 06       		.byte	0x6
 398 01ac 7D       		.byte	0x7d
 399 01ad C7000000 		.4byte	0xc7
 400 01b1 02       		.byte	0x2
 401 01b2 23       		.byte	0x23
 402 01b3 1D       		.uleb128 0x1d
 403 01b4 06       		.uleb128 0x6
 404 01b5 24010000 		.4byte	.LASF35
 405 01b9 06       		.byte	0x6
 406 01ba 82       		.byte	0x82
 407 01bb DD000000 		.4byte	0xdd
 408 01bf 02       		.byte	0x2
 409 01c0 23       		.byte	0x23
 410 01c1 1E       		.uleb128 0x1e
 411 01c2 06       		.uleb128 0x6
 412 01c3 3C010000 		.4byte	.LASF36
 413 01c7 06       		.byte	0x6
 414 01c8 89       		.byte	0x89
 415 01c9 66030000 		.4byte	0x366
 416 01cd 02       		.byte	0x2
 417 01ce 23       		.byte	0x23
 418 01cf 20       		.uleb128 0x20
 419 01d0 07       		.uleb128 0x7
 420 01d1 705F7500 		.ascii	"p_u\000"
 421 01d5 06       		.byte	0x6
 422 01d6 AE       		.byte	0xae
 423 01d7 97040000 		.4byte	0x497
 424 01db 02       		.byte	0x2
 425 01dc 23       		.byte	0x23
 426 01dd 24       		.uleb128 0x24
 427 01de 06       		.uleb128 0x6
 428 01df 10050000 		.4byte	.LASF37
 429 01e3 06       		.byte	0x6
 430 01e4 B3       		.byte	0xb3
 431 01e5 8E020000 		.4byte	0x28e
 432 01e9 02       		.byte	0x2
 433 01ea 23       		.byte	0x23
 434 01eb 28       		.uleb128 0x28
 435 01ec 06       		.uleb128 0x6
 436 01ed B7010000 		.4byte	.LASF38
 437 01f1 06       		.byte	0x6
 438 01f2 B9       		.byte	0xb9
 439 01f3 6C020000 		.4byte	0x26c
 440 01f7 02       		.byte	0x2
 441 01f8 23       		.byte	0x23
 442 01f9 2C       		.uleb128 0x2c
 443 01fa 06       		.uleb128 0x6
 444 01fb 48040000 		.4byte	.LASF39
 445 01ff 06       		.byte	0x6
 446 0200 BD       		.byte	0xbd
ARM GAS  /tmp/ccuztrQh.s 			page 9


 447 0201 F3000000 		.4byte	0xf3
 448 0205 02       		.byte	0x2
 449 0206 23       		.byte	0x23
 450 0207 34       		.uleb128 0x34
 451 0208 06       		.uleb128 0x6
 452 0209 DA030000 		.4byte	.LASF40
 453 020d 06       		.byte	0x6
 454 020e C3       		.byte	0xc3
 455 020f FE000000 		.4byte	0xfe
 456 0213 02       		.byte	0x2
 457 0214 23       		.byte	0x23
 458 0215 38       		.uleb128 0x38
 459 0216 06       		.uleb128 0x6
 460 0217 8A030000 		.4byte	.LASF41
 461 021b 06       		.byte	0x6
 462 021c CA       		.byte	0xca
 463 021d DE040000 		.4byte	0x4de
 464 0221 02       		.byte	0x2
 465 0222 23       		.byte	0x23
 466 0223 3C       		.uleb128 0x3c
 467 0224 06       		.uleb128 0x6
 468 0225 5F040000 		.4byte	.LASF42
 469 0229 06       		.byte	0x6
 470 022a CE       		.byte	0xce
 471 022b E8000000 		.4byte	0xe8
 472 022f 02       		.byte	0x2
 473 0230 23       		.byte	0x23
 474 0231 40       		.uleb128 0x40
 475 0232 06       		.uleb128 0x6
 476 0233 AC000000 		.4byte	.LASF43
 477 0237 06       		.byte	0x6
 478 0238 D4       		.byte	0xd4
 479 0239 A4020000 		.4byte	0x2a4
 480 023d 02       		.byte	0x2
 481 023e 23       		.byte	0x23
 482 023f 44       		.uleb128 0x44
 483 0240 00       		.byte	0
 484 0241 08       		.uleb128 0x8
 485 0242 08       		.byte	0x8
 486 0243 05       		.byte	0x5
 487 0244 61       		.byte	0x61
 488 0245 66020000 		.4byte	0x266
 489 0249 06       		.uleb128 0x6
 490 024a B4030000 		.4byte	.LASF26
 491 024e 05       		.byte	0x5
 492 024f 62       		.byte	0x62
 493 0250 66020000 		.4byte	0x266
 494 0254 02       		.byte	0x2
 495 0255 23       		.byte	0x23
 496 0256 00       		.uleb128 0
 497 0257 06       		.uleb128 0x6
 498 0258 3D030000 		.4byte	.LASF27
 499 025c 05       		.byte	0x5
 500 025d 64       		.byte	0x64
 501 025e 66020000 		.4byte	0x266
 502 0262 02       		.byte	0x2
 503 0263 23       		.byte	0x23
ARM GAS  /tmp/ccuztrQh.s 			page 10


 504 0264 04       		.uleb128 0x4
 505 0265 00       		.byte	0
 506 0266 09       		.uleb128 0x9
 507 0267 04       		.byte	0x4
 508 0268 1F010000 		.4byte	0x11f
 509 026c 03       		.uleb128 0x3
 510 026d BD020000 		.4byte	.LASF44
 511 0271 05       		.byte	0x5
 512 0272 66       		.byte	0x66
 513 0273 41020000 		.4byte	0x241
 514 0277 08       		.uleb128 0x8
 515 0278 04       		.byte	0x4
 516 0279 05       		.byte	0x5
 517 027a 6B       		.byte	0x6b
 518 027b 8E020000 		.4byte	0x28e
 519 027f 06       		.uleb128 0x6
 520 0280 B4030000 		.4byte	.LASF26
 521 0284 05       		.byte	0x5
 522 0285 6D       		.byte	0x6d
 523 0286 66020000 		.4byte	0x266
 524 028a 02       		.byte	0x2
 525 028b 23       		.byte	0x23
 526 028c 00       		.uleb128 0
 527 028d 00       		.byte	0
 528 028e 03       		.uleb128 0x3
 529 028f 43020000 		.4byte	.LASF45
 530 0293 05       		.byte	0x5
 531 0294 70       		.byte	0x70
 532 0295 77020000 		.4byte	0x277
 533 0299 03       		.uleb128 0x3
 534 029a 69010000 		.4byte	.LASF46
 535 029e 07       		.byte	0x7
 536 029f D7       		.byte	0xd7
 537 02a0 A4020000 		.4byte	0x2a4
 538 02a4 0A       		.uleb128 0xa
 539 02a5 04       		.byte	0x4
 540 02a6 03       		.uleb128 0x3
 541 02a7 7D020000 		.4byte	.LASF47
 542 02ab 07       		.byte	0x7
 543 02ac DD       		.byte	0xdd
 544 02ad 9F000000 		.4byte	0x9f
 545 02b1 05       		.uleb128 0x5
 546 02b2 85040000 		.4byte	.LASF48
 547 02b6 24       		.byte	0x24
 548 02b7 07       		.byte	0x7
 549 02b8 FE       		.byte	0xfe
 550 02b9 3E030000 		.4byte	0x33e
 551 02bd 0B       		.uleb128 0xb
 552 02be 723400   		.ascii	"r4\000"
 553 02c1 07       		.byte	0x7
 554 02c2 1101     		.2byte	0x111
 555 02c4 99020000 		.4byte	0x299
 556 02c8 02       		.byte	0x2
 557 02c9 23       		.byte	0x23
 558 02ca 00       		.uleb128 0
 559 02cb 0B       		.uleb128 0xb
 560 02cc 723500   		.ascii	"r5\000"
ARM GAS  /tmp/ccuztrQh.s 			page 11


 561 02cf 07       		.byte	0x7
 562 02d0 1201     		.2byte	0x112
 563 02d2 99020000 		.4byte	0x299
 564 02d6 02       		.byte	0x2
 565 02d7 23       		.byte	0x23
 566 02d8 04       		.uleb128 0x4
 567 02d9 0B       		.uleb128 0xb
 568 02da 723600   		.ascii	"r6\000"
 569 02dd 07       		.byte	0x7
 570 02de 1301     		.2byte	0x113
 571 02e0 99020000 		.4byte	0x299
 572 02e4 02       		.byte	0x2
 573 02e5 23       		.byte	0x23
 574 02e6 08       		.uleb128 0x8
 575 02e7 0B       		.uleb128 0xb
 576 02e8 723700   		.ascii	"r7\000"
 577 02eb 07       		.byte	0x7
 578 02ec 1401     		.2byte	0x114
 579 02ee 99020000 		.4byte	0x299
 580 02f2 02       		.byte	0x2
 581 02f3 23       		.byte	0x23
 582 02f4 0C       		.uleb128 0xc
 583 02f5 0B       		.uleb128 0xb
 584 02f6 723800   		.ascii	"r8\000"
 585 02f9 07       		.byte	0x7
 586 02fa 1501     		.2byte	0x115
 587 02fc 99020000 		.4byte	0x299
 588 0300 02       		.byte	0x2
 589 0301 23       		.byte	0x23
 590 0302 10       		.uleb128 0x10
 591 0303 0B       		.uleb128 0xb
 592 0304 723900   		.ascii	"r9\000"
 593 0307 07       		.byte	0x7
 594 0308 1601     		.2byte	0x116
 595 030a 99020000 		.4byte	0x299
 596 030e 02       		.byte	0x2
 597 030f 23       		.byte	0x23
 598 0310 14       		.uleb128 0x14
 599 0311 0B       		.uleb128 0xb
 600 0312 72313000 		.ascii	"r10\000"
 601 0316 07       		.byte	0x7
 602 0317 1701     		.2byte	0x117
 603 0319 99020000 		.4byte	0x299
 604 031d 02       		.byte	0x2
 605 031e 23       		.byte	0x23
 606 031f 18       		.uleb128 0x18
 607 0320 0B       		.uleb128 0xb
 608 0321 72313100 		.ascii	"r11\000"
 609 0325 07       		.byte	0x7
 610 0326 1801     		.2byte	0x118
 611 0328 99020000 		.4byte	0x299
 612 032c 02       		.byte	0x2
 613 032d 23       		.byte	0x23
 614 032e 1C       		.uleb128 0x1c
 615 032f 0B       		.uleb128 0xb
 616 0330 6C7200   		.ascii	"lr\000"
 617 0333 07       		.byte	0x7
ARM GAS  /tmp/ccuztrQh.s 			page 12


 618 0334 1901     		.2byte	0x119
 619 0336 99020000 		.4byte	0x299
 620 033a 02       		.byte	0x2
 621 033b 23       		.byte	0x23
 622 033c 20       		.uleb128 0x20
 623 033d 00       		.byte	0
 624 033e 0C       		.uleb128 0xc
 625 033f 73040000 		.4byte	.LASF49
 626 0343 04       		.byte	0x4
 627 0344 07       		.byte	0x7
 628 0345 2301     		.2byte	0x123
 629 0347 5B030000 		.4byte	0x35b
 630 034b 0B       		.uleb128 0xb
 631 034c 72313300 		.ascii	"r13\000"
 632 0350 07       		.byte	0x7
 633 0351 2401     		.2byte	0x124
 634 0353 5B030000 		.4byte	0x35b
 635 0357 02       		.byte	0x2
 636 0358 23       		.byte	0x23
 637 0359 00       		.uleb128 0
 638 035a 00       		.byte	0
 639 035b 09       		.uleb128 0x9
 640 035c 04       		.byte	0x4
 641 035d B1020000 		.4byte	0x2b1
 642 0361 0D       		.uleb128 0xd
 643 0362 86000000 		.4byte	0x86
 644 0366 0D       		.uleb128 0xd
 645 0367 09010000 		.4byte	0x109
 646 036b 08       		.uleb128 0x8
 647 036c 20       		.byte	0x20
 648 036d 08       		.byte	0x8
 649 036e 5E       		.byte	0x5e
 650 036f D6030000 		.4byte	0x3d6
 651 0373 06       		.uleb128 0x6
 652 0374 03040000 		.4byte	.LASF50
 653 0378 08       		.byte	0x8
 654 0379 5F       		.byte	0x5f
 655 037a 6C020000 		.4byte	0x26c
 656 037e 02       		.byte	0x2
 657 037f 23       		.byte	0x23
 658 0380 00       		.uleb128 0
 659 0381 06       		.uleb128 0x6
 660 0382 A6030000 		.4byte	.LASF51
 661 0386 08       		.byte	0x8
 662 0387 60       		.byte	0x60
 663 0388 E8000000 		.4byte	0xe8
 664 038c 02       		.byte	0x2
 665 038d 23       		.byte	0x23
 666 038e 08       		.uleb128 0x8
 667 038f 06       		.uleb128 0x6
 668 0390 B7020000 		.4byte	.LASF52
 669 0394 08       		.byte	0x8
 670 0395 62       		.byte	0x62
 671 0396 3E030000 		.4byte	0x33e
 672 039a 02       		.byte	0x2
 673 039b 23       		.byte	0x23
 674 039c 0C       		.uleb128 0xc
ARM GAS  /tmp/ccuztrQh.s 			page 13


 675 039d 06       		.uleb128 0x6
 676 039e 61010000 		.4byte	.LASF53
 677 03a2 08       		.byte	0x8
 678 03a3 65       		.byte	0x65
 679 03a4 66020000 		.4byte	0x266
 680 03a8 02       		.byte	0x2
 681 03a9 23       		.byte	0x23
 682 03aa 10       		.uleb128 0x10
 683 03ab 06       		.uleb128 0x6
 684 03ac D1020000 		.4byte	.LASF54
 685 03b0 08       		.byte	0x8
 686 03b1 66       		.byte	0x66
 687 03b2 66020000 		.4byte	0x266
 688 03b6 02       		.byte	0x2
 689 03b7 23       		.byte	0x23
 690 03b8 14       		.uleb128 0x14
 691 03b9 06       		.uleb128 0x6
 692 03ba 5E030000 		.4byte	.LASF55
 693 03be 08       		.byte	0x8
 694 03bf 6A       		.byte	0x6a
 695 03c0 14010000 		.4byte	0x114
 696 03c4 02       		.byte	0x2
 697 03c5 23       		.byte	0x23
 698 03c6 18       		.uleb128 0x18
 699 03c7 06       		.uleb128 0x6
 700 03c8 34040000 		.4byte	.LASF56
 701 03cc 08       		.byte	0x8
 702 03cd 6C       		.byte	0x6c
 703 03ce 66020000 		.4byte	0x266
 704 03d2 02       		.byte	0x2
 705 03d3 23       		.byte	0x23
 706 03d4 1C       		.uleb128 0x1c
 707 03d5 00       		.byte	0
 708 03d6 03       		.uleb128 0x3
 709 03d7 B3040000 		.4byte	.LASF57
 710 03db 08       		.byte	0x8
 711 03dc 6E       		.byte	0x6e
 712 03dd 6B030000 		.4byte	0x36b
 713 03e1 05       		.uleb128 0x5
 714 03e2 9C020000 		.4byte	.LASF58
 715 03e6 10       		.byte	0x10
 716 03e7 09       		.byte	0x9
 717 03e8 2C       		.byte	0x2c
 718 03e9 18040000 		.4byte	0x418
 719 03ed 06       		.uleb128 0x6
 720 03ee BB000000 		.4byte	.LASF59
 721 03f2 09       		.byte	0x9
 722 03f3 2D       		.byte	0x2d
 723 03f4 6C020000 		.4byte	0x26c
 724 03f8 02       		.byte	0x2
 725 03f9 23       		.byte	0x23
 726 03fa 00       		.uleb128 0
 727 03fb 06       		.uleb128 0x6
 728 03fc 02050000 		.4byte	.LASF60
 729 0400 09       		.byte	0x9
 730 0401 2F       		.byte	0x2f
 731 0402 66020000 		.4byte	0x266
ARM GAS  /tmp/ccuztrQh.s 			page 14


 732 0406 02       		.byte	0x2
 733 0407 23       		.byte	0x23
 734 0408 08       		.uleb128 0x8
 735 0409 06       		.uleb128 0x6
 736 040a 4E040000 		.4byte	.LASF61
 737 040e 09       		.byte	0x9
 738 040f 31       		.byte	0x31
 739 0410 18040000 		.4byte	0x418
 740 0414 02       		.byte	0x2
 741 0415 23       		.byte	0x23
 742 0416 0C       		.uleb128 0xc
 743 0417 00       		.byte	0
 744 0418 09       		.uleb128 0x9
 745 0419 04       		.byte	0x4
 746 041a E1030000 		.4byte	0x3e1
 747 041e 03       		.uleb128 0x3
 748 041f 9C020000 		.4byte	.LASF58
 749 0423 09       		.byte	0x9
 750 0424 33       		.byte	0x33
 751 0425 E1030000 		.4byte	0x3e1
 752 0429 03       		.uleb128 0x3
 753 042a DA040000 		.4byte	.LASF62
 754 042e 0A       		.byte	0xa
 755 042f 29       		.byte	0x29
 756 0430 34040000 		.4byte	0x434
 757 0434 05       		.uleb128 0x5
 758 0435 DA040000 		.4byte	.LASF62
 759 0439 0C       		.byte	0xc
 760 043a 0A       		.byte	0xa
 761 043b 2E       		.byte	0x2e
 762 043c 6B040000 		.4byte	0x46b
 763 0440 06       		.uleb128 0x6
 764 0441 C3030000 		.4byte	.LASF63
 765 0445 0A       		.byte	0xa
 766 0446 2F       		.byte	0x2f
 767 0447 6B040000 		.4byte	0x46b
 768 044b 02       		.byte	0x2
 769 044c 23       		.byte	0x23
 770 044d 00       		.uleb128 0
 771 044e 06       		.uleb128 0x6
 772 044f 7E030000 		.4byte	.LASF64
 773 0453 0A       		.byte	0xa
 774 0454 32       		.byte	0x32
 775 0455 66020000 		.4byte	0x266
 776 0459 02       		.byte	0x2
 777 045a 23       		.byte	0x23
 778 045b 04       		.uleb128 0x4
 779 045c 06       		.uleb128 0x6
 780 045d D9020000 		.4byte	.LASF65
 781 0461 0A       		.byte	0xa
 782 0462 34       		.byte	0x34
 783 0463 FE000000 		.4byte	0xfe
 784 0467 02       		.byte	0x2
 785 0468 23       		.byte	0x23
 786 0469 08       		.uleb128 0x8
 787 046a 00       		.byte	0
 788 046b 09       		.uleb128 0x9
ARM GAS  /tmp/ccuztrQh.s 			page 15


 789 046c 04       		.byte	0x4
 790 046d 29040000 		.4byte	0x429
 791 0471 05       		.uleb128 0x5
 792 0472 72010000 		.4byte	.LASF66
 793 0476 04       		.byte	0x4
 794 0477 0A       		.byte	0xa
 795 0478 3C       		.byte	0x3c
 796 0479 8C040000 		.4byte	0x48c
 797 047d 06       		.uleb128 0x6
 798 047e AB040000 		.4byte	.LASF67
 799 0482 0A       		.byte	0xa
 800 0483 3D       		.byte	0x3d
 801 0484 6B040000 		.4byte	0x46b
 802 0488 02       		.byte	0x2
 803 0489 23       		.byte	0x23
 804 048a 00       		.uleb128 0
 805 048b 00       		.byte	0
 806 048c 03       		.uleb128 0x3
 807 048d 72010000 		.4byte	.LASF66
 808 0491 0A       		.byte	0xa
 809 0492 40       		.byte	0x40
 810 0493 71040000 		.4byte	0x471
 811 0497 0E       		.uleb128 0xe
 812 0498 04       		.byte	0x4
 813 0499 06       		.byte	0x6
 814 049a 90       		.byte	0x90
 815 049b CC040000 		.4byte	0x4cc
 816 049f 0F       		.uleb128 0xf
 817 04a0 07000000 		.4byte	.LASF68
 818 04a4 06       		.byte	0x6
 819 04a5 97       		.byte	0x97
 820 04a6 F3000000 		.4byte	0xf3
 821 04aa 0F       		.uleb128 0xf
 822 04ab 5B000000 		.4byte	.LASF69
 823 04af 06       		.byte	0x6
 824 04b0 9E       		.byte	0x9e
 825 04b1 F3000000 		.4byte	0xf3
 826 04b5 0F       		.uleb128 0xf
 827 04b6 E8040000 		.4byte	.LASF70
 828 04ba 06       		.byte	0x6
 829 04bb A5       		.byte	0xa5
 830 04bc A4020000 		.4byte	0x2a4
 831 04c0 0F       		.uleb128 0xf
 832 04c1 AD030000 		.4byte	.LASF71
 833 04c5 06       		.byte	0x6
 834 04c6 AC       		.byte	0xac
 835 04c7 FE000000 		.4byte	0xfe
 836 04cb 00       		.byte	0
 837 04cc 09       		.uleb128 0x9
 838 04cd 04       		.byte	0x4
 839 04ce D2040000 		.4byte	0x4d2
 840 04d2 10       		.uleb128 0x10
 841 04d3 D7040000 		.4byte	0x4d7
 842 04d7 04       		.uleb128 0x4
 843 04d8 01       		.byte	0x1
 844 04d9 08       		.byte	0x8
 845 04da 43040000 		.4byte	.LASF72
ARM GAS  /tmp/ccuztrQh.s 			page 16


 846 04de 09       		.uleb128 0x9
 847 04df 04       		.byte	0x4
 848 04e0 1E040000 		.4byte	0x41e
 849 04e4 03       		.uleb128 0x3
 850 04e5 70020000 		.4byte	.LASF73
 851 04e9 0B       		.byte	0xb
 852 04ea 37       		.byte	0x37
 853 04eb EF040000 		.4byte	0x4ef
 854 04ef 05       		.uleb128 0x5
 855 04f0 70020000 		.4byte	.LASF73
 856 04f4 20       		.byte	0x20
 857 04f5 0B       		.byte	0xb
 858 04f6 45       		.byte	0x45
 859 04f7 5E050000 		.4byte	0x55e
 860 04fb 06       		.uleb128 0x6
 861 04fc 7E000000 		.4byte	.LASF74
 862 0500 0B       		.byte	0xb
 863 0501 46       		.byte	0x46
 864 0502 6C020000 		.4byte	0x26c
 865 0506 02       		.byte	0x2
 866 0507 23       		.byte	0x23
 867 0508 00       		.uleb128 0
 868 0509 06       		.uleb128 0x6
 869 050a F9030000 		.4byte	.LASF75
 870 050e 0B       		.byte	0xb
 871 050f 47       		.byte	0x47
 872 0510 30000000 		.4byte	0x30
 873 0514 02       		.byte	0x2
 874 0515 23       		.byte	0x23
 875 0516 08       		.uleb128 0x8
 876 0517 06       		.uleb128 0x6
 877 0518 2B010000 		.4byte	.LASF76
 878 051c 0B       		.byte	0xb
 879 051d 48       		.byte	0x48
 880 051e 81050000 		.4byte	0x581
 881 0522 02       		.byte	0x2
 882 0523 23       		.byte	0x23
 883 0524 0C       		.uleb128 0xc
 884 0525 06       		.uleb128 0x6
 885 0526 9E040000 		.4byte	.LASF77
 886 052a 0B       		.byte	0xb
 887 052b 49       		.byte	0x49
 888 052c 81050000 		.4byte	0x581
 889 0530 02       		.byte	0x2
 890 0531 23       		.byte	0x23
 891 0532 10       		.uleb128 0x10
 892 0533 06       		.uleb128 0x6
 893 0534 34010000 		.4byte	.LASF78
 894 0538 0B       		.byte	0xb
 895 0539 4B       		.byte	0x4b
 896 053a 81050000 		.4byte	0x581
 897 053e 02       		.byte	0x2
 898 053f 23       		.byte	0x23
 899 0540 14       		.uleb128 0x14
 900 0541 06       		.uleb128 0x6
 901 0542 56030000 		.4byte	.LASF79
 902 0546 0B       		.byte	0xb
ARM GAS  /tmp/ccuztrQh.s 			page 17


 903 0547 4C       		.byte	0x4c
 904 0548 81050000 		.4byte	0x581
 905 054c 02       		.byte	0x2
 906 054d 23       		.byte	0x23
 907 054e 18       		.uleb128 0x18
 908 054f 06       		.uleb128 0x6
 909 0550 BD040000 		.4byte	.LASF80
 910 0554 0B       		.byte	0xb
 911 0555 4D       		.byte	0x4d
 912 0556 5E050000 		.4byte	0x55e
 913 055a 02       		.byte	0x2
 914 055b 23       		.byte	0x23
 915 055c 1C       		.uleb128 0x1c
 916 055d 00       		.byte	0
 917 055e 03       		.uleb128 0x3
 918 055f 66020000 		.4byte	.LASF81
 919 0563 0B       		.byte	0xb
 920 0564 3A       		.byte	0x3a
 921 0565 69050000 		.4byte	0x569
 922 0569 09       		.uleb128 0x9
 923 056a 04       		.byte	0x4
 924 056b 6F050000 		.4byte	0x56f
 925 056f 11       		.uleb128 0x11
 926 0570 01       		.byte	0x1
 927 0571 7B050000 		.4byte	0x57b
 928 0575 12       		.uleb128 0x12
 929 0576 7B050000 		.4byte	0x57b
 930 057a 00       		.byte	0
 931 057b 09       		.uleb128 0x9
 932 057c 04       		.byte	0x4
 933 057d E4040000 		.4byte	0x4e4
 934 0581 09       		.uleb128 0x9
 935 0582 04       		.byte	0x4
 936 0583 49000000 		.4byte	0x49
 937 0587 03       		.uleb128 0x3
 938 0588 5B020000 		.4byte	.LASF82
 939 058c 0B       		.byte	0xb
 940 058d 76       		.byte	0x76
 941 058e E4040000 		.4byte	0x4e4
 942 0592 03       		.uleb128 0x3
 943 0593 17000000 		.4byte	.LASF83
 944 0597 0B       		.byte	0xb
 945 0598 E6       		.byte	0xe6
 946 0599 E4040000 		.4byte	0x4e4
 947 059d 13       		.uleb128 0x13
 948 059e 01       		.byte	0x1
 949 059f 30000000 		.4byte	0x30
 950 05a3 B7050000 		.4byte	0x5b7
 951 05a7 12       		.uleb128 0x12
 952 05a8 A4020000 		.4byte	0x2a4
 953 05ac 12       		.uleb128 0x12
 954 05ad B7050000 		.4byte	0x5b7
 955 05b1 12       		.uleb128 0x12
 956 05b2 30000000 		.4byte	0x30
 957 05b6 00       		.byte	0
 958 05b7 09       		.uleb128 0x9
 959 05b8 04       		.byte	0x4
ARM GAS  /tmp/ccuztrQh.s 			page 18


 960 05b9 BD050000 		.4byte	0x5bd
 961 05bd 10       		.uleb128 0x10
 962 05be 49000000 		.4byte	0x49
 963 05c2 09       		.uleb128 0x9
 964 05c3 04       		.byte	0x4
 965 05c4 9D050000 		.4byte	0x59d
 966 05c8 13       		.uleb128 0x13
 967 05c9 01       		.byte	0x1
 968 05ca 30000000 		.4byte	0x30
 969 05ce E2050000 		.4byte	0x5e2
 970 05d2 12       		.uleb128 0x12
 971 05d3 A4020000 		.4byte	0x2a4
 972 05d7 12       		.uleb128 0x12
 973 05d8 81050000 		.4byte	0x581
 974 05dc 12       		.uleb128 0x12
 975 05dd 30000000 		.4byte	0x30
 976 05e1 00       		.byte	0
 977 05e2 09       		.uleb128 0x9
 978 05e3 04       		.byte	0x4
 979 05e4 C8050000 		.4byte	0x5c8
 980 05e8 13       		.uleb128 0x13
 981 05e9 01       		.byte	0x1
 982 05ea BC000000 		.4byte	0xbc
 983 05ee F8050000 		.4byte	0x5f8
 984 05f2 12       		.uleb128 0x12
 985 05f3 A4020000 		.4byte	0x2a4
 986 05f7 00       		.byte	0
 987 05f8 09       		.uleb128 0x9
 988 05f9 04       		.byte	0x4
 989 05fa E8050000 		.4byte	0x5e8
 990 05fe 13       		.uleb128 0x13
 991 05ff 01       		.byte	0x1
 992 0600 F3000000 		.4byte	0xf3
 993 0604 18060000 		.4byte	0x618
 994 0608 12       		.uleb128 0x12
 995 0609 A4020000 		.4byte	0x2a4
 996 060d 12       		.uleb128 0x12
 997 060e 49000000 		.4byte	0x49
 998 0612 12       		.uleb128 0x12
 999 0613 09010000 		.4byte	0x109
 1000 0617 00       		.byte	0
 1001 0618 09       		.uleb128 0x9
 1002 0619 04       		.byte	0x4
 1003 061a FE050000 		.4byte	0x5fe
 1004 061e 13       		.uleb128 0x13
 1005 061f 01       		.byte	0x1
 1006 0620 F3000000 		.4byte	0xf3
 1007 0624 33060000 		.4byte	0x633
 1008 0628 12       		.uleb128 0x12
 1009 0629 A4020000 		.4byte	0x2a4
 1010 062d 12       		.uleb128 0x12
 1011 062e 09010000 		.4byte	0x109
 1012 0632 00       		.byte	0
 1013 0633 09       		.uleb128 0x9
 1014 0634 04       		.byte	0x4
 1015 0635 1E060000 		.4byte	0x61e
 1016 0639 13       		.uleb128 0x13
ARM GAS  /tmp/ccuztrQh.s 			page 19


 1017 063a 01       		.byte	0x1
 1018 063b 30000000 		.4byte	0x30
 1019 063f 58060000 		.4byte	0x658
 1020 0643 12       		.uleb128 0x12
 1021 0644 A4020000 		.4byte	0x2a4
 1022 0648 12       		.uleb128 0x12
 1023 0649 B7050000 		.4byte	0x5b7
 1024 064d 12       		.uleb128 0x12
 1025 064e 30000000 		.4byte	0x30
 1026 0652 12       		.uleb128 0x12
 1027 0653 09010000 		.4byte	0x109
 1028 0657 00       		.byte	0
 1029 0658 09       		.uleb128 0x9
 1030 0659 04       		.byte	0x4
 1031 065a 39060000 		.4byte	0x639
 1032 065e 13       		.uleb128 0x13
 1033 065f 01       		.byte	0x1
 1034 0660 30000000 		.4byte	0x30
 1035 0664 7D060000 		.4byte	0x67d
 1036 0668 12       		.uleb128 0x12
 1037 0669 A4020000 		.4byte	0x2a4
 1038 066d 12       		.uleb128 0x12
 1039 066e 81050000 		.4byte	0x581
 1040 0672 12       		.uleb128 0x12
 1041 0673 30000000 		.4byte	0x30
 1042 0677 12       		.uleb128 0x12
 1043 0678 09010000 		.4byte	0x109
 1044 067c 00       		.byte	0
 1045 067d 09       		.uleb128 0x9
 1046 067e 04       		.byte	0x4
 1047 067f 5E060000 		.4byte	0x65e
 1048 0683 14       		.uleb128 0x14
 1049 0684 7B040000 		.4byte	.LASF84
 1050 0688 0C       		.byte	0xc
 1051 0689 0B01     		.2byte	0x10b
 1052 068b B1000000 		.4byte	0xb1
 1053 068f 13       		.uleb128 0x13
 1054 0690 01       		.byte	0x1
 1055 0691 83060000 		.4byte	0x683
 1056 0695 9F060000 		.4byte	0x69f
 1057 0699 12       		.uleb128 0x12
 1058 069a A4020000 		.4byte	0x2a4
 1059 069e 00       		.byte	0
 1060 069f 09       		.uleb128 0x9
 1061 06a0 04       		.byte	0x4
 1062 06a1 8F060000 		.4byte	0x68f
 1063 06a5 0D       		.uleb128 0xd
 1064 06a6 62000000 		.4byte	0x62
 1065 06aa 0D       		.uleb128 0xd
 1066 06ab 74000000 		.4byte	0x74
 1067 06af 15       		.uleb128 0x15
 1068 06b0 1C       		.byte	0x1c
 1069 06b1 0D       		.byte	0xd
 1070 06b2 9303     		.2byte	0x393
 1071 06b4 89070000 		.4byte	0x789
 1072 06b8 0B       		.uleb128 0xb
 1073 06b9 535200   		.ascii	"SR\000"
ARM GAS  /tmp/ccuztrQh.s 			page 20


 1074 06bc 0D       		.byte	0xd
 1075 06bd 9503     		.2byte	0x395
 1076 06bf A5060000 		.4byte	0x6a5
 1077 06c3 02       		.byte	0x2
 1078 06c4 23       		.byte	0x23
 1079 06c5 00       		.uleb128 0
 1080 06c6 16       		.uleb128 0x16
 1081 06c7 0B030000 		.4byte	.LASF85
 1082 06cb 0D       		.byte	0xd
 1083 06cc 9603     		.2byte	0x396
 1084 06ce 62000000 		.4byte	0x62
 1085 06d2 02       		.byte	0x2
 1086 06d3 23       		.byte	0x23
 1087 06d4 02       		.uleb128 0x2
 1088 06d5 0B       		.uleb128 0xb
 1089 06d6 445200   		.ascii	"DR\000"
 1090 06d9 0D       		.byte	0xd
 1091 06da 9703     		.2byte	0x397
 1092 06dc A5060000 		.4byte	0x6a5
 1093 06e0 02       		.byte	0x2
 1094 06e1 23       		.byte	0x23
 1095 06e2 04       		.uleb128 0x4
 1096 06e3 16       		.uleb128 0x16
 1097 06e4 15030000 		.4byte	.LASF86
 1098 06e8 0D       		.byte	0xd
 1099 06e9 9803     		.2byte	0x398
 1100 06eb 62000000 		.4byte	0x62
 1101 06ef 02       		.byte	0x2
 1102 06f0 23       		.byte	0x23
 1103 06f1 06       		.uleb128 0x6
 1104 06f2 0B       		.uleb128 0xb
 1105 06f3 42525200 		.ascii	"BRR\000"
 1106 06f7 0D       		.byte	0xd
 1107 06f8 9903     		.2byte	0x399
 1108 06fa A5060000 		.4byte	0x6a5
 1109 06fe 02       		.byte	0x2
 1110 06ff 23       		.byte	0x23
 1111 0700 08       		.uleb128 0x8
 1112 0701 16       		.uleb128 0x16
 1113 0702 1F030000 		.4byte	.LASF87
 1114 0706 0D       		.byte	0xd
 1115 0707 9A03     		.2byte	0x39a
 1116 0709 62000000 		.4byte	0x62
 1117 070d 02       		.byte	0x2
 1118 070e 23       		.byte	0x23
 1119 070f 0A       		.uleb128 0xa
 1120 0710 0B       		.uleb128 0xb
 1121 0711 43523100 		.ascii	"CR1\000"
 1122 0715 0D       		.byte	0xd
 1123 0716 9B03     		.2byte	0x39b
 1124 0718 A5060000 		.4byte	0x6a5
 1125 071c 02       		.byte	0x2
 1126 071d 23       		.byte	0x23
 1127 071e 0C       		.uleb128 0xc
 1128 071f 16       		.uleb128 0x16
 1129 0720 29030000 		.4byte	.LASF88
 1130 0724 0D       		.byte	0xd
ARM GAS  /tmp/ccuztrQh.s 			page 21


 1131 0725 9C03     		.2byte	0x39c
 1132 0727 62000000 		.4byte	0x62
 1133 072b 02       		.byte	0x2
 1134 072c 23       		.byte	0x23
 1135 072d 0E       		.uleb128 0xe
 1136 072e 0B       		.uleb128 0xb
 1137 072f 43523200 		.ascii	"CR2\000"
 1138 0733 0D       		.byte	0xd
 1139 0734 9D03     		.2byte	0x39d
 1140 0736 A5060000 		.4byte	0x6a5
 1141 073a 02       		.byte	0x2
 1142 073b 23       		.byte	0x23
 1143 073c 10       		.uleb128 0x10
 1144 073d 16       		.uleb128 0x16
 1145 073e 33030000 		.4byte	.LASF89
 1146 0742 0D       		.byte	0xd
 1147 0743 9E03     		.2byte	0x39e
 1148 0745 62000000 		.4byte	0x62
 1149 0749 02       		.byte	0x2
 1150 074a 23       		.byte	0x23
 1151 074b 12       		.uleb128 0x12
 1152 074c 0B       		.uleb128 0xb
 1153 074d 43523300 		.ascii	"CR3\000"
 1154 0751 0D       		.byte	0xd
 1155 0752 9F03     		.2byte	0x39f
 1156 0754 A5060000 		.4byte	0x6a5
 1157 0758 02       		.byte	0x2
 1158 0759 23       		.byte	0x23
 1159 075a 14       		.uleb128 0x14
 1160 075b 16       		.uleb128 0x16
 1161 075c EF030000 		.4byte	.LASF90
 1162 0760 0D       		.byte	0xd
 1163 0761 A003     		.2byte	0x3a0
 1164 0763 62000000 		.4byte	0x62
 1165 0767 02       		.byte	0x2
 1166 0768 23       		.byte	0x23
 1167 0769 16       		.uleb128 0x16
 1168 076a 16       		.uleb128 0x16
 1169 076b A7000000 		.4byte	.LASF91
 1170 076f 0D       		.byte	0xd
 1171 0770 A103     		.2byte	0x3a1
 1172 0772 A5060000 		.4byte	0x6a5
 1173 0776 02       		.byte	0x2
 1174 0777 23       		.byte	0x23
 1175 0778 18       		.uleb128 0x18
 1176 0779 16       		.uleb128 0x16
 1177 077a 44030000 		.4byte	.LASF92
 1178 077e 0D       		.byte	0xd
 1179 077f A203     		.2byte	0x3a2
 1180 0781 62000000 		.4byte	0x62
 1181 0785 02       		.byte	0x2
 1182 0786 23       		.byte	0x23
 1183 0787 1A       		.uleb128 0x1a
 1184 0788 00       		.byte	0
 1185 0789 14       		.uleb128 0x14
 1186 078a 26020000 		.4byte	.LASF93
 1187 078e 0D       		.byte	0xd
ARM GAS  /tmp/ccuztrQh.s 			page 22


 1188 078f A303     		.2byte	0x3a3
 1189 0791 AF060000 		.4byte	0x6af
 1190 0795 08       		.uleb128 0x8
 1191 0796 04       		.byte	0x4
 1192 0797 0E       		.byte	0xe
 1193 0798 9D       		.byte	0x9d
 1194 0799 BA070000 		.4byte	0x7ba
 1195 079d 07       		.uleb128 0x7
 1196 079e 73657400 		.ascii	"set\000"
 1197 07a2 0E       		.byte	0xe
 1198 07a3 9E       		.byte	0x9e
 1199 07a4 62000000 		.4byte	0x62
 1200 07a8 02       		.byte	0x2
 1201 07a9 23       		.byte	0x23
 1202 07aa 00       		.uleb128 0
 1203 07ab 06       		.uleb128 0x6
 1204 07ac 96020000 		.4byte	.LASF94
 1205 07b0 0E       		.byte	0xe
 1206 07b1 9F       		.byte	0x9f
 1207 07b2 62000000 		.4byte	0x62
 1208 07b6 02       		.byte	0x2
 1209 07b7 23       		.byte	0x23
 1210 07b8 02       		.uleb128 0x2
 1211 07b9 00       		.byte	0
 1212 07ba 0E       		.uleb128 0xe
 1213 07bb 04       		.byte	0x4
 1214 07bc 0E       		.byte	0xe
 1215 07bd 9B       		.byte	0x9b
 1216 07be D5070000 		.4byte	0x7d5
 1217 07c2 17       		.uleb128 0x17
 1218 07c3 5700     		.ascii	"W\000"
 1219 07c5 0E       		.byte	0xe
 1220 07c6 9C       		.byte	0x9c
 1221 07c7 86000000 		.4byte	0x86
 1222 07cb 17       		.uleb128 0x17
 1223 07cc 4800     		.ascii	"H\000"
 1224 07ce 0E       		.byte	0xe
 1225 07cf A0       		.byte	0xa0
 1226 07d0 95070000 		.4byte	0x795
 1227 07d4 00       		.byte	0
 1228 07d5 08       		.uleb128 0x8
 1229 07d6 28       		.byte	0x28
 1230 07d7 0E       		.byte	0xe
 1231 07d8 93       		.byte	0x93
 1232 07d9 6A080000 		.4byte	0x86a
 1233 07dd 06       		.uleb128 0x6
 1234 07de 2A000000 		.4byte	.LASF95
 1235 07e2 0E       		.byte	0xe
 1236 07e3 95       		.byte	0x95
 1237 07e4 61030000 		.4byte	0x361
 1238 07e8 02       		.byte	0x2
 1239 07e9 23       		.byte	0x23
 1240 07ea 00       		.uleb128 0
 1241 07eb 06       		.uleb128 0x6
 1242 07ec 23000000 		.4byte	.LASF96
 1243 07f0 0E       		.byte	0xe
 1244 07f1 96       		.byte	0x96
ARM GAS  /tmp/ccuztrQh.s 			page 23


 1245 07f2 61030000 		.4byte	0x361
 1246 07f6 02       		.byte	0x2
 1247 07f7 23       		.byte	0x23
 1248 07f8 04       		.uleb128 0x4
 1249 07f9 06       		.uleb128 0x6
 1250 07fa 59010000 		.4byte	.LASF97
 1251 07fe 0E       		.byte	0xe
 1252 07ff 97       		.byte	0x97
 1253 0800 61030000 		.4byte	0x361
 1254 0804 02       		.byte	0x2
 1255 0805 23       		.byte	0x23
 1256 0806 08       		.uleb128 0x8
 1257 0807 06       		.uleb128 0x6
 1258 0808 55000000 		.4byte	.LASF98
 1259 080c 0E       		.byte	0xe
 1260 080d 98       		.byte	0x98
 1261 080e 61030000 		.4byte	0x361
 1262 0812 02       		.byte	0x2
 1263 0813 23       		.byte	0x23
 1264 0814 0C       		.uleb128 0xc
 1265 0815 07       		.uleb128 0x7
 1266 0816 49445200 		.ascii	"IDR\000"
 1267 081a 0E       		.byte	0xe
 1268 081b 99       		.byte	0x99
 1269 081c 61030000 		.4byte	0x361
 1270 0820 02       		.byte	0x2
 1271 0821 23       		.byte	0x23
 1272 0822 10       		.uleb128 0x10
 1273 0823 07       		.uleb128 0x7
 1274 0824 4F445200 		.ascii	"ODR\000"
 1275 0828 0E       		.byte	0xe
 1276 0829 9A       		.byte	0x9a
 1277 082a 61030000 		.4byte	0x361
 1278 082e 02       		.byte	0x2
 1279 082f 23       		.byte	0x23
 1280 0830 14       		.uleb128 0x14
 1281 0831 06       		.uleb128 0x6
 1282 0832 A2000000 		.4byte	.LASF99
 1283 0836 0E       		.byte	0xe
 1284 0837 A1       		.byte	0xa1
 1285 0838 6A080000 		.4byte	0x86a
 1286 083c 02       		.byte	0x2
 1287 083d 23       		.byte	0x23
 1288 083e 18       		.uleb128 0x18
 1289 083f 06       		.uleb128 0x6
 1290 0840 CF010000 		.4byte	.LASF100
 1291 0844 0E       		.byte	0xe
 1292 0845 A2       		.byte	0xa2
 1293 0846 61030000 		.4byte	0x361
 1294 084a 02       		.byte	0x2
 1295 084b 23       		.byte	0x23
 1296 084c 1C       		.uleb128 0x1c
 1297 084d 06       		.uleb128 0x6
 1298 084e F4020000 		.4byte	.LASF101
 1299 0852 0E       		.byte	0xe
 1300 0853 A3       		.byte	0xa3
 1301 0854 61030000 		.4byte	0x361
ARM GAS  /tmp/ccuztrQh.s 			page 24


 1302 0858 02       		.byte	0x2
 1303 0859 23       		.byte	0x23
 1304 085a 20       		.uleb128 0x20
 1305 085b 06       		.uleb128 0x6
 1306 085c E1020000 		.4byte	.LASF102
 1307 0860 0E       		.byte	0xe
 1308 0861 A4       		.byte	0xa4
 1309 0862 61030000 		.4byte	0x361
 1310 0866 02       		.byte	0x2
 1311 0867 23       		.byte	0x23
 1312 0868 24       		.uleb128 0x24
 1313 0869 00       		.byte	0
 1314 086a 0D       		.uleb128 0xd
 1315 086b BA070000 		.4byte	0x7ba
 1316 086f 03       		.uleb128 0x3
 1317 0870 C2010000 		.4byte	.LASF103
 1318 0874 0E       		.byte	0xe
 1319 0875 A5       		.byte	0xa5
 1320 0876 D5070000 		.4byte	0x7d5
 1321 087a 03       		.uleb128 0x3
 1322 087b A2020000 		.4byte	.LASF104
 1323 087f 0E       		.byte	0xe
 1324 0880 EF       		.byte	0xef
 1325 0881 86000000 		.4byte	0x86
 1326 0885 18       		.uleb128 0x18
 1327 0886 01       		.byte	0x1
 1328 0887 0F       		.byte	0xf
 1329 0888 64       		.byte	0x64
 1330 0889 A0080000 		.4byte	0x8a0
 1331 088d 19       		.uleb128 0x19
 1332 088e E5030000 		.4byte	.LASF105
 1333 0892 00       		.sleb128 0
 1334 0893 19       		.uleb128 0x19
 1335 0894 CB030000 		.4byte	.LASF106
 1336 0898 01       		.sleb128 1
 1337 0899 19       		.uleb128 0x19
 1338 089a 8C040000 		.4byte	.LASF107
 1339 089e 02       		.sleb128 2
 1340 089f 00       		.byte	0
 1341 08a0 03       		.uleb128 0x3
 1342 08a1 0B040000 		.4byte	.LASF108
 1343 08a5 0F       		.byte	0xf
 1344 08a6 68       		.byte	0x68
 1345 08a7 85080000 		.4byte	0x885
 1346 08ab 03       		.uleb128 0x3
 1347 08ac 15040000 		.4byte	.LASF109
 1348 08b0 0F       		.byte	0xf
 1349 08b1 6D       		.byte	0x6d
 1350 08b2 B6080000 		.4byte	0x8b6
 1351 08b6 05       		.uleb128 0x5
 1352 08b7 15040000 		.4byte	.LASF109
 1353 08bb 74       		.byte	0x74
 1354 08bc 0F       		.byte	0xf
 1355 08bd 87       		.byte	0x87
 1356 08be 3F090000 		.4byte	0x93f
 1357 08c2 07       		.uleb128 0x7
 1358 08c3 766D7400 		.ascii	"vmt\000"
ARM GAS  /tmp/ccuztrQh.s 			page 25


 1359 08c7 0F       		.byte	0xf
 1360 08c8 89       		.byte	0x89
 1361 08c9 CA090000 		.4byte	0x9ca
 1362 08cd 02       		.byte	0x2
 1363 08ce 23       		.byte	0x23
 1364 08cf 00       		.uleb128 0
 1365 08d0 06       		.uleb128 0x6
 1366 08d1 00020000 		.4byte	.LASF110
 1367 08d5 0F       		.byte	0xf
 1368 08d6 8A       		.byte	0x8a
 1369 08d7 8C040000 		.4byte	0x48c
 1370 08db 02       		.byte	0x2
 1371 08dc 23       		.byte	0x23
 1372 08dd 04       		.uleb128 0x4
 1373 08de 06       		.uleb128 0x6
 1374 08df D4040000 		.4byte	.LASF111
 1375 08e3 0F       		.byte	0xf
 1376 08e4 8A       		.byte	0x8a
 1377 08e5 83060000 		.4byte	0x683
 1378 08e9 02       		.byte	0x2
 1379 08ea 23       		.byte	0x23
 1380 08eb 08       		.uleb128 0x8
 1381 08ec 06       		.uleb128 0x6
 1382 08ed C3000000 		.4byte	.LASF112
 1383 08f1 0F       		.byte	0xf
 1384 08f2 8A       		.byte	0x8a
 1385 08f3 A0080000 		.4byte	0x8a0
 1386 08f7 02       		.byte	0x2
 1387 08f8 23       		.byte	0x23
 1388 08f9 0C       		.uleb128 0xc
 1389 08fa 06       		.uleb128 0x6
 1390 08fb B0010000 		.4byte	.LASF113
 1391 08ff 0F       		.byte	0xf
 1392 0900 8A       		.byte	0x8a
 1393 0901 87050000 		.4byte	0x587
 1394 0905 02       		.byte	0x2
 1395 0906 23       		.byte	0x23
 1396 0907 10       		.uleb128 0x10
 1397 0908 06       		.uleb128 0x6
 1398 0909 1F020000 		.4byte	.LASF114
 1399 090d 0F       		.byte	0xf
 1400 090e 8A       		.byte	0x8a
 1401 090f 92050000 		.4byte	0x592
 1402 0913 02       		.byte	0x2
 1403 0914 23       		.byte	0x23
 1404 0915 30       		.uleb128 0x30
 1405 0916 07       		.uleb128 0x7
 1406 0917 696200   		.ascii	"ib\000"
 1407 091a 0F       		.byte	0xf
 1408 091b 8A       		.byte	0x8a
 1409 091c D5090000 		.4byte	0x9d5
 1410 0920 02       		.byte	0x2
 1411 0921 23       		.byte	0x23
 1412 0922 50       		.uleb128 0x50
 1413 0923 07       		.uleb128 0x7
 1414 0924 6F6200   		.ascii	"ob\000"
 1415 0927 0F       		.byte	0xf
ARM GAS  /tmp/ccuztrQh.s 			page 26


 1416 0928 8A       		.byte	0x8a
 1417 0929 D5090000 		.4byte	0x9d5
 1418 092d 02       		.byte	0x2
 1419 092e 23       		.byte	0x23
 1420 092f 60       		.uleb128 0x60
 1421 0930 06       		.uleb128 0x6
 1422 0931 84010000 		.4byte	.LASF115
 1423 0935 0F       		.byte	0xf
 1424 0936 8A       		.byte	0x8a
 1425 0937 E5090000 		.4byte	0x9e5
 1426 093b 02       		.byte	0x2
 1427 093c 23       		.byte	0x23
 1428 093d 70       		.uleb128 0x70
 1429 093e 00       		.byte	0
 1430 093f 05       		.uleb128 0x5
 1431 0940 A0010000 		.4byte	.LASF116
 1432 0944 24       		.byte	0x24
 1433 0945 0F       		.byte	0xf
 1434 0946 7C       		.byte	0x7c
 1435 0947 CA090000 		.4byte	0x9ca
 1436 094b 06       		.uleb128 0x6
 1437 094c 90020000 		.4byte	.LASF117
 1438 0950 0F       		.byte	0xf
 1439 0951 7D       		.byte	0x7d
 1440 0952 C2050000 		.4byte	0x5c2
 1441 0956 02       		.byte	0x2
 1442 0957 23       		.byte	0x23
 1443 0958 00       		.uleb128 0
 1444 0959 06       		.uleb128 0x6
 1445 095a 3E040000 		.4byte	.LASF118
 1446 095e 0F       		.byte	0xf
 1447 095f 7D       		.byte	0x7d
 1448 0960 E2050000 		.4byte	0x5e2
 1449 0964 02       		.byte	0x2
 1450 0965 23       		.byte	0x23
 1451 0966 04       		.uleb128 0x4
 1452 0967 06       		.uleb128 0x6
 1453 0968 4B010000 		.4byte	.LASF119
 1454 096c 0F       		.byte	0xf
 1455 096d 7D       		.byte	0x7d
 1456 096e F8050000 		.4byte	0x5f8
 1457 0972 02       		.byte	0x2
 1458 0973 23       		.byte	0x23
 1459 0974 08       		.uleb128 0x8
 1460 0975 06       		.uleb128 0x6
 1461 0976 EF040000 		.4byte	.LASF120
 1462 097a 0F       		.byte	0xf
 1463 097b 7D       		.byte	0x7d
 1464 097c F8050000 		.4byte	0x5f8
 1465 0980 02       		.byte	0x2
 1466 0981 23       		.byte	0x23
 1467 0982 0C       		.uleb128 0xc
 1468 0983 07       		.uleb128 0x7
 1469 0984 70757400 		.ascii	"put\000"
 1470 0988 0F       		.byte	0xf
 1471 0989 7D       		.byte	0x7d
 1472 098a 18060000 		.4byte	0x618
ARM GAS  /tmp/ccuztrQh.s 			page 27


 1473 098e 02       		.byte	0x2
 1474 098f 23       		.byte	0x23
 1475 0990 10       		.uleb128 0x10
 1476 0991 07       		.uleb128 0x7
 1477 0992 67657400 		.ascii	"get\000"
 1478 0996 0F       		.byte	0xf
 1479 0997 7D       		.byte	0x7d
 1480 0998 33060000 		.4byte	0x633
 1481 099c 02       		.byte	0x2
 1482 099d 23       		.byte	0x23
 1483 099e 14       		.uleb128 0x14
 1484 099f 06       		.uleb128 0x6
 1485 09a0 34020000 		.4byte	.LASF121
 1486 09a4 0F       		.byte	0xf
 1487 09a5 7D       		.byte	0x7d
 1488 09a6 58060000 		.4byte	0x658
 1489 09aa 02       		.byte	0x2
 1490 09ab 23       		.byte	0x23
 1491 09ac 18       		.uleb128 0x18
 1492 09ad 06       		.uleb128 0x6
 1493 09ae 78000000 		.4byte	.LASF122
 1494 09b2 0F       		.byte	0xf
 1495 09b3 7D       		.byte	0x7d
 1496 09b4 7D060000 		.4byte	0x67d
 1497 09b8 02       		.byte	0x2
 1498 09b9 23       		.byte	0x23
 1499 09ba 1C       		.uleb128 0x1c
 1500 09bb 06       		.uleb128 0x6
 1501 09bc 6A040000 		.4byte	.LASF123
 1502 09c0 0F       		.byte	0xf
 1503 09c1 7D       		.byte	0x7d
 1504 09c2 9F060000 		.4byte	0x69f
 1505 09c6 02       		.byte	0x2
 1506 09c7 23       		.byte	0x23
 1507 09c8 20       		.uleb128 0x20
 1508 09c9 00       		.byte	0
 1509 09ca 09       		.uleb128 0x9
 1510 09cb 04       		.byte	0x4
 1511 09cc D0090000 		.4byte	0x9d0
 1512 09d0 10       		.uleb128 0x10
 1513 09d1 3F090000 		.4byte	0x93f
 1514 09d5 1A       		.uleb128 0x1a
 1515 09d6 49000000 		.4byte	0x49
 1516 09da E5090000 		.4byte	0x9e5
 1517 09de 1B       		.uleb128 0x1b
 1518 09df 3B000000 		.4byte	0x3b
 1519 09e3 0F       		.byte	0xf
 1520 09e4 00       		.byte	0
 1521 09e5 09       		.uleb128 0x9
 1522 09e6 04       		.byte	0x4
 1523 09e7 89070000 		.4byte	0x789
 1524 09eb 1C       		.uleb128 0x1c
 1525 09ec 88020000 		.4byte	.LASF130
 1526 09f0 01       		.byte	0x1
 1527 09f1 27       		.byte	0x27
 1528 09f2 01       		.byte	0x1
 1529 09f3 F3000000 		.4byte	0xf3
ARM GAS  /tmp/ccuztrQh.s 			page 28


 1530 09f7 00000000 		.4byte	.LFB117
 1531 09fb 38000000 		.4byte	.LFE117
 1532 09ff 00000000 		.4byte	.LLST0
 1533 0a03 170A0000 		.4byte	0xa17
 1534 0a07 1D       		.uleb128 0x1d
 1535 0a08 61726700 		.ascii	"arg\000"
 1536 0a0c 01       		.byte	0x1
 1537 0a0d 27       		.byte	0x27
 1538 0a0e A4020000 		.4byte	0x2a4
 1539 0a12 20000000 		.4byte	.LLST1
 1540 0a16 00       		.byte	0
 1541 0a17 1E       		.uleb128 0x1e
 1542 0a18 01       		.byte	0x1
 1543 0a19 FD040000 		.4byte	.LASF131
 1544 0a1d 01       		.byte	0x1
 1545 0a1e 3A       		.byte	0x3a
 1546 0a1f 01       		.byte	0x1
 1547 0a20 29000000 		.4byte	0x29
 1548 0a24 00000000 		.4byte	.LFB118
 1549 0a28 80000000 		.4byte	.LFE118
 1550 0a2c 33000000 		.4byte	.LLST2
 1551 0a30 1F       		.uleb128 0x1f
 1552 0a31 C6040000 		.4byte	.LASF124
 1553 0a35 08       		.byte	0x8
 1554 0a36 72       		.byte	0x72
 1555 0a37 D6030000 		.4byte	0x3d6
 1556 0a3b 01       		.byte	0x1
 1557 0a3c 01       		.byte	0x1
 1558 0a3d 20       		.uleb128 0x20
 1559 0a3e 64000000 		.4byte	.LASF125
 1560 0a42 10       		.byte	0x10
 1561 0a43 1A05     		.2byte	0x51a
 1562 0a45 AA060000 		.4byte	0x6aa
 1563 0a49 01       		.byte	0x1
 1564 0a4a 01       		.byte	0x1
 1565 0a4b 21       		.uleb128 0x21
 1566 0a4c 53443300 		.ascii	"SD3\000"
 1567 0a50 12       		.byte	0x12
 1568 0a51 0101     		.2byte	0x101
 1569 0a53 AB080000 		.4byte	0x8ab
 1570 0a57 01       		.byte	0x1
 1571 0a58 01       		.byte	0x1
 1572 0a59 1A       		.uleb128 0x1a
 1573 0a5a A6020000 		.4byte	0x2a6
 1574 0a5e 690A0000 		.4byte	0xa69
 1575 0a62 1B       		.uleb128 0x1b
 1576 0a63 3B000000 		.4byte	0x3b
 1577 0a67 25       		.byte	0x25
 1578 0a68 00       		.byte	0
 1579 0a69 1F       		.uleb128 0x1f
 1580 0a6a E6020000 		.4byte	.LASF126
 1581 0a6e 11       		.byte	0x11
 1582 0a6f 37       		.byte	0x37
 1583 0a70 590A0000 		.4byte	0xa59
 1584 0a74 01       		.byte	0x1
 1585 0a75 01       		.byte	0x1
 1586 0a76 22       		.uleb128 0x22
ARM GAS  /tmp/ccuztrQh.s 			page 29


 1587 0a77 F9020000 		.4byte	.LASF132
 1588 0a7b 01       		.byte	0x1
 1589 0a7c 26       		.byte	0x26
 1590 0a7d 590A0000 		.4byte	0xa59
 1591 0a81 05       		.byte	0x5
 1592 0a82 03       		.byte	0x3
 1593 0a83 00000000 		.4byte	waThread1
 1594 0a87 1F       		.uleb128 0x1f
 1595 0a88 C6040000 		.4byte	.LASF124
 1596 0a8c 08       		.byte	0x8
 1597 0a8d 72       		.byte	0x72
 1598 0a8e D6030000 		.4byte	0x3d6
 1599 0a92 01       		.byte	0x1
 1600 0a93 01       		.byte	0x1
 1601 0a94 20       		.uleb128 0x20
 1602 0a95 64000000 		.4byte	.LASF125
 1603 0a99 10       		.byte	0x10
 1604 0a9a 1A05     		.2byte	0x51a
 1605 0a9c AA060000 		.4byte	0x6aa
 1606 0aa0 01       		.byte	0x1
 1607 0aa1 01       		.byte	0x1
 1608 0aa2 21       		.uleb128 0x21
 1609 0aa3 53443300 		.ascii	"SD3\000"
 1610 0aa7 12       		.byte	0x12
 1611 0aa8 0101     		.2byte	0x101
 1612 0aaa AB080000 		.4byte	0x8ab
 1613 0aae 01       		.byte	0x1
 1614 0aaf 01       		.byte	0x1
 1615 0ab0 23       		.uleb128 0x23
 1616 0ab1 E6020000 		.4byte	.LASF126
 1617 0ab5 01       		.byte	0x1
 1618 0ab6 34       		.byte	0x34
 1619 0ab7 590A0000 		.4byte	0xa59
 1620 0abb 01       		.byte	0x1
 1621 0abc 05       		.byte	0x5
 1622 0abd 03       		.byte	0x3
 1623 0abe 00000000 		.4byte	waUART_Thread
 1624 0ac2 00       		.byte	0
 1625              		.section	.debug_abbrev,"",%progbits
 1626              	.Ldebug_abbrev0:
 1627 0000 01       		.uleb128 0x1
 1628 0001 11       		.uleb128 0x11
 1629 0002 01       		.byte	0x1
 1630 0003 25       		.uleb128 0x25
 1631 0004 0E       		.uleb128 0xe
 1632 0005 13       		.uleb128 0x13
 1633 0006 0B       		.uleb128 0xb
 1634 0007 03       		.uleb128 0x3
 1635 0008 0E       		.uleb128 0xe
 1636 0009 1B       		.uleb128 0x1b
 1637 000a 0E       		.uleb128 0xe
 1638 000b 11       		.uleb128 0x11
 1639 000c 01       		.uleb128 0x1
 1640 000d 52       		.uleb128 0x52
 1641 000e 01       		.uleb128 0x1
 1642 000f 55       		.uleb128 0x55
 1643 0010 06       		.uleb128 0x6
ARM GAS  /tmp/ccuztrQh.s 			page 30


 1644 0011 10       		.uleb128 0x10
 1645 0012 06       		.uleb128 0x6
 1646 0013 00       		.byte	0
 1647 0014 00       		.byte	0
 1648 0015 02       		.uleb128 0x2
 1649 0016 24       		.uleb128 0x24
 1650 0017 00       		.byte	0
 1651 0018 0B       		.uleb128 0xb
 1652 0019 0B       		.uleb128 0xb
 1653 001a 3E       		.uleb128 0x3e
 1654 001b 0B       		.uleb128 0xb
 1655 001c 03       		.uleb128 0x3
 1656 001d 08       		.uleb128 0x8
 1657 001e 00       		.byte	0
 1658 001f 00       		.byte	0
 1659 0020 03       		.uleb128 0x3
 1660 0021 16       		.uleb128 0x16
 1661 0022 00       		.byte	0
 1662 0023 03       		.uleb128 0x3
 1663 0024 0E       		.uleb128 0xe
 1664 0025 3A       		.uleb128 0x3a
 1665 0026 0B       		.uleb128 0xb
 1666 0027 3B       		.uleb128 0x3b
 1667 0028 0B       		.uleb128 0xb
 1668 0029 49       		.uleb128 0x49
 1669 002a 13       		.uleb128 0x13
 1670 002b 00       		.byte	0
 1671 002c 00       		.byte	0
 1672 002d 04       		.uleb128 0x4
 1673 002e 24       		.uleb128 0x24
 1674 002f 00       		.byte	0
 1675 0030 0B       		.uleb128 0xb
 1676 0031 0B       		.uleb128 0xb
 1677 0032 3E       		.uleb128 0x3e
 1678 0033 0B       		.uleb128 0xb
 1679 0034 03       		.uleb128 0x3
 1680 0035 0E       		.uleb128 0xe
 1681 0036 00       		.byte	0
 1682 0037 00       		.byte	0
 1683 0038 05       		.uleb128 0x5
 1684 0039 13       		.uleb128 0x13
 1685 003a 01       		.byte	0x1
 1686 003b 03       		.uleb128 0x3
 1687 003c 0E       		.uleb128 0xe
 1688 003d 0B       		.uleb128 0xb
 1689 003e 0B       		.uleb128 0xb
 1690 003f 3A       		.uleb128 0x3a
 1691 0040 0B       		.uleb128 0xb
 1692 0041 3B       		.uleb128 0x3b
 1693 0042 0B       		.uleb128 0xb
 1694 0043 01       		.uleb128 0x1
 1695 0044 13       		.uleb128 0x13
 1696 0045 00       		.byte	0
 1697 0046 00       		.byte	0
 1698 0047 06       		.uleb128 0x6
 1699 0048 0D       		.uleb128 0xd
 1700 0049 00       		.byte	0
ARM GAS  /tmp/ccuztrQh.s 			page 31


 1701 004a 03       		.uleb128 0x3
 1702 004b 0E       		.uleb128 0xe
 1703 004c 3A       		.uleb128 0x3a
 1704 004d 0B       		.uleb128 0xb
 1705 004e 3B       		.uleb128 0x3b
 1706 004f 0B       		.uleb128 0xb
 1707 0050 49       		.uleb128 0x49
 1708 0051 13       		.uleb128 0x13
 1709 0052 38       		.uleb128 0x38
 1710 0053 0A       		.uleb128 0xa
 1711 0054 00       		.byte	0
 1712 0055 00       		.byte	0
 1713 0056 07       		.uleb128 0x7
 1714 0057 0D       		.uleb128 0xd
 1715 0058 00       		.byte	0
 1716 0059 03       		.uleb128 0x3
 1717 005a 08       		.uleb128 0x8
 1718 005b 3A       		.uleb128 0x3a
 1719 005c 0B       		.uleb128 0xb
 1720 005d 3B       		.uleb128 0x3b
 1721 005e 0B       		.uleb128 0xb
 1722 005f 49       		.uleb128 0x49
 1723 0060 13       		.uleb128 0x13
 1724 0061 38       		.uleb128 0x38
 1725 0062 0A       		.uleb128 0xa
 1726 0063 00       		.byte	0
 1727 0064 00       		.byte	0
 1728 0065 08       		.uleb128 0x8
 1729 0066 13       		.uleb128 0x13
 1730 0067 01       		.byte	0x1
 1731 0068 0B       		.uleb128 0xb
 1732 0069 0B       		.uleb128 0xb
 1733 006a 3A       		.uleb128 0x3a
 1734 006b 0B       		.uleb128 0xb
 1735 006c 3B       		.uleb128 0x3b
 1736 006d 0B       		.uleb128 0xb
 1737 006e 01       		.uleb128 0x1
 1738 006f 13       		.uleb128 0x13
 1739 0070 00       		.byte	0
 1740 0071 00       		.byte	0
 1741 0072 09       		.uleb128 0x9
 1742 0073 0F       		.uleb128 0xf
 1743 0074 00       		.byte	0
 1744 0075 0B       		.uleb128 0xb
 1745 0076 0B       		.uleb128 0xb
 1746 0077 49       		.uleb128 0x49
 1747 0078 13       		.uleb128 0x13
 1748 0079 00       		.byte	0
 1749 007a 00       		.byte	0
 1750 007b 0A       		.uleb128 0xa
 1751 007c 0F       		.uleb128 0xf
 1752 007d 00       		.byte	0
 1753 007e 0B       		.uleb128 0xb
 1754 007f 0B       		.uleb128 0xb
 1755 0080 00       		.byte	0
 1756 0081 00       		.byte	0
 1757 0082 0B       		.uleb128 0xb
ARM GAS  /tmp/ccuztrQh.s 			page 32


 1758 0083 0D       		.uleb128 0xd
 1759 0084 00       		.byte	0
 1760 0085 03       		.uleb128 0x3
 1761 0086 08       		.uleb128 0x8
 1762 0087 3A       		.uleb128 0x3a
 1763 0088 0B       		.uleb128 0xb
 1764 0089 3B       		.uleb128 0x3b
 1765 008a 05       		.uleb128 0x5
 1766 008b 49       		.uleb128 0x49
 1767 008c 13       		.uleb128 0x13
 1768 008d 38       		.uleb128 0x38
 1769 008e 0A       		.uleb128 0xa
 1770 008f 00       		.byte	0
 1771 0090 00       		.byte	0
 1772 0091 0C       		.uleb128 0xc
 1773 0092 13       		.uleb128 0x13
 1774 0093 01       		.byte	0x1
 1775 0094 03       		.uleb128 0x3
 1776 0095 0E       		.uleb128 0xe
 1777 0096 0B       		.uleb128 0xb
 1778 0097 0B       		.uleb128 0xb
 1779 0098 3A       		.uleb128 0x3a
 1780 0099 0B       		.uleb128 0xb
 1781 009a 3B       		.uleb128 0x3b
 1782 009b 05       		.uleb128 0x5
 1783 009c 01       		.uleb128 0x1
 1784 009d 13       		.uleb128 0x13
 1785 009e 00       		.byte	0
 1786 009f 00       		.byte	0
 1787 00a0 0D       		.uleb128 0xd
 1788 00a1 35       		.uleb128 0x35
 1789 00a2 00       		.byte	0
 1790 00a3 49       		.uleb128 0x49
 1791 00a4 13       		.uleb128 0x13
 1792 00a5 00       		.byte	0
 1793 00a6 00       		.byte	0
 1794 00a7 0E       		.uleb128 0xe
 1795 00a8 17       		.uleb128 0x17
 1796 00a9 01       		.byte	0x1
 1797 00aa 0B       		.uleb128 0xb
 1798 00ab 0B       		.uleb128 0xb
 1799 00ac 3A       		.uleb128 0x3a
 1800 00ad 0B       		.uleb128 0xb
 1801 00ae 3B       		.uleb128 0x3b
 1802 00af 0B       		.uleb128 0xb
 1803 00b0 01       		.uleb128 0x1
 1804 00b1 13       		.uleb128 0x13
 1805 00b2 00       		.byte	0
 1806 00b3 00       		.byte	0
 1807 00b4 0F       		.uleb128 0xf
 1808 00b5 0D       		.uleb128 0xd
 1809 00b6 00       		.byte	0
 1810 00b7 03       		.uleb128 0x3
 1811 00b8 0E       		.uleb128 0xe
 1812 00b9 3A       		.uleb128 0x3a
 1813 00ba 0B       		.uleb128 0xb
 1814 00bb 3B       		.uleb128 0x3b
ARM GAS  /tmp/ccuztrQh.s 			page 33


 1815 00bc 0B       		.uleb128 0xb
 1816 00bd 49       		.uleb128 0x49
 1817 00be 13       		.uleb128 0x13
 1818 00bf 00       		.byte	0
 1819 00c0 00       		.byte	0
 1820 00c1 10       		.uleb128 0x10
 1821 00c2 26       		.uleb128 0x26
 1822 00c3 00       		.byte	0
 1823 00c4 49       		.uleb128 0x49
 1824 00c5 13       		.uleb128 0x13
 1825 00c6 00       		.byte	0
 1826 00c7 00       		.byte	0
 1827 00c8 11       		.uleb128 0x11
 1828 00c9 15       		.uleb128 0x15
 1829 00ca 01       		.byte	0x1
 1830 00cb 27       		.uleb128 0x27
 1831 00cc 0C       		.uleb128 0xc
 1832 00cd 01       		.uleb128 0x1
 1833 00ce 13       		.uleb128 0x13
 1834 00cf 00       		.byte	0
 1835 00d0 00       		.byte	0
 1836 00d1 12       		.uleb128 0x12
 1837 00d2 05       		.uleb128 0x5
 1838 00d3 00       		.byte	0
 1839 00d4 49       		.uleb128 0x49
 1840 00d5 13       		.uleb128 0x13
 1841 00d6 00       		.byte	0
 1842 00d7 00       		.byte	0
 1843 00d8 13       		.uleb128 0x13
 1844 00d9 15       		.uleb128 0x15
 1845 00da 01       		.byte	0x1
 1846 00db 27       		.uleb128 0x27
 1847 00dc 0C       		.uleb128 0xc
 1848 00dd 49       		.uleb128 0x49
 1849 00de 13       		.uleb128 0x13
 1850 00df 01       		.uleb128 0x1
 1851 00e0 13       		.uleb128 0x13
 1852 00e1 00       		.byte	0
 1853 00e2 00       		.byte	0
 1854 00e3 14       		.uleb128 0x14
 1855 00e4 16       		.uleb128 0x16
 1856 00e5 00       		.byte	0
 1857 00e6 03       		.uleb128 0x3
 1858 00e7 0E       		.uleb128 0xe
 1859 00e8 3A       		.uleb128 0x3a
 1860 00e9 0B       		.uleb128 0xb
 1861 00ea 3B       		.uleb128 0x3b
 1862 00eb 05       		.uleb128 0x5
 1863 00ec 49       		.uleb128 0x49
 1864 00ed 13       		.uleb128 0x13
 1865 00ee 00       		.byte	0
 1866 00ef 00       		.byte	0
 1867 00f0 15       		.uleb128 0x15
 1868 00f1 13       		.uleb128 0x13
 1869 00f2 01       		.byte	0x1
 1870 00f3 0B       		.uleb128 0xb
 1871 00f4 0B       		.uleb128 0xb
ARM GAS  /tmp/ccuztrQh.s 			page 34


 1872 00f5 3A       		.uleb128 0x3a
 1873 00f6 0B       		.uleb128 0xb
 1874 00f7 3B       		.uleb128 0x3b
 1875 00f8 05       		.uleb128 0x5
 1876 00f9 01       		.uleb128 0x1
 1877 00fa 13       		.uleb128 0x13
 1878 00fb 00       		.byte	0
 1879 00fc 00       		.byte	0
 1880 00fd 16       		.uleb128 0x16
 1881 00fe 0D       		.uleb128 0xd
 1882 00ff 00       		.byte	0
 1883 0100 03       		.uleb128 0x3
 1884 0101 0E       		.uleb128 0xe
 1885 0102 3A       		.uleb128 0x3a
 1886 0103 0B       		.uleb128 0xb
 1887 0104 3B       		.uleb128 0x3b
 1888 0105 05       		.uleb128 0x5
 1889 0106 49       		.uleb128 0x49
 1890 0107 13       		.uleb128 0x13
 1891 0108 38       		.uleb128 0x38
 1892 0109 0A       		.uleb128 0xa
 1893 010a 00       		.byte	0
 1894 010b 00       		.byte	0
 1895 010c 17       		.uleb128 0x17
 1896 010d 0D       		.uleb128 0xd
 1897 010e 00       		.byte	0
 1898 010f 03       		.uleb128 0x3
 1899 0110 08       		.uleb128 0x8
 1900 0111 3A       		.uleb128 0x3a
 1901 0112 0B       		.uleb128 0xb
 1902 0113 3B       		.uleb128 0x3b
 1903 0114 0B       		.uleb128 0xb
 1904 0115 49       		.uleb128 0x49
 1905 0116 13       		.uleb128 0x13
 1906 0117 00       		.byte	0
 1907 0118 00       		.byte	0
 1908 0119 18       		.uleb128 0x18
 1909 011a 04       		.uleb128 0x4
 1910 011b 01       		.byte	0x1
 1911 011c 0B       		.uleb128 0xb
 1912 011d 0B       		.uleb128 0xb
 1913 011e 3A       		.uleb128 0x3a
 1914 011f 0B       		.uleb128 0xb
 1915 0120 3B       		.uleb128 0x3b
 1916 0121 0B       		.uleb128 0xb
 1917 0122 01       		.uleb128 0x1
 1918 0123 13       		.uleb128 0x13
 1919 0124 00       		.byte	0
 1920 0125 00       		.byte	0
 1921 0126 19       		.uleb128 0x19
 1922 0127 28       		.uleb128 0x28
 1923 0128 00       		.byte	0
 1924 0129 03       		.uleb128 0x3
 1925 012a 0E       		.uleb128 0xe
 1926 012b 1C       		.uleb128 0x1c
 1927 012c 0D       		.uleb128 0xd
 1928 012d 00       		.byte	0
ARM GAS  /tmp/ccuztrQh.s 			page 35


 1929 012e 00       		.byte	0
 1930 012f 1A       		.uleb128 0x1a
 1931 0130 01       		.uleb128 0x1
 1932 0131 01       		.byte	0x1
 1933 0132 49       		.uleb128 0x49
 1934 0133 13       		.uleb128 0x13
 1935 0134 01       		.uleb128 0x1
 1936 0135 13       		.uleb128 0x13
 1937 0136 00       		.byte	0
 1938 0137 00       		.byte	0
 1939 0138 1B       		.uleb128 0x1b
 1940 0139 21       		.uleb128 0x21
 1941 013a 00       		.byte	0
 1942 013b 49       		.uleb128 0x49
 1943 013c 13       		.uleb128 0x13
 1944 013d 2F       		.uleb128 0x2f
 1945 013e 0B       		.uleb128 0xb
 1946 013f 00       		.byte	0
 1947 0140 00       		.byte	0
 1948 0141 1C       		.uleb128 0x1c
 1949 0142 2E       		.uleb128 0x2e
 1950 0143 01       		.byte	0x1
 1951 0144 03       		.uleb128 0x3
 1952 0145 0E       		.uleb128 0xe
 1953 0146 3A       		.uleb128 0x3a
 1954 0147 0B       		.uleb128 0xb
 1955 0148 3B       		.uleb128 0x3b
 1956 0149 0B       		.uleb128 0xb
 1957 014a 27       		.uleb128 0x27
 1958 014b 0C       		.uleb128 0xc
 1959 014c 49       		.uleb128 0x49
 1960 014d 13       		.uleb128 0x13
 1961 014e 11       		.uleb128 0x11
 1962 014f 01       		.uleb128 0x1
 1963 0150 12       		.uleb128 0x12
 1964 0151 01       		.uleb128 0x1
 1965 0152 40       		.uleb128 0x40
 1966 0153 06       		.uleb128 0x6
 1967 0154 01       		.uleb128 0x1
 1968 0155 13       		.uleb128 0x13
 1969 0156 00       		.byte	0
 1970 0157 00       		.byte	0
 1971 0158 1D       		.uleb128 0x1d
 1972 0159 05       		.uleb128 0x5
 1973 015a 00       		.byte	0
 1974 015b 03       		.uleb128 0x3
 1975 015c 08       		.uleb128 0x8
 1976 015d 3A       		.uleb128 0x3a
 1977 015e 0B       		.uleb128 0xb
 1978 015f 3B       		.uleb128 0x3b
 1979 0160 0B       		.uleb128 0xb
 1980 0161 49       		.uleb128 0x49
 1981 0162 13       		.uleb128 0x13
 1982 0163 02       		.uleb128 0x2
 1983 0164 06       		.uleb128 0x6
 1984 0165 00       		.byte	0
 1985 0166 00       		.byte	0
ARM GAS  /tmp/ccuztrQh.s 			page 36


 1986 0167 1E       		.uleb128 0x1e
 1987 0168 2E       		.uleb128 0x2e
 1988 0169 00       		.byte	0
 1989 016a 3F       		.uleb128 0x3f
 1990 016b 0C       		.uleb128 0xc
 1991 016c 03       		.uleb128 0x3
 1992 016d 0E       		.uleb128 0xe
 1993 016e 3A       		.uleb128 0x3a
 1994 016f 0B       		.uleb128 0xb
 1995 0170 3B       		.uleb128 0x3b
 1996 0171 0B       		.uleb128 0xb
 1997 0172 27       		.uleb128 0x27
 1998 0173 0C       		.uleb128 0xc
 1999 0174 49       		.uleb128 0x49
 2000 0175 13       		.uleb128 0x13
 2001 0176 11       		.uleb128 0x11
 2002 0177 01       		.uleb128 0x1
 2003 0178 12       		.uleb128 0x12
 2004 0179 01       		.uleb128 0x1
 2005 017a 40       		.uleb128 0x40
 2006 017b 06       		.uleb128 0x6
 2007 017c 00       		.byte	0
 2008 017d 00       		.byte	0
 2009 017e 1F       		.uleb128 0x1f
 2010 017f 34       		.uleb128 0x34
 2011 0180 00       		.byte	0
 2012 0181 03       		.uleb128 0x3
 2013 0182 0E       		.uleb128 0xe
 2014 0183 3A       		.uleb128 0x3a
 2015 0184 0B       		.uleb128 0xb
 2016 0185 3B       		.uleb128 0x3b
 2017 0186 0B       		.uleb128 0xb
 2018 0187 49       		.uleb128 0x49
 2019 0188 13       		.uleb128 0x13
 2020 0189 3F       		.uleb128 0x3f
 2021 018a 0C       		.uleb128 0xc
 2022 018b 3C       		.uleb128 0x3c
 2023 018c 0C       		.uleb128 0xc
 2024 018d 00       		.byte	0
 2025 018e 00       		.byte	0
 2026 018f 20       		.uleb128 0x20
 2027 0190 34       		.uleb128 0x34
 2028 0191 00       		.byte	0
 2029 0192 03       		.uleb128 0x3
 2030 0193 0E       		.uleb128 0xe
 2031 0194 3A       		.uleb128 0x3a
 2032 0195 0B       		.uleb128 0xb
 2033 0196 3B       		.uleb128 0x3b
 2034 0197 05       		.uleb128 0x5
 2035 0198 49       		.uleb128 0x49
 2036 0199 13       		.uleb128 0x13
 2037 019a 3F       		.uleb128 0x3f
 2038 019b 0C       		.uleb128 0xc
 2039 019c 3C       		.uleb128 0x3c
 2040 019d 0C       		.uleb128 0xc
 2041 019e 00       		.byte	0
 2042 019f 00       		.byte	0
ARM GAS  /tmp/ccuztrQh.s 			page 37


 2043 01a0 21       		.uleb128 0x21
 2044 01a1 34       		.uleb128 0x34
 2045 01a2 00       		.byte	0
 2046 01a3 03       		.uleb128 0x3
 2047 01a4 08       		.uleb128 0x8
 2048 01a5 3A       		.uleb128 0x3a
 2049 01a6 0B       		.uleb128 0xb
 2050 01a7 3B       		.uleb128 0x3b
 2051 01a8 05       		.uleb128 0x5
 2052 01a9 49       		.uleb128 0x49
 2053 01aa 13       		.uleb128 0x13
 2054 01ab 3F       		.uleb128 0x3f
 2055 01ac 0C       		.uleb128 0xc
 2056 01ad 3C       		.uleb128 0x3c
 2057 01ae 0C       		.uleb128 0xc
 2058 01af 00       		.byte	0
 2059 01b0 00       		.byte	0
 2060 01b1 22       		.uleb128 0x22
 2061 01b2 34       		.uleb128 0x34
 2062 01b3 00       		.byte	0
 2063 01b4 03       		.uleb128 0x3
 2064 01b5 0E       		.uleb128 0xe
 2065 01b6 3A       		.uleb128 0x3a
 2066 01b7 0B       		.uleb128 0xb
 2067 01b8 3B       		.uleb128 0x3b
 2068 01b9 0B       		.uleb128 0xb
 2069 01ba 49       		.uleb128 0x49
 2070 01bb 13       		.uleb128 0x13
 2071 01bc 02       		.uleb128 0x2
 2072 01bd 0A       		.uleb128 0xa
 2073 01be 00       		.byte	0
 2074 01bf 00       		.byte	0
 2075 01c0 23       		.uleb128 0x23
 2076 01c1 34       		.uleb128 0x34
 2077 01c2 00       		.byte	0
 2078 01c3 03       		.uleb128 0x3
 2079 01c4 0E       		.uleb128 0xe
 2080 01c5 3A       		.uleb128 0x3a
 2081 01c6 0B       		.uleb128 0xb
 2082 01c7 3B       		.uleb128 0x3b
 2083 01c8 0B       		.uleb128 0xb
 2084 01c9 49       		.uleb128 0x49
 2085 01ca 13       		.uleb128 0x13
 2086 01cb 3F       		.uleb128 0x3f
 2087 01cc 0C       		.uleb128 0xc
 2088 01cd 02       		.uleb128 0x2
 2089 01ce 0A       		.uleb128 0xa
 2090 01cf 00       		.byte	0
 2091 01d0 00       		.byte	0
 2092 01d1 00       		.byte	0
 2093              		.section	.debug_loc,"",%progbits
 2094              	.Ldebug_loc0:
 2095              	.LLST0:
 2096 0000 00000000 		.4byte	.LFB117
 2097 0004 08000000 		.4byte	.LCFI0
 2098 0008 0200     		.2byte	0x2
 2099 000a 7D       		.byte	0x7d
ARM GAS  /tmp/ccuztrQh.s 			page 38


 2100 000b 00       		.sleb128 0
 2101 000c 08000000 		.4byte	.LCFI0
 2102 0010 38000000 		.4byte	.LFE117
 2103 0014 0200     		.2byte	0x2
 2104 0016 7D       		.byte	0x7d
 2105 0017 10       		.sleb128 16
 2106 0018 00000000 		.4byte	0
 2107 001c 00000000 		.4byte	0
 2108              	.LLST1:
 2109 0020 00000000 		.4byte	.LVL0
 2110 0024 02000000 		.4byte	.LVL1
 2111 0028 0100     		.2byte	0x1
 2112 002a 50       		.byte	0x50
 2113 002b 00000000 		.4byte	0
 2114 002f 00000000 		.4byte	0
 2115              	.LLST2:
 2116 0033 00000000 		.4byte	.LFB118
 2117 0037 02000000 		.4byte	.LCFI1
 2118 003b 0200     		.2byte	0x2
 2119 003d 7D       		.byte	0x7d
 2120 003e 00       		.sleb128 0
 2121 003f 02000000 		.4byte	.LCFI1
 2122 0043 04000000 		.4byte	.LCFI2
 2123 0047 0200     		.2byte	0x2
 2124 0049 7D       		.byte	0x7d
 2125 004a 04       		.sleb128 4
 2126 004b 04000000 		.4byte	.LCFI2
 2127 004f 80000000 		.4byte	.LFE118
 2128 0053 0200     		.2byte	0x2
 2129 0055 7D       		.byte	0x7d
 2130 0056 10       		.sleb128 16
 2131 0057 00000000 		.4byte	0
 2132 005b 00000000 		.4byte	0
 2133              		.section	.debug_aranges,"",%progbits
 2134 0000 24000000 		.4byte	0x24
 2135 0004 0200     		.2byte	0x2
 2136 0006 00000000 		.4byte	.Ldebug_info0
 2137 000a 04       		.byte	0x4
 2138 000b 00       		.byte	0
 2139 000c 0000     		.2byte	0
 2140 000e 0000     		.2byte	0
 2141 0010 00000000 		.4byte	.LFB117
 2142 0014 38000000 		.4byte	.LFE117-.LFB117
 2143 0018 00000000 		.4byte	.LFB118
 2144 001c 80000000 		.4byte	.LFE118-.LFB118
 2145 0020 00000000 		.4byte	0
 2146 0024 00000000 		.4byte	0
 2147              		.section	.debug_ranges,"",%progbits
 2148              	.Ldebug_ranges0:
 2149 0000 00000000 		.4byte	.LFB117
 2150 0004 38000000 		.4byte	.LFE117
 2151 0008 00000000 		.4byte	.LFB118
 2152 000c 80000000 		.4byte	.LFE118
 2153 0010 00000000 		.4byte	0
 2154 0014 00000000 		.4byte	0
 2155              		.section	.debug_line,"",%progbits
 2156              	.Ldebug_line0:
ARM GAS  /tmp/ccuztrQh.s 			page 39


 2157 0000 92020000 		.section	.debug_str,"MS",%progbits,1
 2157      02004202 
 2157      00000201 
 2157      FB0E0D00 
 2157      01010101 
 2158              	.LASF2:
 2159 0000 73697A65 		.ascii	"size_t\000"
 2159      5F7400
 2160              	.LASF68:
 2161 0007 7264796D 		.ascii	"rdymsg\000"
 2161      736700
 2162              	.LASF13:
 2163 000e 75696E74 		.ascii	"uint64_t\000"
 2163      36345F74 
 2163      00
 2164              	.LASF83:
 2165 0017 4F757470 		.ascii	"OutputQueue\000"
 2165      75745175 
 2165      65756500 
 2166              	.LASF96:
 2167 0023 4F545950 		.ascii	"OTYPER\000"
 2167      455200
 2168              	.LASF95:
 2169 002a 4D4F4445 		.ascii	"MODER\000"
 2169      5200
 2170              	.LASF15:
 2171 0030 75696E74 		.ascii	"uint_fast16_t\000"
 2171      5F666173 
 2171      7431365F 
 2171      7400
 2172              	.LASF14:
 2173 003e 6C6F6E67 		.ascii	"long long unsigned int\000"
 2173      206C6F6E 
 2173      6720756E 
 2173      7369676E 
 2173      65642069 
 2174              	.LASF98:
 2175 0055 50555044 		.ascii	"PUPDR\000"
 2175      5200
 2176              	.LASF69:
 2177 005b 65786974 		.ascii	"exitcode\000"
 2177      636F6465 
 2177      00
 2178              	.LASF125:
 2179 0064 49544D5F 		.ascii	"ITM_RxBuffer\000"
 2179      52784275 
 2179      66666572 
 2179      00
 2180              	.LASF28:
 2181 0071 705F7072 		.ascii	"p_prio\000"
 2181      696F00
 2182              	.LASF122:
 2183 0078 72656164 		.ascii	"readt\000"
 2183      7400
 2184              	.LASF74:
 2185 007e 715F7761 		.ascii	"q_waiting\000"
 2185      6974696E 
ARM GAS  /tmp/ccuztrQh.s 			page 40


 2185      6700
 2186              	.LASF12:
 2187 0088 6C6F6E67 		.ascii	"long long int\000"
 2187      206C6F6E 
 2187      6720696E 
 2187      7400
 2188              	.LASF1:
 2189 0096 7369676E 		.ascii	"signed char\000"
 2189      65642063 
 2189      68617200 
 2190              	.LASF99:
 2191 00a2 42535252 		.ascii	"BSRR\000"
 2191      00
 2192              	.LASF91:
 2193 00a7 47545052 		.ascii	"GTPR\000"
 2193      00
 2194              	.LASF43:
 2195 00ac 705F6D70 		.ascii	"p_mpool\000"
 2195      6F6F6C00 
 2196              	.LASF16:
 2197 00b4 626F6F6C 		.ascii	"bool_t\000"
 2197      5F7400
 2198              	.LASF59:
 2199 00bb 6D5F7175 		.ascii	"m_queue\000"
 2199      65756500 
 2200              	.LASF112:
 2201 00c3 73746174 		.ascii	"state\000"
 2201      6500
 2202              	.LASF9:
 2203 00c9 6C6F6E67 		.ascii	"long int\000"
 2203      20696E74 
 2203      00
 2204              	.LASF127:
 2205 00d2 474E5520 		.ascii	"GNU C 4.6.2 20120613 (release) [ARM/embedded-4_6-br"
 2205      4320342E 
 2205      362E3220 
 2205      32303132 
 2205      30363133 
 2206 0105 616E6368 		.ascii	"anch revision 188521]\000"
 2206      20726576 
 2206      6973696F 
 2206      6E203138 
 2206      38353231 
 2207              	.LASF18:
 2208 011b 74737461 		.ascii	"tstate_t\000"
 2208      74655F74 
 2208      00
 2209              	.LASF35:
 2210 0124 705F7265 		.ascii	"p_refs\000"
 2210      667300
 2211              	.LASF76:
 2212 012b 715F6275 		.ascii	"q_buffer\000"
 2212      66666572 
 2212      00
 2213              	.LASF78:
 2214 0134 715F7772 		.ascii	"q_wrptr\000"
 2214      70747200 
ARM GAS  /tmp/ccuztrQh.s 			page 41


 2215              	.LASF36:
 2216 013c 705F7469 		.ascii	"p_time\000"
 2216      6D6500
 2217              	.LASF30:
 2218 0143 705F6E65 		.ascii	"p_newer\000"
 2218      77657200 
 2219              	.LASF119:
 2220 014b 70757477 		.ascii	"putwouldblock\000"
 2220      6F756C64 
 2220      626C6F63 
 2220      6B00
 2221              	.LASF97:
 2222 0159 4F535045 		.ascii	"OSPEEDR\000"
 2222      45445200 
 2223              	.LASF53:
 2224 0161 725F6E65 		.ascii	"r_newer\000"
 2224      77657200 
 2225              	.LASF46:
 2226 0169 72656761 		.ascii	"regarm_t\000"
 2226      726D5F74 
 2226      00
 2227              	.LASF66:
 2228 0172 4576656E 		.ascii	"EventSource\000"
 2228      74536F75 
 2228      72636500 
 2229              	.LASF24:
 2230 017e 636E745F 		.ascii	"cnt_t\000"
 2230      7400
 2231              	.LASF115:
 2232 0184 75736172 		.ascii	"usart\000"
 2232      7400
 2233              	.LASF0:
 2234 018a 756E7369 		.ascii	"unsigned int\000"
 2234      676E6564 
 2234      20696E74 
 2234      00
 2235              	.LASF6:
 2236 0197 75696E74 		.ascii	"uint16_t\000"
 2236      31365F74 
 2236      00
 2237              	.LASF116:
 2238 01a0 53657269 		.ascii	"SerialDriverVMT\000"
 2238      616C4472 
 2238      69766572 
 2238      564D5400 
 2239              	.LASF113:
 2240 01b0 69717565 		.ascii	"iqueue\000"
 2240      756500
 2241              	.LASF38:
 2242 01b7 705F6D73 		.ascii	"p_msgqueue\000"
 2242      67717565 
 2242      756500
 2243              	.LASF103:
 2244 01c2 4750494F 		.ascii	"GPIO_TypeDef\000"
 2244      5F547970 
 2244      65446566 
 2244      00
ARM GAS  /tmp/ccuztrQh.s 			page 42


 2245              	.LASF100:
 2246 01cf 4C434B52 		.ascii	"LCKR\000"
 2246      00
 2247              	.LASF129:
 2248 01d4 2F686F6D 		.ascii	"/home/pacifist/fox1/amsat-fox/stm32f4-devel\000"
 2248      652F7061 
 2248      63696669 
 2248      73742F66 
 2248      6F78312F 
 2249              	.LASF110:
 2250 0200 6576656E 		.ascii	"event\000"
 2250      7400
 2251              	.LASF7:
 2252 0206 73686F72 		.ascii	"short unsigned int\000"
 2252      7420756E 
 2252      7369676E 
 2252      65642069 
 2252      6E7400
 2253              	.LASF21:
 2254 0219 6D73675F 		.ascii	"msg_t\000"
 2254      7400
 2255              	.LASF114:
 2256 021f 6F717565 		.ascii	"oqueue\000"
 2256      756500
 2257              	.LASF93:
 2258 0226 55534152 		.ascii	"USART_TypeDef\000"
 2258      545F5479 
 2258      70654465 
 2258      6600
 2259              	.LASF121:
 2260 0234 77726974 		.ascii	"writet\000"
 2260      657400
 2261              	.LASF17:
 2262 023b 746D6F64 		.ascii	"tmode_t\000"
 2262      655F7400 
 2263              	.LASF45:
 2264 0243 54687265 		.ascii	"ThreadsList\000"
 2264      6164734C 
 2264      69737400 
 2265              	.LASF22:
 2266 024f 6576656E 		.ascii	"eventmask_t\000"
 2266      746D6173 
 2266      6B5F7400 
 2267              	.LASF82:
 2268 025b 496E7075 		.ascii	"InputQueue\000"
 2268      74517565 
 2268      756500
 2269              	.LASF81:
 2270 0266 716E6F74 		.ascii	"qnotify_t\000"
 2270      6966795F 
 2270      7400
 2271              	.LASF73:
 2272 0270 47656E65 		.ascii	"GenericQueue\000"
 2272      72696351 
 2272      75657565 
 2272      00
 2273              	.LASF47:
ARM GAS  /tmp/ccuztrQh.s 			page 43


 2274 027d 73746B61 		.ascii	"stkalign_t\000"
 2274      6C69676E 
 2274      5F7400
 2275              	.LASF130:
 2276 0288 54687265 		.ascii	"Thread1\000"
 2276      61643100 
 2277              	.LASF117:
 2278 0290 77726974 		.ascii	"write\000"
 2278      6500
 2279              	.LASF94:
 2280 0296 636C6561 		.ascii	"clear\000"
 2280      7200
 2281              	.LASF58:
 2282 029c 4D757465 		.ascii	"Mutex\000"
 2282      7800
 2283              	.LASF104:
 2284 02a2 696F706F 		.ascii	"ioportmask_t\000"
 2284      72746D61 
 2284      736B5F74 
 2284      00
 2285              	.LASF31:
 2286 02af 705F6F6C 		.ascii	"p_older\000"
 2286      64657200 
 2287              	.LASF52:
 2288 02b7 725F6374 		.ascii	"r_ctx\000"
 2288      7800
 2289              	.LASF44:
 2290 02bd 54687265 		.ascii	"ThreadsQueue\000"
 2290      61647351 
 2290      75657565 
 2290      00
 2291              	.LASF128:
 2292 02ca 6D61696E 		.ascii	"main.c\000"
 2292      2E6300
 2293              	.LASF54:
 2294 02d1 725F6F6C 		.ascii	"r_older\000"
 2294      64657200 
 2295              	.LASF65:
 2296 02d9 656C5F6D 		.ascii	"el_mask\000"
 2296      61736B00 
 2297              	.LASF102:
 2298 02e1 41465248 		.ascii	"AFRH\000"
 2298      00
 2299              	.LASF126:
 2300 02e6 77615541 		.ascii	"waUART_Thread\000"
 2300      52545F54 
 2300      68726561 
 2300      6400
 2301              	.LASF101:
 2302 02f4 4146524C 		.ascii	"AFRL\000"
 2302      00
 2303              	.LASF132:
 2304 02f9 77615468 		.ascii	"waThread1\000"
 2304      72656164 
 2304      3100
 2305              	.LASF19:
 2306 0303 74726566 		.ascii	"trefs_t\000"
ARM GAS  /tmp/ccuztrQh.s 			page 44


 2306      735F7400 
 2307              	.LASF85:
 2308 030b 52455345 		.ascii	"RESERVED0\000"
 2308      52564544 
 2308      3000
 2309              	.LASF86:
 2310 0315 52455345 		.ascii	"RESERVED1\000"
 2310      52564544 
 2310      3100
 2311              	.LASF87:
 2312 031f 52455345 		.ascii	"RESERVED2\000"
 2312      52564544 
 2312      3200
 2313              	.LASF88:
 2314 0329 52455345 		.ascii	"RESERVED3\000"
 2314      52564544 
 2314      3300
 2315              	.LASF89:
 2316 0333 52455345 		.ascii	"RESERVED4\000"
 2316      52564544 
 2316      3400
 2317              	.LASF27:
 2318 033d 705F7072 		.ascii	"p_prev\000"
 2318      657600
 2319              	.LASF92:
 2320 0344 52455345 		.ascii	"RESERVED6\000"
 2320      52564544 
 2320      3600
 2321              	.LASF20:
 2322 034e 74707269 		.ascii	"tprio_t\000"
 2322      6F5F7400 
 2323              	.LASF79:
 2324 0356 715F7264 		.ascii	"q_rdptr\000"
 2324      70747200 
 2325              	.LASF55:
 2326 035e 725F7072 		.ascii	"r_preempt\000"
 2326      65656D70 
 2326      7400
 2327              	.LASF8:
 2328 0368 696E7433 		.ascii	"int32_t\000"
 2328      325F7400 
 2329              	.LASF4:
 2330 0370 756E7369 		.ascii	"unsigned char\000"
 2330      676E6564 
 2330      20636861 
 2330      7200
 2331              	.LASF64:
 2332 037e 656C5F6C 		.ascii	"el_listener\000"
 2332      69737465 
 2332      6E657200 
 2333              	.LASF41:
 2334 038a 705F6D74 		.ascii	"p_mtxlist\000"
 2334      786C6973 
 2334      7400
 2335              	.LASF5:
 2336 0394 73686F72 		.ascii	"short int\000"
 2336      7420696E 
ARM GAS  /tmp/ccuztrQh.s 			page 45


 2336      7400
 2337              	.LASF33:
 2338 039e 705F7374 		.ascii	"p_state\000"
 2338      61746500 
 2339              	.LASF51:
 2340 03a6 725F7072 		.ascii	"r_prio\000"
 2340      696F00
 2341              	.LASF71:
 2342 03ad 65776D61 		.ascii	"ewmask\000"
 2342      736B00
 2343              	.LASF26:
 2344 03b4 705F6E65 		.ascii	"p_next\000"
 2344      787400
 2345              	.LASF34:
 2346 03bb 705F666C 		.ascii	"p_flags\000"
 2346      61677300 
 2347              	.LASF63:
 2348 03c3 656C5F6E 		.ascii	"el_next\000"
 2348      65787400 
 2349              	.LASF106:
 2350 03cb 53445F53 		.ascii	"SD_STOP\000"
 2350      544F5000 
 2351              	.LASF25:
 2352 03d3 54687265 		.ascii	"Thread\000"
 2352      616400
 2353              	.LASF40:
 2354 03da 705F6570 		.ascii	"p_epending\000"
 2354      656E6469 
 2354      6E6700
 2355              	.LASF105:
 2356 03e5 53445F55 		.ascii	"SD_UNINIT\000"
 2356      4E494E49 
 2356      5400
 2357              	.LASF90:
 2358 03ef 52455345 		.ascii	"RESERVED5\000"
 2358      52564544 
 2358      3500
 2359              	.LASF75:
 2360 03f9 715F636F 		.ascii	"q_counter\000"
 2360      756E7465 
 2360      7200
 2361              	.LASF50:
 2362 0403 725F7175 		.ascii	"r_queue\000"
 2362      65756500 
 2363              	.LASF108:
 2364 040b 73647374 		.ascii	"sdstate_t\000"
 2364      6174655F 
 2364      7400
 2365              	.LASF109:
 2366 0415 53657269 		.ascii	"SerialDriver\000"
 2366      616C4472 
 2366      69766572 
 2366      00
 2367              	.LASF11:
 2368 0422 6C6F6E67 		.ascii	"long unsigned int\000"
 2368      20756E73 
 2368      69676E65 
ARM GAS  /tmp/ccuztrQh.s 			page 46


 2368      6420696E 
 2368      7400
 2369              	.LASF56:
 2370 0434 725F6375 		.ascii	"r_current\000"
 2370      7272656E 
 2370      7400
 2371              	.LASF118:
 2372 043e 72656164 		.ascii	"read\000"
 2372      00
 2373              	.LASF72:
 2374 0443 63686172 		.ascii	"char\000"
 2374      00
 2375              	.LASF39:
 2376 0448 705F6D73 		.ascii	"p_msg\000"
 2376      6700
 2377              	.LASF61:
 2378 044e 6D5F6E65 		.ascii	"m_next\000"
 2378      787400
 2379              	.LASF23:
 2380 0455 73797374 		.ascii	"systime_t\000"
 2380      696D655F 
 2380      7400
 2381              	.LASF42:
 2382 045f 705F7265 		.ascii	"p_realprio\000"
 2382      616C7072 
 2382      696F00
 2383              	.LASF123:
 2384 046a 67657466 		.ascii	"getflags\000"
 2384      6C616773 
 2384      00
 2385              	.LASF49:
 2386 0473 636F6E74 		.ascii	"context\000"
 2386      65787400 
 2387              	.LASF84:
 2388 047b 696F666C 		.ascii	"ioflags_t\000"
 2388      6167735F 
 2388      7400
 2389              	.LASF48:
 2390 0485 696E7463 		.ascii	"intctx\000"
 2390      747800
 2391              	.LASF107:
 2392 048c 53445F52 		.ascii	"SD_READY\000"
 2392      45414459 
 2392      00
 2393              	.LASF10:
 2394 0495 75696E74 		.ascii	"uint32_t\000"
 2394      33325F74 
 2394      00
 2395              	.LASF77:
 2396 049e 715F746F 		.ascii	"q_top\000"
 2396      7000
 2397              	.LASF32:
 2398 04a4 705F6E61 		.ascii	"p_name\000"
 2398      6D6500
 2399              	.LASF67:
 2400 04ab 65735F6E 		.ascii	"es_next\000"
 2400      65787400 
ARM GAS  /tmp/ccuztrQh.s 			page 47


 2401              	.LASF57:
 2402 04b3 52656164 		.ascii	"ReadyList\000"
 2402      794C6973 
 2402      7400
 2403              	.LASF80:
 2404 04bd 715F6E6F 		.ascii	"q_notify\000"
 2404      74696679 
 2404      00
 2405              	.LASF124:
 2406 04c6 726C6973 		.ascii	"rlist\000"
 2406      7400
 2407              	.LASF3:
 2408 04cc 75696E74 		.ascii	"uint8_t\000"
 2408      385F7400 
 2409              	.LASF111:
 2410 04d4 666C6167 		.ascii	"flags\000"
 2410      7300
 2411              	.LASF62:
 2412 04da 4576656E 		.ascii	"EventListener\000"
 2412      744C6973 
 2412      74656E65 
 2412      7200
 2413              	.LASF70:
 2414 04e8 77746F62 		.ascii	"wtobjp\000"
 2414      6A7000
 2415              	.LASF120:
 2416 04ef 67657477 		.ascii	"getwouldblock\000"
 2416      6F756C64 
 2416      626C6F63 
 2416      6B00
 2417              	.LASF131:
 2418 04fd 6D61696E 		.ascii	"main\000"
 2418      00
 2419              	.LASF60:
 2420 0502 6D5F6F77 		.ascii	"m_owner\000"
 2420      6E657200 
 2421              	.LASF29:
 2422 050a 705F6374 		.ascii	"p_ctx\000"
 2422      7800
 2423              	.LASF37:
 2424 0510 705F7761 		.ascii	"p_waiting\000"
 2424      6974696E 
 2424      6700
 2425              		.ident	"GCC: (GNU Tools for ARM Embedded Processors) 4.6.2 20120613 (release) [ARM/embedded-4_6-br
ARM GAS  /tmp/ccuztrQh.s 			page 48


DEFINED SYMBOLS
                            *ABS*:00000000 main.c
     /tmp/ccuztrQh.s:19     .text.Thread1:00000000 $t
     /tmp/ccuztrQh.s:24     .text.Thread1:00000000 Thread1
     /tmp/ccuztrQh.s:68     .text.Thread1:00000030 $d
     /tmp/ccuztrQh.s:74     .text.startup.main:00000000 $t
     /tmp/ccuztrQh.s:80     .text.startup.main:00000000 main
     /tmp/ccuztrQh.s:139    .text.startup.main:0000006c $d
     /tmp/ccuztrQh.s:164    .bss.waUART_Thread:00000000 waUART_Thread
     /tmp/ccuztrQh.s:149    .bss.waThread1:00000000 $d
     /tmp/ccuztrQh.s:153    .bss.waThread1:00000000 waThread1
     /tmp/ccuztrQh.s:156    .rodata.str1.4:00000000 $d
     /tmp/ccuztrQh.s:160    .bss.waUART_Thread:00000000 $d
                     .debug_frame:00000010 $d
     /tmp/ccuztrQh.s:73     .text.Thread1:00000038 $t

UNDEFINED SYMBOLS
chThdSleep
rlist
halInit
chSysInit
sdStart
_pal_lld_setgroupmode
chThdCreateStatic
configureSPIFlash
SD3
UART_Thread
