ARM GAS  /tmp/ccruJiuF.s 			page 1


   1              		.syntax unified
   2              		.cpu cortex-m4
   3              		.fpu softvfp
   4              		.eabi_attribute 20, 1
   5              		.eabi_attribute 21, 1
   6              		.eabi_attribute 23, 3
   7              		.eabi_attribute 24, 1
   8              		.eabi_attribute 25, 1
   9              		.eabi_attribute 26, 1
  10              		.eabi_attribute 30, 2
  11              		.eabi_attribute 34, 1
  12              		.eabi_attribute 18, 4
  13              		.thumb
  14              		.file	"pal.c"
  15              		.text
  16              	.Ltext0:
  17              		.cfi_sections	.debug_frame
  18              		.section	.text.palReadBus,"ax",%progbits
  19              		.align	2
  20              		.p2align 4,,15
  21              		.global	palReadBus
  22              		.thumb
  23              		.thumb_func
  24              		.type	palReadBus, %function
  25              	palReadBus:
  26              	.LFB117:
  27              		.file 1 "./os/hal/src/pal.c"
  28              		.loc 1 76 0
  29              		.cfi_startproc
  30              		@ args = 0, pretend = 0, frame = 0
  31              		@ frame_needed = 0, uses_anonymous_args = 0
  32              		@ link register save eliminated.
  33              	.LVL0:
  34              		.loc 1 81 0
  35 0000 0368     		ldr	r3, [r0, #0]
  36 0002 8268     		ldr	r2, [r0, #8]
  37 0004 1969     		ldr	r1, [r3, #16]
  38 0006 4368     		ldr	r3, [r0, #4]
  39 0008 21FA02F0 		lsr	r0, r1, r2
  40              	.LVL1:
  41 000c 1840     		ands	r0, r0, r3
  42              		.loc 1 82 0
  43 000e 7047     		bx	lr
  44              		.cfi_endproc
  45              	.LFE117:
  46              		.size	palReadBus, .-palReadBus
  47              		.section	.text.palWriteBus,"ax",%progbits
  48              		.align	2
  49              		.p2align 4,,15
  50              		.global	palWriteBus
  51              		.thumb
  52              		.thumb_func
  53              		.type	palWriteBus, %function
  54              	palWriteBus:
  55              	.LFB118:
  56              		.loc 1 101 0
  57              		.cfi_startproc
ARM GAS  /tmp/ccruJiuF.s 			page 2


  58              		@ args = 0, pretend = 0, frame = 0
  59              		@ frame_needed = 0, uses_anonymous_args = 0
  60              		@ link register save eliminated.
  61              	.LVL2:
  62              		.loc 1 106 0
  63 0000 0DC8     		ldmia	r0, {r0, r2, r3}
  64              	.LVL3:
  65              		.loc 1 101 0
  66 0002 30B4     		push	{r4, r5}
  67              	.LCFI0:
  68              		.cfi_def_cfa_offset 8
  69              		.cfi_offset 5, -4
  70              		.cfi_offset 4, -8
  71              		.loc 1 106 0
  72 0004 22EA0105 		bic	r5, r2, r1
  73 0008 03F11004 		add	r4, r3, #16
  74 000c 0A40     		ands	r2, r2, r1
  75 000e 05FA04F4 		lsl	r4, r5, r4
  76 0012 02FA03F1 		lsl	r1, r2, r3
  77              	.LVL4:
  78 0016 44EA0103 		orr	r3, r4, r1
  79 001a 8361     		str	r3, [r0, #24]
  80              		.loc 1 107 0
  81 001c 30BC     		pop	{r4, r5}
  82 001e 7047     		bx	lr
  83              		.cfi_endproc
  84              	.LFE118:
  85              		.size	palWriteBus, .-palWriteBus
  86              		.section	.text.palSetBusMode,"ax",%progbits
  87              		.align	2
  88              		.p2align 4,,15
  89              		.global	palSetBusMode
  90              		.thumb
  91              		.thumb_func
  92              		.type	palSetBusMode, %function
  93              	palSetBusMode:
  94              	.LFB119:
  95              		.loc 1 124 0
  96              		.cfi_startproc
  97              		@ args = 0, pretend = 0, frame = 0
  98              		@ frame_needed = 0, uses_anonymous_args = 0
  99              		@ link register save eliminated.
 100              	.LVL5:
 101              		.loc 1 124 0
 102 0000 0A46     		mov	r2, r1
 103              		.loc 1 129 0
 104 0002 0BC8     		ldmia	r0, {r0, r1, r3}
 105              	.LVL6:
 106 0004 01FA03F1 		lsl	r1, r1, r3
 107              		.loc 1 130 0
 108              		.loc 1 129 0
 109 0008 FFF7FEBF 		b	_pal_lld_setgroupmode
 110              	.LVL7:
 111              		.cfi_endproc
 112              	.LFE119:
 113              		.size	palSetBusMode, .-palSetBusMode
 114 000c AFF30080 		.text
ARM GAS  /tmp/ccruJiuF.s 			page 3


 115              	.Letext0:
 116              		.file 2 "/usr/bin/../lib/gcc/arm-none-eabi/4.6.2/../../../../arm-none-eabi/include/stdint.h"
 117              		.file 3 "./os/hal/platforms/STM32/GPIOv2/pal_lld.h"
 118              		.file 4 "./os/hal/include/pal.h"
 119              		.file 5 "./os/ports/common/ARMCMx/CMSIS/include/core_cm4.h"
 120              		.section	.debug_info,"",%progbits
 121              	.Ldebug_info0:
 122 0000 B0020000 		.4byte	0x2b0
 123 0004 0200     		.2byte	0x2
 124 0006 00000000 		.4byte	.Ldebug_abbrev0
 125 000a 04       		.byte	0x4
 126 000b 01       		.uleb128 0x1
 127 000c 6C000000 		.4byte	.LASF36
 128 0010 01       		.byte	0x1
 129 0011 13010000 		.4byte	.LASF37
 130 0015 70010000 		.4byte	.LASF38
 131 0019 00000000 		.4byte	0
 132 001d 00000000 		.4byte	0
 133 0021 00000000 		.4byte	.Ldebug_ranges0+0
 134 0025 00000000 		.4byte	.Ldebug_line0
 135 0029 02       		.uleb128 0x2
 136 002a 04       		.byte	0x4
 137 002b 05       		.byte	0x5
 138 002c 696E7400 		.ascii	"int\000"
 139 0030 03       		.uleb128 0x3
 140 0031 04       		.byte	0x4
 141 0032 07       		.byte	0x7
 142 0033 26010000 		.4byte	.LASF0
 143 0037 03       		.uleb128 0x3
 144 0038 01       		.byte	0x1
 145 0039 06       		.byte	0x6
 146 003a C7010000 		.4byte	.LASF1
 147 003e 03       		.uleb128 0x3
 148 003f 01       		.byte	0x1
 149 0040 08       		.byte	0x8
 150 0041 F3000000 		.4byte	.LASF2
 151 0045 03       		.uleb128 0x3
 152 0046 02       		.byte	0x2
 153 0047 05       		.byte	0x5
 154 0048 01010000 		.4byte	.LASF3
 155 004c 04       		.uleb128 0x4
 156 004d AC010000 		.4byte	.LASF5
 157 0051 02       		.byte	0x2
 158 0052 36       		.byte	0x36
 159 0053 57000000 		.4byte	0x57
 160 0057 03       		.uleb128 0x3
 161 0058 02       		.byte	0x2
 162 0059 07       		.byte	0x7
 163 005a CE000000 		.4byte	.LASF4
 164 005e 04       		.uleb128 0x4
 165 005f 4A010000 		.4byte	.LASF6
 166 0063 02       		.byte	0x2
 167 0064 4F       		.byte	0x4f
 168 0065 69000000 		.4byte	0x69
 169 0069 03       		.uleb128 0x3
 170 006a 04       		.byte	0x4
 171 006b 05       		.byte	0x5
ARM GAS  /tmp/ccruJiuF.s 			page 4


 172 006c BE010000 		.4byte	.LASF7
 173 0070 04       		.uleb128 0x4
 174 0071 B5010000 		.4byte	.LASF8
 175 0075 02       		.byte	0x2
 176 0076 50       		.byte	0x50
 177 0077 7B000000 		.4byte	0x7b
 178 007b 03       		.uleb128 0x3
 179 007c 04       		.byte	0x4
 180 007d 07       		.byte	0x7
 181 007e BC000000 		.4byte	.LASF9
 182 0082 03       		.uleb128 0x3
 183 0083 08       		.byte	0x8
 184 0084 05       		.byte	0x5
 185 0085 58010000 		.4byte	.LASF10
 186 0089 03       		.uleb128 0x3
 187 008a 08       		.byte	0x8
 188 008b 07       		.byte	0x7
 189 008c D3010000 		.4byte	.LASF11
 190 0090 04       		.uleb128 0x4
 191 0091 1C000000 		.4byte	.LASF12
 192 0095 02       		.byte	0x2
 193 0096 A0       		.byte	0xa0
 194 0097 30000000 		.4byte	0x30
 195 009b 05       		.uleb128 0x5
 196 009c 70000000 		.4byte	0x70
 197 00a0 03       		.uleb128 0x3
 198 00a1 01       		.byte	0x1
 199 00a2 08       		.byte	0x8
 200 00a3 40010000 		.4byte	.LASF13
 201 00a7 05       		.uleb128 0x5
 202 00a8 5E000000 		.4byte	0x5e
 203 00ac 06       		.uleb128 0x6
 204 00ad 04       		.byte	0x4
 205 00ae 03       		.byte	0x3
 206 00af 9D       		.byte	0x9d
 207 00b0 D1000000 		.4byte	0xd1
 208 00b4 07       		.uleb128 0x7
 209 00b5 73657400 		.ascii	"set\000"
 210 00b9 03       		.byte	0x3
 211 00ba 9E       		.byte	0x9e
 212 00bb 4C000000 		.4byte	0x4c
 213 00bf 02       		.byte	0x2
 214 00c0 23       		.byte	0x23
 215 00c1 00       		.uleb128 0
 216 00c2 08       		.uleb128 0x8
 217 00c3 05000000 		.4byte	.LASF14
 218 00c7 03       		.byte	0x3
 219 00c8 9F       		.byte	0x9f
 220 00c9 4C000000 		.4byte	0x4c
 221 00cd 02       		.byte	0x2
 222 00ce 23       		.byte	0x23
 223 00cf 02       		.uleb128 0x2
 224 00d0 00       		.byte	0
 225 00d1 09       		.uleb128 0x9
 226 00d2 04       		.byte	0x4
 227 00d3 03       		.byte	0x3
 228 00d4 9B       		.byte	0x9b
ARM GAS  /tmp/ccruJiuF.s 			page 5


 229 00d5 EC000000 		.4byte	0xec
 230 00d9 0A       		.uleb128 0xa
 231 00da 5700     		.ascii	"W\000"
 232 00dc 03       		.byte	0x3
 233 00dd 9C       		.byte	0x9c
 234 00de 70000000 		.4byte	0x70
 235 00e2 0A       		.uleb128 0xa
 236 00e3 4800     		.ascii	"H\000"
 237 00e5 03       		.byte	0x3
 238 00e6 A0       		.byte	0xa0
 239 00e7 AC000000 		.4byte	0xac
 240 00eb 00       		.byte	0
 241 00ec 06       		.uleb128 0x6
 242 00ed 28       		.byte	0x28
 243 00ee 03       		.byte	0x3
 244 00ef 93       		.byte	0x93
 245 00f0 81010000 		.4byte	0x181
 246 00f4 08       		.uleb128 0x8
 247 00f5 0B000000 		.4byte	.LASF15
 248 00f9 03       		.byte	0x3
 249 00fa 95       		.byte	0x95
 250 00fb 9B000000 		.4byte	0x9b
 251 00ff 02       		.byte	0x2
 252 0100 23       		.byte	0x23
 253 0101 00       		.uleb128 0
 254 0102 08       		.uleb128 0x8
 255 0103 5C000000 		.4byte	.LASF16
 256 0107 03       		.byte	0x3
 257 0108 96       		.byte	0x96
 258 0109 9B000000 		.4byte	0x9b
 259 010d 02       		.byte	0x2
 260 010e 23       		.byte	0x23
 261 010f 04       		.uleb128 0x4
 262 0110 08       		.uleb128 0x8
 263 0111 0B010000 		.4byte	.LASF17
 264 0115 03       		.byte	0x3
 265 0116 97       		.byte	0x97
 266 0117 9B000000 		.4byte	0x9b
 267 011b 02       		.byte	0x2
 268 011c 23       		.byte	0x23
 269 011d 08       		.uleb128 0x8
 270 011e 08       		.uleb128 0x8
 271 011f 52010000 		.4byte	.LASF18
 272 0123 03       		.byte	0x3
 273 0124 98       		.byte	0x98
 274 0125 9B000000 		.4byte	0x9b
 275 0129 02       		.byte	0x2
 276 012a 23       		.byte	0x23
 277 012b 0C       		.uleb128 0xc
 278 012c 07       		.uleb128 0x7
 279 012d 49445200 		.ascii	"IDR\000"
 280 0131 03       		.byte	0x3
 281 0132 99       		.byte	0x99
 282 0133 9B000000 		.4byte	0x9b
 283 0137 02       		.byte	0x2
 284 0138 23       		.byte	0x23
 285 0139 10       		.uleb128 0x10
ARM GAS  /tmp/ccruJiuF.s 			page 6


 286 013a 07       		.uleb128 0x7
 287 013b 4F445200 		.ascii	"ODR\000"
 288 013f 03       		.byte	0x3
 289 0140 9A       		.byte	0x9a
 290 0141 9B000000 		.4byte	0x9b
 291 0145 02       		.byte	0x2
 292 0146 23       		.byte	0x23
 293 0147 14       		.uleb128 0x14
 294 0148 08       		.uleb128 0x8
 295 0149 29000000 		.4byte	.LASF19
 296 014d 03       		.byte	0x3
 297 014e A1       		.byte	0xa1
 298 014f 81010000 		.4byte	0x181
 299 0153 02       		.byte	0x2
 300 0154 23       		.byte	0x23
 301 0155 18       		.uleb128 0x18
 302 0156 08       		.uleb128 0x8
 303 0157 00000000 		.4byte	.LASF20
 304 015b 03       		.byte	0x3
 305 015c A2       		.byte	0xa2
 306 015d 9B000000 		.4byte	0x9b
 307 0161 02       		.byte	0x2
 308 0162 23       		.byte	0x23
 309 0163 1C       		.uleb128 0x1c
 310 0164 08       		.uleb128 0x8
 311 0165 E1000000 		.4byte	.LASF21
 312 0169 03       		.byte	0x3
 313 016a A3       		.byte	0xa3
 314 016b 9B000000 		.4byte	0x9b
 315 016f 02       		.byte	0x2
 316 0170 23       		.byte	0x23
 317 0171 20       		.uleb128 0x20
 318 0172 08       		.uleb128 0x8
 319 0173 9C010000 		.4byte	.LASF22
 320 0177 03       		.byte	0x3
 321 0178 A4       		.byte	0xa4
 322 0179 9B000000 		.4byte	0x9b
 323 017d 02       		.byte	0x2
 324 017e 23       		.byte	0x23
 325 017f 24       		.uleb128 0x24
 326 0180 00       		.byte	0
 327 0181 05       		.uleb128 0x5
 328 0182 D1000000 		.4byte	0xd1
 329 0186 04       		.uleb128 0x4
 330 0187 33010000 		.4byte	.LASF23
 331 018b 03       		.byte	0x3
 332 018c A5       		.byte	0xa5
 333 018d EC000000 		.4byte	0xec
 334 0191 04       		.uleb128 0x4
 335 0192 4F000000 		.4byte	.LASF24
 336 0196 03       		.byte	0x3
 337 0197 EF       		.byte	0xef
 338 0198 70000000 		.4byte	0x70
 339 019c 04       		.uleb128 0x4
 340 019d 63000000 		.4byte	.LASF25
 341 01a1 03       		.byte	0x3
 342 01a2 F4       		.byte	0xf4
ARM GAS  /tmp/ccruJiuF.s 			page 7


 343 01a3 70000000 		.4byte	0x70
 344 01a7 04       		.uleb128 0x4
 345 01a8 A1010000 		.4byte	.LASF26
 346 01ac 03       		.byte	0x3
 347 01ad FC       		.byte	0xfc
 348 01ae B2010000 		.4byte	0x1b2
 349 01b2 0B       		.uleb128 0xb
 350 01b3 04       		.byte	0x4
 351 01b4 86010000 		.4byte	0x186
 352 01b8 06       		.uleb128 0x6
 353 01b9 0C       		.byte	0xc
 354 01ba 04       		.byte	0x4
 355 01bb 85       		.byte	0x85
 356 01bc EB010000 		.4byte	0x1eb
 357 01c0 08       		.uleb128 0x8
 358 01c1 48000000 		.4byte	.LASF27
 359 01c5 04       		.byte	0x4
 360 01c6 89       		.byte	0x89
 361 01c7 A7010000 		.4byte	0x1a7
 362 01cb 02       		.byte	0x2
 363 01cc 23       		.byte	0x23
 364 01cd 00       		.uleb128 0
 365 01ce 08       		.uleb128 0x8
 366 01cf 66010000 		.4byte	.LASF28
 367 01d3 04       		.byte	0x4
 368 01d4 8F       		.byte	0x8f
 369 01d5 91010000 		.4byte	0x191
 370 01d9 02       		.byte	0x2
 371 01da 23       		.byte	0x23
 372 01db 04       		.uleb128 0x4
 373 01dc 08       		.uleb128 0x8
 374 01dd B5000000 		.4byte	.LASF29
 375 01e1 04       		.byte	0x4
 376 01e2 93       		.byte	0x93
 377 01e3 90000000 		.4byte	0x90
 378 01e7 02       		.byte	0x2
 379 01e8 23       		.byte	0x23
 380 01e9 08       		.uleb128 0x8
 381 01ea 00       		.byte	0
 382 01eb 04       		.uleb128 0x4
 383 01ec EA010000 		.4byte	.LASF30
 384 01f0 04       		.byte	0x4
 385 01f1 94       		.byte	0x94
 386 01f2 B8010000 		.4byte	0x1b8
 387 01f6 0C       		.uleb128 0xc
 388 01f7 01       		.byte	0x1
 389 01f8 11000000 		.4byte	.LASF39
 390 01fc 01       		.byte	0x1
 391 01fd 4C       		.byte	0x4c
 392 01fe 01       		.byte	0x1
 393 01ff 91010000 		.4byte	0x191
 394 0203 00000000 		.4byte	.LFB117
 395 0207 10000000 		.4byte	.LFE117
 396 020b 02       		.byte	0x2
 397 020c 7D       		.byte	0x7d
 398 020d 00       		.sleb128 0
 399 020e 22020000 		.4byte	0x222
ARM GAS  /tmp/ccruJiuF.s 			page 8


 400 0212 0D       		.uleb128 0xd
 401 0213 62757300 		.ascii	"bus\000"
 402 0217 01       		.byte	0x1
 403 0218 4C       		.byte	0x4c
 404 0219 22020000 		.4byte	0x222
 405 021d 00000000 		.4byte	.LLST0
 406 0221 00       		.byte	0
 407 0222 0B       		.uleb128 0xb
 408 0223 04       		.byte	0x4
 409 0224 EB010000 		.4byte	0x1eb
 410 0228 0E       		.uleb128 0xe
 411 0229 01       		.byte	0x1
 412 022a 2E000000 		.4byte	.LASF32
 413 022e 01       		.byte	0x1
 414 022f 65       		.byte	0x65
 415 0230 01       		.byte	0x1
 416 0231 00000000 		.4byte	.LFB118
 417 0235 20000000 		.4byte	.LFE118
 418 0239 13000000 		.4byte	.LLST1
 419 023d 60020000 		.4byte	0x260
 420 0241 0D       		.uleb128 0xd
 421 0242 62757300 		.ascii	"bus\000"
 422 0246 01       		.byte	0x1
 423 0247 65       		.byte	0x65
 424 0248 22020000 		.4byte	0x222
 425 024c 33000000 		.4byte	.LLST2
 426 0250 0F       		.uleb128 0xf
 427 0251 6B010000 		.4byte	.LASF31
 428 0255 01       		.byte	0x1
 429 0256 65       		.byte	0x65
 430 0257 91010000 		.4byte	0x191
 431 025b 46000000 		.4byte	.LLST3
 432 025f 00       		.byte	0
 433 0260 10       		.uleb128 0x10
 434 0261 01       		.byte	0x1
 435 0262 3A000000 		.4byte	.LASF33
 436 0266 01       		.byte	0x1
 437 0267 7C       		.byte	0x7c
 438 0268 01       		.byte	0x1
 439 0269 00000000 		.4byte	.LFB119
 440 026d 0C000000 		.4byte	.LFE119
 441 0271 02       		.byte	0x2
 442 0272 7D       		.byte	0x7d
 443 0273 00       		.sleb128 0
 444 0274 97020000 		.4byte	0x297
 445 0278 0D       		.uleb128 0xd
 446 0279 62757300 		.ascii	"bus\000"
 447 027d 01       		.byte	0x1
 448 027e 7C       		.byte	0x7c
 449 027f 22020000 		.4byte	0x222
 450 0283 59000000 		.4byte	.LLST4
 451 0287 0F       		.uleb128 0xf
 452 0288 45010000 		.4byte	.LASF34
 453 028c 01       		.byte	0x1
 454 028d 7C       		.byte	0x7c
 455 028e 9C010000 		.4byte	0x19c
 456 0292 6C000000 		.4byte	.LLST5
ARM GAS  /tmp/ccruJiuF.s 			page 9


 457 0296 00       		.byte	0
 458 0297 11       		.uleb128 0x11
 459 0298 E6000000 		.4byte	.LASF35
 460 029c 05       		.byte	0x5
 461 029d 1A05     		.2byte	0x51a
 462 029f A7000000 		.4byte	0xa7
 463 02a3 01       		.byte	0x1
 464 02a4 01       		.byte	0x1
 465 02a5 11       		.uleb128 0x11
 466 02a6 E6000000 		.4byte	.LASF35
 467 02aa 05       		.byte	0x5
 468 02ab 1A05     		.2byte	0x51a
 469 02ad A7000000 		.4byte	0xa7
 470 02b1 01       		.byte	0x1
 471 02b2 01       		.byte	0x1
 472 02b3 00       		.byte	0
 473              		.section	.debug_abbrev,"",%progbits
 474              	.Ldebug_abbrev0:
 475 0000 01       		.uleb128 0x1
 476 0001 11       		.uleb128 0x11
 477 0002 01       		.byte	0x1
 478 0003 25       		.uleb128 0x25
 479 0004 0E       		.uleb128 0xe
 480 0005 13       		.uleb128 0x13
 481 0006 0B       		.uleb128 0xb
 482 0007 03       		.uleb128 0x3
 483 0008 0E       		.uleb128 0xe
 484 0009 1B       		.uleb128 0x1b
 485 000a 0E       		.uleb128 0xe
 486 000b 11       		.uleb128 0x11
 487 000c 01       		.uleb128 0x1
 488 000d 52       		.uleb128 0x52
 489 000e 01       		.uleb128 0x1
 490 000f 55       		.uleb128 0x55
 491 0010 06       		.uleb128 0x6
 492 0011 10       		.uleb128 0x10
 493 0012 06       		.uleb128 0x6
 494 0013 00       		.byte	0
 495 0014 00       		.byte	0
 496 0015 02       		.uleb128 0x2
 497 0016 24       		.uleb128 0x24
 498 0017 00       		.byte	0
 499 0018 0B       		.uleb128 0xb
 500 0019 0B       		.uleb128 0xb
 501 001a 3E       		.uleb128 0x3e
 502 001b 0B       		.uleb128 0xb
 503 001c 03       		.uleb128 0x3
 504 001d 08       		.uleb128 0x8
 505 001e 00       		.byte	0
 506 001f 00       		.byte	0
 507 0020 03       		.uleb128 0x3
 508 0021 24       		.uleb128 0x24
 509 0022 00       		.byte	0
 510 0023 0B       		.uleb128 0xb
 511 0024 0B       		.uleb128 0xb
 512 0025 3E       		.uleb128 0x3e
 513 0026 0B       		.uleb128 0xb
ARM GAS  /tmp/ccruJiuF.s 			page 10


 514 0027 03       		.uleb128 0x3
 515 0028 0E       		.uleb128 0xe
 516 0029 00       		.byte	0
 517 002a 00       		.byte	0
 518 002b 04       		.uleb128 0x4
 519 002c 16       		.uleb128 0x16
 520 002d 00       		.byte	0
 521 002e 03       		.uleb128 0x3
 522 002f 0E       		.uleb128 0xe
 523 0030 3A       		.uleb128 0x3a
 524 0031 0B       		.uleb128 0xb
 525 0032 3B       		.uleb128 0x3b
 526 0033 0B       		.uleb128 0xb
 527 0034 49       		.uleb128 0x49
 528 0035 13       		.uleb128 0x13
 529 0036 00       		.byte	0
 530 0037 00       		.byte	0
 531 0038 05       		.uleb128 0x5
 532 0039 35       		.uleb128 0x35
 533 003a 00       		.byte	0
 534 003b 49       		.uleb128 0x49
 535 003c 13       		.uleb128 0x13
 536 003d 00       		.byte	0
 537 003e 00       		.byte	0
 538 003f 06       		.uleb128 0x6
 539 0040 13       		.uleb128 0x13
 540 0041 01       		.byte	0x1
 541 0042 0B       		.uleb128 0xb
 542 0043 0B       		.uleb128 0xb
 543 0044 3A       		.uleb128 0x3a
 544 0045 0B       		.uleb128 0xb
 545 0046 3B       		.uleb128 0x3b
 546 0047 0B       		.uleb128 0xb
 547 0048 01       		.uleb128 0x1
 548 0049 13       		.uleb128 0x13
 549 004a 00       		.byte	0
 550 004b 00       		.byte	0
 551 004c 07       		.uleb128 0x7
 552 004d 0D       		.uleb128 0xd
 553 004e 00       		.byte	0
 554 004f 03       		.uleb128 0x3
 555 0050 08       		.uleb128 0x8
 556 0051 3A       		.uleb128 0x3a
 557 0052 0B       		.uleb128 0xb
 558 0053 3B       		.uleb128 0x3b
 559 0054 0B       		.uleb128 0xb
 560 0055 49       		.uleb128 0x49
 561 0056 13       		.uleb128 0x13
 562 0057 38       		.uleb128 0x38
 563 0058 0A       		.uleb128 0xa
 564 0059 00       		.byte	0
 565 005a 00       		.byte	0
 566 005b 08       		.uleb128 0x8
 567 005c 0D       		.uleb128 0xd
 568 005d 00       		.byte	0
 569 005e 03       		.uleb128 0x3
 570 005f 0E       		.uleb128 0xe
ARM GAS  /tmp/ccruJiuF.s 			page 11


 571 0060 3A       		.uleb128 0x3a
 572 0061 0B       		.uleb128 0xb
 573 0062 3B       		.uleb128 0x3b
 574 0063 0B       		.uleb128 0xb
 575 0064 49       		.uleb128 0x49
 576 0065 13       		.uleb128 0x13
 577 0066 38       		.uleb128 0x38
 578 0067 0A       		.uleb128 0xa
 579 0068 00       		.byte	0
 580 0069 00       		.byte	0
 581 006a 09       		.uleb128 0x9
 582 006b 17       		.uleb128 0x17
 583 006c 01       		.byte	0x1
 584 006d 0B       		.uleb128 0xb
 585 006e 0B       		.uleb128 0xb
 586 006f 3A       		.uleb128 0x3a
 587 0070 0B       		.uleb128 0xb
 588 0071 3B       		.uleb128 0x3b
 589 0072 0B       		.uleb128 0xb
 590 0073 01       		.uleb128 0x1
 591 0074 13       		.uleb128 0x13
 592 0075 00       		.byte	0
 593 0076 00       		.byte	0
 594 0077 0A       		.uleb128 0xa
 595 0078 0D       		.uleb128 0xd
 596 0079 00       		.byte	0
 597 007a 03       		.uleb128 0x3
 598 007b 08       		.uleb128 0x8
 599 007c 3A       		.uleb128 0x3a
 600 007d 0B       		.uleb128 0xb
 601 007e 3B       		.uleb128 0x3b
 602 007f 0B       		.uleb128 0xb
 603 0080 49       		.uleb128 0x49
 604 0081 13       		.uleb128 0x13
 605 0082 00       		.byte	0
 606 0083 00       		.byte	0
 607 0084 0B       		.uleb128 0xb
 608 0085 0F       		.uleb128 0xf
 609 0086 00       		.byte	0
 610 0087 0B       		.uleb128 0xb
 611 0088 0B       		.uleb128 0xb
 612 0089 49       		.uleb128 0x49
 613 008a 13       		.uleb128 0x13
 614 008b 00       		.byte	0
 615 008c 00       		.byte	0
 616 008d 0C       		.uleb128 0xc
 617 008e 2E       		.uleb128 0x2e
 618 008f 01       		.byte	0x1
 619 0090 3F       		.uleb128 0x3f
 620 0091 0C       		.uleb128 0xc
 621 0092 03       		.uleb128 0x3
 622 0093 0E       		.uleb128 0xe
 623 0094 3A       		.uleb128 0x3a
 624 0095 0B       		.uleb128 0xb
 625 0096 3B       		.uleb128 0x3b
 626 0097 0B       		.uleb128 0xb
 627 0098 27       		.uleb128 0x27
ARM GAS  /tmp/ccruJiuF.s 			page 12


 628 0099 0C       		.uleb128 0xc
 629 009a 49       		.uleb128 0x49
 630 009b 13       		.uleb128 0x13
 631 009c 11       		.uleb128 0x11
 632 009d 01       		.uleb128 0x1
 633 009e 12       		.uleb128 0x12
 634 009f 01       		.uleb128 0x1
 635 00a0 40       		.uleb128 0x40
 636 00a1 0A       		.uleb128 0xa
 637 00a2 01       		.uleb128 0x1
 638 00a3 13       		.uleb128 0x13
 639 00a4 00       		.byte	0
 640 00a5 00       		.byte	0
 641 00a6 0D       		.uleb128 0xd
 642 00a7 05       		.uleb128 0x5
 643 00a8 00       		.byte	0
 644 00a9 03       		.uleb128 0x3
 645 00aa 08       		.uleb128 0x8
 646 00ab 3A       		.uleb128 0x3a
 647 00ac 0B       		.uleb128 0xb
 648 00ad 3B       		.uleb128 0x3b
 649 00ae 0B       		.uleb128 0xb
 650 00af 49       		.uleb128 0x49
 651 00b0 13       		.uleb128 0x13
 652 00b1 02       		.uleb128 0x2
 653 00b2 06       		.uleb128 0x6
 654 00b3 00       		.byte	0
 655 00b4 00       		.byte	0
 656 00b5 0E       		.uleb128 0xe
 657 00b6 2E       		.uleb128 0x2e
 658 00b7 01       		.byte	0x1
 659 00b8 3F       		.uleb128 0x3f
 660 00b9 0C       		.uleb128 0xc
 661 00ba 03       		.uleb128 0x3
 662 00bb 0E       		.uleb128 0xe
 663 00bc 3A       		.uleb128 0x3a
 664 00bd 0B       		.uleb128 0xb
 665 00be 3B       		.uleb128 0x3b
 666 00bf 0B       		.uleb128 0xb
 667 00c0 27       		.uleb128 0x27
 668 00c1 0C       		.uleb128 0xc
 669 00c2 11       		.uleb128 0x11
 670 00c3 01       		.uleb128 0x1
 671 00c4 12       		.uleb128 0x12
 672 00c5 01       		.uleb128 0x1
 673 00c6 40       		.uleb128 0x40
 674 00c7 06       		.uleb128 0x6
 675 00c8 01       		.uleb128 0x1
 676 00c9 13       		.uleb128 0x13
 677 00ca 00       		.byte	0
 678 00cb 00       		.byte	0
 679 00cc 0F       		.uleb128 0xf
 680 00cd 05       		.uleb128 0x5
 681 00ce 00       		.byte	0
 682 00cf 03       		.uleb128 0x3
 683 00d0 0E       		.uleb128 0xe
 684 00d1 3A       		.uleb128 0x3a
ARM GAS  /tmp/ccruJiuF.s 			page 13


 685 00d2 0B       		.uleb128 0xb
 686 00d3 3B       		.uleb128 0x3b
 687 00d4 0B       		.uleb128 0xb
 688 00d5 49       		.uleb128 0x49
 689 00d6 13       		.uleb128 0x13
 690 00d7 02       		.uleb128 0x2
 691 00d8 06       		.uleb128 0x6
 692 00d9 00       		.byte	0
 693 00da 00       		.byte	0
 694 00db 10       		.uleb128 0x10
 695 00dc 2E       		.uleb128 0x2e
 696 00dd 01       		.byte	0x1
 697 00de 3F       		.uleb128 0x3f
 698 00df 0C       		.uleb128 0xc
 699 00e0 03       		.uleb128 0x3
 700 00e1 0E       		.uleb128 0xe
 701 00e2 3A       		.uleb128 0x3a
 702 00e3 0B       		.uleb128 0xb
 703 00e4 3B       		.uleb128 0x3b
 704 00e5 0B       		.uleb128 0xb
 705 00e6 27       		.uleb128 0x27
 706 00e7 0C       		.uleb128 0xc
 707 00e8 11       		.uleb128 0x11
 708 00e9 01       		.uleb128 0x1
 709 00ea 12       		.uleb128 0x12
 710 00eb 01       		.uleb128 0x1
 711 00ec 40       		.uleb128 0x40
 712 00ed 0A       		.uleb128 0xa
 713 00ee 01       		.uleb128 0x1
 714 00ef 13       		.uleb128 0x13
 715 00f0 00       		.byte	0
 716 00f1 00       		.byte	0
 717 00f2 11       		.uleb128 0x11
 718 00f3 34       		.uleb128 0x34
 719 00f4 00       		.byte	0
 720 00f5 03       		.uleb128 0x3
 721 00f6 0E       		.uleb128 0xe
 722 00f7 3A       		.uleb128 0x3a
 723 00f8 0B       		.uleb128 0xb
 724 00f9 3B       		.uleb128 0x3b
 725 00fa 05       		.uleb128 0x5
 726 00fb 49       		.uleb128 0x49
 727 00fc 13       		.uleb128 0x13
 728 00fd 3F       		.uleb128 0x3f
 729 00fe 0C       		.uleb128 0xc
 730 00ff 3C       		.uleb128 0x3c
 731 0100 0C       		.uleb128 0xc
 732 0101 00       		.byte	0
 733 0102 00       		.byte	0
 734 0103 00       		.byte	0
 735              		.section	.debug_loc,"",%progbits
 736              	.Ldebug_loc0:
 737              	.LLST0:
 738 0000 00000000 		.4byte	.LVL0
 739 0004 0C000000 		.4byte	.LVL1
 740 0008 0100     		.2byte	0x1
 741 000a 50       		.byte	0x50
ARM GAS  /tmp/ccruJiuF.s 			page 14


 742 000b 00000000 		.4byte	0
 743 000f 00000000 		.4byte	0
 744              	.LLST1:
 745 0013 00000000 		.4byte	.LFB118
 746 0017 04000000 		.4byte	.LCFI0
 747 001b 0200     		.2byte	0x2
 748 001d 7D       		.byte	0x7d
 749 001e 00       		.sleb128 0
 750 001f 04000000 		.4byte	.LCFI0
 751 0023 20000000 		.4byte	.LFE118
 752 0027 0200     		.2byte	0x2
 753 0029 7D       		.byte	0x7d
 754 002a 08       		.sleb128 8
 755 002b 00000000 		.4byte	0
 756 002f 00000000 		.4byte	0
 757              	.LLST2:
 758 0033 00000000 		.4byte	.LVL2
 759 0037 02000000 		.4byte	.LVL3
 760 003b 0100     		.2byte	0x1
 761 003d 50       		.byte	0x50
 762 003e 00000000 		.4byte	0
 763 0042 00000000 		.4byte	0
 764              	.LLST3:
 765 0046 00000000 		.4byte	.LVL2
 766 004a 16000000 		.4byte	.LVL4
 767 004e 0100     		.2byte	0x1
 768 0050 51       		.byte	0x51
 769 0051 00000000 		.4byte	0
 770 0055 00000000 		.4byte	0
 771              	.LLST4:
 772 0059 00000000 		.4byte	.LVL5
 773 005d 04000000 		.4byte	.LVL6
 774 0061 0100     		.2byte	0x1
 775 0063 50       		.byte	0x50
 776 0064 00000000 		.4byte	0
 777 0068 00000000 		.4byte	0
 778              	.LLST5:
 779 006c 00000000 		.4byte	.LVL5
 780 0070 04000000 		.4byte	.LVL6
 781 0074 0100     		.2byte	0x1
 782 0076 51       		.byte	0x51
 783 0077 04000000 		.4byte	.LVL6
 784 007b 0B000000 		.4byte	.LVL7-1
 785 007f 0100     		.2byte	0x1
 786 0081 52       		.byte	0x52
 787 0082 00000000 		.4byte	0
 788 0086 00000000 		.4byte	0
 789              		.section	.debug_aranges,"",%progbits
 790 0000 2C000000 		.4byte	0x2c
 791 0004 0200     		.2byte	0x2
 792 0006 00000000 		.4byte	.Ldebug_info0
 793 000a 04       		.byte	0x4
 794 000b 00       		.byte	0
 795 000c 0000     		.2byte	0
 796 000e 0000     		.2byte	0
 797 0010 00000000 		.4byte	.LFB117
 798 0014 10000000 		.4byte	.LFE117-.LFB117
ARM GAS  /tmp/ccruJiuF.s 			page 15


 799 0018 00000000 		.4byte	.LFB118
 800 001c 20000000 		.4byte	.LFE118-.LFB118
 801 0020 00000000 		.4byte	.LFB119
 802 0024 0C000000 		.4byte	.LFE119-.LFB119
 803 0028 00000000 		.4byte	0
 804 002c 00000000 		.4byte	0
 805              		.section	.debug_ranges,"",%progbits
 806              	.Ldebug_ranges0:
 807 0000 00000000 		.4byte	.LFB117
 808 0004 10000000 		.4byte	.LFE117
 809 0008 00000000 		.4byte	.LFB118
 810 000c 20000000 		.4byte	.LFE118
 811 0010 00000000 		.4byte	.LFB119
 812 0014 0C000000 		.4byte	.LFE119
 813 0018 00000000 		.4byte	0
 814 001c 00000000 		.4byte	0
 815              		.section	.debug_line,"",%progbits
 816              	.Ldebug_line0:
 817 0000 3B010000 		.section	.debug_str,"MS",%progbits,1
 817      0200FB00 
 817      00000201 
 817      FB0E0D00 
 817      01010101 
 818              	.LASF20:
 819 0000 4C434B52 		.ascii	"LCKR\000"
 819      00
 820              	.LASF14:
 821 0005 636C6561 		.ascii	"clear\000"
 821      7200
 822              	.LASF15:
 823 000b 4D4F4445 		.ascii	"MODER\000"
 823      5200
 824              	.LASF39:
 825 0011 70616C52 		.ascii	"palReadBus\000"
 825      65616442 
 825      757300
 826              	.LASF12:
 827 001c 75696E74 		.ascii	"uint_fast8_t\000"
 827      5F666173 
 827      74385F74 
 827      00
 828              	.LASF19:
 829 0029 42535252 		.ascii	"BSRR\000"
 829      00
 830              	.LASF32:
 831 002e 70616C57 		.ascii	"palWriteBus\000"
 831      72697465 
 831      42757300 
 832              	.LASF33:
 833 003a 70616C53 		.ascii	"palSetBusMode\000"
 833      65744275 
 833      734D6F64 
 833      6500
 834              	.LASF27:
 835 0048 706F7274 		.ascii	"portid\000"
 835      696400
 836              	.LASF24:
ARM GAS  /tmp/ccruJiuF.s 			page 16


 837 004f 696F706F 		.ascii	"ioportmask_t\000"
 837      72746D61 
 837      736B5F74 
 837      00
 838              	.LASF16:
 839 005c 4F545950 		.ascii	"OTYPER\000"
 839      455200
 840              	.LASF25:
 841 0063 696F6D6F 		.ascii	"iomode_t\000"
 841      64655F74 
 841      00
 842              	.LASF36:
 843 006c 474E5520 		.ascii	"GNU C 4.6.2 20120613 (release) [ARM/embedded-4_6-br"
 843      4320342E 
 843      362E3220 
 843      32303132 
 843      30363133 
 844 009f 616E6368 		.ascii	"anch revision 188521]\000"
 844      20726576 
 844      6973696F 
 844      6E203138 
 844      38353231 
 845              	.LASF29:
 846 00b5 6F666673 		.ascii	"offset\000"
 846      657400
 847              	.LASF9:
 848 00bc 6C6F6E67 		.ascii	"long unsigned int\000"
 848      20756E73 
 848      69676E65 
 848      6420696E 
 848      7400
 849              	.LASF4:
 850 00ce 73686F72 		.ascii	"short unsigned int\000"
 850      7420756E 
 850      7369676E 
 850      65642069 
 850      6E7400
 851              	.LASF21:
 852 00e1 4146524C 		.ascii	"AFRL\000"
 852      00
 853              	.LASF35:
 854 00e6 49544D5F 		.ascii	"ITM_RxBuffer\000"
 854      52784275 
 854      66666572 
 854      00
 855              	.LASF2:
 856 00f3 756E7369 		.ascii	"unsigned char\000"
 856      676E6564 
 856      20636861 
 856      7200
 857              	.LASF3:
 858 0101 73686F72 		.ascii	"short int\000"
 858      7420696E 
 858      7400
 859              	.LASF17:
 860 010b 4F535045 		.ascii	"OSPEEDR\000"
 860      45445200 
ARM GAS  /tmp/ccruJiuF.s 			page 17


 861              	.LASF37:
 862 0113 2E2F6F73 		.ascii	"./os/hal/src/pal.c\000"
 862      2F68616C 
 862      2F737263 
 862      2F70616C 
 862      2E6300
 863              	.LASF0:
 864 0126 756E7369 		.ascii	"unsigned int\000"
 864      676E6564 
 864      20696E74 
 864      00
 865              	.LASF23:
 866 0133 4750494F 		.ascii	"GPIO_TypeDef\000"
 866      5F547970 
 866      65446566 
 866      00
 867              	.LASF13:
 868 0140 63686172 		.ascii	"char\000"
 868      00
 869              	.LASF34:
 870 0145 6D6F6465 		.ascii	"mode\000"
 870      00
 871              	.LASF6:
 872 014a 696E7433 		.ascii	"int32_t\000"
 872      325F7400 
 873              	.LASF18:
 874 0152 50555044 		.ascii	"PUPDR\000"
 874      5200
 875              	.LASF10:
 876 0158 6C6F6E67 		.ascii	"long long int\000"
 876      206C6F6E 
 876      6720696E 
 876      7400
 877              	.LASF28:
 878 0166 6D61736B 		.ascii	"mask\000"
 878      00
 879              	.LASF31:
 880 016b 62697473 		.ascii	"bits\000"
 880      00
 881              	.LASF38:
 882 0170 2F686F6D 		.ascii	"/home/pacifist/fox1/amsat-fox/stm32f4-devel\000"
 882      652F7061 
 882      63696669 
 882      73742F66 
 882      6F78312F 
 883              	.LASF22:
 884 019c 41465248 		.ascii	"AFRH\000"
 884      00
 885              	.LASF26:
 886 01a1 696F706F 		.ascii	"ioportid_t\000"
 886      72746964 
 886      5F7400
 887              	.LASF5:
 888 01ac 75696E74 		.ascii	"uint16_t\000"
 888      31365F74 
 888      00
 889              	.LASF8:
ARM GAS  /tmp/ccruJiuF.s 			page 18


 890 01b5 75696E74 		.ascii	"uint32_t\000"
 890      33325F74 
 890      00
 891              	.LASF7:
 892 01be 6C6F6E67 		.ascii	"long int\000"
 892      20696E74 
 892      00
 893              	.LASF1:
 894 01c7 7369676E 		.ascii	"signed char\000"
 894      65642063 
 894      68617200 
 895              	.LASF11:
 896 01d3 6C6F6E67 		.ascii	"long long unsigned int\000"
 896      206C6F6E 
 896      6720756E 
 896      7369676E 
 896      65642069 
 897              	.LASF30:
 898 01ea 494F4275 		.ascii	"IOBus\000"
 898      7300
 899              		.ident	"GCC: (GNU Tools for ARM Embedded Processors) 4.6.2 20120613 (release) [ARM/embedded-4_6-br
ARM GAS  /tmp/ccruJiuF.s 			page 19


DEFINED SYMBOLS
                            *ABS*:00000000 pal.c
     /tmp/ccruJiuF.s:19     .text.palReadBus:00000000 $t
     /tmp/ccruJiuF.s:25     .text.palReadBus:00000000 palReadBus
     /tmp/ccruJiuF.s:48     .text.palWriteBus:00000000 $t
     /tmp/ccruJiuF.s:54     .text.palWriteBus:00000000 palWriteBus
     /tmp/ccruJiuF.s:87     .text.palSetBusMode:00000000 $t
     /tmp/ccruJiuF.s:93     .text.palSetBusMode:00000000 palSetBusMode
                     .debug_frame:00000010 $d

UNDEFINED SYMBOLS
_pal_lld_setgroupmode
