ARM GAS  /tmp/cc0Av6jT.s 			page 1


   1              		.syntax unified
   2              		.cpu cortex-m4
   3              		.fpu softvfp
   4              		.eabi_attribute 20, 1
   5              		.eabi_attribute 21, 1
   6              		.eabi_attribute 23, 3
   7              		.eabi_attribute 24, 1
   8              		.eabi_attribute 25, 1
   9              		.eabi_attribute 26, 1
  10              		.eabi_attribute 30, 2
  11              		.eabi_attribute 34, 1
  12              		.eabi_attribute 18, 4
  13              		.thumb
  14              		.file	"vectors.c"
  15              		.text
  16              	.Ltext0:
  17              		.cfi_sections	.debug_frame
  18              		.section	.text._unhandled_exception,"ax",%progbits
  19              		.align	2
  20              		.p2align 4,,15
  21              		.global	_unhandled_exception
  22              		.thumb
  23              		.thumb_func
  24              		.type	_unhandled_exception, %function
  25              	_unhandled_exception:
  26              	.LFB7:
  27              		.file 1 "./os/ports/GCC/ARMCMx/STM32F4xx/vectors.c"
  28              		.loc 1 215 0
  29              		.cfi_startproc
  30              		@ Naked Function: prologue and epilogue provided by programmer.
  31              		@ Volatile: function does not return.
  32              		@ args = 0, pretend = 0, frame = 0
  33              		@ frame_needed = 0, uses_anonymous_args = 0
  34              	.L2:
  35 0000 FEE7     		b	.L2
  36              		.cfi_endproc
  37              	.LFE7:
  38              		.size	_unhandled_exception, .-_unhandled_exception
  39              		.global	_vectors
  40              		.weak	NMIVector
  41              		.thumb_set NMIVector,_unhandled_exception
  42              		.weak	HardFaultVector
  43              		.thumb_set HardFaultVector,_unhandled_exception
  44              		.weak	MemManageVector
  45              		.thumb_set MemManageVector,_unhandled_exception
  46              		.weak	BusFaultVector
  47              		.thumb_set BusFaultVector,_unhandled_exception
  48              		.weak	UsageFaultVector
  49              		.thumb_set UsageFaultVector,_unhandled_exception
  50              		.weak	Vector1C
  51              		.thumb_set Vector1C,_unhandled_exception
  52              		.weak	Vector20
  53              		.thumb_set Vector20,_unhandled_exception
  54              		.weak	Vector24
  55              		.thumb_set Vector24,_unhandled_exception
  56              		.weak	Vector28
  57              		.thumb_set Vector28,_unhandled_exception
ARM GAS  /tmp/cc0Av6jT.s 			page 2


  58              		.weak	SVCallVector
  59              		.thumb_set SVCallVector,_unhandled_exception
  60              		.weak	DebugMonitorVector
  61              		.thumb_set DebugMonitorVector,_unhandled_exception
  62              		.weak	Vector34
  63              		.thumb_set Vector34,_unhandled_exception
  64              		.weak	PendSVVector
  65              		.thumb_set PendSVVector,_unhandled_exception
  66              		.weak	SysTickVector
  67              		.thumb_set SysTickVector,_unhandled_exception
  68              		.weak	Vector40
  69              		.thumb_set Vector40,_unhandled_exception
  70              		.weak	Vector44
  71              		.thumb_set Vector44,_unhandled_exception
  72              		.weak	Vector48
  73              		.thumb_set Vector48,_unhandled_exception
  74              		.weak	Vector4C
  75              		.thumb_set Vector4C,_unhandled_exception
  76              		.weak	Vector50
  77              		.thumb_set Vector50,_unhandled_exception
  78              		.weak	Vector54
  79              		.thumb_set Vector54,_unhandled_exception
  80              		.weak	Vector58
  81              		.thumb_set Vector58,_unhandled_exception
  82              		.weak	Vector5C
  83              		.thumb_set Vector5C,_unhandled_exception
  84              		.weak	Vector60
  85              		.thumb_set Vector60,_unhandled_exception
  86              		.weak	Vector64
  87              		.thumb_set Vector64,_unhandled_exception
  88              		.weak	Vector68
  89              		.thumb_set Vector68,_unhandled_exception
  90              		.weak	Vector6C
  91              		.thumb_set Vector6C,_unhandled_exception
  92              		.weak	Vector70
  93              		.thumb_set Vector70,_unhandled_exception
  94              		.weak	Vector74
  95              		.thumb_set Vector74,_unhandled_exception
  96              		.weak	Vector78
  97              		.thumb_set Vector78,_unhandled_exception
  98              		.weak	Vector7C
  99              		.thumb_set Vector7C,_unhandled_exception
 100              		.weak	Vector80
 101              		.thumb_set Vector80,_unhandled_exception
 102              		.weak	Vector84
 103              		.thumb_set Vector84,_unhandled_exception
 104              		.weak	Vector88
 105              		.thumb_set Vector88,_unhandled_exception
 106              		.weak	Vector8C
 107              		.thumb_set Vector8C,_unhandled_exception
 108              		.weak	Vector90
 109              		.thumb_set Vector90,_unhandled_exception
 110              		.weak	Vector94
 111              		.thumb_set Vector94,_unhandled_exception
 112              		.weak	Vector98
 113              		.thumb_set Vector98,_unhandled_exception
 114              		.weak	Vector9C
ARM GAS  /tmp/cc0Av6jT.s 			page 3


 115              		.thumb_set Vector9C,_unhandled_exception
 116              		.weak	VectorA0
 117              		.thumb_set VectorA0,_unhandled_exception
 118              		.weak	VectorA4
 119              		.thumb_set VectorA4,_unhandled_exception
 120              		.weak	VectorA8
 121              		.thumb_set VectorA8,_unhandled_exception
 122              		.weak	VectorAC
 123              		.thumb_set VectorAC,_unhandled_exception
 124              		.weak	VectorB0
 125              		.thumb_set VectorB0,_unhandled_exception
 126              		.weak	VectorB4
 127              		.thumb_set VectorB4,_unhandled_exception
 128              		.weak	VectorB8
 129              		.thumb_set VectorB8,_unhandled_exception
 130              		.weak	VectorBC
 131              		.thumb_set VectorBC,_unhandled_exception
 132              		.weak	VectorC0
 133              		.thumb_set VectorC0,_unhandled_exception
 134              		.weak	VectorC4
 135              		.thumb_set VectorC4,_unhandled_exception
 136              		.weak	VectorC8
 137              		.thumb_set VectorC8,_unhandled_exception
 138              		.weak	VectorCC
 139              		.thumb_set VectorCC,_unhandled_exception
 140              		.weak	VectorD0
 141              		.thumb_set VectorD0,_unhandled_exception
 142              		.weak	VectorD4
 143              		.thumb_set VectorD4,_unhandled_exception
 144              		.weak	VectorD8
 145              		.thumb_set VectorD8,_unhandled_exception
 146              		.weak	VectorDC
 147              		.thumb_set VectorDC,_unhandled_exception
 148              		.weak	VectorE0
 149              		.thumb_set VectorE0,_unhandled_exception
 150              		.weak	VectorE4
 151              		.thumb_set VectorE4,_unhandled_exception
 152              		.weak	VectorE8
 153              		.thumb_set VectorE8,_unhandled_exception
 154              		.weak	VectorEC
 155              		.thumb_set VectorEC,_unhandled_exception
 156              		.weak	VectorF0
 157              		.thumb_set VectorF0,_unhandled_exception
 158              		.weak	VectorF4
 159              		.thumb_set VectorF4,_unhandled_exception
 160              		.weak	VectorF8
 161              		.thumb_set VectorF8,_unhandled_exception
 162              		.weak	VectorFC
 163              		.thumb_set VectorFC,_unhandled_exception
 164              		.weak	Vector100
 165              		.thumb_set Vector100,_unhandled_exception
 166              		.weak	Vector104
 167              		.thumb_set Vector104,_unhandled_exception
 168              		.weak	Vector108
 169              		.thumb_set Vector108,_unhandled_exception
 170              		.weak	Vector10C
 171              		.thumb_set Vector10C,_unhandled_exception
ARM GAS  /tmp/cc0Av6jT.s 			page 4


 172              		.weak	Vector110
 173              		.thumb_set Vector110,_unhandled_exception
 174              		.weak	Vector114
 175              		.thumb_set Vector114,_unhandled_exception
 176              		.weak	Vector118
 177              		.thumb_set Vector118,_unhandled_exception
 178              		.weak	Vector11C
 179              		.thumb_set Vector11C,_unhandled_exception
 180              		.weak	Vector120
 181              		.thumb_set Vector120,_unhandled_exception
 182              		.weak	Vector124
 183              		.thumb_set Vector124,_unhandled_exception
 184              		.weak	Vector128
 185              		.thumb_set Vector128,_unhandled_exception
 186              		.weak	Vector12C
 187              		.thumb_set Vector12C,_unhandled_exception
 188              		.weak	Vector130
 189              		.thumb_set Vector130,_unhandled_exception
 190              		.weak	Vector134
 191              		.thumb_set Vector134,_unhandled_exception
 192              		.weak	Vector138
 193              		.thumb_set Vector138,_unhandled_exception
 194              		.weak	Vector13C
 195              		.thumb_set Vector13C,_unhandled_exception
 196              		.weak	Vector140
 197              		.thumb_set Vector140,_unhandled_exception
 198              		.weak	Vector144
 199              		.thumb_set Vector144,_unhandled_exception
 200              		.weak	Vector148
 201              		.thumb_set Vector148,_unhandled_exception
 202              		.weak	Vector14C
 203              		.thumb_set Vector14C,_unhandled_exception
 204              		.weak	Vector150
 205              		.thumb_set Vector150,_unhandled_exception
 206              		.weak	Vector154
 207              		.thumb_set Vector154,_unhandled_exception
 208              		.weak	Vector158
 209              		.thumb_set Vector158,_unhandled_exception
 210              		.weak	Vector15C
 211              		.thumb_set Vector15C,_unhandled_exception
 212              		.weak	Vector160
 213              		.thumb_set Vector160,_unhandled_exception
 214              		.weak	Vector164
 215              		.thumb_set Vector164,_unhandled_exception
 216              		.weak	Vector168
 217              		.thumb_set Vector168,_unhandled_exception
 218              		.weak	Vector16C
 219              		.thumb_set Vector16C,_unhandled_exception
 220              		.weak	Vector170
 221              		.thumb_set Vector170,_unhandled_exception
 222              		.weak	Vector174
 223              		.thumb_set Vector174,_unhandled_exception
 224              		.weak	Vector178
 225              		.thumb_set Vector178,_unhandled_exception
 226              		.weak	Vector17C
 227              		.thumb_set Vector17C,_unhandled_exception
 228              		.weak	Vector180
ARM GAS  /tmp/cc0Av6jT.s 			page 5


 229              		.thumb_set Vector180,_unhandled_exception
 230              		.weak	Vector184
 231              		.thumb_set Vector184,_unhandled_exception
 232 0002 00BFAFF3 		.section	vectors,"aw",%progbits
 232      0080AFF3 
 232      0080AFF3 
 232      0080
 233              		.align	2
 234              		.type	_vectors, %object
 235              		.size	_vectors, 392
 236              	_vectors:
 237 0000 00000000 		.word	__main_stack_end__
 238 0004 00000000 		.word	ResetHandler
 239 0008 00000000 		.word	NMIVector
 240 000c 00000000 		.word	HardFaultVector
 241 0010 00000000 		.word	MemManageVector
 242 0014 00000000 		.word	BusFaultVector
 243 0018 00000000 		.word	UsageFaultVector
 244 001c 00000000 		.word	Vector1C
 245 0020 00000000 		.word	Vector20
 246 0024 00000000 		.word	Vector24
 247 0028 00000000 		.word	Vector28
 248 002c 00000000 		.word	SVCallVector
 249 0030 00000000 		.word	DebugMonitorVector
 250 0034 00000000 		.word	Vector34
 251 0038 00000000 		.word	PendSVVector
 252 003c 00000000 		.word	SysTickVector
 253 0040 00000000 		.word	Vector40
 254 0044 00000000 		.word	Vector44
 255 0048 00000000 		.word	Vector48
 256 004c 00000000 		.word	Vector4C
 257 0050 00000000 		.word	Vector50
 258 0054 00000000 		.word	Vector54
 259 0058 00000000 		.word	Vector58
 260 005c 00000000 		.word	Vector5C
 261 0060 00000000 		.word	Vector60
 262 0064 00000000 		.word	Vector64
 263 0068 00000000 		.word	Vector68
 264 006c 00000000 		.word	Vector6C
 265 0070 00000000 		.word	Vector70
 266 0074 00000000 		.word	Vector74
 267 0078 00000000 		.word	Vector78
 268 007c 00000000 		.word	Vector7C
 269 0080 00000000 		.word	Vector80
 270 0084 00000000 		.word	Vector84
 271 0088 00000000 		.word	Vector88
 272 008c 00000000 		.word	Vector8C
 273 0090 00000000 		.word	Vector90
 274 0094 00000000 		.word	Vector94
 275 0098 00000000 		.word	Vector98
 276 009c 00000000 		.word	Vector9C
 277 00a0 00000000 		.word	VectorA0
 278 00a4 00000000 		.word	VectorA4
 279 00a8 00000000 		.word	VectorA8
 280 00ac 00000000 		.word	VectorAC
 281 00b0 00000000 		.word	VectorB0
 282 00b4 00000000 		.word	VectorB4
ARM GAS  /tmp/cc0Av6jT.s 			page 6


 283 00b8 00000000 		.word	VectorB8
 284 00bc 00000000 		.word	VectorBC
 285 00c0 00000000 		.word	VectorC0
 286 00c4 00000000 		.word	VectorC4
 287 00c8 00000000 		.word	VectorC8
 288 00cc 00000000 		.word	VectorCC
 289 00d0 00000000 		.word	VectorD0
 290 00d4 00000000 		.word	VectorD4
 291 00d8 00000000 		.word	VectorD8
 292 00dc 00000000 		.word	VectorDC
 293 00e0 00000000 		.word	VectorE0
 294 00e4 00000000 		.word	VectorE4
 295 00e8 00000000 		.word	VectorE8
 296 00ec 00000000 		.word	VectorEC
 297 00f0 00000000 		.word	VectorF0
 298 00f4 00000000 		.word	VectorF4
 299 00f8 00000000 		.word	VectorF8
 300 00fc 00000000 		.word	VectorFC
 301 0100 00000000 		.word	Vector100
 302 0104 00000000 		.word	Vector104
 303 0108 00000000 		.word	Vector108
 304 010c 00000000 		.word	Vector10C
 305 0110 00000000 		.word	Vector110
 306 0114 00000000 		.word	Vector114
 307 0118 00000000 		.word	Vector118
 308 011c 00000000 		.word	Vector11C
 309 0120 00000000 		.word	Vector120
 310 0124 00000000 		.word	Vector124
 311 0128 00000000 		.word	Vector128
 312 012c 00000000 		.word	Vector12C
 313 0130 00000000 		.word	Vector130
 314 0134 00000000 		.word	Vector134
 315 0138 00000000 		.word	Vector138
 316 013c 00000000 		.word	Vector13C
 317 0140 00000000 		.word	Vector140
 318 0144 00000000 		.word	Vector144
 319 0148 00000000 		.word	Vector148
 320 014c 00000000 		.word	Vector14C
 321 0150 00000000 		.word	Vector150
 322 0154 00000000 		.word	Vector154
 323 0158 00000000 		.word	Vector158
 324 015c 00000000 		.word	Vector15C
 325 0160 00000000 		.word	Vector160
 326 0164 00000000 		.word	Vector164
 327 0168 00000000 		.word	Vector168
 328 016c 00000000 		.word	Vector16C
 329 0170 00000000 		.word	Vector170
 330 0174 00000000 		.word	Vector174
 331 0178 00000000 		.word	Vector178
 332 017c 00000000 		.word	Vector17C
 333 0180 00000000 		.word	Vector180
 334 0184 00000000 		.word	Vector184
 335              		.text
 336              	.Letext0:
 337              		.file 2 "/usr/bin/../lib/gcc/arm-none-eabi/4.6.2/../../../../arm-none-eabi/include/stdint.h"
 338              		.section	.debug_info,"",%progbits
 339              	.Ldebug_info0:
ARM GAS  /tmp/cc0Av6jT.s 			page 7


 340 0000 EA010000 		.4byte	0x1ea
 341 0004 0200     		.2byte	0x2
 342 0006 00000000 		.4byte	.Ldebug_abbrev0
 343 000a 04       		.byte	0x4
 344 000b 01       		.uleb128 0x1
 345 000c 41000000 		.4byte	.LASF32
 346 0010 01       		.byte	0x1
 347 0011 AF000000 		.4byte	.LASF33
 348 0015 15020000 		.4byte	.LASF34
 349 0019 00000000 		.4byte	0
 350 001d 00000000 		.4byte	0
 351 0021 00000000 		.4byte	.Ldebug_ranges0+0
 352 0025 00000000 		.4byte	.Ldebug_line0
 353 0029 02       		.uleb128 0x2
 354 002a 04       		.byte	0x4
 355 002b 05       		.byte	0x5
 356 002c 696E7400 		.ascii	"int\000"
 357 0030 03       		.uleb128 0x3
 358 0031 04       		.byte	0x4
 359 0032 07       		.byte	0x7
 360 0033 FF000000 		.4byte	.LASF0
 361 0037 03       		.uleb128 0x3
 362 0038 01       		.byte	0x1
 363 0039 06       		.byte	0x6
 364 003a EC010000 		.4byte	.LASF1
 365 003e 03       		.uleb128 0x3
 366 003f 01       		.byte	0x1
 367 0040 08       		.byte	0x8
 368 0041 D9000000 		.4byte	.LASF2
 369 0045 03       		.uleb128 0x3
 370 0046 02       		.byte	0x2
 371 0047 05       		.byte	0x5
 372 0048 C3010000 		.4byte	.LASF3
 373 004c 03       		.uleb128 0x3
 374 004d 02       		.byte	0x2
 375 004e 07       		.byte	0x7
 376 004f 9C000000 		.4byte	.LASF4
 377 0053 03       		.uleb128 0x3
 378 0054 04       		.byte	0x4
 379 0055 05       		.byte	0x5
 380 0056 E3010000 		.4byte	.LASF5
 381 005a 04       		.uleb128 0x4
 382 005b DA010000 		.4byte	.LASF10
 383 005f 02       		.byte	0x2
 384 0060 50       		.byte	0x50
 385 0061 65000000 		.4byte	0x65
 386 0065 03       		.uleb128 0x3
 387 0066 04       		.byte	0x4
 388 0067 07       		.byte	0x7
 389 0068 8A000000 		.4byte	.LASF6
 390 006c 03       		.uleb128 0x3
 391 006d 08       		.byte	0x8
 392 006e 05       		.byte	0x5
 393 006f 82010000 		.4byte	.LASF7
 394 0073 03       		.uleb128 0x3
 395 0074 08       		.byte	0x8
 396 0075 07       		.byte	0x7
ARM GAS  /tmp/cc0Av6jT.s 			page 8


 397 0076 17010000 		.4byte	.LASF8
 398 007a 03       		.uleb128 0x3
 399 007b 01       		.byte	0x1
 400 007c 08       		.byte	0x8
 401 007d 90010000 		.4byte	.LASF9
 402 0081 04       		.uleb128 0x4
 403 0082 09000000 		.4byte	.LASF11
 404 0086 01       		.byte	0x1
 405 0087 2B       		.byte	0x2b
 406 0088 8C000000 		.4byte	0x8c
 407 008c 05       		.uleb128 0x5
 408 008d 04       		.byte	0x4
 409 008e 92000000 		.4byte	0x92
 410 0092 06       		.uleb128 0x6
 411 0093 01       		.byte	0x1
 412 0094 07       		.uleb128 0x7
 413 0095 8801     		.2byte	0x188
 414 0097 01       		.byte	0x1
 415 0098 30       		.byte	0x30
 416 0099 8C010000 		.4byte	0x18c
 417 009d 08       		.uleb128 0x8
 418 009e 28000000 		.4byte	.LASF12
 419 00a2 01       		.byte	0x1
 420 00a3 31       		.byte	0x31
 421 00a4 8C010000 		.4byte	0x18c
 422 00a8 02       		.byte	0x2
 423 00a9 23       		.byte	0x23
 424 00aa 00       		.uleb128 0
 425 00ab 08       		.uleb128 0x8
 426 00ac CD010000 		.4byte	.LASF13
 427 00b0 01       		.byte	0x1
 428 00b1 32       		.byte	0x32
 429 00b2 81000000 		.4byte	0x81
 430 00b6 02       		.byte	0x2
 431 00b7 23       		.byte	0x23
 432 00b8 04       		.uleb128 0x4
 433 00b9 08       		.uleb128 0x8
 434 00ba 0C010000 		.4byte	.LASF14
 435 00be 01       		.byte	0x1
 436 00bf 33       		.byte	0x33
 437 00c0 81000000 		.4byte	0x81
 438 00c4 02       		.byte	0x2
 439 00c5 23       		.byte	0x23
 440 00c6 08       		.uleb128 0x8
 441 00c7 08       		.uleb128 0x8
 442 00c8 71010000 		.4byte	.LASF15
 443 00cc 01       		.byte	0x1
 444 00cd 34       		.byte	0x34
 445 00ce 81000000 		.4byte	0x81
 446 00d2 02       		.byte	0x2
 447 00d3 23       		.byte	0x23
 448 00d4 0C       		.uleb128 0xc
 449 00d5 08       		.uleb128 0x8
 450 00d6 95010000 		.4byte	.LASF16
 451 00da 01       		.byte	0x1
 452 00db 35       		.byte	0x35
 453 00dc 81000000 		.4byte	0x81
ARM GAS  /tmp/cc0Av6jT.s 			page 9


 454 00e0 02       		.byte	0x2
 455 00e1 23       		.byte	0x23
 456 00e2 10       		.uleb128 0x10
 457 00e3 08       		.uleb128 0x8
 458 00e4 2E010000 		.4byte	.LASF17
 459 00e8 01       		.byte	0x1
 460 00e9 36       		.byte	0x36
 461 00ea 81000000 		.4byte	0x81
 462 00ee 02       		.byte	0x2
 463 00ef 23       		.byte	0x23
 464 00f0 14       		.uleb128 0x14
 465 00f1 08       		.uleb128 0x8
 466 00f2 47010000 		.4byte	.LASF18
 467 00f6 01       		.byte	0x1
 468 00f7 37       		.byte	0x37
 469 00f8 81000000 		.4byte	0x81
 470 00fc 02       		.byte	0x2
 471 00fd 23       		.byte	0x23
 472 00fe 18       		.uleb128 0x18
 473 00ff 08       		.uleb128 0x8
 474 0100 E7000000 		.4byte	.LASF19
 475 0104 01       		.byte	0x1
 476 0105 38       		.byte	0x38
 477 0106 81000000 		.4byte	0x81
 478 010a 02       		.byte	0x2
 479 010b 23       		.byte	0x23
 480 010c 1C       		.uleb128 0x1c
 481 010d 08       		.uleb128 0x8
 482 010e 0C020000 		.4byte	.LASF20
 483 0112 01       		.byte	0x1
 484 0113 39       		.byte	0x39
 485 0114 81000000 		.4byte	0x81
 486 0118 02       		.byte	0x2
 487 0119 23       		.byte	0x23
 488 011a 20       		.uleb128 0x20
 489 011b 08       		.uleb128 0x8
 490 011c 00000000 		.4byte	.LASF21
 491 0120 01       		.byte	0x1
 492 0121 3A       		.byte	0x3a
 493 0122 81000000 		.4byte	0x81
 494 0126 02       		.byte	0x2
 495 0127 23       		.byte	0x23
 496 0128 24       		.uleb128 0x24
 497 0129 08       		.uleb128 0x8
 498 012a 3E010000 		.4byte	.LASF22
 499 012e 01       		.byte	0x1
 500 012f 3B       		.byte	0x3b
 501 0130 81000000 		.4byte	0x81
 502 0134 02       		.byte	0x2
 503 0135 23       		.byte	0x23
 504 0136 28       		.uleb128 0x28
 505 0137 08       		.uleb128 0x8
 506 0138 33000000 		.4byte	.LASF23
 507 013c 01       		.byte	0x1
 508 013d 3C       		.byte	0x3c
 509 013e 81000000 		.4byte	0x81
 510 0142 02       		.byte	0x2
ARM GAS  /tmp/cc0Av6jT.s 			page 10


 511 0143 23       		.byte	0x23
 512 0144 2C       		.uleb128 0x2c
 513 0145 08       		.uleb128 0x8
 514 0146 F8010000 		.4byte	.LASF24
 515 014a 01       		.byte	0x1
 516 014b 3D       		.byte	0x3d
 517 014c 81000000 		.4byte	0x81
 518 0150 02       		.byte	0x2
 519 0151 23       		.byte	0x23
 520 0152 30       		.uleb128 0x30
 521 0153 08       		.uleb128 0x8
 522 0154 16000000 		.4byte	.LASF25
 523 0158 01       		.byte	0x1
 524 0159 3E       		.byte	0x3e
 525 015a 81000000 		.4byte	0x81
 526 015e 02       		.byte	0x2
 527 015f 23       		.byte	0x23
 528 0160 34       		.uleb128 0x34
 529 0161 08       		.uleb128 0x8
 530 0162 63010000 		.4byte	.LASF26
 531 0166 01       		.byte	0x1
 532 0167 3F       		.byte	0x3f
 533 0168 81000000 		.4byte	0x81
 534 016c 02       		.byte	0x2
 535 016d 23       		.byte	0x23
 536 016e 38       		.uleb128 0x38
 537 016f 08       		.uleb128 0x8
 538 0170 F0000000 		.4byte	.LASF27
 539 0174 01       		.byte	0x1
 540 0175 40       		.byte	0x40
 541 0176 81000000 		.4byte	0x81
 542 017a 02       		.byte	0x2
 543 017b 23       		.byte	0x23
 544 017c 3C       		.uleb128 0x3c
 545 017d 08       		.uleb128 0x8
 546 017e BB010000 		.4byte	.LASF28
 547 0182 01       		.byte	0x1
 548 0183 41       		.byte	0x41
 549 0184 92010000 		.4byte	0x192
 550 0188 02       		.byte	0x2
 551 0189 23       		.byte	0x23
 552 018a 40       		.uleb128 0x40
 553 018b 00       		.byte	0
 554 018c 05       		.uleb128 0x5
 555 018d 04       		.byte	0x4
 556 018e 5A000000 		.4byte	0x5a
 557 0192 09       		.uleb128 0x9
 558 0193 81000000 		.4byte	0x81
 559 0197 A2010000 		.4byte	0x1a2
 560 019b 0A       		.uleb128 0xa
 561 019c 30000000 		.4byte	0x30
 562 01a0 51       		.byte	0x51
 563 01a1 00       		.byte	0
 564 01a2 04       		.uleb128 0x4
 565 01a3 59010000 		.4byte	.LASF29
 566 01a7 01       		.byte	0x1
 567 01a8 42       		.byte	0x42
ARM GAS  /tmp/cc0Av6jT.s 			page 11


 568 01a9 94000000 		.4byte	0x94
 569 01ad 0B       		.uleb128 0xb
 570 01ae 01       		.byte	0x1
 571 01af A6010000 		.4byte	.LASF35
 572 01b3 01       		.byte	0x1
 573 01b4 D7       		.byte	0xd7
 574 01b5 01       		.byte	0x1
 575 01b6 00000000 		.4byte	.LFB7
 576 01ba 02000000 		.4byte	.LFE7
 577 01be 02       		.byte	0x2
 578 01bf 7D       		.byte	0x7d
 579 01c0 00       		.sleb128 0
 580 01c1 0C       		.uleb128 0xc
 581 01c2 4C020000 		.4byte	.LASF30
 582 01c6 01       		.byte	0x1
 583 01c7 45       		.byte	0x45
 584 01c8 5A000000 		.4byte	0x5a
 585 01cc 01       		.byte	0x1
 586 01cd 01       		.byte	0x1
 587 01ce 0C       		.uleb128 0xc
 588 01cf 4C020000 		.4byte	.LASF30
 589 01d3 01       		.byte	0x1
 590 01d4 45       		.byte	0x45
 591 01d5 5A000000 		.4byte	0x5a
 592 01d9 01       		.byte	0x1
 593 01da 01       		.byte	0x1
 594 01db 0D       		.uleb128 0xd
 595 01dc 1F000000 		.4byte	.LASF31
 596 01e0 01       		.byte	0x1
 597 01e1 AF       		.byte	0xaf
 598 01e2 A2010000 		.4byte	0x1a2
 599 01e6 01       		.byte	0x1
 600 01e7 05       		.byte	0x5
 601 01e8 03       		.byte	0x3
 602 01e9 00000000 		.4byte	_vectors
 603 01ed 00       		.byte	0
 604              		.section	.debug_abbrev,"",%progbits
 605              	.Ldebug_abbrev0:
 606 0000 01       		.uleb128 0x1
 607 0001 11       		.uleb128 0x11
 608 0002 01       		.byte	0x1
 609 0003 25       		.uleb128 0x25
 610 0004 0E       		.uleb128 0xe
 611 0005 13       		.uleb128 0x13
 612 0006 0B       		.uleb128 0xb
 613 0007 03       		.uleb128 0x3
 614 0008 0E       		.uleb128 0xe
 615 0009 1B       		.uleb128 0x1b
 616 000a 0E       		.uleb128 0xe
 617 000b 11       		.uleb128 0x11
 618 000c 01       		.uleb128 0x1
 619 000d 52       		.uleb128 0x52
 620 000e 01       		.uleb128 0x1
 621 000f 55       		.uleb128 0x55
 622 0010 06       		.uleb128 0x6
 623 0011 10       		.uleb128 0x10
 624 0012 06       		.uleb128 0x6
ARM GAS  /tmp/cc0Av6jT.s 			page 12


 625 0013 00       		.byte	0
 626 0014 00       		.byte	0
 627 0015 02       		.uleb128 0x2
 628 0016 24       		.uleb128 0x24
 629 0017 00       		.byte	0
 630 0018 0B       		.uleb128 0xb
 631 0019 0B       		.uleb128 0xb
 632 001a 3E       		.uleb128 0x3e
 633 001b 0B       		.uleb128 0xb
 634 001c 03       		.uleb128 0x3
 635 001d 08       		.uleb128 0x8
 636 001e 00       		.byte	0
 637 001f 00       		.byte	0
 638 0020 03       		.uleb128 0x3
 639 0021 24       		.uleb128 0x24
 640 0022 00       		.byte	0
 641 0023 0B       		.uleb128 0xb
 642 0024 0B       		.uleb128 0xb
 643 0025 3E       		.uleb128 0x3e
 644 0026 0B       		.uleb128 0xb
 645 0027 03       		.uleb128 0x3
 646 0028 0E       		.uleb128 0xe
 647 0029 00       		.byte	0
 648 002a 00       		.byte	0
 649 002b 04       		.uleb128 0x4
 650 002c 16       		.uleb128 0x16
 651 002d 00       		.byte	0
 652 002e 03       		.uleb128 0x3
 653 002f 0E       		.uleb128 0xe
 654 0030 3A       		.uleb128 0x3a
 655 0031 0B       		.uleb128 0xb
 656 0032 3B       		.uleb128 0x3b
 657 0033 0B       		.uleb128 0xb
 658 0034 49       		.uleb128 0x49
 659 0035 13       		.uleb128 0x13
 660 0036 00       		.byte	0
 661 0037 00       		.byte	0
 662 0038 05       		.uleb128 0x5
 663 0039 0F       		.uleb128 0xf
 664 003a 00       		.byte	0
 665 003b 0B       		.uleb128 0xb
 666 003c 0B       		.uleb128 0xb
 667 003d 49       		.uleb128 0x49
 668 003e 13       		.uleb128 0x13
 669 003f 00       		.byte	0
 670 0040 00       		.byte	0
 671 0041 06       		.uleb128 0x6
 672 0042 15       		.uleb128 0x15
 673 0043 00       		.byte	0
 674 0044 27       		.uleb128 0x27
 675 0045 0C       		.uleb128 0xc
 676 0046 00       		.byte	0
 677 0047 00       		.byte	0
 678 0048 07       		.uleb128 0x7
 679 0049 13       		.uleb128 0x13
 680 004a 01       		.byte	0x1
 681 004b 0B       		.uleb128 0xb
ARM GAS  /tmp/cc0Av6jT.s 			page 13


 682 004c 05       		.uleb128 0x5
 683 004d 3A       		.uleb128 0x3a
 684 004e 0B       		.uleb128 0xb
 685 004f 3B       		.uleb128 0x3b
 686 0050 0B       		.uleb128 0xb
 687 0051 01       		.uleb128 0x1
 688 0052 13       		.uleb128 0x13
 689 0053 00       		.byte	0
 690 0054 00       		.byte	0
 691 0055 08       		.uleb128 0x8
 692 0056 0D       		.uleb128 0xd
 693 0057 00       		.byte	0
 694 0058 03       		.uleb128 0x3
 695 0059 0E       		.uleb128 0xe
 696 005a 3A       		.uleb128 0x3a
 697 005b 0B       		.uleb128 0xb
 698 005c 3B       		.uleb128 0x3b
 699 005d 0B       		.uleb128 0xb
 700 005e 49       		.uleb128 0x49
 701 005f 13       		.uleb128 0x13
 702 0060 38       		.uleb128 0x38
 703 0061 0A       		.uleb128 0xa
 704 0062 00       		.byte	0
 705 0063 00       		.byte	0
 706 0064 09       		.uleb128 0x9
 707 0065 01       		.uleb128 0x1
 708 0066 01       		.byte	0x1
 709 0067 49       		.uleb128 0x49
 710 0068 13       		.uleb128 0x13
 711 0069 01       		.uleb128 0x1
 712 006a 13       		.uleb128 0x13
 713 006b 00       		.byte	0
 714 006c 00       		.byte	0
 715 006d 0A       		.uleb128 0xa
 716 006e 21       		.uleb128 0x21
 717 006f 00       		.byte	0
 718 0070 49       		.uleb128 0x49
 719 0071 13       		.uleb128 0x13
 720 0072 2F       		.uleb128 0x2f
 721 0073 0B       		.uleb128 0xb
 722 0074 00       		.byte	0
 723 0075 00       		.byte	0
 724 0076 0B       		.uleb128 0xb
 725 0077 2E       		.uleb128 0x2e
 726 0078 00       		.byte	0
 727 0079 3F       		.uleb128 0x3f
 728 007a 0C       		.uleb128 0xc
 729 007b 03       		.uleb128 0x3
 730 007c 0E       		.uleb128 0xe
 731 007d 3A       		.uleb128 0x3a
 732 007e 0B       		.uleb128 0xb
 733 007f 3B       		.uleb128 0x3b
 734 0080 0B       		.uleb128 0xb
 735 0081 27       		.uleb128 0x27
 736 0082 0C       		.uleb128 0xc
 737 0083 11       		.uleb128 0x11
 738 0084 01       		.uleb128 0x1
ARM GAS  /tmp/cc0Av6jT.s 			page 14


 739 0085 12       		.uleb128 0x12
 740 0086 01       		.uleb128 0x1
 741 0087 40       		.uleb128 0x40
 742 0088 0A       		.uleb128 0xa
 743 0089 00       		.byte	0
 744 008a 00       		.byte	0
 745 008b 0C       		.uleb128 0xc
 746 008c 34       		.uleb128 0x34
 747 008d 00       		.byte	0
 748 008e 03       		.uleb128 0x3
 749 008f 0E       		.uleb128 0xe
 750 0090 3A       		.uleb128 0x3a
 751 0091 0B       		.uleb128 0xb
 752 0092 3B       		.uleb128 0x3b
 753 0093 0B       		.uleb128 0xb
 754 0094 49       		.uleb128 0x49
 755 0095 13       		.uleb128 0x13
 756 0096 3F       		.uleb128 0x3f
 757 0097 0C       		.uleb128 0xc
 758 0098 3C       		.uleb128 0x3c
 759 0099 0C       		.uleb128 0xc
 760 009a 00       		.byte	0
 761 009b 00       		.byte	0
 762 009c 0D       		.uleb128 0xd
 763 009d 34       		.uleb128 0x34
 764 009e 00       		.byte	0
 765 009f 03       		.uleb128 0x3
 766 00a0 0E       		.uleb128 0xe
 767 00a1 3A       		.uleb128 0x3a
 768 00a2 0B       		.uleb128 0xb
 769 00a3 3B       		.uleb128 0x3b
 770 00a4 0B       		.uleb128 0xb
 771 00a5 49       		.uleb128 0x49
 772 00a6 13       		.uleb128 0x13
 773 00a7 3F       		.uleb128 0x3f
 774 00a8 0C       		.uleb128 0xc
 775 00a9 02       		.uleb128 0x2
 776 00aa 0A       		.uleb128 0xa
 777 00ab 00       		.byte	0
 778 00ac 00       		.byte	0
 779 00ad 00       		.byte	0
 780              		.section	.debug_aranges,"",%progbits
 781 0000 1C000000 		.4byte	0x1c
 782 0004 0200     		.2byte	0x2
 783 0006 00000000 		.4byte	.Ldebug_info0
 784 000a 04       		.byte	0x4
 785 000b 00       		.byte	0
 786 000c 0000     		.2byte	0
 787 000e 0000     		.2byte	0
 788 0010 00000000 		.4byte	.LFB7
 789 0014 02000000 		.4byte	.LFE7-.LFB7
 790 0018 00000000 		.4byte	0
 791 001c 00000000 		.4byte	0
 792              		.section	.debug_ranges,"",%progbits
 793              	.Ldebug_ranges0:
 794 0000 00000000 		.4byte	.LFB7
 795 0004 02000000 		.4byte	.LFE7
ARM GAS  /tmp/cc0Av6jT.s 			page 15


 796 0008 00000000 		.4byte	0
 797 000c 00000000 		.4byte	0
 798              		.section	.debug_line,"",%progbits
 799              	.Ldebug_line0:
 800 0000 AC000000 		.section	.debug_str,"MS",%progbits,1
 800      02009600 
 800      00000201 
 800      FB0E0D00 
 800      01010101 
 801              	.LASF21:
 802 0000 76656374 		.ascii	"vector24\000"
 802      6F723234 
 802      00
 803              	.LASF11:
 804 0009 6972715F 		.ascii	"irq_vector_t\000"
 804      76656374 
 804      6F725F74 
 804      00
 805              	.LASF25:
 806 0016 76656374 		.ascii	"vector34\000"
 806      6F723334 
 806      00
 807              	.LASF31:
 808 001f 5F766563 		.ascii	"_vectors\000"
 808      746F7273 
 808      00
 809              	.LASF12:
 810 0028 696E6974 		.ascii	"init_stack\000"
 810      5F737461 
 810      636B00
 811              	.LASF23:
 812 0033 73766361 		.ascii	"svcall_vector\000"
 812      6C6C5F76 
 812      6563746F 
 812      7200
 813              	.LASF32:
 814 0041 474E5520 		.ascii	"GNU C 4.6.2 20120613 (release) [ARM/embedded-4_6-br"
 814      4320342E 
 814      362E3220 
 814      32303132 
 814      30363133 
 815 0074 616E6368 		.ascii	"anch revision 188521]\000"
 815      20726576 
 815      6973696F 
 815      6E203138 
 815      38353231 
 816              	.LASF6:
 817 008a 6C6F6E67 		.ascii	"long unsigned int\000"
 817      20756E73 
 817      69676E65 
 817      6420696E 
 817      7400
 818              	.LASF4:
 819 009c 73686F72 		.ascii	"short unsigned int\000"
 819      7420756E 
 819      7369676E 
 819      65642069 
ARM GAS  /tmp/cc0Av6jT.s 			page 16


 819      6E7400
 820              	.LASF33:
 821 00af 2E2F6F73 		.ascii	"./os/ports/GCC/ARMCMx/STM32F4xx/vectors.c\000"
 821      2F706F72 
 821      74732F47 
 821      43432F41 
 821      524D434D 
 822              	.LASF2:
 823 00d9 756E7369 		.ascii	"unsigned char\000"
 823      676E6564 
 823      20636861 
 823      7200
 824              	.LASF19:
 825 00e7 76656374 		.ascii	"vector1c\000"
 825      6F723163 
 825      00
 826              	.LASF27:
 827 00f0 73797374 		.ascii	"systick_vector\000"
 827      69636B5F 
 827      76656374 
 827      6F7200
 828              	.LASF0:
 829 00ff 756E7369 		.ascii	"unsigned int\000"
 829      676E6564 
 829      20696E74 
 829      00
 830              	.LASF14:
 831 010c 6E6D695F 		.ascii	"nmi_vector\000"
 831      76656374 
 831      6F7200
 832              	.LASF8:
 833 0117 6C6F6E67 		.ascii	"long long unsigned int\000"
 833      206C6F6E 
 833      6720756E 
 833      7369676E 
 833      65642069 
 834              	.LASF17:
 835 012e 62757366 		.ascii	"busfault_vector\000"
 835      61756C74 
 835      5F766563 
 835      746F7200 
 836              	.LASF22:
 837 013e 76656374 		.ascii	"vector28\000"
 837      6F723238 
 837      00
 838              	.LASF18:
 839 0147 75736167 		.ascii	"usagefault_vector\000"
 839      65666175 
 839      6C745F76 
 839      6563746F 
 839      7200
 840              	.LASF29:
 841 0159 76656374 		.ascii	"vectors_t\000"
 841      6F72735F 
 841      7400
 842              	.LASF26:
 843 0163 70656E64 		.ascii	"pendsv_vector\000"
ARM GAS  /tmp/cc0Av6jT.s 			page 17


 843      73765F76 
 843      6563746F 
 843      7200
 844              	.LASF15:
 845 0171 68617264 		.ascii	"hardfault_vector\000"
 845      6661756C 
 845      745F7665 
 845      63746F72 
 845      00
 846              	.LASF7:
 847 0182 6C6F6E67 		.ascii	"long long int\000"
 847      206C6F6E 
 847      6720696E 
 847      7400
 848              	.LASF9:
 849 0190 63686172 		.ascii	"char\000"
 849      00
 850              	.LASF16:
 851 0195 6D656D6D 		.ascii	"memmanage_vector\000"
 851      616E6167 
 851      655F7665 
 851      63746F72 
 851      00
 852              	.LASF35:
 853 01a6 5F756E68 		.ascii	"_unhandled_exception\000"
 853      616E646C 
 853      65645F65 
 853      78636570 
 853      74696F6E 
 854              	.LASF28:
 855 01bb 76656374 		.ascii	"vectors\000"
 855      6F727300 
 856              	.LASF3:
 857 01c3 73686F72 		.ascii	"short int\000"
 857      7420696E 
 857      7400
 858              	.LASF13:
 859 01cd 72657365 		.ascii	"reset_vector\000"
 859      745F7665 
 859      63746F72 
 859      00
 860              	.LASF10:
 861 01da 75696E74 		.ascii	"uint32_t\000"
 861      33325F74 
 861      00
 862              	.LASF5:
 863 01e3 6C6F6E67 		.ascii	"long int\000"
 863      20696E74 
 863      00
 864              	.LASF1:
 865 01ec 7369676E 		.ascii	"signed char\000"
 865      65642063 
 865      68617200 
 866              	.LASF24:
 867 01f8 64656275 		.ascii	"debugmonitor_vector\000"
 867      676D6F6E 
 867      69746F72 
ARM GAS  /tmp/cc0Av6jT.s 			page 18


 867      5F766563 
 867      746F7200 
 868              	.LASF20:
 869 020c 76656374 		.ascii	"vector20\000"
 869      6F723230 
 869      00
 870              	.LASF34:
 871 0215 2F686F6D 		.ascii	"/home/pacifist/fox1/amsat-fox1/amsat-fox/stm32f4-de"
 871      652F7061 
 871      63696669 
 871      73742F66 
 871      6F78312F 
 872 0248 76656C00 		.ascii	"vel\000"
 873              	.LASF30:
 874 024c 5F5F6D61 		.ascii	"__main_stack_end__\000"
 874      696E5F73 
 874      7461636B 
 874      5F656E64 
 874      5F5F00
 875              		.ident	"GCC: (GNU Tools for ARM Embedded Processors) 4.6.2 20120613 (release) [ARM/embedded-4_6-br
ARM GAS  /tmp/cc0Av6jT.s 			page 19


DEFINED SYMBOLS
                            *ABS*:00000000 vectors.c
     /tmp/cc0Av6jT.s:19     .text._unhandled_exception:00000000 $t
     /tmp/cc0Av6jT.s:25     .text._unhandled_exception:00000000 _unhandled_exception
     /tmp/cc0Av6jT.s:236    vectors:00000000 _vectors
     /tmp/cc0Av6jT.s:25     .text._unhandled_exception:00000000 NMIVector
     /tmp/cc0Av6jT.s:25     .text._unhandled_exception:00000000 HardFaultVector
     /tmp/cc0Av6jT.s:25     .text._unhandled_exception:00000000 MemManageVector
     /tmp/cc0Av6jT.s:25     .text._unhandled_exception:00000000 BusFaultVector
     /tmp/cc0Av6jT.s:25     .text._unhandled_exception:00000000 UsageFaultVector
     /tmp/cc0Av6jT.s:25     .text._unhandled_exception:00000000 Vector1C
     /tmp/cc0Av6jT.s:25     .text._unhandled_exception:00000000 Vector20
     /tmp/cc0Av6jT.s:25     .text._unhandled_exception:00000000 Vector24
     /tmp/cc0Av6jT.s:25     .text._unhandled_exception:00000000 Vector28
     /tmp/cc0Av6jT.s:25     .text._unhandled_exception:00000000 SVCallVector
     /tmp/cc0Av6jT.s:25     .text._unhandled_exception:00000000 DebugMonitorVector
     /tmp/cc0Av6jT.s:25     .text._unhandled_exception:00000000 Vector34
     /tmp/cc0Av6jT.s:25     .text._unhandled_exception:00000000 PendSVVector
     /tmp/cc0Av6jT.s:25     .text._unhandled_exception:00000000 SysTickVector
     /tmp/cc0Av6jT.s:25     .text._unhandled_exception:00000000 Vector40
     /tmp/cc0Av6jT.s:25     .text._unhandled_exception:00000000 Vector44
     /tmp/cc0Av6jT.s:25     .text._unhandled_exception:00000000 Vector48
     /tmp/cc0Av6jT.s:25     .text._unhandled_exception:00000000 Vector4C
     /tmp/cc0Av6jT.s:25     .text._unhandled_exception:00000000 Vector50
     /tmp/cc0Av6jT.s:25     .text._unhandled_exception:00000000 Vector54
     /tmp/cc0Av6jT.s:25     .text._unhandled_exception:00000000 Vector58
     /tmp/cc0Av6jT.s:25     .text._unhandled_exception:00000000 Vector5C
     /tmp/cc0Av6jT.s:25     .text._unhandled_exception:00000000 Vector60
     /tmp/cc0Av6jT.s:25     .text._unhandled_exception:00000000 Vector64
     /tmp/cc0Av6jT.s:25     .text._unhandled_exception:00000000 Vector68
     /tmp/cc0Av6jT.s:25     .text._unhandled_exception:00000000 Vector6C
     /tmp/cc0Av6jT.s:25     .text._unhandled_exception:00000000 Vector70
     /tmp/cc0Av6jT.s:25     .text._unhandled_exception:00000000 Vector74
     /tmp/cc0Av6jT.s:25     .text._unhandled_exception:00000000 Vector78
     /tmp/cc0Av6jT.s:25     .text._unhandled_exception:00000000 Vector7C
     /tmp/cc0Av6jT.s:25     .text._unhandled_exception:00000000 Vector80
     /tmp/cc0Av6jT.s:25     .text._unhandled_exception:00000000 Vector84
     /tmp/cc0Av6jT.s:25     .text._unhandled_exception:00000000 Vector88
     /tmp/cc0Av6jT.s:25     .text._unhandled_exception:00000000 Vector8C
     /tmp/cc0Av6jT.s:25     .text._unhandled_exception:00000000 Vector90
     /tmp/cc0Av6jT.s:25     .text._unhandled_exception:00000000 Vector94
     /tmp/cc0Av6jT.s:25     .text._unhandled_exception:00000000 Vector98
     /tmp/cc0Av6jT.s:25     .text._unhandled_exception:00000000 Vector9C
     /tmp/cc0Av6jT.s:25     .text._unhandled_exception:00000000 VectorA0
     /tmp/cc0Av6jT.s:25     .text._unhandled_exception:00000000 VectorA4
     /tmp/cc0Av6jT.s:25     .text._unhandled_exception:00000000 VectorA8
     /tmp/cc0Av6jT.s:25     .text._unhandled_exception:00000000 VectorAC
     /tmp/cc0Av6jT.s:25     .text._unhandled_exception:00000000 VectorB0
     /tmp/cc0Av6jT.s:25     .text._unhandled_exception:00000000 VectorB4
     /tmp/cc0Av6jT.s:25     .text._unhandled_exception:00000000 VectorB8
     /tmp/cc0Av6jT.s:25     .text._unhandled_exception:00000000 VectorBC
     /tmp/cc0Av6jT.s:25     .text._unhandled_exception:00000000 VectorC0
     /tmp/cc0Av6jT.s:25     .text._unhandled_exception:00000000 VectorC4
     /tmp/cc0Av6jT.s:25     .text._unhandled_exception:00000000 VectorC8
     /tmp/cc0Av6jT.s:25     .text._unhandled_exception:00000000 VectorCC
     /tmp/cc0Av6jT.s:25     .text._unhandled_exception:00000000 VectorD0
     /tmp/cc0Av6jT.s:25     .text._unhandled_exception:00000000 VectorD4
ARM GAS  /tmp/cc0Av6jT.s 			page 20


     /tmp/cc0Av6jT.s:25     .text._unhandled_exception:00000000 VectorD8
     /tmp/cc0Av6jT.s:25     .text._unhandled_exception:00000000 VectorDC
     /tmp/cc0Av6jT.s:25     .text._unhandled_exception:00000000 VectorE0
     /tmp/cc0Av6jT.s:25     .text._unhandled_exception:00000000 VectorE4
     /tmp/cc0Av6jT.s:25     .text._unhandled_exception:00000000 VectorE8
     /tmp/cc0Av6jT.s:25     .text._unhandled_exception:00000000 VectorEC
     /tmp/cc0Av6jT.s:25     .text._unhandled_exception:00000000 VectorF0
     /tmp/cc0Av6jT.s:25     .text._unhandled_exception:00000000 VectorF4
     /tmp/cc0Av6jT.s:25     .text._unhandled_exception:00000000 VectorF8
     /tmp/cc0Av6jT.s:25     .text._unhandled_exception:00000000 VectorFC
     /tmp/cc0Av6jT.s:25     .text._unhandled_exception:00000000 Vector100
     /tmp/cc0Av6jT.s:25     .text._unhandled_exception:00000000 Vector104
     /tmp/cc0Av6jT.s:25     .text._unhandled_exception:00000000 Vector108
     /tmp/cc0Av6jT.s:25     .text._unhandled_exception:00000000 Vector10C
     /tmp/cc0Av6jT.s:25     .text._unhandled_exception:00000000 Vector110
     /tmp/cc0Av6jT.s:25     .text._unhandled_exception:00000000 Vector114
     /tmp/cc0Av6jT.s:25     .text._unhandled_exception:00000000 Vector118
     /tmp/cc0Av6jT.s:25     .text._unhandled_exception:00000000 Vector11C
     /tmp/cc0Av6jT.s:25     .text._unhandled_exception:00000000 Vector120
     /tmp/cc0Av6jT.s:25     .text._unhandled_exception:00000000 Vector124
     /tmp/cc0Av6jT.s:25     .text._unhandled_exception:00000000 Vector128
     /tmp/cc0Av6jT.s:25     .text._unhandled_exception:00000000 Vector12C
     /tmp/cc0Av6jT.s:25     .text._unhandled_exception:00000000 Vector130
     /tmp/cc0Av6jT.s:25     .text._unhandled_exception:00000000 Vector134
     /tmp/cc0Av6jT.s:25     .text._unhandled_exception:00000000 Vector138
     /tmp/cc0Av6jT.s:25     .text._unhandled_exception:00000000 Vector13C
     /tmp/cc0Av6jT.s:25     .text._unhandled_exception:00000000 Vector140
     /tmp/cc0Av6jT.s:25     .text._unhandled_exception:00000000 Vector144
     /tmp/cc0Av6jT.s:25     .text._unhandled_exception:00000000 Vector148
     /tmp/cc0Av6jT.s:25     .text._unhandled_exception:00000000 Vector14C
     /tmp/cc0Av6jT.s:25     .text._unhandled_exception:00000000 Vector150
     /tmp/cc0Av6jT.s:25     .text._unhandled_exception:00000000 Vector154
     /tmp/cc0Av6jT.s:25     .text._unhandled_exception:00000000 Vector158
     /tmp/cc0Av6jT.s:25     .text._unhandled_exception:00000000 Vector15C
     /tmp/cc0Av6jT.s:25     .text._unhandled_exception:00000000 Vector160
     /tmp/cc0Av6jT.s:25     .text._unhandled_exception:00000000 Vector164
     /tmp/cc0Av6jT.s:25     .text._unhandled_exception:00000000 Vector168
     /tmp/cc0Av6jT.s:25     .text._unhandled_exception:00000000 Vector16C
     /tmp/cc0Av6jT.s:25     .text._unhandled_exception:00000000 Vector170
     /tmp/cc0Av6jT.s:25     .text._unhandled_exception:00000000 Vector174
     /tmp/cc0Av6jT.s:25     .text._unhandled_exception:00000000 Vector178
     /tmp/cc0Av6jT.s:25     .text._unhandled_exception:00000000 Vector17C
     /tmp/cc0Av6jT.s:25     .text._unhandled_exception:00000000 Vector180
     /tmp/cc0Av6jT.s:25     .text._unhandled_exception:00000000 Vector184
     /tmp/cc0Av6jT.s:233    vectors:00000000 $d
                     .debug_frame:00000010 $d

UNDEFINED SYMBOLS
__main_stack_end__
ResetHandler
